[0.054s] Invoking command in '/home/srl/lbr-stack/build/lbr_fri_idl': CMAKE_PREFIX_PATH=/home/srl/lbr-stack/install/fri_client_sdk:/home/srl/lbr-stack/install/my_package:/home/srl/lbr-stack/install/med7_moveit_config:/home/srl/lbr-stack/install/med14_moveit_config:/home/srl/lbr-stack/install/lbr_fri_ros2_stack:/home/srl/lbr-stack/install/lbr_demos_cpp:/home/srl/lbr-stack/install/lbr_bringup:/home/srl/lbr-stack/install/lbr_ros2_control:/home/srl/lbr-stack/install/lbr_moveit_cpp:/home/srl/lbr-stack/install/lbr_demos_advanced_cpp:/home/srl/lbr-stack/install/lbr_fri_ros2:/home/srl/lbr-stack/install/lbr_fri_idl:/home/srl/lbr-stack/install/iiwa7_moveit_config:/home/srl/lbr-stack/install/iiwa14_moveit_config:/home/srl/lbr-stack/install/lbr_description:/opt/ros/humble:/home/srl/lbr-stack/install/lbr_demos_py:/home/srl/lbr-stack/install/lbr_moveit:/home/srl/lbr-stack/install/lbr_demos_advanced_py LD_LIBRARY_PATH=/home/srl/lbr-stack/install/fri_client_sdk/lib:/opt/ros/humble/opt/rviz_ogre_vendor/lib:/opt/ros/humble/lib/x86_64-linux-gnu:/opt/ros/humble/lib:/home/srl/lbr-stack/install/lbr_ros2_control/lib:/home/srl/lbr-stack/install/lbr_demos_advanced_cpp/lib:/home/srl/lbr-stack/install/lbr_fri_ros2/lib:/home/srl/lbr-stack/install/lbr_fri_idl/lib /usr/bin/cmake --build /home/srl/lbr-stack/build/lbr_fri_idl -- -j20 -l20
[0.104s] [ 10%] Built target lbr_fri_idl__rosidl_generator_c
[0.107s] [ 11%] Built target lbr_fri_idl__cpp
[0.107s] [ 14%] Built target gtest_main
[0.112s] [ 17%] Built target gtest
[0.117s] [ 17%] Built target ament_cmake_python_symlink_lbr_fri_idl
[0.132s] [ 27%] Built target lbr_fri_idl__rosidl_typesupport_cpp
[0.132s] [ 37%] Built target lbr_fri_idl__rosidl_typesupport_introspection_c
[0.133s] [ 47%] Built target lbr_fri_idl__rosidl_typesupport_fastrtps_c
[0.136s] [ 57%] Built target lbr_fri_idl__rosidl_typesupport_c
[0.147s] [ 68%] Built target lbr_fri_idl__rosidl_typesupport_introspection_cpp
[0.153s] [ 78%] Built target lbr_fri_idl__rosidl_typesupport_fastrtps_cpp
[0.156s] [ 81%] Built target lbr_fri_idl_test_command_interfaces
[0.164s] [ 81%] Built target lbr_fri_idl
[0.184s] [ 82%] Built target lbr_fri_idl__py
[0.211s] [ 91%] Built target lbr_fri_idl__rosidl_generator_py
[0.231s] [ 94%] Built target lbr_fri_idl__rosidl_typesupport_introspection_c__pyext
[0.232s] [ 97%] Built target lbr_fri_idl__rosidl_typesupport_fastrtps_c__pyext
[0.235s] [100%] Built target lbr_fri_idl__rosidl_typesupport_c__pyext
[0.339s] running egg_info
[0.339s] writing lbr_fri_idl.egg-info/PKG-INFO
[0.339s] writing dependency_links to lbr_fri_idl.egg-info/dependency_links.txt
[0.339s] writing top-level names to lbr_fri_idl.egg-info/top_level.txt
[0.341s] reading manifest file 'lbr_fri_idl.egg-info/SOURCES.txt'
[0.341s] writing manifest file 'lbr_fri_idl.egg-info/SOURCES.txt'
[0.361s] [100%] Built target ament_cmake_python_build_lbr_fri_idl_egg
