[0.009s] Invoking command in '/home/srl/lbr-stack/build/my_package': CMAKE_PREFIX_PATH=${CMAKE_PREFIX_PATH}:/home/srl/lbr-stack/install/lbr_demos_py:/home/srl/lbr-stack/install/lbr_moveit:/home/srl/lbr-stack/install/lbr_demos_advanced_py:/opt/ros/humble /usr/bin/cmake /home/srl/lbr-stack/src/my_package -DCMAKE_INSTALL_PREFIX=/home/srl/lbr-stack/install/my_package
[0.022s] -- Found ament_cmake: 1.3.11 (/opt/ros/humble/share/ament_cmake/cmake)
[0.109s] -- Override CMake install command with custom implementation using symlinks instead of copying resources
[0.113s] -- Found std_msgs: 4.8.0 (/opt/ros/humble/share/std_msgs/cmake)
[0.128s] -- Found rosidl_generator_c: 3.1.6 (/opt/ros/humble/share/rosidl_generator_c/cmake)
[0.129s] -- Found rosidl_adapter: 3.1.6 (/opt/ros/humble/share/rosidl_adapter/cmake)
[0.133s] -- Found rosidl_generator_cpp: 3.1.6 (/opt/ros/humble/share/rosidl_generator_cpp/cmake)
[0.140s] -- Using all available rosidl_typesupport_c: rosidl_typesupport_fastrtps_c;rosidl_typesupport_introspection_c
[0.147s] -- Using all available rosidl_typesupport_cpp: rosidl_typesupport_fastrtps_cpp;rosidl_typesupport_introspection_cpp
[0.160s] -- Found sensor_msgs: 4.8.0 (/opt/ros/humble/share/sensor_msgs/cmake)
[0.174s] -- Found rclcpp: 16.0.12 (/opt/ros/humble/share/rclcpp/cmake)
[0.188s] -- Found rmw_implementation_cmake: 6.1.2 (/opt/ros/humble/share/rmw_implementation_cmake/cmake)
[0.189s] -- Found rmw_fastrtps_cpp: 6.2.7 (/opt/ros/humble/share/rmw_fastrtps_cpp/cmake)
[0.269s] -- Using RMW implementation 'rmw_fastrtps_cpp' as default
[0.290s] -- Found control_msgs: 4.8.0 (/opt/ros/humble/share/control_msgs/cmake)
[0.322s] -- Found rclpy: 3.3.16 (/opt/ros/humble/share/rclpy/cmake)
[0.322s] -- Found gazebo_ros: 3.9.0 (/opt/ros/humble/share/gazebo_ros/cmake)
[0.347s] -- Found DART: /usr/include (Required is at least version "6.6") found components: dart 
[0.369s] -- Found Protobuf: /usr/lib/x86_64-linux-gnu/libprotobuf.so (found version "3.12.4") 
[0.370s] -- Looking for ignition-math6 -- found version 6.15.1
[0.373s] -- Searching for dependencies of ignition-math6
[0.373s] -- Looking for OGRE...
[0.378s] -- Found Ogre Ghadamon (1.9.0)
[0.378s] -- Found OGRE: optimized;/usr/lib/x86_64-linux-gnu/libOgreMain.so;debug;/usr/lib/x86_64-linux-gnu/libOgreMain.so
[0.387s] -- Looking for OGRE_Paging...
[0.387s] -- Found OGRE_Paging: optimized;/usr/lib/x86_64-linux-gnu/libOgrePaging.so;debug;/usr/lib/x86_64-linux-gnu/libOgrePaging.so
[0.387s] -- Looking for OGRE_Terrain...
[0.387s] -- Found OGRE_Terrain: optimized;/usr/lib/x86_64-linux-gnu/libOgreTerrain.so;debug;/usr/lib/x86_64-linux-gnu/libOgreTerrain.so
[0.388s] -- Looking for OGRE_Property...
[0.388s] -- Found OGRE_Property: optimized;/usr/lib/x86_64-linux-gnu/libOgreProperty.so;debug;/usr/lib/x86_64-linux-gnu/libOgreProperty.so
[0.388s] -- Looking for OGRE_RTShaderSystem...
[0.388s] -- Found OGRE_RTShaderSystem: optimized;/usr/lib/x86_64-linux-gnu/libOgreRTShaderSystem.so;debug;/usr/lib/x86_64-linux-gnu/libOgreRTShaderSystem.so
[0.388s] -- Looking for OGRE_Volume...
[0.388s] -- Found OGRE_Volume: optimized;/usr/lib/x86_64-linux-gnu/libOgreVolume.so;debug;/usr/lib/x86_64-linux-gnu/libOgreVolume.so
[0.388s] -- Looking for OGRE_Overlay...
[0.388s] -- Found OGRE_Overlay: optimized;/usr/lib/x86_64-linux-gnu/libOgreOverlay.so;debug;/usr/lib/x86_64-linux-gnu/libOgreOverlay.so
[0.483s] -- Looking for ignition-math6 -- found version 6.15.1
[0.483s] -- Looking for ignition-transport8 -- found version 8.2.1
[0.483s] -- Searching for dependencies of ignition-transport8
[0.495s] -- Found Protobuf: /usr/lib/x86_64-linux-gnu/libprotobuf.so (found suitable version "3.12.4", minimum required is "3") 
[0.502s] -- Config-file not installed for ZeroMQ -- checking for pkg-config
[0.506s] -- Checking for module 'libzmq >= 4'
[0.519s] --   Found libzmq , version 4.3.4
[0.570s] -- Checking for module 'uuid'
[0.593s] --   Found uuid, version 2.37.2
[0.648s] -- Looking for ignition-msgs5 -- found version 5.8.1
[0.649s] -- Searching for dependencies of ignition-msgs5
[0.670s] -- Looking for ignition-math6 -- found version 6.15.1
[0.676s] -- Checking for module 'tinyxml2'
[0.694s] --   Found tinyxml2, version 9.0.0
[0.748s] -- Looking for ignition-msgs5 -- found version 5.8.1
[0.748s] -- Looking for ignition-common3 -- found version 3.14.0
[0.749s] -- Searching for dependencies of ignition-common3
[0.749s] -- Looking for dlfcn.h - found
[0.749s] -- Looking for libdl - found
[0.765s] -- Searching for <ignition-common3> component [graphics]
[0.765s] -- Looking for ignition-common3-graphics -- found version 3.14.0
[0.765s] -- Searching for dependencies of ignition-common3-graphics
[0.766s] -- Looking for ignition-math6 -- found version 6.15.1
[0.766s] -- Looking for ignition-fuel_tools4 -- found version 4.4.0
[0.766s] -- Searching for dependencies of ignition-fuel_tools4
[0.797s] -- Checking for module 'jsoncpp'
[0.817s] --   Found jsoncpp, version 1.9.5
[0.878s] -- Checking for module 'libzip'
[0.901s] --   Found libzip, version 1.7.3
[0.957s] -- Looking for ignition-common3 -- found version 3.14.0
[0.958s] -- Looking for ignition-math6 -- found version 6.15.1
[0.958s] -- Looking for ignition-msgs5 -- found version 5.8.1
[0.960s] -- Gazebo version: 11.10
[0.962s] -- Looking for ignition-math6 -- found version 6.15.1
[0.963s] -- Found ament_lint_auto: 0.12.12 (/opt/ros/humble/share/ament_lint_auto/cmake)
[1.024s] -- Found tf2_ros: 0.25.12 (/opt/ros/humble/share/tf2_ros/cmake)
[1.057s] -- Found tf2_geometry_msgs: 0.25.12 (/opt/ros/humble/share/tf2_geometry_msgs/cmake)
[1.059s] -- Found eigen3_cmake_module: 0.1.1 (/opt/ros/humble/share/eigen3_cmake_module/cmake)
[1.060s] -- Ensuring Eigen3 include directory is part of orocos-kdl CMake target
[1.072s] -- Added test 'cppcheck' to perform static code analysis on C / C++ code
[1.072s] -- Configured cppcheck include dirs: 
[1.072s] -- Configured cppcheck exclude dirs and/or files: 
[1.073s] -- Added test 'flake8' to check Python code syntax and style conventions
[1.074s] -- Added test 'lint_cmake' to check CMake code style
[1.074s] -- Added test 'pep257' to check Python code against some of the docstring style conventions in PEP 257
[1.078s] -- Added test 'uncrustify' to check C / C++ code style
[1.078s] -- Configured uncrustify additional arguments: 
[1.079s] -- Added test 'xmllint' to check XML markup files
[1.079s] -- Configuring done
[1.098s] -- Generating done
[1.106s] -- Build files have been written to: /home/srl/lbr-stack/build/my_package
[1.114s] Invoked command in '/home/srl/lbr-stack/build/my_package' returned '0': CMAKE_PREFIX_PATH=${CMAKE_PREFIX_PATH}:/home/srl/lbr-stack/install/lbr_demos_py:/home/srl/lbr-stack/install/lbr_moveit:/home/srl/lbr-stack/install/lbr_demos_advanced_py:/opt/ros/humble /usr/bin/cmake /home/srl/lbr-stack/src/my_package -DCMAKE_INSTALL_PREFIX=/home/srl/lbr-stack/install/my_package
[1.115s] Invoking command in '/home/srl/lbr-stack/build/my_package': CMAKE_PREFIX_PATH=${CMAKE_PREFIX_PATH}:/home/srl/lbr-stack/install/lbr_demos_py:/home/srl/lbr-stack/install/lbr_moveit:/home/srl/lbr-stack/install/lbr_demos_advanced_py:/opt/ros/humble /usr/bin/cmake --build /home/srl/lbr-stack/build/my_package -- -j20 -l20
[1.152s] [35m[1mConsolidate compiler generated dependencies of target command_listener[0m
[1.152s] [35m[1mConsolidate compiler generated dependencies of target robot_info[0m
[1.152s] [35m[1mConsolidate compiler generated dependencies of target robot_info_controller[0m
[1.153s] [35m[1mConsolidate compiler generated dependencies of target end_effector_position_node[0m
[1.154s] [35m[1mConsolidate compiler generated dependencies of target command_publisher3[0m
[1.154s] [35m[1mConsolidate compiler generated dependencies of target command_publisher2[0m
[1.155s] [35m[1mConsolidate compiler generated dependencies of target reset_position[0m
[1.157s] [35m[1mConsolidate compiler generated dependencies of target position_control[0m
[1.171s] [ 12%] Built target robot_info_controller
[1.171s] [ 25%] Built target command_listener
[1.172s] [ 37%] Built target command_publisher3
[1.173s] [ 50%] Built target end_effector_position_node
[1.174s] [ 62%] Built target robot_info
[1.174s] [ 75%] Built target command_publisher2
[1.177s] [ 87%] Built target position_control
[1.178s] [100%] Built target reset_position
[1.185s] Invoked command in '/home/srl/lbr-stack/build/my_package' returned '0': CMAKE_PREFIX_PATH=${CMAKE_PREFIX_PATH}:/home/srl/lbr-stack/install/lbr_demos_py:/home/srl/lbr-stack/install/lbr_moveit:/home/srl/lbr-stack/install/lbr_demos_advanced_py:/opt/ros/humble /usr/bin/cmake --build /home/srl/lbr-stack/build/my_package -- -j20 -l20
[1.192s] Invoking command in '/home/srl/lbr-stack/build/my_package': CMAKE_PREFIX_PATH=${CMAKE_PREFIX_PATH}:/home/srl/lbr-stack/install/lbr_demos_py:/home/srl/lbr-stack/install/lbr_moveit:/home/srl/lbr-stack/install/lbr_demos_advanced_py:/opt/ros/humble /usr/bin/cmake --install /home/srl/lbr-stack/build/my_package
[1.197s] -- Install configuration: ""
[1.197s] -- Execute custom install script
[1.197s] -- Up-to-date symlink: /home/srl/lbr-stack/install/my_package/lib/my_package/position_control_gui.py
[1.197s] -- Up-to-date symlink: /home/srl/lbr-stack/install/my_package/lib/my_package/command_publisher2
[1.197s] -- Up-to-date symlink: /home/srl/lbr-stack/install/my_package/lib/my_package/command_listener
[1.197s] -- Up-to-date symlink: /home/srl/lbr-stack/install/my_package/lib/my_package/command_publisher3
[1.197s] -- Up-to-date symlink: /home/srl/lbr-stack/install/my_package/lib/my_package/reset_position
[1.197s] -- Up-to-date symlink: /home/srl/lbr-stack/install/my_package/lib/my_package/robot_info
[1.197s] -- Up-to-date symlink: /home/srl/lbr-stack/install/my_package/lib/my_package/robot_info_controller
[1.198s] -- Up-to-date symlink: /home/srl/lbr-stack/install/my_package/lib/my_package/end_effector_position_node
[1.198s] -- Up-to-date symlink: /home/srl/lbr-stack/install/my_package/lib/my_package/position_control
[1.198s] -- Up-to-date symlink: /home/srl/lbr-stack/install/my_package/share/my_package/launch/gazebo_complete.launch.py
[1.198s] -- Up-to-date symlink: /home/srl/lbr-stack/install/my_package/share/my_package/launch/gazebo_hardware.launch.py
[1.198s] -- Up-to-date symlink: /home/srl/lbr-stack/install/my_package/share/my_package/launch/gazebo_hw_robot.launch.py
[1.198s] -- Up-to-date symlink: /home/srl/lbr-stack/install/my_package/share/my_package/launch/gazebo_move.launch.py
[1.198s] -- Up-to-date symlink: /home/srl/lbr-stack/install/my_package/share/my_package/launch/gazebo_scene_only.launch.py
[1.198s] -- Up-to-date symlink: /home/srl/lbr-stack/install/my_package/share/my_package/launch/gazebo_simu_robot.launch.py
[1.198s] -- Up-to-date symlink: /home/srl/lbr-stack/install/my_package/share/my_package/launch/hardware_gazebo_joint_control.launch.py
[1.198s] -- Up-to-date symlink: /home/srl/lbr-stack/install/my_package/share/my_package/launch/move_group_hw.launch.py
[1.198s] -- Up-to-date symlink: /home/srl/lbr-stack/install/my_package/share/my_package/launch/my.launch.py
[1.198s] -- Up-to-date symlink: /home/srl/lbr-stack/install/my_package/share/my_package/launch/my_launch2.launch.py
[1.198s] -- Up-to-date symlink: /home/srl/lbr-stack/install/my_package/share/my_package/launch/my_launch3.launch.py
[1.199s] -- Up-to-date symlink: /home/srl/lbr-stack/install/my_package/share/my_package/launch/my_launch_rviz.launch.py
[1.199s] -- Up-to-date symlink: /home/srl/lbr-stack/install/my_package/share/my_package/launch/my_position.launch.py
[1.199s] -- Up-to-date symlink: /home/srl/lbr-stack/install/my_package/share/my_package/launch/my_reset.launch.py
[1.199s] -- Up-to-date symlink: /home/srl/lbr-stack/install/my_package/share/my_package/launch/my_robot_info.launch.py
[1.199s] -- Up-to-date symlink: /home/srl/lbr-stack/install/my_package/share/ament_index/resource_index/package_run_dependencies/my_package
[1.199s] -- Up-to-date symlink: /home/srl/lbr-stack/install/my_package/share/ament_index/resource_index/parent_prefix_path/my_package
[1.199s] -- Up-to-date symlink: /home/srl/lbr-stack/install/my_package/share/my_package/environment/ament_prefix_path.sh
[1.199s] -- Up-to-date symlink: /home/srl/lbr-stack/install/my_package/share/my_package/environment/ament_prefix_path.dsv
[1.199s] -- Up-to-date symlink: /home/srl/lbr-stack/install/my_package/share/my_package/environment/path.sh
[1.199s] -- Up-to-date symlink: /home/srl/lbr-stack/install/my_package/share/my_package/environment/path.dsv
[1.199s] -- Up-to-date symlink: /home/srl/lbr-stack/install/my_package/share/my_package/local_setup.bash
[1.199s] -- Up-to-date symlink: /home/srl/lbr-stack/install/my_package/share/my_package/local_setup.sh
[1.199s] -- Up-to-date symlink: /home/srl/lbr-stack/install/my_package/share/my_package/local_setup.zsh
[1.199s] -- Up-to-date symlink: /home/srl/lbr-stack/install/my_package/share/my_package/local_setup.dsv
[1.200s] -- Symlinking: /home/srl/lbr-stack/install/my_package/share/my_package/package.dsv
[1.206s] -- Up-to-date symlink: /home/srl/lbr-stack/install/my_package/share/ament_index/resource_index/packages/my_package
[1.206s] -- Up-to-date symlink: /home/srl/lbr-stack/install/my_package/share/my_package/cmake/my_packageConfig.cmake
[1.206s] -- Up-to-date symlink: /home/srl/lbr-stack/install/my_package/share/my_package/cmake/my_packageConfig-version.cmake
[1.207s] -- Up-to-date symlink: /home/srl/lbr-stack/install/my_package/share/my_package/package.xml
[1.208s] Invoked command in '/home/srl/lbr-stack/build/my_package' returned '0': CMAKE_PREFIX_PATH=${CMAKE_PREFIX_PATH}:/home/srl/lbr-stack/install/lbr_demos_py:/home/srl/lbr-stack/install/lbr_moveit:/home/srl/lbr-stack/install/lbr_demos_advanced_py:/opt/ros/humble /usr/bin/cmake --install /home/srl/lbr-stack/build/my_package
