[0.011s] Invoking command in '/home/srl/lbr-stack/build/iiwa14_moveit_config': AMENT_PREFIX_PATH=/home/srl/lbr-stack/install/lbr_description CMAKE_PREFIX_PATH=/home/srl/lbr-stack/install/lbr_description /usr/bin/cmake --build /home/srl/lbr-stack/build/iiwa14_moveit_config -- -j20 -l20
[0.050s] Invoked command in '/home/srl/lbr-stack/build/iiwa14_moveit_config' returned '0': AMENT_PREFIX_PATH=/home/srl/lbr-stack/install/lbr_description CMAKE_PREFIX_PATH=/home/srl/lbr-stack/install/lbr_description /usr/bin/cmake --build /home/srl/lbr-stack/build/iiwa14_moveit_config -- -j20 -l20
[0.051s] Invoking command in '/home/srl/lbr-stack/build/iiwa14_moveit_config': AMENT_PREFIX_PATH=/home/srl/lbr-stack/install/lbr_description CMAKE_PREFIX_PATH=/home/srl/lbr-stack/install/lbr_description /usr/bin/cmake --install /home/srl/lbr-stack/build/iiwa14_moveit_config
[0.055s] -- Install configuration: ""
[0.057s] -- Execute custom install script
[0.058s] -- Up-to-date symlink: /home/srl/lbr-stack/install/iiwa14_moveit_config/share/ament_index/resource_index/package_run_dependencies/iiwa14_moveit_config
[0.058s] -- Up-to-date symlink: /home/srl/lbr-stack/install/iiwa14_moveit_config/share/ament_index/resource_index/parent_prefix_path/iiwa14_moveit_config
[0.058s] -- Up-to-date symlink: /home/srl/lbr-stack/install/iiwa14_moveit_config/share/iiwa14_moveit_config/environment/ament_prefix_path.sh
[0.058s] -- Up-to-date symlink: /home/srl/lbr-stack/install/iiwa14_moveit_config/share/iiwa14_moveit_config/environment/ament_prefix_path.dsv
[0.058s] -- Up-to-date symlink: /home/srl/lbr-stack/install/iiwa14_moveit_config/share/iiwa14_moveit_config/environment/path.sh
[0.058s] -- Up-to-date symlink: /home/srl/lbr-stack/install/iiwa14_moveit_config/share/iiwa14_moveit_config/environment/path.dsv
[0.058s] -- Up-to-date symlink: /home/srl/lbr-stack/install/iiwa14_moveit_config/share/iiwa14_moveit_config/local_setup.bash
[0.058s] -- Up-to-date symlink: /home/srl/lbr-stack/install/iiwa14_moveit_config/share/iiwa14_moveit_config/local_setup.sh
[0.058s] -- Up-to-date symlink: /home/srl/lbr-stack/install/iiwa14_moveit_config/share/iiwa14_moveit_config/local_setup.zsh
[0.058s] -- Up-to-date symlink: /home/srl/lbr-stack/install/iiwa14_moveit_config/share/iiwa14_moveit_config/local_setup.dsv
[0.058s] -- Symlinking: /home/srl/lbr-stack/install/iiwa14_moveit_config/share/iiwa14_moveit_config/package.dsv
[0.065s] -- Up-to-date symlink: /home/srl/lbr-stack/install/iiwa14_moveit_config/share/ament_index/resource_index/packages/iiwa14_moveit_config
[0.067s] -- Up-to-date symlink: /home/srl/lbr-stack/install/iiwa14_moveit_config/share/iiwa14_moveit_config/cmake/iiwa14_moveit_configConfig.cmake
[0.068s] -- Up-to-date symlink: /home/srl/lbr-stack/install/iiwa14_moveit_config/share/iiwa14_moveit_config/cmake/iiwa14_moveit_configConfig-version.cmake
[0.068s] -- Up-to-date symlink: /home/srl/lbr-stack/install/iiwa14_moveit_config/share/iiwa14_moveit_config/package.xml
[0.068s] -- Up-to-date symlink: /home/srl/lbr-stack/install/iiwa14_moveit_config/share/iiwa14_moveit_config/launch/move_group.launch.py
[0.068s] -- Up-to-date symlink: /home/srl/lbr-stack/install/iiwa14_moveit_config/share/iiwa14_moveit_config/launch/moveit_rviz.launch.py
[0.068s] -- Up-to-date symlink: /home/srl/lbr-stack/install/iiwa14_moveit_config/share/iiwa14_moveit_config/launch/setup_assistant.launch.py
[0.068s] -- Up-to-date symlink: /home/srl/lbr-stack/install/iiwa14_moveit_config/share/iiwa14_moveit_config/config/iiwa14.srdf
[0.068s] -- Up-to-date symlink: /home/srl/lbr-stack/install/iiwa14_moveit_config/share/iiwa14_moveit_config/config/joint_limits.yaml
[0.068s] -- Up-to-date symlink: /home/srl/lbr-stack/install/iiwa14_moveit_config/share/iiwa14_moveit_config/config/kinematics.yaml
[0.068s] -- Up-to-date symlink: /home/srl/lbr-stack/install/iiwa14_moveit_config/share/iiwa14_moveit_config/config/moveit.rviz
[0.069s] -- Up-to-date symlink: /home/srl/lbr-stack/install/iiwa14_moveit_config/share/iiwa14_moveit_config/config/moveit_controllers.yaml
[0.069s] -- Up-to-date symlink: /home/srl/lbr-stack/install/iiwa14_moveit_config/share/iiwa14_moveit_config/config/pilz_cartesian_limits.yaml
[0.069s] -- Up-to-date symlink: /home/srl/lbr-stack/install/iiwa14_moveit_config/share/iiwa14_moveit_config/.setup_assistant
[0.071s] Invoked command in '/home/srl/lbr-stack/build/iiwa14_moveit_config' returned '0': AMENT_PREFIX_PATH=/home/srl/lbr-stack/install/lbr_description CMAKE_PREFIX_PATH=/home/srl/lbr-stack/install/lbr_description /usr/bin/cmake --install /home/srl/lbr-stack/build/iiwa14_moveit_config
