[35m[1mConsolidate compiler generated dependencies of target command_publisher2[0m
[35m[1mConsolidate compiler generated dependencies of target robot_info[0m
[35m[1mConsolidate compiler generated dependencies of target end_effector_position_node[0m
[35m[1mConsolidate compiler generated dependencies of target command_publisher3[0m
[35m[1mConsolidate compiler generated dependencies of target robot_info_controller[0m
[35m[1mConsolidate compiler generated dependencies of target position_control[0m
[35m[1mConsolidate compiler generated dependencies of target command_listener[0m
[35m[1mConsolidate compiler generated dependencies of target test_plugin[0m
[35m[1mConsolidate compiler generated dependencies of target reset_position[0m
[35m[1mConsolidate compiler generated dependencies of target buoyancy_plugin[0m
[ 10%] Built target command_publisher2
[ 20%] Built target position_control
[ 30%] Built target robot_info
[ 40%] Built target command_listener
[ 50%] Built target command_publisher3
[ 60%] Built target end_effector_position_node
[ 70%] Built target reset_position
[ 80%] Built target robot_info_controller
[ 90%] Built target test_plugin
[100%] Built target buoyancy_plugin
-- Install configuration: ""
-- Execute custom install script
-- Up-to-date symlink: /home/srl/lbr-stack/src/install/my_package/lib/my_package/position_control_gui.py
-- Up-to-date symlink: /home/srl/lbr-stack/src/install/my_package/lib/my_package/command_publisher2
-- Up-to-date symlink: /home/srl/lbr-stack/src/install/my_package/lib/my_package/command_listener
-- Up-to-date symlink: /home/srl/lbr-stack/src/install/my_package/lib/my_package/command_publisher3
-- Up-to-date symlink: /home/srl/lbr-stack/src/install/my_package/lib/my_package/reset_position
-- Up-to-date symlink: /home/srl/lbr-stack/src/install/my_package/lib/my_package/robot_info
-- Up-to-date symlink: /home/srl/lbr-stack/src/install/my_package/lib/my_package/robot_info_controller
-- Up-to-date symlink: /home/srl/lbr-stack/src/install/my_package/lib/my_package/end_effector_position_node
-- Up-to-date symlink: /home/srl/lbr-stack/src/install/my_package/lib/my_package/position_control
-- Symlinking: /home/srl/lbr-stack/src/install/my_package/share/my_package/gazebo_complete.launch.py
-- Up-to-date symlink: /home/srl/lbr-stack/src/install/my_package/share/my_package/gazebo_hw_robot.launch.py
-- Symlinking: /home/srl/lbr-stack/src/install/my_package/share/my_package/gazebo_move.launch.py
-- Up-to-date symlink: /home/srl/lbr-stack/src/install/my_package/share/my_package/gazebo_simu_robot.launch.py
-- Up-to-date symlink: /home/srl/lbr-stack/src/install/my_package/share/my_package/my.launch.py
-- Up-to-date symlink: /home/srl/lbr-stack/src/install/my_package/share/my_package/my_launch2.launch.py
-- Up-to-date symlink: /home/srl/lbr-stack/src/install/my_package/share/my_package/my_launch3.launch.py
-- Up-to-date symlink: /home/srl/lbr-stack/src/install/my_package/share/my_package/my_launch_rviz.launch.py
-- Up-to-date symlink: /home/srl/lbr-stack/src/install/my_package/share/my_package/my_position.launch.py
-- Up-to-date symlink: /home/srl/lbr-stack/src/install/my_package/share/my_package/my_reset.launch.py
-- Up-to-date symlink: /home/srl/lbr-stack/src/install/my_package/share/my_package/my_robot_info.launch.py
-- Symlinking: /home/srl/lbr-stack/src/install/my_package/lib/my_package/libbuoyancy_plugin.so
-- Symlinking: /home/srl/lbr-stack/src/install/my_package/lib/my_package/libtest_plugin.so
-- Up-to-date symlink: /home/srl/lbr-stack/src/install/my_package/share/ament_index/resource_index/package_run_dependencies/my_package
-- Up-to-date symlink: /home/srl/lbr-stack/src/install/my_package/share/ament_index/resource_index/parent_prefix_path/my_package
-- Up-to-date symlink: /home/srl/lbr-stack/src/install/my_package/share/my_package/environment/ament_prefix_path.sh
-- Up-to-date symlink: /home/srl/lbr-stack/src/install/my_package/share/my_package/environment/ament_prefix_path.dsv
-- Up-to-date symlink: /home/srl/lbr-stack/src/install/my_package/share/my_package/environment/path.sh
-- Up-to-date symlink: /home/srl/lbr-stack/src/install/my_package/share/my_package/environment/path.dsv
-- Up-to-date symlink: /home/srl/lbr-stack/src/install/my_package/share/my_package/local_setup.bash
-- Up-to-date symlink: /home/srl/lbr-stack/src/install/my_package/share/my_package/local_setup.sh
-- Up-to-date symlink: /home/srl/lbr-stack/src/install/my_package/share/my_package/local_setup.zsh
-- Up-to-date symlink: /home/srl/lbr-stack/src/install/my_package/share/my_package/local_setup.dsv
-- Symlinking: /home/srl/lbr-stack/src/install/my_package/share/my_package/package.dsv
-- Up-to-date symlink: /home/srl/lbr-stack/src/install/my_package/share/ament_index/resource_index/packages/my_package
-- Up-to-date symlink: /home/srl/lbr-stack/src/install/my_package/share/my_package/cmake/my_packageConfig.cmake
-- Up-to-date symlink: /home/srl/lbr-stack/src/install/my_package/share/my_package/cmake/my_packageConfig-version.cmake
-- Up-to-date symlink: /home/srl/lbr-stack/src/install/my_package/share/my_package/package.xml
