[0.167s] Invoking command in '/home/srl/lbr-stack/src/build/my_package': CMAKE_PREFIX_PATH=${CMAKE_PREFIX_PATH}:/home/srl/lbr-stack/install/lbr_demos_py:/home/srl/lbr-stack/install/lbr_moveit:/home/srl/lbr-stack/install/lbr_demos_advanced_py:/opt/ros/humble /usr/bin/cmake --build /home/srl/lbr-stack/src/build/my_package -- -j20 -l20
[0.205s] [35m[1mConsolidate compiler generated dependencies of target command_publisher2[0m
[0.207s] [35m[1mConsolidate compiler generated dependencies of target robot_info[0m
[0.209s] [35m[1mConsolidate compiler generated dependencies of target end_effector_position_node[0m
[0.209s] [35m[1mConsolidate compiler generated dependencies of target command_publisher3[0m
[0.209s] [35m[1mConsolidate compiler generated dependencies of target robot_info_controller[0m
[0.209s] [35m[1mConsolidate compiler generated dependencies of target position_control[0m
[0.209s] [35m[1mConsolidate compiler generated dependencies of target command_listener[0m
[0.209s] [35m[1mConsolidate compiler generated dependencies of target test_plugin[0m
[0.210s] [35m[1mConsolidate compiler generated dependencies of target reset_position[0m
[0.211s] [35m[1mConsolidate compiler generated dependencies of target buoyancy_plugin[0m
[0.226s] [ 10%] Built target command_publisher2
[0.229s] [ 20%] Built target position_control
[0.229s] [ 30%] Built target robot_info
[0.230s] [ 40%] Built target command_listener
[0.231s] [ 50%] Built target command_publisher3
[0.231s] [ 60%] Built target end_effector_position_node
[0.232s] [ 70%] Built target reset_position
[0.233s] [ 80%] Built target robot_info_controller
[0.246s] [ 90%] Built target test_plugin
[0.254s] [100%] Built target buoyancy_plugin
[0.284s] Invoked command in '/home/srl/lbr-stack/src/build/my_package' returned '0': CMAKE_PREFIX_PATH=${CMAKE_PREFIX_PATH}:/home/srl/lbr-stack/install/lbr_demos_py:/home/srl/lbr-stack/install/lbr_moveit:/home/srl/lbr-stack/install/lbr_demos_advanced_py:/opt/ros/humble /usr/bin/cmake --build /home/srl/lbr-stack/src/build/my_package -- -j20 -l20
[0.286s] Invoking command in '/home/srl/lbr-stack/src/build/my_package': CMAKE_PREFIX_PATH=${CMAKE_PREFIX_PATH}:/home/srl/lbr-stack/install/lbr_demos_py:/home/srl/lbr-stack/install/lbr_moveit:/home/srl/lbr-stack/install/lbr_demos_advanced_py:/opt/ros/humble /usr/bin/cmake --install /home/srl/lbr-stack/src/build/my_package
[0.299s] -- Install configuration: ""
[0.299s] -- Execute custom install script
[0.299s] -- Up-to-date symlink: /home/srl/lbr-stack/src/install/my_package/lib/my_package/position_control_gui.py
[0.299s] -- Up-to-date symlink: /home/srl/lbr-stack/src/install/my_package/lib/my_package/command_publisher2
[0.299s] -- Up-to-date symlink: /home/srl/lbr-stack/src/install/my_package/lib/my_package/command_listener
[0.299s] -- Up-to-date symlink: /home/srl/lbr-stack/src/install/my_package/lib/my_package/command_publisher3
[0.299s] -- Up-to-date symlink: /home/srl/lbr-stack/src/install/my_package/lib/my_package/reset_position
[0.299s] -- Up-to-date symlink: /home/srl/lbr-stack/src/install/my_package/lib/my_package/robot_info
[0.299s] -- Up-to-date symlink: /home/srl/lbr-stack/src/install/my_package/lib/my_package/robot_info_controller
[0.299s] -- Up-to-date symlink: /home/srl/lbr-stack/src/install/my_package/lib/my_package/end_effector_position_node
[0.299s] -- Up-to-date symlink: /home/srl/lbr-stack/src/install/my_package/lib/my_package/position_control
[0.299s] -- Symlinking: /home/srl/lbr-stack/src/install/my_package/share/my_package/gazebo_complete.launch.py
[0.303s] -- Up-to-date symlink: /home/srl/lbr-stack/src/install/my_package/share/my_package/gazebo_hw_robot.launch.py
[0.303s] -- Symlinking: /home/srl/lbr-stack/src/install/my_package/share/my_package/gazebo_move.launch.py
[0.313s] -- Up-to-date symlink: /home/srl/lbr-stack/src/install/my_package/share/my_package/gazebo_simu_robot.launch.py
[0.313s] -- Up-to-date symlink: /home/srl/lbr-stack/src/install/my_package/share/my_package/my.launch.py
[0.314s] -- Up-to-date symlink: /home/srl/lbr-stack/src/install/my_package/share/my_package/my_launch2.launch.py
[0.314s] -- Up-to-date symlink: /home/srl/lbr-stack/src/install/my_package/share/my_package/my_launch3.launch.py
[0.314s] -- Up-to-date symlink: /home/srl/lbr-stack/src/install/my_package/share/my_package/my_launch_rviz.launch.py
[0.314s] -- Up-to-date symlink: /home/srl/lbr-stack/src/install/my_package/share/my_package/my_position.launch.py
[0.314s] -- Up-to-date symlink: /home/srl/lbr-stack/src/install/my_package/share/my_package/my_reset.launch.py
[0.315s] -- Up-to-date symlink: /home/srl/lbr-stack/src/install/my_package/share/my_package/my_robot_info.launch.py
[0.315s] -- Symlinking: /home/srl/lbr-stack/src/install/my_package/lib/my_package/libbuoyancy_plugin.so
[0.326s] -- Symlinking: /home/srl/lbr-stack/src/install/my_package/lib/my_package/libtest_plugin.so
[0.336s] -- Up-to-date symlink: /home/srl/lbr-stack/src/install/my_package/share/ament_index/resource_index/package_run_dependencies/my_package
[0.336s] -- Up-to-date symlink: /home/srl/lbr-stack/src/install/my_package/share/ament_index/resource_index/parent_prefix_path/my_package
[0.336s] -- Up-to-date symlink: /home/srl/lbr-stack/src/install/my_package/share/my_package/environment/ament_prefix_path.sh
[0.336s] -- Up-to-date symlink: /home/srl/lbr-stack/src/install/my_package/share/my_package/environment/ament_prefix_path.dsv
[0.336s] -- Up-to-date symlink: /home/srl/lbr-stack/src/install/my_package/share/my_package/environment/path.sh
[0.336s] -- Up-to-date symlink: /home/srl/lbr-stack/src/install/my_package/share/my_package/environment/path.dsv
[0.337s] -- Up-to-date symlink: /home/srl/lbr-stack/src/install/my_package/share/my_package/local_setup.bash
[0.338s] -- Up-to-date symlink: /home/srl/lbr-stack/src/install/my_package/share/my_package/local_setup.sh
[0.338s] -- Up-to-date symlink: /home/srl/lbr-stack/src/install/my_package/share/my_package/local_setup.zsh
[0.338s] -- Up-to-date symlink: /home/srl/lbr-stack/src/install/my_package/share/my_package/local_setup.dsv
[0.338s] -- Symlinking: /home/srl/lbr-stack/src/install/my_package/share/my_package/package.dsv
[0.347s] -- Up-to-date symlink: /home/srl/lbr-stack/src/install/my_package/share/ament_index/resource_index/packages/my_package
[0.348s] -- Up-to-date symlink: /home/srl/lbr-stack/src/install/my_package/share/my_package/cmake/my_packageConfig.cmake
[0.348s] -- Up-to-date symlink: /home/srl/lbr-stack/src/install/my_package/share/my_package/cmake/my_packageConfig-version.cmake
[0.348s] -- Up-to-date symlink: /home/srl/lbr-stack/src/install/my_package/share/my_package/package.xml
[0.357s] Invoked command in '/home/srl/lbr-stack/src/build/my_package' returned '0': CMAKE_PREFIX_PATH=${CMAKE_PREFIX_PATH}:/home/srl/lbr-stack/install/lbr_demos_py:/home/srl/lbr-stack/install/lbr_moveit:/home/srl/lbr-stack/install/lbr_demos_advanced_py:/opt/ros/humble /usr/bin/cmake --install /home/srl/lbr-stack/src/build/my_package
