[0.154s] Invoking command in '/home/srl/lbr-stack/build/my_package': CMAKE_PREFIX_PATH=${CMAKE_PREFIX_PATH}:/home/srl/lbr-stack/install/lbr_demos_py:/home/srl/lbr-stack/install/lbr_moveit:/home/srl/lbr-stack/install/lbr_demos_advanced_py:/opt/ros/humble /usr/bin/cmake --build /home/srl/lbr-stack/build/my_package -- -j20 -l20
[0.173s] -- Found ament_cmake: 1.3.11 (/opt/ros/humble/share/ament_cmake/cmake)
[0.275s] -- Override CMake install command with custom implementation using symlinks instead of copying resources
[0.282s] -- Found std_msgs: 4.8.0 (/opt/ros/humble/share/std_msgs/cmake)
[0.300s] -- Found rosidl_generator_c: 3.1.6 (/opt/ros/humble/share/rosidl_generator_c/cmake)
[0.302s] -- Found rosidl_adapter: 3.1.6 (/opt/ros/humble/share/rosidl_adapter/cmake)
[0.308s] -- Found rosidl_generator_cpp: 3.1.6 (/opt/ros/humble/share/rosidl_generator_cpp/cmake)
[0.318s] -- Using all available rosidl_typesupport_c: rosidl_typesupport_fastrtps_c;rosidl_typesupport_introspection_c
[0.331s] -- Using all available rosidl_typesupport_cpp: rosidl_typesupport_fastrtps_cpp;rosidl_typesupport_introspection_cpp
[0.345s] -- Found sensor_msgs: 4.8.0 (/opt/ros/humble/share/sensor_msgs/cmake)
[0.362s] -- Found rclcpp: 16.0.12 (/opt/ros/humble/share/rclcpp/cmake)
[0.379s] -- Found rmw_implementation_cmake: 6.1.2 (/opt/ros/humble/share/rmw_implementation_cmake/cmake)
[0.380s] -- Found rmw_fastrtps_cpp: 6.2.7 (/opt/ros/humble/share/rmw_fastrtps_cpp/cmake)
[0.460s] -- Using RMW implementation 'rmw_fastrtps_cpp' as default
[0.482s] -- Found control_msgs: 4.8.0 (/opt/ros/humble/share/control_msgs/cmake)
[0.520s] -- Found rclpy: 3.3.16 (/opt/ros/humble/share/rclpy/cmake)
[0.526s] [31mCMake Error at CMakeLists.txt:16 (find_package):
[0.526s]   By not providing "Findmath.cmake" in CMAKE_MODULE_PATH this project has
[0.526s]   asked CMake to find a package configuration file provided by "math", but
[0.526s]   CMake did not find one.
[0.526s] 
[0.526s]   Could not find a package configuration file provided by "math" with any of
[0.526s]   the following names:
[0.526s] 
[0.526s]     mathConfig.cmake
[0.526s]     math-config.cmake
[0.526s] 
[0.527s]   Add the installation prefix of "math" to CMAKE_PREFIX_PATH or set
[0.527s]   "math_DIR" to a directory containing one of the above files.  If "math"
[0.527s]   provides a separate development package or SDK, be sure it has been
[0.527s]   installed.
[0.527s] 
[0.527s] [0m
[0.527s] -- Configuring incomplete, errors occurred!
[0.527s] See also "/home/srl/lbr-stack/build/my_package/CMakeFiles/CMakeOutput.log".
[0.531s] gmake: *** [Makefile:472: cmake_check_build_system] Error 1
[0.532s] Invoked command in '/home/srl/lbr-stack/build/my_package' returned '2': CMAKE_PREFIX_PATH=${CMAKE_PREFIX_PATH}:/home/srl/lbr-stack/install/lbr_demos_py:/home/srl/lbr-stack/install/lbr_moveit:/home/srl/lbr-stack/install/lbr_demos_advanced_py:/opt/ros/humble /usr/bin/cmake --build /home/srl/lbr-stack/build/my_package -- -j20 -l20
