[0.032s] Invoking command in '/home/srl/lbr-stack/build/fri_client_sdk': CMAKE_PREFIX_PATH=${CMAKE_PREFIX_PATH}:/home/srl/lbr-stack/install/lbr_demos_py:/home/srl/lbr-stack/install/lbr_moveit:/home/srl/lbr-stack/install/lbr_demos_advanced_py:/home/srl/ros2_ws/install/simple_gui:/opt/ros/humble /usr/bin/cmake --build /home/srl/lbr-stack/build/fri_client_sdk -- -j20 -l20
[0.184s] [100%] Built target FRIClient
[0.188s] Invoked command in '/home/srl/lbr-stack/build/fri_client_sdk' returned '0': CMAKE_PREFIX_PATH=${CMAKE_PREFIX_PATH}:/home/srl/lbr-stack/install/lbr_demos_py:/home/srl/lbr-stack/install/lbr_moveit:/home/srl/lbr-stack/install/lbr_demos_advanced_py:/home/srl/ros2_ws/install/simple_gui:/opt/ros/humble /usr/bin/cmake --build /home/srl/lbr-stack/build/fri_client_sdk -- -j20 -l20
[0.199s] Invoking command in '/home/srl/lbr-stack/build/fri_client_sdk': CMAKE_PREFIX_PATH=${CMAKE_PREFIX_PATH}:/home/srl/lbr-stack/install/lbr_demos_py:/home/srl/lbr-stack/install/lbr_moveit:/home/srl/lbr-stack/install/lbr_demos_advanced_py:/home/srl/ros2_ws/install/simple_gui:/opt/ros/humble /usr/bin/cmake --install /home/srl/lbr-stack/build/fri_client_sdk
[0.204s] -- Install configuration: "Release"
[0.204s] -- Up-to-date: /home/srl/lbr-stack/install/fri_client_sdk/lib/libFRIClient.so
[0.204s] -- Up-to-date: /home/srl/lbr-stack/install/fri_client_sdk/include
[0.205s] -- Up-to-date: /home/srl/lbr-stack/install/fri_client_sdk/include/friClientApplication.h
[0.205s] -- Up-to-date: /home/srl/lbr-stack/install/fri_client_sdk/include/friClientVersion.h
[0.205s] -- Up-to-date: /home/srl/lbr-stack/install/fri_client_sdk/include/friLBRCommand.h
[0.205s] -- Up-to-date: /home/srl/lbr-stack/install/fri_client_sdk/include/friClientIf.h
[0.205s] -- Up-to-date: /home/srl/lbr-stack/install/fri_client_sdk/include/friUdpConnection.h
[0.205s] -- Up-to-date: /home/srl/lbr-stack/install/fri_client_sdk/include/friTransformationClient.h
[0.206s] -- Up-to-date: /home/srl/lbr-stack/install/fri_client_sdk/include/friException.h
[0.206s] -- Up-to-date: /home/srl/lbr-stack/install/fri_client_sdk/include/friConnectionIf.h
[0.206s] -- Up-to-date: /home/srl/lbr-stack/install/fri_client_sdk/include/friLBRClient.h
[0.206s] -- Up-to-date: /home/srl/lbr-stack/install/fri_client_sdk/include/friDataHelper.h
[0.207s] -- Up-to-date: /home/srl/lbr-stack/install/fri_client_sdk/include/friLBRState.h
[0.207s] -- Up-to-date: /home/srl/lbr-stack/install/fri_client_sdk/lib/cmake/FRIClient/FRIClientConfig.cmake
[0.207s] -- Up-to-date: /home/srl/lbr-stack/install/fri_client_sdk/lib/cmake/FRIClient/FRIClientConfig-release.cmake
[0.207s] -- Up-to-date: /home/srl/lbr-stack/install/fri_client_sdk/lib/cmake/FRIClient/FRIClientConfigVersion.cmake
[0.207s] Invoked command in '/home/srl/lbr-stack/build/fri_client_sdk' returned '0': CMAKE_PREFIX_PATH=${CMAKE_PREFIX_PATH}:/home/srl/lbr-stack/install/lbr_demos_py:/home/srl/lbr-stack/install/lbr_moveit:/home/srl/lbr-stack/install/lbr_demos_advanced_py:/home/srl/ros2_ws/install/simple_gui:/opt/ros/humble /usr/bin/cmake --install /home/srl/lbr-stack/build/fri_client_sdk
