[0.197s] Invoking command in '/home/srl/lbr-stack/build/my_package': CMAKE_PREFIX_PATH=${CMAKE_PREFIX_PATH}:/home/srl/lbr-stack/install/lbr_demos_py:/home/srl/lbr-stack/install/lbr_moveit:/home/srl/lbr-stack/install/lbr_demos_advanced_py:/opt/ros/humble /usr/bin/cmake --build /home/srl/lbr-stack/build/my_package -- -j20 -l20
[0.245s] [35m[1mConsolidate compiler generated dependencies of target position_control[0m
[0.256s] [ 18%] Built target command_publisher3
[0.256s] [ 25%] Built target reset_position
[0.260s] [ 31%] [32mBuilding CXX object CMakeFiles/position_control.dir/src/position_control.cpp.o[0m
[0.261s] [ 50%] Built target command_listener
[0.262s] [ 56%] Built target end_effector_position_node
[0.263s] [ 68%] Built target robot_info
[0.263s] [ 81%] Built target robot_info_controller
[0.263s] [ 93%] Built target command_publisher2
[6.195s] [100%] [32m[1mLinking CXX executable position_control[0m
[6.519s] [100%] Built target position_control
[6.527s] Invoked command in '/home/srl/lbr-stack/build/my_package' returned '0': CMAKE_PREFIX_PATH=${CMAKE_PREFIX_PATH}:/home/srl/lbr-stack/install/lbr_demos_py:/home/srl/lbr-stack/install/lbr_moveit:/home/srl/lbr-stack/install/lbr_demos_advanced_py:/opt/ros/humble /usr/bin/cmake --build /home/srl/lbr-stack/build/my_package -- -j20 -l20
[6.529s] Invoking command in '/home/srl/lbr-stack/build/my_package': CMAKE_PREFIX_PATH=${CMAKE_PREFIX_PATH}:/home/srl/lbr-stack/install/lbr_demos_py:/home/srl/lbr-stack/install/lbr_moveit:/home/srl/lbr-stack/install/lbr_demos_advanced_py:/opt/ros/humble /usr/bin/cmake --install /home/srl/lbr-stack/build/my_package
[6.536s] -- Install configuration: ""
[6.536s] -- Execute custom install script
[6.537s] -- Up-to-date symlink: /home/srl/lbr-stack/install/my_package/lib/my_package/command_publisher2
[6.537s] -- Up-to-date symlink: /home/srl/lbr-stack/install/my_package/lib/my_package/command_listener
[6.537s] -- Up-to-date symlink: /home/srl/lbr-stack/install/my_package/lib/my_package/command_publisher3
[6.537s] -- Up-to-date symlink: /home/srl/lbr-stack/install/my_package/lib/my_package/reset_position
[6.537s] -- Up-to-date symlink: /home/srl/lbr-stack/install/my_package/lib/my_package/robot_info
[6.537s] -- Up-to-date symlink: /home/srl/lbr-stack/install/my_package/lib/my_package/robot_info_controller
[6.537s] -- Up-to-date symlink: /home/srl/lbr-stack/install/my_package/lib/my_package/end_effector_position_node
[6.537s] -- Up-to-date symlink: /home/srl/lbr-stack/install/my_package/lib/my_package/position_control
[6.537s] -- Up-to-date symlink: /home/srl/lbr-stack/install/my_package/share/my_package/my.launch.py
[6.537s] -- Up-to-date symlink: /home/srl/lbr-stack/install/my_package/share/my_package/my_launch2.launch.py
[6.538s] -- Up-to-date symlink: /home/srl/lbr-stack/install/my_package/share/my_package/my_launch3.launch.py
[6.538s] -- Up-to-date symlink: /home/srl/lbr-stack/install/my_package/share/my_package/my_launch_rviz.launch.py
[6.538s] -- Up-to-date symlink: /home/srl/lbr-stack/install/my_package/share/my_package/my_reset.launch.py
[6.538s] -- Up-to-date symlink: /home/srl/lbr-stack/install/my_package/share/my_package/my_robot_info.launch.py
[6.538s] -- Up-to-date symlink: /home/srl/lbr-stack/install/my_package/share/ament_index/resource_index/package_run_dependencies/my_package
[6.538s] -- Up-to-date symlink: /home/srl/lbr-stack/install/my_package/share/ament_index/resource_index/parent_prefix_path/my_package
[6.538s] -- Up-to-date symlink: /home/srl/lbr-stack/install/my_package/share/my_package/environment/ament_prefix_path.sh
[6.538s] -- Up-to-date symlink: /home/srl/lbr-stack/install/my_package/share/my_package/environment/ament_prefix_path.dsv
[6.538s] -- Up-to-date symlink: /home/srl/lbr-stack/install/my_package/share/my_package/environment/path.sh
[6.538s] -- Up-to-date symlink: /home/srl/lbr-stack/install/my_package/share/my_package/environment/path.dsv
[6.539s] -- Up-to-date symlink: /home/srl/lbr-stack/install/my_package/share/my_package/local_setup.bash
[6.539s] -- Up-to-date symlink: /home/srl/lbr-stack/install/my_package/share/my_package/local_setup.sh
[6.539s] -- Up-to-date symlink: /home/srl/lbr-stack/install/my_package/share/my_package/local_setup.zsh
[6.539s] -- Up-to-date symlink: /home/srl/lbr-stack/install/my_package/share/my_package/local_setup.dsv
[6.539s] -- Symlinking: /home/srl/lbr-stack/install/my_package/share/my_package/package.dsv
[6.546s] -- Up-to-date symlink: /home/srl/lbr-stack/install/my_package/share/ament_index/resource_index/packages/my_package
[6.546s] -- Up-to-date symlink: /home/srl/lbr-stack/install/my_package/share/my_package/cmake/my_packageConfig.cmake
[6.546s] -- Up-to-date symlink: /home/srl/lbr-stack/install/my_package/share/my_package/cmake/my_packageConfig-version.cmake
[6.546s] -- Up-to-date symlink: /home/srl/lbr-stack/install/my_package/share/my_package/package.xml
[6.548s] Invoked command in '/home/srl/lbr-stack/build/my_package' returned '0': CMAKE_PREFIX_PATH=${CMAKE_PREFIX_PATH}:/home/srl/lbr-stack/install/lbr_demos_py:/home/srl/lbr-stack/install/lbr_moveit:/home/srl/lbr-stack/install/lbr_demos_advanced_py:/opt/ros/humble /usr/bin/cmake --install /home/srl/lbr-stack/build/my_package
