[0.015s] Invoking command in '/home/srl/lbr-stack/build/my_package': CMAKE_PREFIX_PATH=${CMAKE_PREFIX_PATH}:/home/srl/lbr-stack/install/lbr_demos_py:/home/srl/lbr-stack/install/lbr_moveit:/home/srl/lbr-stack/install/lbr_demos_advanced_py:/opt/ros/humble /usr/bin/cmake /home/srl/lbr-stack/src/my_package -DCMAKE_INSTALL_PREFIX=/home/srl/lbr-stack/install/my_package
[0.031s] -- Found ament_cmake: 1.3.11 (/opt/ros/humble/share/ament_cmake/cmake)
[0.162s] -- Override CMake install command with custom implementation using symlinks instead of copying resources
[0.173s] -- Found std_msgs: 4.8.0 (/opt/ros/humble/share/std_msgs/cmake)
[0.204s] -- Found rosidl_generator_c: 3.1.6 (/opt/ros/humble/share/rosidl_generator_c/cmake)
[0.206s] -- Found rosidl_adapter: 3.1.6 (/opt/ros/humble/share/rosidl_adapter/cmake)
[0.213s] -- Found rosidl_generator_cpp: 3.1.6 (/opt/ros/humble/share/rosidl_generator_cpp/cmake)
[0.224s] -- Using all available rosidl_typesupport_c: rosidl_typesupport_fastrtps_c;rosidl_typesupport_introspection_c
[0.237s] -- Using all available rosidl_typesupport_cpp: rosidl_typesupport_fastrtps_cpp;rosidl_typesupport_introspection_cpp
[0.259s] -- Found sensor_msgs: 4.8.0 (/opt/ros/humble/share/sensor_msgs/cmake)
[0.287s] -- Found rclcpp: 16.0.12 (/opt/ros/humble/share/rclcpp/cmake)
[0.332s] -- Found rmw_implementation_cmake: 6.1.2 (/opt/ros/humble/share/rmw_implementation_cmake/cmake)
[0.337s] -- Found rmw_fastrtps_cpp: 6.2.7 (/opt/ros/humble/share/rmw_fastrtps_cpp/cmake)
[0.457s] -- Using RMW implementation 'rmw_fastrtps_cpp' as default
[0.505s] -- Found control_msgs: 4.8.0 (/opt/ros/humble/share/control_msgs/cmake)
[0.570s] -- Found rclpy: 3.3.16 (/opt/ros/humble/share/rclpy/cmake)
[0.570s] -- Found gazebo_ros: 3.9.0 (/opt/ros/humble/share/gazebo_ros/cmake)
[0.608s] -- Found DART: /usr/include (Required is at least version "6.6") found components: dart 
[0.637s] -- Found Protobuf: /usr/lib/x86_64-linux-gnu/libprotobuf.so (found version "3.12.4") 
[0.640s] -- Looking for ignition-math6 -- found version 6.15.1
[0.649s] -- Searching for dependencies of ignition-math6
[0.651s] -- Looking for OGRE...
[0.658s] -- Found Ogre Ghadamon (1.9.0)
[0.659s] -- Found OGRE: optimized;/usr/lib/x86_64-linux-gnu/libOgreMain.so;debug;/usr/lib/x86_64-linux-gnu/libOgreMain.so
[0.669s] -- Looking for OGRE_Paging...
[0.669s] -- Found OGRE_Paging: optimized;/usr/lib/x86_64-linux-gnu/libOgrePaging.so;debug;/usr/lib/x86_64-linux-gnu/libOgrePaging.so
[0.669s] -- Looking for OGRE_Terrain...
[0.669s] -- Found OGRE_Terrain: optimized;/usr/lib/x86_64-linux-gnu/libOgreTerrain.so;debug;/usr/lib/x86_64-linux-gnu/libOgreTerrain.so
[0.669s] -- Looking for OGRE_Property...
[0.669s] -- Found OGRE_Property: optimized;/usr/lib/x86_64-linux-gnu/libOgreProperty.so;debug;/usr/lib/x86_64-linux-gnu/libOgreProperty.so
[0.669s] -- Looking for OGRE_RTShaderSystem...
[0.669s] -- Found OGRE_RTShaderSystem: optimized;/usr/lib/x86_64-linux-gnu/libOgreRTShaderSystem.so;debug;/usr/lib/x86_64-linux-gnu/libOgreRTShaderSystem.so
[0.669s] -- Looking for OGRE_Volume...
[0.669s] -- Found OGRE_Volume: optimized;/usr/lib/x86_64-linux-gnu/libOgreVolume.so;debug;/usr/lib/x86_64-linux-gnu/libOgreVolume.so
[0.669s] -- Looking for OGRE_Overlay...
[0.669s] -- Found OGRE_Overlay: optimized;/usr/lib/x86_64-linux-gnu/libOgreOverlay.so;debug;/usr/lib/x86_64-linux-gnu/libOgreOverlay.so
[0.803s] -- Looking for ignition-math6 -- found version 6.15.1
[0.804s] -- Looking for ignition-transport8 -- found version 8.2.1
[0.804s] -- Searching for dependencies of ignition-transport8
[0.822s] -- Found Protobuf: /usr/lib/x86_64-linux-gnu/libprotobuf.so (found suitable version "3.12.4", minimum required is "3") 
[0.834s] -- Config-file not installed for ZeroMQ -- checking for pkg-config
[0.839s] -- Checking for module 'libzmq >= 4'
[0.855s] --   Found libzmq , version 4.3.4
[0.909s] -- Checking for module 'uuid'
[0.934s] --   Found uuid, version 2.37.2
[0.997s] -- Looking for ignition-msgs5 -- found version 5.8.1
[0.998s] -- Searching for dependencies of ignition-msgs5
[1.023s] -- Looking for ignition-math6 -- found version 6.15.1
[1.028s] -- Checking for module 'tinyxml2'
[1.045s] --   Found tinyxml2, version 9.0.0
[1.088s] -- Looking for ignition-msgs5 -- found version 5.8.1
[1.089s] -- Looking for ignition-common3 -- found version 3.14.0
[1.090s] -- Searching for dependencies of ignition-common3
[1.090s] -- Looking for dlfcn.h - found
[1.090s] -- Looking for libdl - found
[1.106s] -- Searching for <ignition-common3> component [graphics]
[1.107s] -- Looking for ignition-common3-graphics -- found version 3.14.0
[1.107s] -- Searching for dependencies of ignition-common3-graphics
[1.107s] -- Looking for ignition-math6 -- found version 6.15.1
[1.109s] -- Looking for ignition-fuel_tools4 -- found version 4.4.0
[1.110s] -- Searching for dependencies of ignition-fuel_tools4
[1.158s] -- Checking for module 'jsoncpp'
[1.178s] --   Found jsoncpp, version 1.9.5
[1.233s] -- Checking for module 'libzip'
[1.255s] --   Found libzip, version 1.7.3
[1.307s] -- Looking for ignition-common3 -- found version 3.14.0
[1.308s] -- Looking for ignition-math6 -- found version 6.15.1
[1.309s] -- Looking for ignition-msgs5 -- found version 5.8.1
[1.312s] -- Gazebo version: 11.10
[1.313s] -- Looking for ignition-math6 -- found version 6.15.1
[1.314s] -- Found ament_lint_auto: 0.12.12 (/opt/ros/humble/share/ament_lint_auto/cmake)
[1.400s] -- Found tf2_ros: 0.25.12 (/opt/ros/humble/share/tf2_ros/cmake)
[1.470s] -- Found tf2_geometry_msgs: 0.25.12 (/opt/ros/humble/share/tf2_geometry_msgs/cmake)
[1.473s] -- Found eigen3_cmake_module: 0.1.1 (/opt/ros/humble/share/eigen3_cmake_module/cmake)
[1.474s] -- Ensuring Eigen3 include directory is part of orocos-kdl CMake target
[1.496s] -- Added test 'cppcheck' to perform static code analysis on C / C++ code
[1.496s] -- Configured cppcheck include dirs: 
[1.496s] -- Configured cppcheck exclude dirs and/or files: 
[1.498s] -- Added test 'flake8' to check Python code syntax and style conventions
[1.500s] -- Added test 'lint_cmake' to check CMake code style
[1.501s] -- Added test 'pep257' to check Python code against some of the docstring style conventions in PEP 257
[1.506s] -- Added test 'uncrustify' to check C / C++ code style
[1.506s] -- Configured uncrustify additional arguments: 
[1.506s] -- Added test 'xmllint' to check XML markup files
[1.507s] -- Configuring done
[1.546s] -- Generating done
[1.558s] -- Build files have been written to: /home/srl/lbr-stack/build/my_package
[1.570s] Invoked command in '/home/srl/lbr-stack/build/my_package' returned '0': CMAKE_PREFIX_PATH=${CMAKE_PREFIX_PATH}:/home/srl/lbr-stack/install/lbr_demos_py:/home/srl/lbr-stack/install/lbr_moveit:/home/srl/lbr-stack/install/lbr_demos_advanced_py:/opt/ros/humble /usr/bin/cmake /home/srl/lbr-stack/src/my_package -DCMAKE_INSTALL_PREFIX=/home/srl/lbr-stack/install/my_package
[1.572s] Invoking command in '/home/srl/lbr-stack/build/my_package': CMAKE_PREFIX_PATH=${CMAKE_PREFIX_PATH}:/home/srl/lbr-stack/install/lbr_demos_py:/home/srl/lbr-stack/install/lbr_moveit:/home/srl/lbr-stack/install/lbr_demos_advanced_py:/opt/ros/humble /usr/bin/cmake --build /home/srl/lbr-stack/build/my_package -- -j20 -l20
[1.624s] [35m[1mConsolidate compiler generated dependencies of target command_listener[0m
[1.626s] [35m[1mConsolidate compiler generated dependencies of target robot_info[0m
[1.627s] [35m[1mConsolidate compiler generated dependencies of target end_effector_position_node[0m
[1.627s] [35m[1mConsolidate compiler generated dependencies of target position_control[0m
[1.629s] [35m[1mConsolidate compiler generated dependencies of target reset_position[0m
[1.630s] [35m[1mConsolidate compiler generated dependencies of target joint_state_pub[0m
[1.631s] [35m[1mConsolidate compiler generated dependencies of target robot_info_controller[0m
[1.632s] [35m[1mConsolidate compiler generated dependencies of target command_publisher3[0m
[1.648s] [ 12%] Built target command_listener
[1.651s] [ 25%] Built target position_control
[1.653s] [ 31%] [32mBuilding CXX object CMakeFiles/reset_position.dir/src/reset_position.cpp.o[0m
[1.655s] [ 43%] Built target joint_state_pub
[1.656s] [ 56%] Built target robot_info
[1.657s] [ 68%] Built target robot_info_controller
[1.664s] [ 81%] Built target end_effector_position_node
[1.664s] [ 93%] Built target command_publisher3
[8.226s] [100%] [32m[1mLinking CXX executable reset_position[0m
[8.510s] [100%] Built target reset_position
[8.519s] Invoked command in '/home/srl/lbr-stack/build/my_package' returned '0': CMAKE_PREFIX_PATH=${CMAKE_PREFIX_PATH}:/home/srl/lbr-stack/install/lbr_demos_py:/home/srl/lbr-stack/install/lbr_moveit:/home/srl/lbr-stack/install/lbr_demos_advanced_py:/opt/ros/humble /usr/bin/cmake --build /home/srl/lbr-stack/build/my_package -- -j20 -l20
[8.529s] Invoking command in '/home/srl/lbr-stack/build/my_package': CMAKE_PREFIX_PATH=${CMAKE_PREFIX_PATH}:/home/srl/lbr-stack/install/lbr_demos_py:/home/srl/lbr-stack/install/lbr_moveit:/home/srl/lbr-stack/install/lbr_demos_advanced_py:/opt/ros/humble /usr/bin/cmake --install /home/srl/lbr-stack/build/my_package
[8.535s] -- Install configuration: ""
[8.536s] -- Execute custom install script
[8.536s] -- Up-to-date symlink: /home/srl/lbr-stack/install/my_package/lib/my_package/position_control_gui.py
[8.536s] -- Up-to-date symlink: /home/srl/lbr-stack/install/my_package/lib/my_package/joint_state_pub
[8.536s] -- Up-to-date symlink: /home/srl/lbr-stack/install/my_package/lib/my_package/command_listener
[8.536s] -- Up-to-date symlink: /home/srl/lbr-stack/install/my_package/lib/my_package/command_publisher3
[8.537s] -- Up-to-date symlink: /home/srl/lbr-stack/install/my_package/lib/my_package/reset_position
[8.537s] -- Up-to-date symlink: /home/srl/lbr-stack/install/my_package/lib/my_package/robot_info
[8.537s] -- Up-to-date symlink: /home/srl/lbr-stack/install/my_package/lib/my_package/robot_info_controller
[8.537s] -- Up-to-date symlink: /home/srl/lbr-stack/install/my_package/lib/my_package/end_effector_position_node
[8.537s] -- Up-to-date symlink: /home/srl/lbr-stack/install/my_package/lib/my_package/position_control
[8.538s] -- Up-to-date symlink: /home/srl/lbr-stack/install/my_package/share/my_package/launch/gazebo_complete.launch.py
[8.538s] -- Up-to-date symlink: /home/srl/lbr-stack/install/my_package/share/my_package/launch/gazebo_for_hardware.launch.py
[8.538s] -- Up-to-date symlink: /home/srl/lbr-stack/install/my_package/share/my_package/launch/gazebo_move.launch.py
[8.538s] -- Up-to-date symlink: /home/srl/lbr-stack/install/my_package/share/my_package/launch/gazebo_simu_robot.launch.py
[8.538s] -- Up-to-date symlink: /home/srl/lbr-stack/install/my_package/share/my_package/launch/hardware_for_gazebo.launch.py
[8.538s] -- Up-to-date symlink: /home/srl/lbr-stack/install/my_package/share/my_package/launch/hardware_gazebo_joint_control.launch.py
[8.539s] -- Up-to-date symlink: /home/srl/lbr-stack/install/my_package/share/my_package/launch/move_group_hw.launch.py
[8.539s] -- Up-to-date symlink: /home/srl/lbr-stack/install/my_package/share/my_package/launch/my.launch.py
[8.539s] -- Up-to-date symlink: /home/srl/lbr-stack/install/my_package/share/my_package/launch/my_launch3.launch.py
[8.539s] -- Up-to-date symlink: /home/srl/lbr-stack/install/my_package/share/my_package/launch/my_launch_rviz.launch.py
[8.539s] -- Up-to-date symlink: /home/srl/lbr-stack/install/my_package/share/my_package/launch/my_position.launch.py
[8.539s] -- Up-to-date symlink: /home/srl/lbr-stack/install/my_package/share/my_package/launch/my_reset.launch.py
[8.539s] -- Up-to-date symlink: /home/srl/lbr-stack/install/my_package/share/my_package/launch/my_robot_info.launch.py
[8.539s] -- Up-to-date symlink: /home/srl/lbr-stack/install/my_package/share/ament_index/resource_index/package_run_dependencies/my_package
[8.539s] -- Up-to-date symlink: /home/srl/lbr-stack/install/my_package/share/ament_index/resource_index/parent_prefix_path/my_package
[8.539s] -- Up-to-date symlink: /home/srl/lbr-stack/install/my_package/share/my_package/environment/ament_prefix_path.sh
[8.540s] -- Up-to-date symlink: /home/srl/lbr-stack/install/my_package/share/my_package/environment/ament_prefix_path.dsv
[8.540s] -- Up-to-date symlink: /home/srl/lbr-stack/install/my_package/share/my_package/environment/path.sh
[8.540s] -- Up-to-date symlink: /home/srl/lbr-stack/install/my_package/share/my_package/environment/path.dsv
[8.540s] -- Up-to-date symlink: /home/srl/lbr-stack/install/my_package/share/my_package/local_setup.bash
[8.540s] -- Up-to-date symlink: /home/srl/lbr-stack/install/my_package/share/my_package/local_setup.sh
[8.540s] -- Up-to-date symlink: /home/srl/lbr-stack/install/my_package/share/my_package/local_setup.zsh
[8.540s] -- Up-to-date symlink: /home/srl/lbr-stack/install/my_package/share/my_package/local_setup.dsv
[8.540s] -- Symlinking: /home/srl/lbr-stack/install/my_package/share/my_package/package.dsv
[8.550s] -- Up-to-date symlink: /home/srl/lbr-stack/install/my_package/share/ament_index/resource_index/packages/my_package
[8.550s] -- Up-to-date symlink: /home/srl/lbr-stack/install/my_package/share/my_package/cmake/my_packageConfig.cmake
[8.550s] -- Up-to-date symlink: /home/srl/lbr-stack/install/my_package/share/my_package/cmake/my_packageConfig-version.cmake
[8.550s] -- Up-to-date symlink: /home/srl/lbr-stack/install/my_package/share/my_package/package.xml
[8.552s] Invoked command in '/home/srl/lbr-stack/build/my_package' returned '0': CMAKE_PREFIX_PATH=${CMAKE_PREFIX_PATH}:/home/srl/lbr-stack/install/lbr_demos_py:/home/srl/lbr-stack/install/lbr_moveit:/home/srl/lbr-stack/install/lbr_demos_advanced_py:/opt/ros/humble /usr/bin/cmake --install /home/srl/lbr-stack/build/my_package
