[0.265s] Invoking command in '/home/srl/lbr-stack/build/my_package': CMAKE_PREFIX_PATH=${CMAKE_PREFIX_PATH}:/home/srl/lbr-stack/install/lbr_demos_py:/home/srl/lbr-stack/install/lbr_moveit:/home/srl/lbr-stack/install/lbr_demos_advanced_py:/opt/ros/humble /usr/bin/cmake --build /home/srl/lbr-stack/build/my_package -- -j20 -l20
[0.329s] [35m[1mConsolidate compiler generated dependencies of target end_effector_position_node[0m
[0.331s] [ 18%] Built target reset_position
[0.331s] [ 25%] Built target command_listener
[0.335s] [ 37%] Built target command_publisher2
[0.337s] [ 50%] Built target command_publisher3
[0.339s] [ 62%] Built target robot_info_controller
[0.339s] [ 81%] Built target robot_info
[0.339s] [ 87%] Built target position_control
[0.343s] [ 93%] [32mBuilding CXX object CMakeFiles/end_effector_position_node.dir/src/end_effector_position_node.cpp.o[0m
[4.608s] [100%] [32m[1mLinking CXX executable end_effector_position_node[0m
[4.764s] [100%] Built target end_effector_position_node
[4.773s] Invoked command in '/home/srl/lbr-stack/build/my_package' returned '0': CMAKE_PREFIX_PATH=${CMAKE_PREFIX_PATH}:/home/srl/lbr-stack/install/lbr_demos_py:/home/srl/lbr-stack/install/lbr_moveit:/home/srl/lbr-stack/install/lbr_demos_advanced_py:/opt/ros/humble /usr/bin/cmake --build /home/srl/lbr-stack/build/my_package -- -j20 -l20
[4.776s] Invoking command in '/home/srl/lbr-stack/build/my_package': CMAKE_PREFIX_PATH=${CMAKE_PREFIX_PATH}:/home/srl/lbr-stack/install/lbr_demos_py:/home/srl/lbr-stack/install/lbr_moveit:/home/srl/lbr-stack/install/lbr_demos_advanced_py:/opt/ros/humble /usr/bin/cmake --install /home/srl/lbr-stack/build/my_package
[4.781s] -- Install configuration: ""
[4.782s] -- Execute custom install script
[4.782s] -- Up-to-date symlink: /home/srl/lbr-stack/install/my_package/lib/my_package/position_control_gui.py
[4.782s] -- Up-to-date symlink: /home/srl/lbr-stack/install/my_package/lib/my_package/command_publisher2
[4.782s] -- Up-to-date symlink: /home/srl/lbr-stack/install/my_package/lib/my_package/command_listener
[4.782s] -- Up-to-date symlink: /home/srl/lbr-stack/install/my_package/lib/my_package/command_publisher3
[4.782s] -- Up-to-date symlink: /home/srl/lbr-stack/install/my_package/lib/my_package/reset_position
[4.782s] -- Up-to-date symlink: /home/srl/lbr-stack/install/my_package/lib/my_package/robot_info
[4.782s] -- Up-to-date symlink: /home/srl/lbr-stack/install/my_package/lib/my_package/robot_info_controller
[4.782s] -- Up-to-date symlink: /home/srl/lbr-stack/install/my_package/lib/my_package/end_effector_position_node
[4.782s] -- Up-to-date symlink: /home/srl/lbr-stack/install/my_package/lib/my_package/position_control
[4.782s] -- Up-to-date symlink: /home/srl/lbr-stack/install/my_package/share/my_package/launch/gazebo_complete.launch.py
[4.783s] -- Up-to-date symlink: /home/srl/lbr-stack/install/my_package/share/my_package/launch/gazebo_hardware.launch.py
[4.783s] -- Up-to-date symlink: /home/srl/lbr-stack/install/my_package/share/my_package/launch/gazebo_hw_robot.launch.py
[4.783s] -- Up-to-date symlink: /home/srl/lbr-stack/install/my_package/share/my_package/launch/gazebo_move.launch.py
[4.783s] -- Up-to-date symlink: /home/srl/lbr-stack/install/my_package/share/my_package/launch/gazebo_simu_robot.launch.py
[4.783s] -- Up-to-date symlink: /home/srl/lbr-stack/install/my_package/share/my_package/launch/hardware_gazebo_joint_control.launch.py
[4.783s] -- Up-to-date symlink: /home/srl/lbr-stack/install/my_package/share/my_package/launch/move_group_hw.launch.py
[4.783s] -- Up-to-date symlink: /home/srl/lbr-stack/install/my_package/share/my_package/launch/my.launch.py
[4.783s] -- Up-to-date symlink: /home/srl/lbr-stack/install/my_package/share/my_package/launch/my_launch2.launch.py
[4.783s] -- Up-to-date symlink: /home/srl/lbr-stack/install/my_package/share/my_package/launch/my_launch3.launch.py
[4.783s] -- Up-to-date symlink: /home/srl/lbr-stack/install/my_package/share/my_package/launch/my_launch_rviz.launch.py
[4.783s] -- Up-to-date symlink: /home/srl/lbr-stack/install/my_package/share/my_package/launch/my_position.launch.py
[4.783s] -- Up-to-date symlink: /home/srl/lbr-stack/install/my_package/share/my_package/launch/my_reset.launch.py
[4.783s] -- Up-to-date symlink: /home/srl/lbr-stack/install/my_package/share/my_package/launch/my_robot_info.launch.py
[4.783s] -- Up-to-date symlink: /home/srl/lbr-stack/install/my_package/share/ament_index/resource_index/package_run_dependencies/my_package
[4.783s] -- Up-to-date symlink: /home/srl/lbr-stack/install/my_package/share/ament_index/resource_index/parent_prefix_path/my_package
[4.783s] -- Up-to-date symlink: /home/srl/lbr-stack/install/my_package/share/my_package/environment/ament_prefix_path.sh
[4.783s] -- Up-to-date symlink: /home/srl/lbr-stack/install/my_package/share/my_package/environment/ament_prefix_path.dsv
[4.784s] -- Up-to-date symlink: /home/srl/lbr-stack/install/my_package/share/my_package/environment/path.sh
[4.784s] -- Up-to-date symlink: /home/srl/lbr-stack/install/my_package/share/my_package/environment/path.dsv
[4.784s] -- Up-to-date symlink: /home/srl/lbr-stack/install/my_package/share/my_package/local_setup.bash
[4.784s] -- Up-to-date symlink: /home/srl/lbr-stack/install/my_package/share/my_package/local_setup.sh
[4.784s] -- Up-to-date symlink: /home/srl/lbr-stack/install/my_package/share/my_package/local_setup.zsh
[4.784s] -- Up-to-date symlink: /home/srl/lbr-stack/install/my_package/share/my_package/local_setup.dsv
[4.784s] -- Symlinking: /home/srl/lbr-stack/install/my_package/share/my_package/package.dsv
[4.794s] -- Up-to-date symlink: /home/srl/lbr-stack/install/my_package/share/ament_index/resource_index/packages/my_package
[4.794s] -- Up-to-date symlink: /home/srl/lbr-stack/install/my_package/share/my_package/cmake/my_packageConfig.cmake
[4.794s] -- Up-to-date symlink: /home/srl/lbr-stack/install/my_package/share/my_package/cmake/my_packageConfig-version.cmake
[4.794s] -- Up-to-date symlink: /home/srl/lbr-stack/install/my_package/share/my_package/package.xml
[4.796s] Invoked command in '/home/srl/lbr-stack/build/my_package' returned '0': CMAKE_PREFIX_PATH=${CMAKE_PREFIX_PATH}:/home/srl/lbr-stack/install/lbr_demos_py:/home/srl/lbr-stack/install/lbr_moveit:/home/srl/lbr-stack/install/lbr_demos_advanced_py:/opt/ros/humble /usr/bin/cmake --install /home/srl/lbr-stack/build/my_package
