[0.214s] Invoking command in '/home/srl/lbr-stack/build/lbr_moveit_cpp': CMAKE_PREFIX_PATH=${CMAKE_PREFIX_PATH}:/home/srl/lbr-stack/install/lbr_demos_py:/home/srl/lbr-stack/install/lbr_moveit:/home/srl/lbr-stack/install/lbr_demos_advanced_py:/home/srl/ros2_ws/install/simple_gui:/opt/ros/humble /usr/bin/cmake --build /home/srl/lbr-stack/build/lbr_moveit_cpp -- -j20 -l20
[0.284s] [100%] Built target hello_moveit
[0.321s] Invoked command in '/home/srl/lbr-stack/build/lbr_moveit_cpp' returned '0': CMAKE_PREFIX_PATH=${CMAKE_PREFIX_PATH}:/home/srl/lbr-stack/install/lbr_demos_py:/home/srl/lbr-stack/install/lbr_moveit:/home/srl/lbr-stack/install/lbr_demos_advanced_py:/home/srl/ros2_ws/install/simple_gui:/opt/ros/humble /usr/bin/cmake --build /home/srl/lbr-stack/build/lbr_moveit_cpp -- -j20 -l20
[0.323s] Invoking command in '/home/srl/lbr-stack/build/lbr_moveit_cpp': CMAKE_PREFIX_PATH=${CMAKE_PREFIX_PATH}:/home/srl/lbr-stack/install/lbr_demos_py:/home/srl/lbr-stack/install/lbr_moveit:/home/srl/lbr-stack/install/lbr_demos_advanced_py:/home/srl/ros2_ws/install/simple_gui:/opt/ros/humble /usr/bin/cmake --install /home/srl/lbr-stack/build/lbr_moveit_cpp
[0.334s] -- Install configuration: "Release"
[0.334s] -- Execute custom install script
[0.334s] -- Up-to-date symlink: /home/srl/lbr-stack/install/lbr_moveit_cpp/share/lbr_moveit_cpp/launch/hello_moveit.launch.py
[0.335s] -- Up-to-date symlink: /home/srl/lbr-stack/install/lbr_moveit_cpp/lib/lbr_moveit_cpp/hello_moveit
[0.335s] -- Up-to-date symlink: /home/srl/lbr-stack/install/lbr_moveit_cpp/share/ament_index/resource_index/package_run_dependencies/lbr_moveit_cpp
[0.336s] -- Up-to-date symlink: /home/srl/lbr-stack/install/lbr_moveit_cpp/share/ament_index/resource_index/parent_prefix_path/lbr_moveit_cpp
[0.336s] -- Up-to-date symlink: /home/srl/lbr-stack/install/lbr_moveit_cpp/share/lbr_moveit_cpp/environment/ament_prefix_path.sh
[0.337s] -- Up-to-date symlink: /home/srl/lbr-stack/install/lbr_moveit_cpp/share/lbr_moveit_cpp/environment/ament_prefix_path.dsv
[0.339s] -- Up-to-date symlink: /home/srl/lbr-stack/install/lbr_moveit_cpp/share/lbr_moveit_cpp/environment/path.sh
[0.345s] -- Up-to-date symlink: /home/srl/lbr-stack/install/lbr_moveit_cpp/share/lbr_moveit_cpp/environment/path.dsv
[0.345s] -- Up-to-date symlink: /home/srl/lbr-stack/install/lbr_moveit_cpp/share/lbr_moveit_cpp/local_setup.bash
[0.345s] -- Up-to-date symlink: /home/srl/lbr-stack/install/lbr_moveit_cpp/share/lbr_moveit_cpp/local_setup.sh
[0.345s] -- Up-to-date symlink: /home/srl/lbr-stack/install/lbr_moveit_cpp/share/lbr_moveit_cpp/local_setup.zsh
[0.345s] -- Up-to-date symlink: /home/srl/lbr-stack/install/lbr_moveit_cpp/share/lbr_moveit_cpp/local_setup.dsv
[0.346s] -- Symlinking: /home/srl/lbr-stack/install/lbr_moveit_cpp/share/lbr_moveit_cpp/package.dsv
[0.350s] -- Up-to-date symlink: /home/srl/lbr-stack/install/lbr_moveit_cpp/share/ament_index/resource_index/packages/lbr_moveit_cpp
[0.350s] -- Up-to-date symlink: /home/srl/lbr-stack/install/lbr_moveit_cpp/share/lbr_moveit_cpp/cmake/lbr_moveit_cppConfig.cmake
[0.350s] -- Up-to-date symlink: /home/srl/lbr-stack/install/lbr_moveit_cpp/share/lbr_moveit_cpp/cmake/lbr_moveit_cppConfig-version.cmake
[0.350s] -- Up-to-date symlink: /home/srl/lbr-stack/install/lbr_moveit_cpp/share/lbr_moveit_cpp/package.xml
[0.354s] Invoked command in '/home/srl/lbr-stack/build/lbr_moveit_cpp' returned '0': CMAKE_PREFIX_PATH=${CMAKE_PREFIX_PATH}:/home/srl/lbr-stack/install/lbr_demos_py:/home/srl/lbr-stack/install/lbr_moveit:/home/srl/lbr-stack/install/lbr_demos_advanced_py:/home/srl/ros2_ws/install/simple_gui:/opt/ros/humble /usr/bin/cmake --install /home/srl/lbr-stack/build/lbr_moveit_cpp
