[0.006s] Invoking command in '/home/srl/lbr-stack/build/lbr_fri_ros2': AMENT_PREFIX_PATH=/home/srl/lbr-stack/install/lbr_fri_idl:/home/srl/lbr-stack/install/lbr_description CMAKE_PREFIX_PATH=/home/srl/lbr-stack/install/lbr_fri_idl:/home/srl/lbr-stack/install/lbr_description:/home/srl/lbr-stack/install/fri_client_sdk LD_LIBRARY_PATH=/home/srl/lbr-stack/install/lbr_fri_idl/lib:/home/srl/lbr-stack/install/fri_client_sdk/lib PKG_CONFIG_PATH=/home/srl/lbr-stack/install/fri_client_sdk/lib/x86_64-linux-gnu/pkgconfig:/home/srl/lbr-stack/install/fri_client_sdk/lib/pkgconfig PYTHONPATH=/home/srl/lbr-stack/install/lbr_fri_idl/local/lib/python3.10/dist-packages /usr/bin/cmake --build /home/srl/lbr-stack/build/lbr_fri_ros2 -- -j20 -l20
[0.044s] [ 10%] Built target gtest_main
[0.044s] [ 20%] Built target gtest
[0.054s] [ 90%] Built target lbr_fri_ros2
[0.071s] [100%] Built target test_command_interfaces
[0.079s] Invoked command in '/home/srl/lbr-stack/build/lbr_fri_ros2' returned '0': AMENT_PREFIX_PATH=/home/srl/lbr-stack/install/lbr_fri_idl:/home/srl/lbr-stack/install/lbr_description CMAKE_PREFIX_PATH=/home/srl/lbr-stack/install/lbr_fri_idl:/home/srl/lbr-stack/install/lbr_description:/home/srl/lbr-stack/install/fri_client_sdk LD_LIBRARY_PATH=/home/srl/lbr-stack/install/lbr_fri_idl/lib:/home/srl/lbr-stack/install/fri_client_sdk/lib PKG_CONFIG_PATH=/home/srl/lbr-stack/install/fri_client_sdk/lib/x86_64-linux-gnu/pkgconfig:/home/srl/lbr-stack/install/fri_client_sdk/lib/pkgconfig PYTHONPATH=/home/srl/lbr-stack/install/lbr_fri_idl/local/lib/python3.10/dist-packages /usr/bin/cmake --build /home/srl/lbr-stack/build/lbr_fri_ros2 -- -j20 -l20
[0.080s] Invoking command in '/home/srl/lbr-stack/build/lbr_fri_ros2': AMENT_PREFIX_PATH=/home/srl/lbr-stack/install/lbr_fri_idl:/home/srl/lbr-stack/install/lbr_description CMAKE_PREFIX_PATH=/home/srl/lbr-stack/install/lbr_fri_idl:/home/srl/lbr-stack/install/lbr_description:/home/srl/lbr-stack/install/fri_client_sdk LD_LIBRARY_PATH=/home/srl/lbr-stack/install/lbr_fri_idl/lib:/home/srl/lbr-stack/install/fri_client_sdk/lib PKG_CONFIG_PATH=/home/srl/lbr-stack/install/fri_client_sdk/lib/x86_64-linux-gnu/pkgconfig:/home/srl/lbr-stack/install/fri_client_sdk/lib/pkgconfig PYTHONPATH=/home/srl/lbr-stack/install/lbr_fri_idl/local/lib/python3.10/dist-packages /usr/bin/cmake --install /home/srl/lbr-stack/build/lbr_fri_ros2
[0.087s] -- Install configuration: "Release"
[0.088s] -- Execute custom install script
[0.088s] -- Up-to-date symlink: /home/srl/lbr-stack/install/lbr_fri_ros2/share/lbr_fri_ros2/environment/library_path.sh
[0.088s] -- Up-to-date symlink: /home/srl/lbr-stack/install/lbr_fri_ros2/share/lbr_fri_ros2/environment/library_path.dsv
[0.088s] -- Up-to-date symlink: /home/srl/lbr-stack/install/lbr_fri_ros2/include/lbr_fri_ros2/app.hpp
[0.088s] -- Up-to-date symlink: /home/srl/lbr-stack/install/lbr_fri_ros2/include/lbr_fri_ros2/async_client.hpp
[0.088s] -- Up-to-date symlink: /home/srl/lbr-stack/install/lbr_fri_ros2/include/lbr_fri_ros2/command_guard.hpp
[0.088s] -- Up-to-date symlink: /home/srl/lbr-stack/install/lbr_fri_ros2/include/lbr_fri_ros2/control.hpp
[0.089s] -- Up-to-date symlink: /home/srl/lbr-stack/install/lbr_fri_ros2/include/lbr_fri_ros2/filters.hpp
[0.089s] -- Up-to-date symlink: /home/srl/lbr-stack/install/lbr_fri_ros2/include/lbr_fri_ros2/formatting.hpp
[0.089s] -- Up-to-date symlink: /home/srl/lbr-stack/install/lbr_fri_ros2/include/lbr_fri_ros2/ft_estimator.hpp
[0.089s] -- Up-to-date symlink: /home/srl/lbr-stack/install/lbr_fri_ros2/include/lbr_fri_ros2/interfaces/base_command.hpp
[0.089s] -- Up-to-date symlink: /home/srl/lbr-stack/install/lbr_fri_ros2/include/lbr_fri_ros2/interfaces/position_command.hpp
[0.089s] -- Up-to-date symlink: /home/srl/lbr-stack/install/lbr_fri_ros2/include/lbr_fri_ros2/interfaces/state.hpp
[0.089s] -- Up-to-date symlink: /home/srl/lbr-stack/install/lbr_fri_ros2/include/lbr_fri_ros2/interfaces/torque_command.hpp
[0.089s] -- Up-to-date symlink: /home/srl/lbr-stack/install/lbr_fri_ros2/include/lbr_fri_ros2/interfaces/wrench_command.hpp
[0.089s] -- Up-to-date symlink: /home/srl/lbr-stack/install/lbr_fri_ros2/include/lbr_fri_ros2/kinematics.hpp
[0.089s] -- Up-to-date symlink: /home/srl/lbr-stack/install/lbr_fri_ros2/include/lbr_fri_ros2/pinv.hpp
[0.089s] -- Up-to-date symlink: /home/srl/lbr-stack/install/lbr_fri_ros2/include/lbr_fri_ros2/types.hpp
[0.089s] -- Up-to-date symlink: /home/srl/lbr-stack/install/lbr_fri_ros2/include/lbr_fri_ros2/utils.hpp
[0.089s] -- Up-to-date symlink: /home/srl/lbr-stack/install/lbr_fri_ros2/include/lbr_fri_ros2/worker.hpp
[0.089s] -- Up-to-date symlink: /home/srl/lbr-stack/install/lbr_fri_ros2/share/ament_index/resource_index/package_run_dependencies/lbr_fri_ros2
[0.089s] -- Up-to-date symlink: /home/srl/lbr-stack/install/lbr_fri_ros2/share/ament_index/resource_index/parent_prefix_path/lbr_fri_ros2
[0.089s] -- Up-to-date symlink: /home/srl/lbr-stack/install/lbr_fri_ros2/share/lbr_fri_ros2/environment/ament_prefix_path.sh
[0.089s] -- Up-to-date symlink: /home/srl/lbr-stack/install/lbr_fri_ros2/share/lbr_fri_ros2/environment/ament_prefix_path.dsv
[0.089s] -- Up-to-date symlink: /home/srl/lbr-stack/install/lbr_fri_ros2/share/lbr_fri_ros2/environment/path.sh
[0.089s] -- Up-to-date symlink: /home/srl/lbr-stack/install/lbr_fri_ros2/share/lbr_fri_ros2/environment/path.dsv
[0.089s] -- Up-to-date symlink: /home/srl/lbr-stack/install/lbr_fri_ros2/share/lbr_fri_ros2/local_setup.bash
[0.090s] -- Up-to-date symlink: /home/srl/lbr-stack/install/lbr_fri_ros2/share/lbr_fri_ros2/local_setup.sh
[0.090s] -- Up-to-date symlink: /home/srl/lbr-stack/install/lbr_fri_ros2/share/lbr_fri_ros2/local_setup.zsh
[0.090s] -- Up-to-date symlink: /home/srl/lbr-stack/install/lbr_fri_ros2/share/lbr_fri_ros2/local_setup.dsv
[0.090s] -- Symlinking: /home/srl/lbr-stack/install/lbr_fri_ros2/share/lbr_fri_ros2/package.dsv
[0.096s] -- Up-to-date symlink: /home/srl/lbr-stack/install/lbr_fri_ros2/share/ament_index/resource_index/packages/lbr_fri_ros2
[0.096s] -- Up-to-date symlink: /home/srl/lbr-stack/install/lbr_fri_ros2/share/lbr_fri_ros2/cmake/ament_cmake_export_targets-extras.cmake
[0.096s] -- Up-to-date symlink: /home/srl/lbr-stack/install/lbr_fri_ros2/share/lbr_fri_ros2/cmake/ament_cmake_export_dependencies-extras.cmake
[0.096s] -- Up-to-date symlink: /home/srl/lbr-stack/install/lbr_fri_ros2/share/lbr_fri_ros2/cmake/lbr_fri_ros2Config.cmake
[0.096s] -- Up-to-date symlink: /home/srl/lbr-stack/install/lbr_fri_ros2/share/lbr_fri_ros2/cmake/lbr_fri_ros2Config-version.cmake
[0.096s] -- Up-to-date symlink: /home/srl/lbr-stack/install/lbr_fri_ros2/share/lbr_fri_ros2/package.xml
[0.097s] -- Up-to-date: /home/srl/lbr-stack/install/lbr_fri_ros2/lib/liblbr_fri_ros2.so
[0.097s] -- Up-to-date: /home/srl/lbr-stack/install/lbr_fri_ros2/share/lbr_fri_ros2/cmake/lbr_fri_ros2_exportExport.cmake
[0.097s] -- Up-to-date: /home/srl/lbr-stack/install/lbr_fri_ros2/share/lbr_fri_ros2/cmake/lbr_fri_ros2_exportExport-release.cmake
[0.099s] Invoked command in '/home/srl/lbr-stack/build/lbr_fri_ros2' returned '0': AMENT_PREFIX_PATH=/home/srl/lbr-stack/install/lbr_fri_idl:/home/srl/lbr-stack/install/lbr_description CMAKE_PREFIX_PATH=/home/srl/lbr-stack/install/lbr_fri_idl:/home/srl/lbr-stack/install/lbr_description:/home/srl/lbr-stack/install/fri_client_sdk LD_LIBRARY_PATH=/home/srl/lbr-stack/install/lbr_fri_idl/lib:/home/srl/lbr-stack/install/fri_client_sdk/lib PKG_CONFIG_PATH=/home/srl/lbr-stack/install/fri_client_sdk/lib/x86_64-linux-gnu/pkgconfig:/home/srl/lbr-stack/install/fri_client_sdk/lib/pkgconfig PYTHONPATH=/home/srl/lbr-stack/install/lbr_fri_idl/local/lib/python3.10/dist-packages /usr/bin/cmake --install /home/srl/lbr-stack/build/lbr_fri_ros2
