[0.014s] Invoking command in '/home/srl/lbr-stack/build/lbr_demos_cpp': CMAKE_PREFIX_PATH=/home/srl/lbr-stack/install/lbr_bringup:/home/srl/lbr-stack/install/lbr_ros2_control:/home/srl/lbr-stack/install/lbr_fri_ros2:/home/srl/lbr-stack/install/lbr_fri_idl:/home/srl/lbr-stack/install/lbr_description:/home/srl/lbr-stack/install/fri_client_sdk:/home/srl/lbr-stack/install/my_package:/home/srl/lbr-stack/install/med7_moveit_config:/home/srl/lbr-stack/install/med14_moveit_config:/home/srl/lbr-stack/install/lbr_fri_ros2_stack:/home/srl/lbr-stack/install/lbr_demos_cpp:/home/srl/lbr-stack/install/lbr_moveit_cpp:/home/srl/lbr-stack/install/lbr_demos_advanced_cpp:/home/srl/lbr-stack/install/iiwa7_moveit_config:/home/srl/lbr-stack/install/iiwa14_moveit_config:/opt/ros/humble:/home/srl/lbr-stack/install/lbr_demos_py:/home/srl/lbr-stack/install/lbr_moveit:/home/srl/lbr-stack/install/lbr_demos_advanced_py LD_LIBRARY_PATH=/home/srl/lbr-stack/install/lbr_fri_ros2/lib:/home/srl/lbr-stack/install/lbr_fri_idl/lib:/home/srl/lbr-stack/install/fri_client_sdk/lib:/opt/ros/humble/opt/rviz_ogre_vendor/lib:/opt/ros/humble/lib/x86_64-linux-gnu:/opt/ros/humble/lib:/home/srl/lbr-stack/install/lbr_ros2_control/lib:/home/srl/lbr-stack/install/lbr_demos_advanced_cpp/lib /usr/bin/cmake --build /home/srl/lbr-stack/build/lbr_demos_cpp -- -j20 -l20
[0.056s] [ 25%] Built target joint_sine_overlay
[0.057s] [ 50%] Built target torque_sine_overlay
[0.057s] [ 75%] Built target wrench_sine_overlay
[0.058s] [100%] Built target joint_trajectory_client
[0.175s] Invoked command in '/home/srl/lbr-stack/build/lbr_demos_cpp' returned '0': CMAKE_PREFIX_PATH=/home/srl/lbr-stack/install/lbr_bringup:/home/srl/lbr-stack/install/lbr_ros2_control:/home/srl/lbr-stack/install/lbr_fri_ros2:/home/srl/lbr-stack/install/lbr_fri_idl:/home/srl/lbr-stack/install/lbr_description:/home/srl/lbr-stack/install/fri_client_sdk:/home/srl/lbr-stack/install/my_package:/home/srl/lbr-stack/install/med7_moveit_config:/home/srl/lbr-stack/install/med14_moveit_config:/home/srl/lbr-stack/install/lbr_fri_ros2_stack:/home/srl/lbr-stack/install/lbr_demos_cpp:/home/srl/lbr-stack/install/lbr_moveit_cpp:/home/srl/lbr-stack/install/lbr_demos_advanced_cpp:/home/srl/lbr-stack/install/iiwa7_moveit_config:/home/srl/lbr-stack/install/iiwa14_moveit_config:/opt/ros/humble:/home/srl/lbr-stack/install/lbr_demos_py:/home/srl/lbr-stack/install/lbr_moveit:/home/srl/lbr-stack/install/lbr_demos_advanced_py LD_LIBRARY_PATH=/home/srl/lbr-stack/install/lbr_fri_ros2/lib:/home/srl/lbr-stack/install/lbr_fri_idl/lib:/home/srl/lbr-stack/install/fri_client_sdk/lib:/opt/ros/humble/opt/rviz_ogre_vendor/lib:/opt/ros/humble/lib/x86_64-linux-gnu:/opt/ros/humble/lib:/home/srl/lbr-stack/install/lbr_ros2_control/lib:/home/srl/lbr-stack/install/lbr_demos_advanced_cpp/lib /usr/bin/cmake --build /home/srl/lbr-stack/build/lbr_demos_cpp -- -j20 -l20
[0.176s] Invoking command in '/home/srl/lbr-stack/build/lbr_demos_cpp': CMAKE_PREFIX_PATH=/home/srl/lbr-stack/install/lbr_bringup:/home/srl/lbr-stack/install/lbr_ros2_control:/home/srl/lbr-stack/install/lbr_fri_ros2:/home/srl/lbr-stack/install/lbr_fri_idl:/home/srl/lbr-stack/install/lbr_description:/home/srl/lbr-stack/install/fri_client_sdk:/home/srl/lbr-stack/install/my_package:/home/srl/lbr-stack/install/med7_moveit_config:/home/srl/lbr-stack/install/med14_moveit_config:/home/srl/lbr-stack/install/lbr_fri_ros2_stack:/home/srl/lbr-stack/install/lbr_demos_cpp:/home/srl/lbr-stack/install/lbr_moveit_cpp:/home/srl/lbr-stack/install/lbr_demos_advanced_cpp:/home/srl/lbr-stack/install/iiwa7_moveit_config:/home/srl/lbr-stack/install/iiwa14_moveit_config:/opt/ros/humble:/home/srl/lbr-stack/install/lbr_demos_py:/home/srl/lbr-stack/install/lbr_moveit:/home/srl/lbr-stack/install/lbr_demos_advanced_py LD_LIBRARY_PATH=/home/srl/lbr-stack/install/lbr_fri_ros2/lib:/home/srl/lbr-stack/install/lbr_fri_idl/lib:/home/srl/lbr-stack/install/fri_client_sdk/lib:/opt/ros/humble/opt/rviz_ogre_vendor/lib:/opt/ros/humble/lib/x86_64-linux-gnu:/opt/ros/humble/lib:/home/srl/lbr-stack/install/lbr_ros2_control/lib:/home/srl/lbr-stack/install/lbr_demos_advanced_cpp/lib /usr/bin/cmake --install /home/srl/lbr-stack/build/lbr_demos_cpp
[0.184s] -- Install configuration: "Release"
[0.185s] -- Execute custom install script
[0.185s] -- Up-to-date symlink: /home/srl/lbr-stack/install/lbr_demos_cpp/lib/lbr_demos_cpp/joint_sine_overlay
[0.185s] -- Up-to-date symlink: /home/srl/lbr-stack/install/lbr_demos_cpp/lib/lbr_demos_cpp/joint_trajectory_client
[0.185s] -- Up-to-date symlink: /home/srl/lbr-stack/install/lbr_demos_cpp/lib/lbr_demos_cpp/torque_sine_overlay
[0.185s] -- Up-to-date symlink: /home/srl/lbr-stack/install/lbr_demos_cpp/lib/lbr_demos_cpp/wrench_sine_overlay
[0.185s] -- Up-to-date symlink: /home/srl/lbr-stack/install/lbr_demos_cpp/share/ament_index/resource_index/package_run_dependencies/lbr_demos_cpp
[0.185s] -- Up-to-date symlink: /home/srl/lbr-stack/install/lbr_demos_cpp/share/ament_index/resource_index/parent_prefix_path/lbr_demos_cpp
[0.185s] -- Up-to-date symlink: /home/srl/lbr-stack/install/lbr_demos_cpp/share/lbr_demos_cpp/environment/ament_prefix_path.sh
[0.186s] -- Up-to-date symlink: /home/srl/lbr-stack/install/lbr_demos_cpp/share/lbr_demos_cpp/environment/ament_prefix_path.dsv
[0.186s] -- Up-to-date symlink: /home/srl/lbr-stack/install/lbr_demos_cpp/share/lbr_demos_cpp/environment/path.sh
[0.186s] -- Up-to-date symlink: /home/srl/lbr-stack/install/lbr_demos_cpp/share/lbr_demos_cpp/environment/path.dsv
[0.186s] -- Up-to-date symlink: /home/srl/lbr-stack/install/lbr_demos_cpp/share/lbr_demos_cpp/local_setup.bash
[0.186s] -- Up-to-date symlink: /home/srl/lbr-stack/install/lbr_demos_cpp/share/lbr_demos_cpp/local_setup.sh
[0.186s] -- Up-to-date symlink: /home/srl/lbr-stack/install/lbr_demos_cpp/share/lbr_demos_cpp/local_setup.zsh
[0.187s] -- Up-to-date symlink: /home/srl/lbr-stack/install/lbr_demos_cpp/share/lbr_demos_cpp/local_setup.dsv
[0.187s] -- Symlinking: /home/srl/lbr-stack/install/lbr_demos_cpp/share/lbr_demos_cpp/package.dsv
[0.194s] -- Up-to-date symlink: /home/srl/lbr-stack/install/lbr_demos_cpp/share/ament_index/resource_index/packages/lbr_demos_cpp
[0.194s] -- Up-to-date symlink: /home/srl/lbr-stack/install/lbr_demos_cpp/share/lbr_demos_cpp/cmake/lbr_demos_cppConfig.cmake
[0.195s] -- Up-to-date symlink: /home/srl/lbr-stack/install/lbr_demos_cpp/share/lbr_demos_cpp/cmake/lbr_demos_cppConfig-version.cmake
[0.195s] -- Up-to-date symlink: /home/srl/lbr-stack/install/lbr_demos_cpp/share/lbr_demos_cpp/package.xml
[0.198s] Invoked command in '/home/srl/lbr-stack/build/lbr_demos_cpp' returned '0': CMAKE_PREFIX_PATH=/home/srl/lbr-stack/install/lbr_bringup:/home/srl/lbr-stack/install/lbr_ros2_control:/home/srl/lbr-stack/install/lbr_fri_ros2:/home/srl/lbr-stack/install/lbr_fri_idl:/home/srl/lbr-stack/install/lbr_description:/home/srl/lbr-stack/install/fri_client_sdk:/home/srl/lbr-stack/install/my_package:/home/srl/lbr-stack/install/med7_moveit_config:/home/srl/lbr-stack/install/med14_moveit_config:/home/srl/lbr-stack/install/lbr_fri_ros2_stack:/home/srl/lbr-stack/install/lbr_demos_cpp:/home/srl/lbr-stack/install/lbr_moveit_cpp:/home/srl/lbr-stack/install/lbr_demos_advanced_cpp:/home/srl/lbr-stack/install/iiwa7_moveit_config:/home/srl/lbr-stack/install/iiwa14_moveit_config:/opt/ros/humble:/home/srl/lbr-stack/install/lbr_demos_py:/home/srl/lbr-stack/install/lbr_moveit:/home/srl/lbr-stack/install/lbr_demos_advanced_py LD_LIBRARY_PATH=/home/srl/lbr-stack/install/lbr_fri_ros2/lib:/home/srl/lbr-stack/install/lbr_fri_idl/lib:/home/srl/lbr-stack/install/fri_client_sdk/lib:/opt/ros/humble/opt/rviz_ogre_vendor/lib:/opt/ros/humble/lib/x86_64-linux-gnu:/opt/ros/humble/lib:/home/srl/lbr-stack/install/lbr_ros2_control/lib:/home/srl/lbr-stack/install/lbr_demos_advanced_cpp/lib /usr/bin/cmake --install /home/srl/lbr-stack/build/lbr_demos_cpp
