[0.202s] Invoking command in '/home/srl/lbr-stack/build/my_package': CMAKE_PREFIX_PATH=${CMAKE_PREFIX_PATH}:/home/srl/lbr-stack/install/lbr_demos_py:/home/srl/lbr-stack/install/lbr_moveit:/home/srl/lbr-stack/install/lbr_demos_advanced_py:/home/srl/ros2_ws/install/simple_gui:/opt/ros/humble /usr/bin/cmake --build /home/srl/lbr-stack/build/my_package -- -j20 -l20
[0.257s] [35m[1mConsolidate compiler generated dependencies of target command_publisher2[0m
[0.274s] [ 50%] [32mBuilding CXX object CMakeFiles/command_publisher2.dir/src/command_publisher2.cpp.o[0m
[6.304s] [100%] [32m[1mLinking CXX executable command_publisher2[0m
[6.578s] [100%] Built target command_publisher2
[6.587s] Invoked command in '/home/srl/lbr-stack/build/my_package' returned '0': CMAKE_PREFIX_PATH=${CMAKE_PREFIX_PATH}:/home/srl/lbr-stack/install/lbr_demos_py:/home/srl/lbr-stack/install/lbr_moveit:/home/srl/lbr-stack/install/lbr_demos_advanced_py:/home/srl/ros2_ws/install/simple_gui:/opt/ros/humble /usr/bin/cmake --build /home/srl/lbr-stack/build/my_package -- -j20 -l20
[6.588s] Invoking command in '/home/srl/lbr-stack/build/my_package': CMAKE_PREFIX_PATH=${CMAKE_PREFIX_PATH}:/home/srl/lbr-stack/install/lbr_demos_py:/home/srl/lbr-stack/install/lbr_moveit:/home/srl/lbr-stack/install/lbr_demos_advanced_py:/home/srl/ros2_ws/install/simple_gui:/opt/ros/humble /usr/bin/cmake --install /home/srl/lbr-stack/build/my_package
[6.594s] -- Install configuration: ""
[6.595s] -- Execute custom install script
[6.595s] -- Up-to-date symlink: /home/srl/lbr-stack/install/my_package/lib/my_package/command_publisher2
[6.595s] -- Up-to-date symlink: /home/srl/lbr-stack/install/my_package/share/my_package/my.launch.py
[6.595s] -- Up-to-date symlink: /home/srl/lbr-stack/install/my_package/share/my_package/my_launch2.launch.py
[6.596s] -- Up-to-date symlink: /home/srl/lbr-stack/install/my_package/share/ament_index/resource_index/package_run_dependencies/my_package
[6.596s] -- Up-to-date symlink: /home/srl/lbr-stack/install/my_package/share/ament_index/resource_index/parent_prefix_path/my_package
[6.596s] -- Up-to-date symlink: /home/srl/lbr-stack/install/my_package/share/my_package/environment/ament_prefix_path.sh
[6.596s] -- Up-to-date symlink: /home/srl/lbr-stack/install/my_package/share/my_package/environment/ament_prefix_path.dsv
[6.596s] -- Up-to-date symlink: /home/srl/lbr-stack/install/my_package/share/my_package/environment/path.sh
[6.596s] -- Up-to-date symlink: /home/srl/lbr-stack/install/my_package/share/my_package/environment/path.dsv
[6.596s] -- Up-to-date symlink: /home/srl/lbr-stack/install/my_package/share/my_package/local_setup.bash
[6.596s] -- Up-to-date symlink: /home/srl/lbr-stack/install/my_package/share/my_package/local_setup.sh
[6.596s] -- Up-to-date symlink: /home/srl/lbr-stack/install/my_package/share/my_package/local_setup.zsh
[6.596s] -- Up-to-date symlink: /home/srl/lbr-stack/install/my_package/share/my_package/local_setup.dsv
[6.596s] -- Symlinking: /home/srl/lbr-stack/install/my_package/share/my_package/package.dsv
[6.605s] -- Up-to-date symlink: /home/srl/lbr-stack/install/my_package/share/ament_index/resource_index/packages/my_package
[6.605s] -- Up-to-date symlink: /home/srl/lbr-stack/install/my_package/share/my_package/cmake/my_packageConfig.cmake
[6.605s] -- Up-to-date symlink: /home/srl/lbr-stack/install/my_package/share/my_package/cmake/my_packageConfig-version.cmake
[6.605s] -- Up-to-date symlink: /home/srl/lbr-stack/install/my_package/share/my_package/package.xml
[6.607s] Invoked command in '/home/srl/lbr-stack/build/my_package' returned '0': CMAKE_PREFIX_PATH=${CMAKE_PREFIX_PATH}:/home/srl/lbr-stack/install/lbr_demos_py:/home/srl/lbr-stack/install/lbr_moveit:/home/srl/lbr-stack/install/lbr_demos_advanced_py:/home/srl/ros2_ws/install/simple_gui:/opt/ros/humble /usr/bin/cmake --install /home/srl/lbr-stack/build/my_package
