[0.085s] DEBUG:colcon:Command line arguments: ['/usr/bin/colcon', 'build', '--packages-select', 'my_package']
[0.085s] DEBUG:colcon:Parsed command line arguments: Namespace(log_base=None, log_level=None, verb_name='build', build_base='build', install_base='install', merge_install=False, symlink_install=False, test_result_base=None, continue_on_error=False, executor='parallel', parallel_workers=20, event_handlers=None, ignore_user_meta=False, metas=['./colcon.meta'], base_paths=['.'], packages_ignore=None, packages_ignore_regex=None, paths=None, packages_up_to=None, packages_up_to_regex=None, packages_above=None, packages_above_and_dependencies=None, packages_above_depth=None, packages_select_by_dep=None, packages_skip_by_dep=None, packages_skip_up_to=None, packages_select_build_failed=False, packages_skip_build_finished=False, packages_select_test_failures=False, packages_skip_test_passed=False, packages_select=['my_package'], packages_skip=None, packages_select_regex=None, packages_skip_regex=None, packages_start=None, packages_end=None, allow_overriding=[], cmake_args=None, cmake_target=None, cmake_target_skip_unavailable=False, cmake_clean_cache=False, cmake_clean_first=False, cmake_force_configure=False, ament_cmake_args=None, catkin_cmake_args=None, catkin_skip_building_tests=False, mixin_files=None, mixin=None, verb_parser=<colcon_mixin.mixin.mixin_argument.MixinArgumentDecorator object at 0x7b0e73f72710>, verb_extension=<colcon_core.verb.build.BuildVerb object at 0x7b0e73f71cf0>, main=<bound method BuildVerb.main of <colcon_core.verb.build.BuildVerb object at 0x7b0e73f71cf0>>, mixin_verb=('build',))
[0.213s] Level 1:colcon.colcon_core.package_discovery:discover_packages(colcon_meta) check parameters
[0.213s] Level 1:colcon.colcon_core.package_discovery:discover_packages(recursive) check parameters
[0.213s] Level 1:colcon.colcon_core.package_discovery:discover_packages(ignore) check parameters
[0.214s] Level 1:colcon.colcon_core.package_discovery:discover_packages(path) check parameters
[0.214s] Level 1:colcon.colcon_core.package_discovery:discover_packages(colcon_meta) discover
[0.214s] Level 1:colcon.colcon_core.package_discovery:discover_packages(recursive) discover
[0.214s] INFO:colcon.colcon_core.package_discovery:Crawling recursively for packages in '/home/srl/lbr-stack/src'
[0.214s] Level 1:colcon.colcon_core.package_identification:_identify(.) by extensions ['ignore', 'ignore_ament_install']
[0.214s] Level 1:colcon.colcon_core.package_identification:_identify(.) by extension 'ignore'
[0.214s] Level 1:colcon.colcon_core.package_identification:_identify(.) by extension 'ignore_ament_install'
[0.214s] Level 1:colcon.colcon_core.package_identification:_identify(.) by extensions ['colcon_pkg']
[0.214s] Level 1:colcon.colcon_core.package_identification:_identify(.) by extension 'colcon_pkg'
[0.214s] Level 1:colcon.colcon_core.package_identification:_identify(.) by extensions ['colcon_meta']
[0.214s] Level 1:colcon.colcon_core.package_identification:_identify(.) by extension 'colcon_meta'
[0.214s] Level 1:colcon.colcon_core.package_identification:_identify(.) by extensions ['ros']
[0.214s] Level 1:colcon.colcon_core.package_identification:_identify(.) by extension 'ros'
[0.221s] Level 1:colcon.colcon_core.package_identification:_identify(.) by extensions ['cmake', 'python']
[0.222s] Level 1:colcon.colcon_core.package_identification:_identify(.) by extension 'cmake'
[0.222s] Level 1:colcon.colcon_core.package_identification:_identify(.) by extension 'python'
[0.222s] Level 1:colcon.colcon_core.package_identification:_identify(.) by extensions ['python_setup_py']
[0.222s] Level 1:colcon.colcon_core.package_identification:_identify(.) by extension 'python_setup_py'
[0.222s] Level 1:colcon.colcon_core.package_identification:_identify(build) by extensions ['ignore', 'ignore_ament_install']
[0.222s] Level 1:colcon.colcon_core.package_identification:_identify(build) by extension 'ignore'
[0.222s] Level 1:colcon.colcon_core.package_identification:_identify(build) ignored
[0.222s] Level 1:colcon.colcon_core.package_identification:_identify(fri) by extensions ['ignore', 'ignore_ament_install']
[0.222s] Level 1:colcon.colcon_core.package_identification:_identify(fri) by extension 'ignore'
[0.222s] Level 1:colcon.colcon_core.package_identification:_identify(fri) by extension 'ignore_ament_install'
[0.222s] Level 1:colcon.colcon_core.package_identification:_identify(fri) by extensions ['colcon_pkg']
[0.222s] Level 1:colcon.colcon_core.package_identification:_identify(fri) by extension 'colcon_pkg'
[0.222s] Level 1:colcon.colcon_core.package_identification:_identify(fri) by extensions ['colcon_meta']
[0.222s] Level 1:colcon.colcon_core.package_identification:_identify(fri) by extension 'colcon_meta'
[0.222s] Level 1:colcon.colcon_core.package_identification:_identify(fri) by extensions ['ros']
[0.222s] Level 1:colcon.colcon_core.package_identification:_identify(fri) by extension 'ros'
[0.224s] DEBUG:colcon.colcon_core.package_identification:Package 'fri' with type 'ros.cmake' and name 'fri_client_sdk'
[0.224s] Level 1:colcon.colcon_core.package_identification:_identify(install) by extensions ['ignore', 'ignore_ament_install']
[0.224s] Level 1:colcon.colcon_core.package_identification:_identify(install) by extension 'ignore'
[0.224s] Level 1:colcon.colcon_core.package_identification:_identify(install) ignored
[0.224s] Level 1:colcon.colcon_core.package_identification:_identify(lbr_fri_idl) by extensions ['ignore', 'ignore_ament_install']
[0.224s] Level 1:colcon.colcon_core.package_identification:_identify(lbr_fri_idl) by extension 'ignore'
[0.224s] Level 1:colcon.colcon_core.package_identification:_identify(lbr_fri_idl) by extension 'ignore_ament_install'
[0.224s] Level 1:colcon.colcon_core.package_identification:_identify(lbr_fri_idl) by extensions ['colcon_pkg']
[0.224s] Level 1:colcon.colcon_core.package_identification:_identify(lbr_fri_idl) by extension 'colcon_pkg'
[0.224s] Level 1:colcon.colcon_core.package_identification:_identify(lbr_fri_idl) by extensions ['colcon_meta']
[0.224s] Level 1:colcon.colcon_core.package_identification:_identify(lbr_fri_idl) by extension 'colcon_meta'
[0.224s] Level 1:colcon.colcon_core.package_identification:_identify(lbr_fri_idl) by extensions ['ros']
[0.224s] Level 1:colcon.colcon_core.package_identification:_identify(lbr_fri_idl) by extension 'ros'
[0.225s] DEBUG:colcon.colcon_core.package_identification:Package 'lbr_fri_idl' with type 'ros.ament_cmake' and name 'lbr_fri_idl'
[0.225s] Level 1:colcon.colcon_core.package_identification:_identify(lbr_fri_ros2_stack) by extensions ['ignore', 'ignore_ament_install']
[0.225s] Level 1:colcon.colcon_core.package_identification:_identify(lbr_fri_ros2_stack) by extension 'ignore'
[0.225s] Level 1:colcon.colcon_core.package_identification:_identify(lbr_fri_ros2_stack) by extension 'ignore_ament_install'
[0.225s] Level 1:colcon.colcon_core.package_identification:_identify(lbr_fri_ros2_stack) by extensions ['colcon_pkg']
[0.225s] Level 1:colcon.colcon_core.package_identification:_identify(lbr_fri_ros2_stack) by extension 'colcon_pkg'
[0.225s] Level 1:colcon.colcon_core.package_identification:_identify(lbr_fri_ros2_stack) by extensions ['colcon_meta']
[0.225s] Level 1:colcon.colcon_core.package_identification:_identify(lbr_fri_ros2_stack) by extension 'colcon_meta'
[0.225s] Level 1:colcon.colcon_core.package_identification:_identify(lbr_fri_ros2_stack) by extensions ['ros']
[0.225s] Level 1:colcon.colcon_core.package_identification:_identify(lbr_fri_ros2_stack) by extension 'ros'
[0.225s] Level 1:colcon.colcon_core.package_identification:_identify(lbr_fri_ros2_stack) by extensions ['cmake', 'python']
[0.225s] Level 1:colcon.colcon_core.package_identification:_identify(lbr_fri_ros2_stack) by extension 'cmake'
[0.225s] Level 1:colcon.colcon_core.package_identification:_identify(lbr_fri_ros2_stack) by extension 'python'
[0.225s] Level 1:colcon.colcon_core.package_identification:_identify(lbr_fri_ros2_stack) by extensions ['python_setup_py']
[0.225s] Level 1:colcon.colcon_core.package_identification:_identify(lbr_fri_ros2_stack) by extension 'python_setup_py'
[0.225s] Level 1:colcon.colcon_core.package_identification:_identify(lbr_fri_ros2_stack/docker) by extensions ['ignore', 'ignore_ament_install']
[0.225s] Level 1:colcon.colcon_core.package_identification:_identify(lbr_fri_ros2_stack/docker) by extension 'ignore'
[0.225s] Level 1:colcon.colcon_core.package_identification:_identify(lbr_fri_ros2_stack/docker) by extension 'ignore_ament_install'
[0.225s] Level 1:colcon.colcon_core.package_identification:_identify(lbr_fri_ros2_stack/docker) by extensions ['colcon_pkg']
[0.225s] Level 1:colcon.colcon_core.package_identification:_identify(lbr_fri_ros2_stack/docker) by extension 'colcon_pkg'
[0.225s] Level 1:colcon.colcon_core.package_identification:_identify(lbr_fri_ros2_stack/docker) by extensions ['colcon_meta']
[0.225s] Level 1:colcon.colcon_core.package_identification:_identify(lbr_fri_ros2_stack/docker) by extension 'colcon_meta'
[0.225s] Level 1:colcon.colcon_core.package_identification:_identify(lbr_fri_ros2_stack/docker) by extensions ['ros']
[0.226s] Level 1:colcon.colcon_core.package_identification:_identify(lbr_fri_ros2_stack/docker) by extension 'ros'
[0.226s] Level 1:colcon.colcon_core.package_identification:_identify(lbr_fri_ros2_stack/docker) by extensions ['cmake', 'python']
[0.226s] Level 1:colcon.colcon_core.package_identification:_identify(lbr_fri_ros2_stack/docker) by extension 'cmake'
[0.226s] Level 1:colcon.colcon_core.package_identification:_identify(lbr_fri_ros2_stack/docker) by extension 'python'
[0.226s] Level 1:colcon.colcon_core.package_identification:_identify(lbr_fri_ros2_stack/docker) by extensions ['python_setup_py']
[0.226s] Level 1:colcon.colcon_core.package_identification:_identify(lbr_fri_ros2_stack/docker) by extension 'python_setup_py'
[0.226s] Level 1:colcon.colcon_core.package_identification:_identify(lbr_fri_ros2_stack/docker/doc) by extensions ['ignore', 'ignore_ament_install']
[0.226s] Level 1:colcon.colcon_core.package_identification:_identify(lbr_fri_ros2_stack/docker/doc) by extension 'ignore'
[0.226s] Level 1:colcon.colcon_core.package_identification:_identify(lbr_fri_ros2_stack/docker/doc) by extension 'ignore_ament_install'
[0.226s] Level 1:colcon.colcon_core.package_identification:_identify(lbr_fri_ros2_stack/docker/doc) by extensions ['colcon_pkg']
[0.226s] Level 1:colcon.colcon_core.package_identification:_identify(lbr_fri_ros2_stack/docker/doc) by extension 'colcon_pkg'
[0.226s] Level 1:colcon.colcon_core.package_identification:_identify(lbr_fri_ros2_stack/docker/doc) by extensions ['colcon_meta']
[0.226s] Level 1:colcon.colcon_core.package_identification:_identify(lbr_fri_ros2_stack/docker/doc) by extension 'colcon_meta'
[0.226s] Level 1:colcon.colcon_core.package_identification:_identify(lbr_fri_ros2_stack/docker/doc) by extensions ['ros']
[0.226s] Level 1:colcon.colcon_core.package_identification:_identify(lbr_fri_ros2_stack/docker/doc) by extension 'ros'
[0.226s] Level 1:colcon.colcon_core.package_identification:_identify(lbr_fri_ros2_stack/docker/doc) by extensions ['cmake', 'python']
[0.226s] Level 1:colcon.colcon_core.package_identification:_identify(lbr_fri_ros2_stack/docker/doc) by extension 'cmake'
[0.226s] Level 1:colcon.colcon_core.package_identification:_identify(lbr_fri_ros2_stack/docker/doc) by extension 'python'
[0.226s] Level 1:colcon.colcon_core.package_identification:_identify(lbr_fri_ros2_stack/docker/doc) by extensions ['python_setup_py']
[0.226s] Level 1:colcon.colcon_core.package_identification:_identify(lbr_fri_ros2_stack/docker/doc) by extension 'python_setup_py'
[0.226s] Level 1:colcon.colcon_core.package_identification:_identify(lbr_fri_ros2_stack/lbr_bringup) by extensions ['ignore', 'ignore_ament_install']
[0.226s] Level 1:colcon.colcon_core.package_identification:_identify(lbr_fri_ros2_stack/lbr_bringup) by extension 'ignore'
[0.226s] Level 1:colcon.colcon_core.package_identification:_identify(lbr_fri_ros2_stack/lbr_bringup) by extension 'ignore_ament_install'
[0.226s] Level 1:colcon.colcon_core.package_identification:_identify(lbr_fri_ros2_stack/lbr_bringup) by extensions ['colcon_pkg']
[0.226s] Level 1:colcon.colcon_core.package_identification:_identify(lbr_fri_ros2_stack/lbr_bringup) by extension 'colcon_pkg'
[0.226s] Level 1:colcon.colcon_core.package_identification:_identify(lbr_fri_ros2_stack/lbr_bringup) by extensions ['colcon_meta']
[0.226s] Level 1:colcon.colcon_core.package_identification:_identify(lbr_fri_ros2_stack/lbr_bringup) by extension 'colcon_meta'
[0.226s] Level 1:colcon.colcon_core.package_identification:_identify(lbr_fri_ros2_stack/lbr_bringup) by extensions ['ros']
[0.226s] Level 1:colcon.colcon_core.package_identification:_identify(lbr_fri_ros2_stack/lbr_bringup) by extension 'ros'
[0.227s] DEBUG:colcon.colcon_core.package_identification:Package 'lbr_fri_ros2_stack/lbr_bringup' with type 'ros.ament_cmake' and name 'lbr_bringup'
[0.227s] Level 1:colcon.colcon_core.package_identification:_identify(lbr_fri_ros2_stack/lbr_demos) by extensions ['ignore', 'ignore_ament_install']
[0.227s] Level 1:colcon.colcon_core.package_identification:_identify(lbr_fri_ros2_stack/lbr_demos) by extension 'ignore'
[0.227s] Level 1:colcon.colcon_core.package_identification:_identify(lbr_fri_ros2_stack/lbr_demos) by extension 'ignore_ament_install'
[0.227s] Level 1:colcon.colcon_core.package_identification:_identify(lbr_fri_ros2_stack/lbr_demos) by extensions ['colcon_pkg']
[0.227s] Level 1:colcon.colcon_core.package_identification:_identify(lbr_fri_ros2_stack/lbr_demos) by extension 'colcon_pkg'
[0.227s] Level 1:colcon.colcon_core.package_identification:_identify(lbr_fri_ros2_stack/lbr_demos) by extensions ['colcon_meta']
[0.227s] Level 1:colcon.colcon_core.package_identification:_identify(lbr_fri_ros2_stack/lbr_demos) by extension 'colcon_meta'
[0.227s] Level 1:colcon.colcon_core.package_identification:_identify(lbr_fri_ros2_stack/lbr_demos) by extensions ['ros']
[0.227s] Level 1:colcon.colcon_core.package_identification:_identify(lbr_fri_ros2_stack/lbr_demos) by extension 'ros'
[0.227s] Level 1:colcon.colcon_core.package_identification:_identify(lbr_fri_ros2_stack/lbr_demos) by extensions ['cmake', 'python']
[0.227s] Level 1:colcon.colcon_core.package_identification:_identify(lbr_fri_ros2_stack/lbr_demos) by extension 'cmake'
[0.227s] Level 1:colcon.colcon_core.package_identification:_identify(lbr_fri_ros2_stack/lbr_demos) by extension 'python'
[0.227s] Level 1:colcon.colcon_core.package_identification:_identify(lbr_fri_ros2_stack/lbr_demos) by extensions ['python_setup_py']
[0.227s] Level 1:colcon.colcon_core.package_identification:_identify(lbr_fri_ros2_stack/lbr_demos) by extension 'python_setup_py'
[0.227s] Level 1:colcon.colcon_core.package_identification:_identify(lbr_fri_ros2_stack/lbr_demos/doc) by extensions ['ignore', 'ignore_ament_install']
[0.227s] Level 1:colcon.colcon_core.package_identification:_identify(lbr_fri_ros2_stack/lbr_demos/doc) by extension 'ignore'
[0.227s] Level 1:colcon.colcon_core.package_identification:_identify(lbr_fri_ros2_stack/lbr_demos/doc) by extension 'ignore_ament_install'
[0.227s] Level 1:colcon.colcon_core.package_identification:_identify(lbr_fri_ros2_stack/lbr_demos/doc) by extensions ['colcon_pkg']
[0.227s] Level 1:colcon.colcon_core.package_identification:_identify(lbr_fri_ros2_stack/lbr_demos/doc) by extension 'colcon_pkg'
[0.227s] Level 1:colcon.colcon_core.package_identification:_identify(lbr_fri_ros2_stack/lbr_demos/doc) by extensions ['colcon_meta']
[0.227s] Level 1:colcon.colcon_core.package_identification:_identify(lbr_fri_ros2_stack/lbr_demos/doc) by extension 'colcon_meta'
[0.227s] Level 1:colcon.colcon_core.package_identification:_identify(lbr_fri_ros2_stack/lbr_demos/doc) by extensions ['ros']
[0.227s] Level 1:colcon.colcon_core.package_identification:_identify(lbr_fri_ros2_stack/lbr_demos/doc) by extension 'ros'
[0.227s] Level 1:colcon.colcon_core.package_identification:_identify(lbr_fri_ros2_stack/lbr_demos/doc) by extensions ['cmake', 'python']
[0.227s] Level 1:colcon.colcon_core.package_identification:_identify(lbr_fri_ros2_stack/lbr_demos/doc) by extension 'cmake'
[0.227s] Level 1:colcon.colcon_core.package_identification:_identify(lbr_fri_ros2_stack/lbr_demos/doc) by extension 'python'
[0.227s] Level 1:colcon.colcon_core.package_identification:_identify(lbr_fri_ros2_stack/lbr_demos/doc) by extensions ['python_setup_py']
[0.227s] Level 1:colcon.colcon_core.package_identification:_identify(lbr_fri_ros2_stack/lbr_demos/doc) by extension 'python_setup_py'
[0.227s] Level 1:colcon.colcon_core.package_identification:_identify(lbr_fri_ros2_stack/lbr_demos/doc/img) by extensions ['ignore', 'ignore_ament_install']
[0.228s] Level 1:colcon.colcon_core.package_identification:_identify(lbr_fri_ros2_stack/lbr_demos/doc/img) by extension 'ignore'
[0.228s] Level 1:colcon.colcon_core.package_identification:_identify(lbr_fri_ros2_stack/lbr_demos/doc/img) by extension 'ignore_ament_install'
[0.228s] Level 1:colcon.colcon_core.package_identification:_identify(lbr_fri_ros2_stack/lbr_demos/doc/img) by extensions ['colcon_pkg']
[0.228s] Level 1:colcon.colcon_core.package_identification:_identify(lbr_fri_ros2_stack/lbr_demos/doc/img) by extension 'colcon_pkg'
[0.228s] Level 1:colcon.colcon_core.package_identification:_identify(lbr_fri_ros2_stack/lbr_demos/doc/img) by extensions ['colcon_meta']
[0.228s] Level 1:colcon.colcon_core.package_identification:_identify(lbr_fri_ros2_stack/lbr_demos/doc/img) by extension 'colcon_meta'
[0.228s] Level 1:colcon.colcon_core.package_identification:_identify(lbr_fri_ros2_stack/lbr_demos/doc/img) by extensions ['ros']
[0.228s] Level 1:colcon.colcon_core.package_identification:_identify(lbr_fri_ros2_stack/lbr_demos/doc/img) by extension 'ros'
[0.228s] Level 1:colcon.colcon_core.package_identification:_identify(lbr_fri_ros2_stack/lbr_demos/doc/img) by extensions ['cmake', 'python']
[0.228s] Level 1:colcon.colcon_core.package_identification:_identify(lbr_fri_ros2_stack/lbr_demos/doc/img) by extension 'cmake'
[0.228s] Level 1:colcon.colcon_core.package_identification:_identify(lbr_fri_ros2_stack/lbr_demos/doc/img) by extension 'python'
[0.228s] Level 1:colcon.colcon_core.package_identification:_identify(lbr_fri_ros2_stack/lbr_demos/doc/img) by extensions ['python_setup_py']
[0.228s] Level 1:colcon.colcon_core.package_identification:_identify(lbr_fri_ros2_stack/lbr_demos/doc/img) by extension 'python_setup_py'
[0.228s] Level 1:colcon.colcon_core.package_identification:_identify(lbr_fri_ros2_stack/lbr_demos/lbr_demos_advanced_cpp) by extensions ['ignore', 'ignore_ament_install']
[0.228s] Level 1:colcon.colcon_core.package_identification:_identify(lbr_fri_ros2_stack/lbr_demos/lbr_demos_advanced_cpp) by extension 'ignore'
[0.228s] Level 1:colcon.colcon_core.package_identification:_identify(lbr_fri_ros2_stack/lbr_demos/lbr_demos_advanced_cpp) by extension 'ignore_ament_install'
[0.228s] Level 1:colcon.colcon_core.package_identification:_identify(lbr_fri_ros2_stack/lbr_demos/lbr_demos_advanced_cpp) by extensions ['colcon_pkg']
[0.228s] Level 1:colcon.colcon_core.package_identification:_identify(lbr_fri_ros2_stack/lbr_demos/lbr_demos_advanced_cpp) by extension 'colcon_pkg'
[0.228s] Level 1:colcon.colcon_core.package_identification:_identify(lbr_fri_ros2_stack/lbr_demos/lbr_demos_advanced_cpp) by extensions ['colcon_meta']
[0.228s] Level 1:colcon.colcon_core.package_identification:_identify(lbr_fri_ros2_stack/lbr_demos/lbr_demos_advanced_cpp) by extension 'colcon_meta'
[0.228s] Level 1:colcon.colcon_core.package_identification:_identify(lbr_fri_ros2_stack/lbr_demos/lbr_demos_advanced_cpp) by extensions ['ros']
[0.228s] Level 1:colcon.colcon_core.package_identification:_identify(lbr_fri_ros2_stack/lbr_demos/lbr_demos_advanced_cpp) by extension 'ros'
[0.229s] DEBUG:colcon.colcon_core.package_identification:Package 'lbr_fri_ros2_stack/lbr_demos/lbr_demos_advanced_cpp' with type 'ros.ament_cmake' and name 'lbr_demos_advanced_cpp'
[0.229s] Level 1:colcon.colcon_core.package_identification:_identify(lbr_fri_ros2_stack/lbr_demos/lbr_demos_advanced_py) by extensions ['ignore', 'ignore_ament_install']
[0.229s] Level 1:colcon.colcon_core.package_identification:_identify(lbr_fri_ros2_stack/lbr_demos/lbr_demos_advanced_py) by extension 'ignore'
[0.229s] Level 1:colcon.colcon_core.package_identification:_identify(lbr_fri_ros2_stack/lbr_demos/lbr_demos_advanced_py) by extension 'ignore_ament_install'
[0.230s] Level 1:colcon.colcon_core.package_identification:_identify(lbr_fri_ros2_stack/lbr_demos/lbr_demos_advanced_py) by extensions ['colcon_pkg']
[0.230s] Level 1:colcon.colcon_core.package_identification:_identify(lbr_fri_ros2_stack/lbr_demos/lbr_demos_advanced_py) by extension 'colcon_pkg'
[0.230s] Level 1:colcon.colcon_core.package_identification:_identify(lbr_fri_ros2_stack/lbr_demos/lbr_demos_advanced_py) by extensions ['colcon_meta']
[0.230s] Level 1:colcon.colcon_core.package_identification:_identify(lbr_fri_ros2_stack/lbr_demos/lbr_demos_advanced_py) by extension 'colcon_meta'
[0.230s] Level 1:colcon.colcon_core.package_identification:_identify(lbr_fri_ros2_stack/lbr_demos/lbr_demos_advanced_py) by extensions ['ros']
[0.230s] Level 1:colcon.colcon_core.package_identification:_identify(lbr_fri_ros2_stack/lbr_demos/lbr_demos_advanced_py) by extension 'ros'
[0.230s] DEBUG:colcon.colcon_core.package_identification:Package 'lbr_fri_ros2_stack/lbr_demos/lbr_demos_advanced_py' with type 'ros.ament_python' and name 'lbr_demos_advanced_py'
[0.230s] Level 1:colcon.colcon_core.package_identification:_identify(lbr_fri_ros2_stack/lbr_demos/lbr_demos_cpp) by extensions ['ignore', 'ignore_ament_install']
[0.230s] Level 1:colcon.colcon_core.package_identification:_identify(lbr_fri_ros2_stack/lbr_demos/lbr_demos_cpp) by extension 'ignore'
[0.230s] Level 1:colcon.colcon_core.package_identification:_identify(lbr_fri_ros2_stack/lbr_demos/lbr_demos_cpp) by extension 'ignore_ament_install'
[0.230s] Level 1:colcon.colcon_core.package_identification:_identify(lbr_fri_ros2_stack/lbr_demos/lbr_demos_cpp) by extensions ['colcon_pkg']
[0.230s] Level 1:colcon.colcon_core.package_identification:_identify(lbr_fri_ros2_stack/lbr_demos/lbr_demos_cpp) by extension 'colcon_pkg'
[0.230s] Level 1:colcon.colcon_core.package_identification:_identify(lbr_fri_ros2_stack/lbr_demos/lbr_demos_cpp) by extensions ['colcon_meta']
[0.230s] Level 1:colcon.colcon_core.package_identification:_identify(lbr_fri_ros2_stack/lbr_demos/lbr_demos_cpp) by extension 'colcon_meta'
[0.230s] Level 1:colcon.colcon_core.package_identification:_identify(lbr_fri_ros2_stack/lbr_demos/lbr_demos_cpp) by extensions ['ros']
[0.230s] Level 1:colcon.colcon_core.package_identification:_identify(lbr_fri_ros2_stack/lbr_demos/lbr_demos_cpp) by extension 'ros'
[0.231s] DEBUG:colcon.colcon_core.package_identification:Package 'lbr_fri_ros2_stack/lbr_demos/lbr_demos_cpp' with type 'ros.ament_cmake' and name 'lbr_demos_cpp'
[0.231s] Level 1:colcon.colcon_core.package_identification:_identify(lbr_fri_ros2_stack/lbr_demos/lbr_demos_py) by extensions ['ignore', 'ignore_ament_install']
[0.231s] Level 1:colcon.colcon_core.package_identification:_identify(lbr_fri_ros2_stack/lbr_demos/lbr_demos_py) by extension 'ignore'
[0.231s] Level 1:colcon.colcon_core.package_identification:_identify(lbr_fri_ros2_stack/lbr_demos/lbr_demos_py) by extension 'ignore_ament_install'
[0.231s] Level 1:colcon.colcon_core.package_identification:_identify(lbr_fri_ros2_stack/lbr_demos/lbr_demos_py) by extensions ['colcon_pkg']
[0.231s] Level 1:colcon.colcon_core.package_identification:_identify(lbr_fri_ros2_stack/lbr_demos/lbr_demos_py) by extension 'colcon_pkg'
[0.231s] Level 1:colcon.colcon_core.package_identification:_identify(lbr_fri_ros2_stack/lbr_demos/lbr_demos_py) by extensions ['colcon_meta']
[0.231s] Level 1:colcon.colcon_core.package_identification:_identify(lbr_fri_ros2_stack/lbr_demos/lbr_demos_py) by extension 'colcon_meta'
[0.231s] Level 1:colcon.colcon_core.package_identification:_identify(lbr_fri_ros2_stack/lbr_demos/lbr_demos_py) by extensions ['ros']
[0.231s] Level 1:colcon.colcon_core.package_identification:_identify(lbr_fri_ros2_stack/lbr_demos/lbr_demos_py) by extension 'ros'
[0.231s] DEBUG:colcon.colcon_core.package_identification:Package 'lbr_fri_ros2_stack/lbr_demos/lbr_demos_py' with type 'ros.ament_python' and name 'lbr_demos_py'
[0.231s] Level 1:colcon.colcon_core.package_identification:_identify(lbr_fri_ros2_stack/lbr_demos/lbr_moveit) by extensions ['ignore', 'ignore_ament_install']
[0.232s] Level 1:colcon.colcon_core.package_identification:_identify(lbr_fri_ros2_stack/lbr_demos/lbr_moveit) by extension 'ignore'
[0.232s] Level 1:colcon.colcon_core.package_identification:_identify(lbr_fri_ros2_stack/lbr_demos/lbr_moveit) by extension 'ignore_ament_install'
[0.232s] Level 1:colcon.colcon_core.package_identification:_identify(lbr_fri_ros2_stack/lbr_demos/lbr_moveit) by extensions ['colcon_pkg']
[0.232s] Level 1:colcon.colcon_core.package_identification:_identify(lbr_fri_ros2_stack/lbr_demos/lbr_moveit) by extension 'colcon_pkg'
[0.232s] Level 1:colcon.colcon_core.package_identification:_identify(lbr_fri_ros2_stack/lbr_demos/lbr_moveit) by extensions ['colcon_meta']
[0.232s] Level 1:colcon.colcon_core.package_identification:_identify(lbr_fri_ros2_stack/lbr_demos/lbr_moveit) by extension 'colcon_meta'
[0.232s] Level 1:colcon.colcon_core.package_identification:_identify(lbr_fri_ros2_stack/lbr_demos/lbr_moveit) by extensions ['ros']
[0.232s] Level 1:colcon.colcon_core.package_identification:_identify(lbr_fri_ros2_stack/lbr_demos/lbr_moveit) by extension 'ros'
[0.232s] DEBUG:colcon.colcon_core.package_identification:Package 'lbr_fri_ros2_stack/lbr_demos/lbr_moveit' with type 'ros.ament_python' and name 'lbr_moveit'
[0.232s] Level 1:colcon.colcon_core.package_identification:_identify(lbr_fri_ros2_stack/lbr_demos/lbr_moveit_cpp) by extensions ['ignore', 'ignore_ament_install']
[0.232s] Level 1:colcon.colcon_core.package_identification:_identify(lbr_fri_ros2_stack/lbr_demos/lbr_moveit_cpp) by extension 'ignore'
[0.232s] Level 1:colcon.colcon_core.package_identification:_identify(lbr_fri_ros2_stack/lbr_demos/lbr_moveit_cpp) by extension 'ignore_ament_install'
[0.232s] Level 1:colcon.colcon_core.package_identification:_identify(lbr_fri_ros2_stack/lbr_demos/lbr_moveit_cpp) by extensions ['colcon_pkg']
[0.232s] Level 1:colcon.colcon_core.package_identification:_identify(lbr_fri_ros2_stack/lbr_demos/lbr_moveit_cpp) by extension 'colcon_pkg'
[0.232s] Level 1:colcon.colcon_core.package_identification:_identify(lbr_fri_ros2_stack/lbr_demos/lbr_moveit_cpp) by extensions ['colcon_meta']
[0.232s] Level 1:colcon.colcon_core.package_identification:_identify(lbr_fri_ros2_stack/lbr_demos/lbr_moveit_cpp) by extension 'colcon_meta'
[0.232s] Level 1:colcon.colcon_core.package_identification:_identify(lbr_fri_ros2_stack/lbr_demos/lbr_moveit_cpp) by extensions ['ros']
[0.232s] Level 1:colcon.colcon_core.package_identification:_identify(lbr_fri_ros2_stack/lbr_demos/lbr_moveit_cpp) by extension 'ros'
[0.233s] DEBUG:colcon.colcon_core.package_identification:Package 'lbr_fri_ros2_stack/lbr_demos/lbr_moveit_cpp' with type 'ros.ament_cmake' and name 'lbr_moveit_cpp'
[0.233s] Level 1:colcon.colcon_core.package_identification:_identify(lbr_fri_ros2_stack/lbr_description) by extensions ['ignore', 'ignore_ament_install']
[0.233s] Level 1:colcon.colcon_core.package_identification:_identify(lbr_fri_ros2_stack/lbr_description) by extension 'ignore'
[0.233s] Level 1:colcon.colcon_core.package_identification:_identify(lbr_fri_ros2_stack/lbr_description) by extension 'ignore_ament_install'
[0.233s] Level 1:colcon.colcon_core.package_identification:_identify(lbr_fri_ros2_stack/lbr_description) by extensions ['colcon_pkg']
[0.233s] Level 1:colcon.colcon_core.package_identification:_identify(lbr_fri_ros2_stack/lbr_description) by extension 'colcon_pkg'
[0.233s] Level 1:colcon.colcon_core.package_identification:_identify(lbr_fri_ros2_stack/lbr_description) by extensions ['colcon_meta']
[0.233s] Level 1:colcon.colcon_core.package_identification:_identify(lbr_fri_ros2_stack/lbr_description) by extension 'colcon_meta'
[0.233s] Level 1:colcon.colcon_core.package_identification:_identify(lbr_fri_ros2_stack/lbr_description) by extensions ['ros']
[0.233s] Level 1:colcon.colcon_core.package_identification:_identify(lbr_fri_ros2_stack/lbr_description) by extension 'ros'
[0.238s] DEBUG:colcon.colcon_core.package_identification:Package 'lbr_fri_ros2_stack/lbr_description' with type 'ros.ament_cmake' and name 'lbr_description'
[0.238s] Level 1:colcon.colcon_core.package_identification:_identify(lbr_fri_ros2_stack/lbr_fri_ros2) by extensions ['ignore', 'ignore_ament_install']
[0.238s] Level 1:colcon.colcon_core.package_identification:_identify(lbr_fri_ros2_stack/lbr_fri_ros2) by extension 'ignore'
[0.238s] Level 1:colcon.colcon_core.package_identification:_identify(lbr_fri_ros2_stack/lbr_fri_ros2) by extension 'ignore_ament_install'
[0.238s] Level 1:colcon.colcon_core.package_identification:_identify(lbr_fri_ros2_stack/lbr_fri_ros2) by extensions ['colcon_pkg']
[0.238s] Level 1:colcon.colcon_core.package_identification:_identify(lbr_fri_ros2_stack/lbr_fri_ros2) by extension 'colcon_pkg'
[0.238s] Level 1:colcon.colcon_core.package_identification:_identify(lbr_fri_ros2_stack/lbr_fri_ros2) by extensions ['colcon_meta']
[0.238s] Level 1:colcon.colcon_core.package_identification:_identify(lbr_fri_ros2_stack/lbr_fri_ros2) by extension 'colcon_meta'
[0.238s] Level 1:colcon.colcon_core.package_identification:_identify(lbr_fri_ros2_stack/lbr_fri_ros2) by extensions ['ros']
[0.238s] Level 1:colcon.colcon_core.package_identification:_identify(lbr_fri_ros2_stack/lbr_fri_ros2) by extension 'ros'
[0.239s] DEBUG:colcon.colcon_core.package_identification:Package 'lbr_fri_ros2_stack/lbr_fri_ros2' with type 'ros.ament_cmake' and name 'lbr_fri_ros2'
[0.239s] Level 1:colcon.colcon_core.package_identification:_identify(lbr_fri_ros2_stack/lbr_fri_ros2_stack) by extensions ['ignore', 'ignore_ament_install']
[0.239s] Level 1:colcon.colcon_core.package_identification:_identify(lbr_fri_ros2_stack/lbr_fri_ros2_stack) by extension 'ignore'
[0.239s] Level 1:colcon.colcon_core.package_identification:_identify(lbr_fri_ros2_stack/lbr_fri_ros2_stack) by extension 'ignore_ament_install'
[0.239s] Level 1:colcon.colcon_core.package_identification:_identify(lbr_fri_ros2_stack/lbr_fri_ros2_stack) by extensions ['colcon_pkg']
[0.239s] Level 1:colcon.colcon_core.package_identification:_identify(lbr_fri_ros2_stack/lbr_fri_ros2_stack) by extension 'colcon_pkg'
[0.239s] Level 1:colcon.colcon_core.package_identification:_identify(lbr_fri_ros2_stack/lbr_fri_ros2_stack) by extensions ['colcon_meta']
[0.239s] Level 1:colcon.colcon_core.package_identification:_identify(lbr_fri_ros2_stack/lbr_fri_ros2_stack) by extension 'colcon_meta'
[0.239s] Level 1:colcon.colcon_core.package_identification:_identify(lbr_fri_ros2_stack/lbr_fri_ros2_stack) by extensions ['ros']
[0.239s] Level 1:colcon.colcon_core.package_identification:_identify(lbr_fri_ros2_stack/lbr_fri_ros2_stack) by extension 'ros'
[0.240s] DEBUG:colcon.colcon_core.package_identification:Package 'lbr_fri_ros2_stack/lbr_fri_ros2_stack' with type 'ros.ament_cmake' and name 'lbr_fri_ros2_stack'
[0.240s] Level 1:colcon.colcon_core.package_identification:_identify(lbr_fri_ros2_stack/lbr_moveit_config) by extensions ['ignore', 'ignore_ament_install']
[0.240s] Level 1:colcon.colcon_core.package_identification:_identify(lbr_fri_ros2_stack/lbr_moveit_config) by extension 'ignore'
[0.240s] Level 1:colcon.colcon_core.package_identification:_identify(lbr_fri_ros2_stack/lbr_moveit_config) by extension 'ignore_ament_install'
[0.240s] Level 1:colcon.colcon_core.package_identification:_identify(lbr_fri_ros2_stack/lbr_moveit_config) by extensions ['colcon_pkg']
[0.240s] Level 1:colcon.colcon_core.package_identification:_identify(lbr_fri_ros2_stack/lbr_moveit_config) by extension 'colcon_pkg'
[0.240s] Level 1:colcon.colcon_core.package_identification:_identify(lbr_fri_ros2_stack/lbr_moveit_config) by extensions ['colcon_meta']
[0.240s] Level 1:colcon.colcon_core.package_identification:_identify(lbr_fri_ros2_stack/lbr_moveit_config) by extension 'colcon_meta'
[0.240s] Level 1:colcon.colcon_core.package_identification:_identify(lbr_fri_ros2_stack/lbr_moveit_config) by extensions ['ros']
[0.240s] Level 1:colcon.colcon_core.package_identification:_identify(lbr_fri_ros2_stack/lbr_moveit_config) by extension 'ros'
[0.240s] Level 1:colcon.colcon_core.package_identification:_identify(lbr_fri_ros2_stack/lbr_moveit_config) by extensions ['cmake', 'python']
[0.240s] Level 1:colcon.colcon_core.package_identification:_identify(lbr_fri_ros2_stack/lbr_moveit_config) by extension 'cmake'
[0.240s] Level 1:colcon.colcon_core.package_identification:_identify(lbr_fri_ros2_stack/lbr_moveit_config) by extension 'python'
[0.240s] Level 1:colcon.colcon_core.package_identification:_identify(lbr_fri_ros2_stack/lbr_moveit_config) by extensions ['python_setup_py']
[0.240s] Level 1:colcon.colcon_core.package_identification:_identify(lbr_fri_ros2_stack/lbr_moveit_config) by extension 'python_setup_py'
[0.240s] Level 1:colcon.colcon_core.package_identification:_identify(lbr_fri_ros2_stack/lbr_moveit_config/doc) by extensions ['ignore', 'ignore_ament_install']
[0.240s] Level 1:colcon.colcon_core.package_identification:_identify(lbr_fri_ros2_stack/lbr_moveit_config/doc) by extension 'ignore'
[0.240s] Level 1:colcon.colcon_core.package_identification:_identify(lbr_fri_ros2_stack/lbr_moveit_config/doc) by extension 'ignore_ament_install'
[0.240s] Level 1:colcon.colcon_core.package_identification:_identify(lbr_fri_ros2_stack/lbr_moveit_config/doc) by extensions ['colcon_pkg']
[0.240s] Level 1:colcon.colcon_core.package_identification:_identify(lbr_fri_ros2_stack/lbr_moveit_config/doc) by extension 'colcon_pkg'
[0.240s] Level 1:colcon.colcon_core.package_identification:_identify(lbr_fri_ros2_stack/lbr_moveit_config/doc) by extensions ['colcon_meta']
[0.240s] Level 1:colcon.colcon_core.package_identification:_identify(lbr_fri_ros2_stack/lbr_moveit_config/doc) by extension 'colcon_meta'
[0.240s] Level 1:colcon.colcon_core.package_identification:_identify(lbr_fri_ros2_stack/lbr_moveit_config/doc) by extensions ['ros']
[0.240s] Level 1:colcon.colcon_core.package_identification:_identify(lbr_fri_ros2_stack/lbr_moveit_config/doc) by extension 'ros'
[0.240s] Level 1:colcon.colcon_core.package_identification:_identify(lbr_fri_ros2_stack/lbr_moveit_config/doc) by extensions ['cmake', 'python']
[0.240s] Level 1:colcon.colcon_core.package_identification:_identify(lbr_fri_ros2_stack/lbr_moveit_config/doc) by extension 'cmake'
[0.240s] Level 1:colcon.colcon_core.package_identification:_identify(lbr_fri_ros2_stack/lbr_moveit_config/doc) by extension 'python'
[0.240s] Level 1:colcon.colcon_core.package_identification:_identify(lbr_fri_ros2_stack/lbr_moveit_config/doc) by extensions ['python_setup_py']
[0.240s] Level 1:colcon.colcon_core.package_identification:_identify(lbr_fri_ros2_stack/lbr_moveit_config/doc) by extension 'python_setup_py'
[0.240s] Level 1:colcon.colcon_core.package_identification:_identify(lbr_fri_ros2_stack/lbr_moveit_config/doc/img) by extensions ['ignore', 'ignore_ament_install']
[0.240s] Level 1:colcon.colcon_core.package_identification:_identify(lbr_fri_ros2_stack/lbr_moveit_config/doc/img) by extension 'ignore'
[0.240s] Level 1:colcon.colcon_core.package_identification:_identify(lbr_fri_ros2_stack/lbr_moveit_config/doc/img) by extension 'ignore_ament_install'
[0.241s] Level 1:colcon.colcon_core.package_identification:_identify(lbr_fri_ros2_stack/lbr_moveit_config/doc/img) by extensions ['colcon_pkg']
[0.241s] Level 1:colcon.colcon_core.package_identification:_identify(lbr_fri_ros2_stack/lbr_moveit_config/doc/img) by extension 'colcon_pkg'
[0.241s] Level 1:colcon.colcon_core.package_identification:_identify(lbr_fri_ros2_stack/lbr_moveit_config/doc/img) by extensions ['colcon_meta']
[0.241s] Level 1:colcon.colcon_core.package_identification:_identify(lbr_fri_ros2_stack/lbr_moveit_config/doc/img) by extension 'colcon_meta'
[0.241s] Level 1:colcon.colcon_core.package_identification:_identify(lbr_fri_ros2_stack/lbr_moveit_config/doc/img) by extensions ['ros']
[0.241s] Level 1:colcon.colcon_core.package_identification:_identify(lbr_fri_ros2_stack/lbr_moveit_config/doc/img) by extension 'ros'
[0.241s] Level 1:colcon.colcon_core.package_identification:_identify(lbr_fri_ros2_stack/lbr_moveit_config/doc/img) by extensions ['cmake', 'python']
[0.241s] Level 1:colcon.colcon_core.package_identification:_identify(lbr_fri_ros2_stack/lbr_moveit_config/doc/img) by extension 'cmake'
[0.241s] Level 1:colcon.colcon_core.package_identification:_identify(lbr_fri_ros2_stack/lbr_moveit_config/doc/img) by extension 'python'
[0.241s] Level 1:colcon.colcon_core.package_identification:_identify(lbr_fri_ros2_stack/lbr_moveit_config/doc/img) by extensions ['python_setup_py']
[0.241s] Level 1:colcon.colcon_core.package_identification:_identify(lbr_fri_ros2_stack/lbr_moveit_config/doc/img) by extension 'python_setup_py'
[0.241s] Level 1:colcon.colcon_core.package_identification:_identify(lbr_fri_ros2_stack/lbr_moveit_config/iiwa14_moveit_config) by extensions ['ignore', 'ignore_ament_install']
[0.241s] Level 1:colcon.colcon_core.package_identification:_identify(lbr_fri_ros2_stack/lbr_moveit_config/iiwa14_moveit_config) by extension 'ignore'
[0.241s] Level 1:colcon.colcon_core.package_identification:_identify(lbr_fri_ros2_stack/lbr_moveit_config/iiwa14_moveit_config) by extension 'ignore_ament_install'
[0.241s] Level 1:colcon.colcon_core.package_identification:_identify(lbr_fri_ros2_stack/lbr_moveit_config/iiwa14_moveit_config) by extensions ['colcon_pkg']
[0.241s] Level 1:colcon.colcon_core.package_identification:_identify(lbr_fri_ros2_stack/lbr_moveit_config/iiwa14_moveit_config) by extension 'colcon_pkg'
[0.241s] Level 1:colcon.colcon_core.package_identification:_identify(lbr_fri_ros2_stack/lbr_moveit_config/iiwa14_moveit_config) by extensions ['colcon_meta']
[0.241s] Level 1:colcon.colcon_core.package_identification:_identify(lbr_fri_ros2_stack/lbr_moveit_config/iiwa14_moveit_config) by extension 'colcon_meta'
[0.241s] Level 1:colcon.colcon_core.package_identification:_identify(lbr_fri_ros2_stack/lbr_moveit_config/iiwa14_moveit_config) by extensions ['ros']
[0.241s] Level 1:colcon.colcon_core.package_identification:_identify(lbr_fri_ros2_stack/lbr_moveit_config/iiwa14_moveit_config) by extension 'ros'
[0.241s] DEBUG:colcon.colcon_core.package_identification:Package 'lbr_fri_ros2_stack/lbr_moveit_config/iiwa14_moveit_config' with type 'ros.ament_cmake' and name 'iiwa14_moveit_config'
[0.242s] Level 1:colcon.colcon_core.package_identification:_identify(lbr_fri_ros2_stack/lbr_moveit_config/iiwa7_moveit_config) by extensions ['ignore', 'ignore_ament_install']
[0.242s] Level 1:colcon.colcon_core.package_identification:_identify(lbr_fri_ros2_stack/lbr_moveit_config/iiwa7_moveit_config) by extension 'ignore'
[0.242s] Level 1:colcon.colcon_core.package_identification:_identify(lbr_fri_ros2_stack/lbr_moveit_config/iiwa7_moveit_config) by extension 'ignore_ament_install'
[0.242s] Level 1:colcon.colcon_core.package_identification:_identify(lbr_fri_ros2_stack/lbr_moveit_config/iiwa7_moveit_config) by extensions ['colcon_pkg']
[0.242s] Level 1:colcon.colcon_core.package_identification:_identify(lbr_fri_ros2_stack/lbr_moveit_config/iiwa7_moveit_config) by extension 'colcon_pkg'
[0.242s] Level 1:colcon.colcon_core.package_identification:_identify(lbr_fri_ros2_stack/lbr_moveit_config/iiwa7_moveit_config) by extensions ['colcon_meta']
[0.242s] Level 1:colcon.colcon_core.package_identification:_identify(lbr_fri_ros2_stack/lbr_moveit_config/iiwa7_moveit_config) by extension 'colcon_meta'
[0.242s] Level 1:colcon.colcon_core.package_identification:_identify(lbr_fri_ros2_stack/lbr_moveit_config/iiwa7_moveit_config) by extensions ['ros']
[0.242s] Level 1:colcon.colcon_core.package_identification:_identify(lbr_fri_ros2_stack/lbr_moveit_config/iiwa7_moveit_config) by extension 'ros'
[0.242s] DEBUG:colcon.colcon_core.package_identification:Package 'lbr_fri_ros2_stack/lbr_moveit_config/iiwa7_moveit_config' with type 'ros.ament_cmake' and name 'iiwa7_moveit_config'
[0.242s] Level 1:colcon.colcon_core.package_identification:_identify(lbr_fri_ros2_stack/lbr_moveit_config/med14_moveit_config) by extensions ['ignore', 'ignore_ament_install']
[0.242s] Level 1:colcon.colcon_core.package_identification:_identify(lbr_fri_ros2_stack/lbr_moveit_config/med14_moveit_config) by extension 'ignore'
[0.243s] Level 1:colcon.colcon_core.package_identification:_identify(lbr_fri_ros2_stack/lbr_moveit_config/med14_moveit_config) by extension 'ignore_ament_install'
[0.243s] Level 1:colcon.colcon_core.package_identification:_identify(lbr_fri_ros2_stack/lbr_moveit_config/med14_moveit_config) by extensions ['colcon_pkg']
[0.243s] Level 1:colcon.colcon_core.package_identification:_identify(lbr_fri_ros2_stack/lbr_moveit_config/med14_moveit_config) by extension 'colcon_pkg'
[0.243s] Level 1:colcon.colcon_core.package_identification:_identify(lbr_fri_ros2_stack/lbr_moveit_config/med14_moveit_config) by extensions ['colcon_meta']
[0.243s] Level 1:colcon.colcon_core.package_identification:_identify(lbr_fri_ros2_stack/lbr_moveit_config/med14_moveit_config) by extension 'colcon_meta'
[0.243s] Level 1:colcon.colcon_core.package_identification:_identify(lbr_fri_ros2_stack/lbr_moveit_config/med14_moveit_config) by extensions ['ros']
[0.243s] Level 1:colcon.colcon_core.package_identification:_identify(lbr_fri_ros2_stack/lbr_moveit_config/med14_moveit_config) by extension 'ros'
[0.243s] DEBUG:colcon.colcon_core.package_identification:Package 'lbr_fri_ros2_stack/lbr_moveit_config/med14_moveit_config' with type 'ros.ament_cmake' and name 'med14_moveit_config'
[0.243s] Level 1:colcon.colcon_core.package_identification:_identify(lbr_fri_ros2_stack/lbr_moveit_config/med7_moveit_config) by extensions ['ignore', 'ignore_ament_install']
[0.243s] Level 1:colcon.colcon_core.package_identification:_identify(lbr_fri_ros2_stack/lbr_moveit_config/med7_moveit_config) by extension 'ignore'
[0.243s] Level 1:colcon.colcon_core.package_identification:_identify(lbr_fri_ros2_stack/lbr_moveit_config/med7_moveit_config) by extension 'ignore_ament_install'
[0.243s] Level 1:colcon.colcon_core.package_identification:_identify(lbr_fri_ros2_stack/lbr_moveit_config/med7_moveit_config) by extensions ['colcon_pkg']
[0.243s] Level 1:colcon.colcon_core.package_identification:_identify(lbr_fri_ros2_stack/lbr_moveit_config/med7_moveit_config) by extension 'colcon_pkg'
[0.243s] Level 1:colcon.colcon_core.package_identification:_identify(lbr_fri_ros2_stack/lbr_moveit_config/med7_moveit_config) by extensions ['colcon_meta']
[0.243s] Level 1:colcon.colcon_core.package_identification:_identify(lbr_fri_ros2_stack/lbr_moveit_config/med7_moveit_config) by extension 'colcon_meta'
[0.243s] Level 1:colcon.colcon_core.package_identification:_identify(lbr_fri_ros2_stack/lbr_moveit_config/med7_moveit_config) by extensions ['ros']
[0.243s] Level 1:colcon.colcon_core.package_identification:_identify(lbr_fri_ros2_stack/lbr_moveit_config/med7_moveit_config) by extension 'ros'
[0.244s] DEBUG:colcon.colcon_core.package_identification:Package 'lbr_fri_ros2_stack/lbr_moveit_config/med7_moveit_config' with type 'ros.ament_cmake' and name 'med7_moveit_config'
[0.244s] Level 1:colcon.colcon_core.package_identification:_identify(lbr_fri_ros2_stack/lbr_ros2_control) by extensions ['ignore', 'ignore_ament_install']
[0.244s] Level 1:colcon.colcon_core.package_identification:_identify(lbr_fri_ros2_stack/lbr_ros2_control) by extension 'ignore'
[0.244s] Level 1:colcon.colcon_core.package_identification:_identify(lbr_fri_ros2_stack/lbr_ros2_control) by extension 'ignore_ament_install'
[0.244s] Level 1:colcon.colcon_core.package_identification:_identify(lbr_fri_ros2_stack/lbr_ros2_control) by extensions ['colcon_pkg']
[0.244s] Level 1:colcon.colcon_core.package_identification:_identify(lbr_fri_ros2_stack/lbr_ros2_control) by extension 'colcon_pkg'
[0.244s] Level 1:colcon.colcon_core.package_identification:_identify(lbr_fri_ros2_stack/lbr_ros2_control) by extensions ['colcon_meta']
[0.244s] Level 1:colcon.colcon_core.package_identification:_identify(lbr_fri_ros2_stack/lbr_ros2_control) by extension 'colcon_meta'
[0.244s] Level 1:colcon.colcon_core.package_identification:_identify(lbr_fri_ros2_stack/lbr_ros2_control) by extensions ['ros']
[0.245s] Level 1:colcon.colcon_core.package_identification:_identify(lbr_fri_ros2_stack/lbr_ros2_control) by extension 'ros'
[0.245s] DEBUG:colcon.colcon_core.package_identification:Package 'lbr_fri_ros2_stack/lbr_ros2_control' with type 'ros.ament_cmake' and name 'lbr_ros2_control'
[0.245s] Level 1:colcon.colcon_core.package_identification:_identify(lbr_gazebo_models) by extensions ['ignore', 'ignore_ament_install']
[0.245s] Level 1:colcon.colcon_core.package_identification:_identify(lbr_gazebo_models) by extension 'ignore'
[0.245s] Level 1:colcon.colcon_core.package_identification:_identify(lbr_gazebo_models) by extension 'ignore_ament_install'
[0.245s] Level 1:colcon.colcon_core.package_identification:_identify(lbr_gazebo_models) by extensions ['colcon_pkg']
[0.245s] Level 1:colcon.colcon_core.package_identification:_identify(lbr_gazebo_models) by extension 'colcon_pkg'
[0.245s] Level 1:colcon.colcon_core.package_identification:_identify(lbr_gazebo_models) by extensions ['colcon_meta']
[0.245s] Level 1:colcon.colcon_core.package_identification:_identify(lbr_gazebo_models) by extension 'colcon_meta'
[0.245s] Level 1:colcon.colcon_core.package_identification:_identify(lbr_gazebo_models) by extensions ['ros']
[0.245s] Level 1:colcon.colcon_core.package_identification:_identify(lbr_gazebo_models) by extension 'ros'
[0.246s] DEBUG:colcon.colcon_core.package_identification:Package 'lbr_gazebo_models' with type 'ros.ament_cmake' and name 'lbr_gazebo_models'
[0.246s] Level 1:colcon.colcon_core.package_identification:_identify(log) by extensions ['ignore', 'ignore_ament_install']
[0.246s] Level 1:colcon.colcon_core.package_identification:_identify(log) by extension 'ignore'
[0.246s] Level 1:colcon.colcon_core.package_identification:_identify(log) ignored
[0.246s] Level 1:colcon.colcon_core.package_identification:_identify(my_package) by extensions ['ignore', 'ignore_ament_install']
[0.246s] Level 1:colcon.colcon_core.package_identification:_identify(my_package) by extension 'ignore'
[0.246s] Level 1:colcon.colcon_core.package_identification:_identify(my_package) by extension 'ignore_ament_install'
[0.246s] Level 1:colcon.colcon_core.package_identification:_identify(my_package) by extensions ['colcon_pkg']
[0.246s] Level 1:colcon.colcon_core.package_identification:_identify(my_package) by extension 'colcon_pkg'
[0.246s] Level 1:colcon.colcon_core.package_identification:_identify(my_package) by extensions ['colcon_meta']
[0.246s] Level 1:colcon.colcon_core.package_identification:_identify(my_package) by extension 'colcon_meta'
[0.246s] Level 1:colcon.colcon_core.package_identification:_identify(my_package) by extensions ['ros']
[0.246s] Level 1:colcon.colcon_core.package_identification:_identify(my_package) by extension 'ros'
[0.247s] DEBUG:colcon.colcon_core.package_identification:Package 'my_package' with type 'ros.ament_cmake' and name 'my_package'
[0.247s] Level 1:colcon.colcon_core.package_identification:_identify(test_package) by extensions ['ignore', 'ignore_ament_install']
[0.247s] Level 1:colcon.colcon_core.package_identification:_identify(test_package) by extension 'ignore'
[0.247s] Level 1:colcon.colcon_core.package_identification:_identify(test_package) by extension 'ignore_ament_install'
[0.247s] Level 1:colcon.colcon_core.package_identification:_identify(test_package) by extensions ['colcon_pkg']
[0.247s] Level 1:colcon.colcon_core.package_identification:_identify(test_package) by extension 'colcon_pkg'
[0.247s] Level 1:colcon.colcon_core.package_identification:_identify(test_package) by extensions ['colcon_meta']
[0.247s] Level 1:colcon.colcon_core.package_identification:_identify(test_package) by extension 'colcon_meta'
[0.247s] Level 1:colcon.colcon_core.package_identification:_identify(test_package) by extensions ['ros']
[0.247s] Level 1:colcon.colcon_core.package_identification:_identify(test_package) by extension 'ros'
[0.247s] DEBUG:colcon.colcon_core.package_identification:Package 'test_package' with type 'ros.ament_cmake' and name 'test_package'
[0.247s] Level 1:colcon.colcon_core.package_discovery:discover_packages(recursive) using defaults
[0.247s] Level 1:colcon.colcon_core.package_discovery:discover_packages(ignore) discover
[0.247s] Level 1:colcon.colcon_core.package_discovery:discover_packages(ignore) using defaults
[0.247s] Level 1:colcon.colcon_core.package_discovery:discover_packages(path) discover
[0.247s] Level 1:colcon.colcon_core.package_discovery:discover_packages(path) using defaults
[0.266s] INFO:colcon.colcon_core.package_selection:Skipping not selected package 'fri_client_sdk' in 'fri'
[0.266s] INFO:colcon.colcon_core.package_selection:Skipping not selected package 'lbr_description' in 'lbr_fri_ros2_stack/lbr_description'
[0.266s] INFO:colcon.colcon_core.package_selection:Skipping not selected package 'lbr_gazebo_models' in 'lbr_gazebo_models'
[0.266s] INFO:colcon.colcon_core.package_selection:Skipping not selected package 'lbr_moveit' in 'lbr_fri_ros2_stack/lbr_demos/lbr_moveit'
[0.266s] INFO:colcon.colcon_core.package_selection:Skipping not selected package 'lbr_moveit_cpp' in 'lbr_fri_ros2_stack/lbr_demos/lbr_moveit_cpp'
[0.266s] INFO:colcon.colcon_core.package_selection:Skipping not selected package 'test_package' in 'test_package'
[0.266s] INFO:colcon.colcon_core.package_selection:Skipping not selected package 'iiwa14_moveit_config' in 'lbr_fri_ros2_stack/lbr_moveit_config/iiwa14_moveit_config'
[0.266s] INFO:colcon.colcon_core.package_selection:Skipping not selected package 'iiwa7_moveit_config' in 'lbr_fri_ros2_stack/lbr_moveit_config/iiwa7_moveit_config'
[0.266s] INFO:colcon.colcon_core.package_selection:Skipping not selected package 'lbr_fri_idl' in 'lbr_fri_idl'
[0.266s] INFO:colcon.colcon_core.package_selection:Skipping not selected package 'med14_moveit_config' in 'lbr_fri_ros2_stack/lbr_moveit_config/med14_moveit_config'
[0.266s] INFO:colcon.colcon_core.package_selection:Skipping not selected package 'med7_moveit_config' in 'lbr_fri_ros2_stack/lbr_moveit_config/med7_moveit_config'
[0.266s] INFO:colcon.colcon_core.package_selection:Skipping not selected package 'lbr_fri_ros2' in 'lbr_fri_ros2_stack/lbr_fri_ros2'
[0.266s] INFO:colcon.colcon_core.package_selection:Skipping not selected package 'lbr_demos_advanced_cpp' in 'lbr_fri_ros2_stack/lbr_demos/lbr_demos_advanced_cpp'
[0.266s] INFO:colcon.colcon_core.package_selection:Skipping not selected package 'lbr_demos_advanced_py' in 'lbr_fri_ros2_stack/lbr_demos/lbr_demos_advanced_py'
[0.266s] INFO:colcon.colcon_core.package_selection:Skipping not selected package 'lbr_ros2_control' in 'lbr_fri_ros2_stack/lbr_ros2_control'
[0.266s] INFO:colcon.colcon_core.package_selection:Skipping not selected package 'lbr_bringup' in 'lbr_fri_ros2_stack/lbr_bringup'
[0.266s] INFO:colcon.colcon_core.package_selection:Skipping not selected package 'lbr_demos_cpp' in 'lbr_fri_ros2_stack/lbr_demos/lbr_demos_cpp'
[0.266s] INFO:colcon.colcon_core.package_selection:Skipping not selected package 'lbr_demos_py' in 'lbr_fri_ros2_stack/lbr_demos/lbr_demos_py'
[0.266s] INFO:colcon.colcon_core.package_selection:Skipping not selected package 'lbr_fri_ros2_stack' in 'lbr_fri_ros2_stack/lbr_fri_ros2_stack'
[0.267s] Level 1:colcon.colcon_core.package_discovery:discover_packages(prefix_path) check parameters
[0.267s] Level 1:colcon.colcon_core.package_discovery:discover_packages(prefix_path) discover
[0.268s] DEBUG:colcon.colcon_installed_package_information.package_discovery:Found 4 installed packages in /home/srl/lbr-stack/install
[0.269s] DEBUG:colcon.colcon_installed_package_information.package_discovery:Found 378 installed packages in /opt/ros/humble
[0.270s] Level 1:colcon.colcon_core.package_discovery:discover_packages(prefix_path) using defaults
[0.293s] Level 5:colcon.colcon_core.verb:set package 'my_package' build argument 'cmake_args' from command line to 'None'
[0.293s] Level 5:colcon.colcon_core.verb:set package 'my_package' build argument 'cmake_target' from command line to 'None'
[0.293s] Level 5:colcon.colcon_core.verb:set package 'my_package' build argument 'cmake_target_skip_unavailable' from command line to 'False'
[0.293s] Level 5:colcon.colcon_core.verb:set package 'my_package' build argument 'cmake_clean_cache' from command line to 'False'
[0.293s] Level 5:colcon.colcon_core.verb:set package 'my_package' build argument 'cmake_clean_first' from command line to 'False'
[0.293s] Level 5:colcon.colcon_core.verb:set package 'my_package' build argument 'cmake_force_configure' from command line to 'False'
[0.293s] Level 5:colcon.colcon_core.verb:set package 'my_package' build argument 'ament_cmake_args' from command line to 'None'
[0.293s] Level 5:colcon.colcon_core.verb:set package 'my_package' build argument 'catkin_cmake_args' from command line to 'None'
[0.293s] Level 5:colcon.colcon_core.verb:set package 'my_package' build argument 'catkin_skip_building_tests' from command line to 'False'
[0.293s] DEBUG:colcon.colcon_core.verb:Building package 'my_package' with the following arguments: {'ament_cmake_args': None, 'build_base': '/home/srl/lbr-stack/src/build/my_package', 'catkin_cmake_args': None, 'catkin_skip_building_tests': False, 'cmake_args': None, 'cmake_clean_cache': False, 'cmake_clean_first': False, 'cmake_force_configure': False, 'cmake_target': None, 'cmake_target_skip_unavailable': False, 'install_base': '/home/srl/lbr-stack/src/install/my_package', 'merge_install': False, 'path': '/home/srl/lbr-stack/src/my_package', 'symlink_install': False, 'test_result_base': None}
[0.293s] INFO:colcon.colcon_core.executor:Executing jobs using 'parallel' executor
[0.295s] DEBUG:colcon.colcon_parallel_executor.executor.parallel:run_until_complete
[0.295s] INFO:colcon.colcon_ros.task.ament_cmake.build:Building ROS package in '/home/srl/lbr-stack/src/my_package' with build type 'ament_cmake'
[0.295s] INFO:colcon.colcon_cmake.task.cmake.build:Building CMake package in '/home/srl/lbr-stack/src/my_package'
[0.298s] INFO:colcon.colcon_core.plugin_system:Skipping extension 'colcon_core.shell.bat': Not used on non-Windows systems
[0.298s] INFO:colcon.colcon_core.shell:Skip shell extension 'powershell' for command environment: Not usable outside of PowerShell
[0.298s] DEBUG:colcon.colcon_core.shell:Skip shell extension 'dsv' for command environment
[0.305s] DEBUG:colcon.colcon_core.event_handler.log_command:Invoking command in '/home/srl/lbr-stack/src/build/my_package': CMAKE_PREFIX_PATH=${CMAKE_PREFIX_PATH}:/home/srl/lbr-stack/install/lbr_moveit:/opt/ros/humble /usr/bin/cmake /home/srl/lbr-stack/src/my_package -DCMAKE_INSTALL_PREFIX=/home/srl/lbr-stack/src/install/my_package
[0.701s] DEBUG:colcon.colcon_core.event_handler.log_command:Invoked command in '/home/srl/lbr-stack/src/build/my_package' returned '1': CMAKE_PREFIX_PATH=${CMAKE_PREFIX_PATH}:/home/srl/lbr-stack/install/lbr_moveit:/opt/ros/humble /usr/bin/cmake /home/srl/lbr-stack/src/my_package -DCMAKE_INSTALL_PREFIX=/home/srl/lbr-stack/src/install/my_package
[0.702s] Level 1:colcon.colcon_core.environment:create_environment_scripts_only(my_package)
[0.706s] Level 1:colcon.colcon_core.environment:checking '/home/srl/lbr-stack/src/install/my_package' for CMake module files
[0.710s] Level 1:colcon.colcon_core.environment:checking '/home/srl/lbr-stack/src/install/my_package' for CMake config files
[0.710s] Level 1:colcon.colcon_core.shell:create_environment_hook('my_package', 'cmake_prefix_path')
[0.710s] INFO:colcon.colcon_core.shell:Creating environment hook '/home/srl/lbr-stack/src/install/my_package/share/my_package/hook/cmake_prefix_path.ps1'
[0.711s] INFO:colcon.colcon_core.shell:Creating environment descriptor '/home/srl/lbr-stack/src/install/my_package/share/my_package/hook/cmake_prefix_path.dsv'
[0.711s] INFO:colcon.colcon_core.shell:Creating environment hook '/home/srl/lbr-stack/src/install/my_package/share/my_package/hook/cmake_prefix_path.sh'
[0.712s] Level 1:colcon.colcon_core.environment:checking '/home/srl/lbr-stack/src/install/my_package/lib'
[0.712s] Level 1:colcon.colcon_core.environment:checking '/home/srl/lbr-stack/src/install/my_package/bin'
[0.712s] Level 1:colcon.colcon_core.environment:checking '/home/srl/lbr-stack/src/install/my_package/lib/pkgconfig/my_package.pc'
[0.712s] Level 1:colcon.colcon_core.environment:checking '/home/srl/lbr-stack/src/install/my_package/lib/python3.10/site-packages'
[0.712s] Level 1:colcon.colcon_core.environment:checking '/home/srl/lbr-stack/src/install/my_package/bin'
[0.713s] INFO:colcon.colcon_core.shell:Creating package script '/home/srl/lbr-stack/src/install/my_package/share/my_package/package.ps1'
[0.713s] INFO:colcon.colcon_core.shell:Creating package descriptor '/home/srl/lbr-stack/src/install/my_package/share/my_package/package.dsv'
[0.713s] INFO:colcon.colcon_core.shell:Creating package script '/home/srl/lbr-stack/src/install/my_package/share/my_package/package.sh'
[0.714s] INFO:colcon.colcon_core.shell:Creating package script '/home/srl/lbr-stack/src/install/my_package/share/my_package/package.bash'
[0.714s] INFO:colcon.colcon_core.shell:Creating package script '/home/srl/lbr-stack/src/install/my_package/share/my_package/package.zsh'
[0.715s] Level 1:colcon.colcon_core.environment:create_file_with_runtime_dependencies(/home/srl/lbr-stack/src/install/my_package/share/colcon-core/packages/my_package)
[0.725s] DEBUG:colcon.colcon_parallel_executor.executor.parallel:closing loop
[0.726s] DEBUG:colcon.colcon_parallel_executor.executor.parallel:loop closed
[0.726s] DEBUG:colcon.colcon_parallel_executor.executor.parallel:run_until_complete finished with '1'
[0.726s] DEBUG:colcon.colcon_core.event_reactor:joining thread
[0.734s] INFO:colcon.colcon_core.plugin_system:Skipping extension 'colcon_notification.desktop_notification.terminal_notifier': Not used on non-Darwin systems
[0.734s] INFO:colcon.colcon_core.plugin_system:Skipping extension 'colcon_notification.desktop_notification.win32': Not used on non-Windows systems
[0.734s] INFO:colcon.colcon_notification.desktop_notification:Sending desktop notification using 'notify2'
[0.755s] DEBUG:colcon.colcon_core.event_reactor:joined thread
[0.755s] INFO:colcon.colcon_core.shell:Creating prefix script '/home/srl/lbr-stack/src/install/local_setup.ps1'
[0.756s] INFO:colcon.colcon_core.shell:Creating prefix util module '/home/srl/lbr-stack/src/install/_local_setup_util_ps1.py'
[0.757s] INFO:colcon.colcon_core.shell:Creating prefix chain script '/home/srl/lbr-stack/src/install/setup.ps1'
[0.758s] INFO:colcon.colcon_core.shell:Creating prefix script '/home/srl/lbr-stack/src/install/local_setup.sh'
[0.759s] INFO:colcon.colcon_core.shell:Creating prefix util module '/home/srl/lbr-stack/src/install/_local_setup_util_sh.py'
[0.759s] INFO:colcon.colcon_core.shell:Creating prefix chain script '/home/srl/lbr-stack/src/install/setup.sh'
[0.760s] INFO:colcon.colcon_core.shell:Creating prefix script '/home/srl/lbr-stack/src/install/local_setup.bash'
[0.760s] INFO:colcon.colcon_core.shell:Creating prefix chain script '/home/srl/lbr-stack/src/install/setup.bash'
[0.761s] INFO:colcon.colcon_core.shell:Creating prefix script '/home/srl/lbr-stack/src/install/local_setup.zsh'
[0.761s] INFO:colcon.colcon_core.shell:Creating prefix chain script '/home/srl/lbr-stack/src/install/setup.zsh'
