[  2%] Built target gtest_main
[  4%] Built target gtest
[  6%] Built target bridge_node
[35m[1mConsolidate compiler generated dependencies of target test_rcl_interfaces[0m
[35m[1mConsolidate compiler generated dependencies of target test_utils[0m
[35m[1mConsolidate compiler generated dependencies of target ros_gz_bridge[0m
[  9%] Built target test_rcl_interfaces
[ 10%] [32mBuilding CXX object CMakeFiles/test_utils.dir/test/utils/ros_test_msg.cpp.o[0m
[ 12%] [32mBuilding CXX object CMakeFiles/ros_gz_bridge.dir/src/service_factories/ros_gz_interfaces.cpp.o[0m
[ 13%] [32mBuilding CXX object CMakeFiles/ros_gz_bridge.dir/generated/factories/builtin_interfaces.cpp.o[0m
[ 14%] [32mBuilding CXX object CMakeFiles/ros_gz_bridge.dir/generated/factories/actuator_msgs.cpp.o[0m
[ 15%] [32mBuilding CXX object CMakeFiles/ros_gz_bridge.dir/generated/factories/geometry_msgs.cpp.o[0m
[ 16%] [32mBuilding CXX object CMakeFiles/ros_gz_bridge.dir/generated/factories/gps_msgs.cpp.o[0m
[ 17%] [32mBuilding CXX object CMakeFiles/ros_gz_bridge.dir/generated/factories/nav_msgs.cpp.o[0m
[ 18%] [32mBuilding CXX object CMakeFiles/ros_gz_bridge.dir/generated/factories/rcl_interfaces.cpp.o[0m
[ 19%] [32mBuilding CXX object CMakeFiles/ros_gz_bridge.dir/generated/factories/ros_gz_interfaces.cpp.o[0m
[ 20%] [32mBuilding CXX object CMakeFiles/ros_gz_bridge.dir/generated/factories/sensor_msgs.cpp.o[0m
[ 21%] [32mBuilding CXX object CMakeFiles/ros_gz_bridge.dir/generated/factories/tf2_msgs.cpp.o[0m
[ 23%] [32mBuilding CXX object CMakeFiles/ros_gz_bridge.dir/generated/factories/rosgraph_msgs.cpp.o[0m
[ 24%] [32mBuilding CXX object CMakeFiles/ros_gz_bridge.dir/generated/factories/std_msgs.cpp.o[0m
[ 25%] [32mBuilding CXX object CMakeFiles/ros_gz_bridge.dir/generated/factories/trajectory_msgs.cpp.o[0m
[ 26%] [32mBuilding CXX object CMakeFiles/ros_gz_bridge.dir/generated/factories/vision_msgs.cpp.o[0m
[ 27%] [32m[1mLinking CXX static library libtest_utils.a[0m
[ 28%] Built target test_utils
[ 29%] [32mBuilding CXX object CMakeFiles/test_gz_server.dir/test/serverclient/gz_server.cpp.o[0m
[ 30%] [32m[1mLinking CXX executable test_ros_client[0m
[ 31%] [32mBuilding CXX object CMakeFiles/test_ros_publisher.dir/generated/test/ros_publisher.cpp.o[0m
[ 32%] [32mBuilding CXX object CMakeFiles/test_gz_publisher.dir/generated/test/gz_publisher.cpp.o[0m
[ 34%] [32mBuilding CXX object CMakeFiles/test_gz_subscriber.dir/generated/test/gz_subscriber.cpp.o[0m
[ 35%] [32mBuilding CXX object CMakeFiles/test_ros_subscriber.dir/generated/test/builtin_interfaces_subscriber.cpp.o[0m
[ 36%] [32mBuilding CXX object CMakeFiles/test_ros_subscriber.dir/test/subscribers/ros_subscriber.cpp.o[0m
[ 37%] Built target test_ros_client
[ 38%] [32mBuilding CXX object CMakeFiles/test_ros_subscriber.dir/generated/test/actuator_msgs_subscriber.cpp.o[0m
[ 39%] [32mBuilding CXX object CMakeFiles/test_ros_subscriber.dir/generated/test/geometry_msgs_subscriber.cpp.o[0m
[ 40%] [32mBuilding CXX object CMakeFiles/test_ros_subscriber.dir/generated/test/gps_msgs_subscriber.cpp.o[0m
[ 41%] [32mBuilding CXX object CMakeFiles/test_ros_subscriber.dir/generated/test/nav_msgs_subscriber.cpp.o[0m
[ 42%] [32mBuilding CXX object CMakeFiles/test_ros_subscriber.dir/generated/test/rcl_interfaces_subscriber.cpp.o[0m
[ 43%] [32mBuilding CXX object CMakeFiles/test_ros_subscriber.dir/generated/test/ros_gz_interfaces_subscriber.cpp.o[0m
[ 45%] [32mBuilding CXX object CMakeFiles/test_ros_subscriber.dir/generated/test/rosgraph_msgs_subscriber.cpp.o[0m
[ 46%] [32mBuilding CXX object CMakeFiles/test_ros_subscriber.dir/generated/test/sensor_msgs_subscriber.cpp.o[0m
[ 47%] [32mBuilding CXX object CMakeFiles/test_ros_subscriber.dir/generated/test/std_msgs_subscriber.cpp.o[0m
[ 48%] [32m[1mLinking CXX executable test_gz_server[0m
[ 49%] [32m[1mLinking CXX executable test_gz_publisher[0m
[ 49%] Built target test_gz_server
[ 50%] [32mBuilding CXX object CMakeFiles/test_ros_subscriber.dir/generated/test/tf2_msgs_subscriber.cpp.o[0m
[ 51%] Built target test_gz_publisher
[ 52%] [32mBuilding CXX object CMakeFiles/test_ros_subscriber.dir/generated/test/trajectory_msgs_subscriber.cpp.o[0m
[ 53%] [32mBuilding CXX object CMakeFiles/test_ros_subscriber.dir/generated/test/vision_msgs_subscriber.cpp.o[0m
[ 54%] [32m[1mLinking CXX executable test_gz_subscriber[0m
[ 56%] Built target test_gz_subscriber
[ 57%] [32m[1mLinking CXX executable test_ros_publisher[0m
[ 58%] Built target test_ros_publisher
[ 59%] [32m[1mLinking CXX shared library libros_gz_bridge.so[0m
[ 60%] [32m[1mLinking CXX executable test_ros_subscriber[0m
[ 86%] Built target ros_gz_bridge
[ 87%] [32m[1mLinking CXX executable ros_gz_bridge_bridge_config[0m
[ 89%] [32m[1mLinking CXX executable bridge_types[0m
[ 90%] [32mBuilding CXX object CMakeFiles/parameter_bridge.dir/src/parameter_bridge.cpp.o[0m
[ 91%] [32mBuilding CXX object CMakeFiles/static_bridge.dir/src/static_bridge.cpp.o[0m
[ 92%] [32mBuilding CXX object CMakeFiles/test_ros_gz_interfaces.dir/src/convert/ros_gz_interfaces.cpp.o[0m
[ 93%] [32mBuilding CXX object CMakeFiles/test_ros_gz_interfaces.dir/src/convert/ros_gz_interfaces_TEST.cpp.o[0m
[ 94%] Built target test_ros_subscriber
[ 95%] [32m[1mLinking CXX executable static_bridge[0m
[ 96%] [32m[1mLinking CXX executable parameter_bridge[0m
[ 97%] [32m[1mLinking CXX executable test_ros_gz_interfaces[0m
[ 98%] Built target bridge_types
[100%] Built target ros_gz_bridge_bridge_config
[100%] Built target static_bridge
[100%] Built target parameter_bridge
[100%] Built target test_ros_gz_interfaces
-- Install configuration: ""
-- Execute custom install script
-- Up-to-date symlink: /home/srl/lbr-stack/install/ros_gz_bridge/lib/ros_gz_bridge/bridge_node
-- Up-to-date symlink: /home/srl/lbr-stack/install/ros_gz_bridge/include/ros_gz_bridge/ros_gz_bridge/bridge_config.hpp
-- Up-to-date symlink: /home/srl/lbr-stack/install/ros_gz_bridge/include/ros_gz_bridge/ros_gz_bridge/convert.hpp
-- Up-to-date symlink: /home/srl/lbr-stack/install/ros_gz_bridge/include/ros_gz_bridge/ros_gz_bridge/convert/actuator_msgs.hpp
-- Up-to-date symlink: /home/srl/lbr-stack/install/ros_gz_bridge/include/ros_gz_bridge/ros_gz_bridge/convert/builtin_interfaces.hpp
-- Up-to-date symlink: /home/srl/lbr-stack/install/ros_gz_bridge/include/ros_gz_bridge/ros_gz_bridge/convert/geometry_msgs.hpp
-- Up-to-date symlink: /home/srl/lbr-stack/install/ros_gz_bridge/include/ros_gz_bridge/ros_gz_bridge/convert/gps_msgs.hpp
-- Up-to-date symlink: /home/srl/lbr-stack/install/ros_gz_bridge/include/ros_gz_bridge/ros_gz_bridge/convert/nav_msgs.hpp
-- Up-to-date symlink: /home/srl/lbr-stack/install/ros_gz_bridge/include/ros_gz_bridge/ros_gz_bridge/convert/rcl_interfaces.hpp
-- Up-to-date symlink: /home/srl/lbr-stack/install/ros_gz_bridge/include/ros_gz_bridge/ros_gz_bridge/convert/ros_gz_interfaces.hpp
-- Up-to-date symlink: /home/srl/lbr-stack/install/ros_gz_bridge/include/ros_gz_bridge/ros_gz_bridge/convert/rosgraph_msgs.hpp
-- Up-to-date symlink: /home/srl/lbr-stack/install/ros_gz_bridge/include/ros_gz_bridge/ros_gz_bridge/convert/sensor_msgs.hpp
-- Up-to-date symlink: /home/srl/lbr-stack/install/ros_gz_bridge/include/ros_gz_bridge/ros_gz_bridge/convert/std_msgs.hpp
-- Up-to-date symlink: /home/srl/lbr-stack/install/ros_gz_bridge/include/ros_gz_bridge/ros_gz_bridge/convert/tf2_msgs.hpp
-- Up-to-date symlink: /home/srl/lbr-stack/install/ros_gz_bridge/include/ros_gz_bridge/ros_gz_bridge/convert/trajectory_msgs.hpp
-- Up-to-date symlink: /home/srl/lbr-stack/install/ros_gz_bridge/include/ros_gz_bridge/ros_gz_bridge/convert/vision_msgs.hpp
-- Up-to-date symlink: /home/srl/lbr-stack/install/ros_gz_bridge/include/ros_gz_bridge/ros_gz_bridge/convert_decl.hpp
-- Up-to-date symlink: /home/srl/lbr-stack/install/ros_gz_bridge/include/ros_gz_bridge/ros_gz_bridge/ros_gz_bridge.hpp
-- Up-to-date symlink: /home/srl/lbr-stack/install/ros_gz_bridge/lib/ros_gz_bridge/parameter_bridge
-- Up-to-date symlink: /home/srl/lbr-stack/install/ros_gz_bridge/lib/ros_gz_bridge/static_bridge
-- Up-to-date symlink: /home/srl/lbr-stack/install/ros_gz_bridge/lib/ros_gz_bridge/bridge_types
-- Up-to-date symlink: /home/srl/lbr-stack/install/ros_gz_bridge/lib/ros_gz_bridge/test_ros_publisher
-- Up-to-date symlink: /home/srl/lbr-stack/install/ros_gz_bridge/lib/ros_gz_bridge/test_ros_subscriber
-- Up-to-date symlink: /home/srl/lbr-stack/install/ros_gz_bridge/lib/ros_gz_bridge/test_gz_publisher
-- Up-to-date symlink: /home/srl/lbr-stack/install/ros_gz_bridge/lib/ros_gz_bridge/test_gz_subscriber
-- Up-to-date symlink: /home/srl/lbr-stack/install/ros_gz_bridge/lib/ros_gz_bridge/test_gz_server
-- Up-to-date symlink: /home/srl/lbr-stack/install/ros_gz_bridge/lib/ros_gz_bridge/test_ros_client
-- Up-to-date symlink: /home/srl/lbr-stack/install/ros_gz_bridge/share/ros_gz_bridge/environment/library_path.sh
-- Up-to-date symlink: /home/srl/lbr-stack/install/ros_gz_bridge/share/ros_gz_bridge/environment/library_path.dsv
-- Up-to-date symlink: /home/srl/lbr-stack/install/ros_gz_bridge/share/ament_index/resource_index/package_run_dependencies/ros_gz_bridge
-- Up-to-date symlink: /home/srl/lbr-stack/install/ros_gz_bridge/share/ament_index/resource_index/parent_prefix_path/ros_gz_bridge
-- Up-to-date symlink: /home/srl/lbr-stack/install/ros_gz_bridge/share/ros_gz_bridge/environment/ament_prefix_path.sh
-- Up-to-date symlink: /home/srl/lbr-stack/install/ros_gz_bridge/share/ros_gz_bridge/environment/ament_prefix_path.dsv
-- Up-to-date symlink: /home/srl/lbr-stack/install/ros_gz_bridge/share/ros_gz_bridge/environment/path.sh
-- Up-to-date symlink: /home/srl/lbr-stack/install/ros_gz_bridge/share/ros_gz_bridge/environment/path.dsv
-- Up-to-date symlink: /home/srl/lbr-stack/install/ros_gz_bridge/share/ros_gz_bridge/local_setup.bash
-- Up-to-date symlink: /home/srl/lbr-stack/install/ros_gz_bridge/share/ros_gz_bridge/local_setup.sh
-- Up-to-date symlink: /home/srl/lbr-stack/install/ros_gz_bridge/share/ros_gz_bridge/local_setup.zsh
-- Up-to-date symlink: /home/srl/lbr-stack/install/ros_gz_bridge/share/ros_gz_bridge/local_setup.dsv
-- Symlinking: /home/srl/lbr-stack/install/ros_gz_bridge/share/ros_gz_bridge/package.dsv
-- Up-to-date symlink: /home/srl/lbr-stack/install/ros_gz_bridge/share/ament_index/resource_index/packages/ros_gz_bridge
-- Up-to-date symlink: /home/srl/lbr-stack/install/ros_gz_bridge/share/ament_index/resource_index/rclcpp_components/ros_gz_bridge
-- Up-to-date symlink: /home/srl/lbr-stack/install/ros_gz_bridge/share/ros_gz_bridge/cmake/ament_cmake_export_include_directories-extras.cmake
-- Up-to-date symlink: /home/srl/lbr-stack/install/ros_gz_bridge/share/ros_gz_bridge/cmake/ament_cmake_export_libraries-extras.cmake
-- Up-to-date symlink: /home/srl/lbr-stack/install/ros_gz_bridge/share/ros_gz_bridge/cmake/ament_cmake_export_targets-extras.cmake
-- Up-to-date symlink: /home/srl/lbr-stack/install/ros_gz_bridge/share/ros_gz_bridge/cmake/ament_cmake_export_dependencies-extras.cmake
-- Up-to-date symlink: /home/srl/lbr-stack/install/ros_gz_bridge/share/ros_gz_bridge/cmake/ros_gz_bridgeConfig.cmake
-- Up-to-date symlink: /home/srl/lbr-stack/install/ros_gz_bridge/share/ros_gz_bridge/cmake/ros_gz_bridgeConfig-version.cmake
-- Up-to-date symlink: /home/srl/lbr-stack/install/ros_gz_bridge/share/ros_gz_bridge/package.xml
-- Installing: /home/srl/lbr-stack/install/ros_gz_bridge/lib/libros_gz_bridge.so
-- Set runtime path of "/home/srl/lbr-stack/install/ros_gz_bridge/lib/libros_gz_bridge.so" to ""
-- Up-to-date: /home/srl/lbr-stack/install/ros_gz_bridge/share/ros_gz_bridge/cmake/export_ros_gz_bridgeExport.cmake
-- Up-to-date: /home/srl/lbr-stack/install/ros_gz_bridge/share/ros_gz_bridge/cmake/export_ros_gz_bridgeExport-noconfig.cmake
