[0.020s] Invoking command in '/home/srl/lbr-stack/build/ros_gz_bridge': CMAKE_PREFIX_PATH=/home/srl/lbr-stack/install/ros_gz_interfaces:/home/srl/lbr-stack/install/test_ros_gz_bridge:/home/srl/lbr-stack/install/test_package:/home/srl/lbr-stack/install/ros_ign_interfaces:/home/srl/lbr-stack/install/ros_ign:/home/srl/lbr-stack/install/ros_ign_image:/home/srl/lbr-stack/install/ros_ign_gazebo_demos:/home/srl/lbr-stack/install/ros_ign_gazebo:/home/srl/lbr-stack/install/ros_ign_bridge:/home/srl/lbr-stack/install/ros_gz:/home/srl/lbr-stack/install/ros_gz_sim_demos:/home/srl/lbr-stack/install/lbr_fri_ros2_stack:/home/srl/lbr-stack/install/lbr_demos_cpp:/home/srl/lbr-stack/install/lbr_bringup:/home/srl/lbr-stack/install/ign_ros2_control_demos:/home/srl/lbr-stack/install/gz_ros2_control_demos:/home/srl/lbr-stack/install/ros_gz_sim:/home/srl/lbr-stack/install/ros_gz_image:/home/srl/lbr-stack/install/ros_gz_bridge:/home/srl/lbr-stack/install/my_package:/home/srl/lbr-stack/install/med7_moveit_config:/home/srl/lbr-stack/install/med14_moveit_config:/home/srl/lbr-stack/install/lbr_ros2_control:/home/srl/lbr-stack/install/lbr_moveit_cpp:/home/srl/lbr-stack/install/lbr_gazebo_models:/home/srl/lbr-stack/install/lbr_demos_advanced_cpp:/home/srl/lbr-stack/install/lbr_fri_ros2:/home/srl/lbr-stack/install/lbr_fri_idl:/home/srl/lbr-stack/install/iiwa7_moveit_config:/home/srl/lbr-stack/install/iiwa14_moveit_config:/home/srl/lbr-stack/install/lbr_description:/home/srl/lbr-stack/install/ign_ros2_control:/home/srl/lbr-stack/install/gz_ros2_control_tests:/home/srl/lbr-stack/install/gz_ros2_control:/home/srl/lbr-stack/install/fri_client_sdk:/home/srl/lbr-stack/install/lbr_demos_py:/home/srl/lbr-stack/install/lbr_moveit:/home/srl/lbr-stack/install/lbr_demos_advanced_py:/opt/ros/humble LD_LIBRARY_PATH=/home/srl/lbr-stack/install/ros_gz_interfaces/lib:/home/srl/lbr-stack/install/test_package/lib:/home/srl/lbr-stack/install/ros_ign_interfaces/lib:/home/srl/lbr-stack/install/ros_gz_sim/lib:/home/srl/lbr-stack/install/ros_gz_bridge/lib:/home/srl/lbr-stack/install/lbr_ros2_control/lib:/home/srl/lbr-stack/install/lbr_demos_advanced_cpp/lib:/home/srl/lbr-stack/install/lbr_fri_ros2/lib:/home/srl/lbr-stack/install/lbr_fri_idl/lib:/home/srl/lbr-stack/install/gz_ros2_control/lib:/home/srl/lbr-stack/install/fri_client_sdk/lib:/usr/lib/x86_64-linux-gnu/gazebo-11/plugins:/opt/ros/humble/opt/rviz_ogre_vendor/lib:/opt/ros/humble/lib/x86_64-linux-gnu:/opt/ros/humble/lib /usr/bin/cmake --build /home/srl/lbr-stack/build/ros_gz_bridge -- -j20 -l20
[0.106s] [  2%] Built target gtest_main
[0.108s] [  4%] Built target gtest
[0.110s] [  6%] Built target bridge_node
[0.130s] [35m[1mConsolidate compiler generated dependencies of target test_rcl_interfaces[0m
[0.140s] [35m[1mConsolidate compiler generated dependencies of target test_utils[0m
[0.148s] [35m[1mConsolidate compiler generated dependencies of target ros_gz_bridge[0m
[0.162s] [  9%] Built target test_rcl_interfaces
[0.196s] [ 10%] [32mBuilding CXX object CMakeFiles/test_utils.dir/test/utils/ros_test_msg.cpp.o[0m
[0.318s] [ 12%] [32mBuilding CXX object CMakeFiles/ros_gz_bridge.dir/src/service_factories/ros_gz_interfaces.cpp.o[0m
[0.326s] [ 13%] [32mBuilding CXX object CMakeFiles/ros_gz_bridge.dir/generated/factories/builtin_interfaces.cpp.o[0m
[0.333s] [ 14%] [32mBuilding CXX object CMakeFiles/ros_gz_bridge.dir/generated/factories/actuator_msgs.cpp.o[0m
[0.338s] [ 15%] [32mBuilding CXX object CMakeFiles/ros_gz_bridge.dir/generated/factories/geometry_msgs.cpp.o[0m
[0.340s] [ 16%] [32mBuilding CXX object CMakeFiles/ros_gz_bridge.dir/generated/factories/gps_msgs.cpp.o[0m
[0.343s] [ 17%] [32mBuilding CXX object CMakeFiles/ros_gz_bridge.dir/generated/factories/nav_msgs.cpp.o[0m
[0.344s] [ 18%] [32mBuilding CXX object CMakeFiles/ros_gz_bridge.dir/generated/factories/rcl_interfaces.cpp.o[0m
[0.353s] [ 19%] [32mBuilding CXX object CMakeFiles/ros_gz_bridge.dir/generated/factories/ros_gz_interfaces.cpp.o[0m
[0.388s] [ 20%] [32mBuilding CXX object CMakeFiles/ros_gz_bridge.dir/generated/factories/sensor_msgs.cpp.o[0m
[0.389s] [ 21%] [32mBuilding CXX object CMakeFiles/ros_gz_bridge.dir/generated/factories/tf2_msgs.cpp.o[0m
[0.389s] [ 23%] [32mBuilding CXX object CMakeFiles/ros_gz_bridge.dir/generated/factories/rosgraph_msgs.cpp.o[0m
[0.392s] [ 24%] [32mBuilding CXX object CMakeFiles/ros_gz_bridge.dir/generated/factories/std_msgs.cpp.o[0m
[0.392s] [ 25%] [32mBuilding CXX object CMakeFiles/ros_gz_bridge.dir/generated/factories/trajectory_msgs.cpp.o[0m
[0.423s] [ 26%] [32mBuilding CXX object CMakeFiles/ros_gz_bridge.dir/generated/factories/vision_msgs.cpp.o[0m
[21.286s] [ 27%] [32m[1mLinking CXX static library libtest_utils.a[0m
[21.592s] [ 28%] Built target test_utils
[21.687s] [ 29%] [32mBuilding CXX object CMakeFiles/test_gz_server.dir/test/serverclient/gz_server.cpp.o[0m
[21.714s] [ 30%] [32m[1mLinking CXX executable test_ros_client[0m
[21.721s] [ 31%] [32mBuilding CXX object CMakeFiles/test_ros_publisher.dir/generated/test/ros_publisher.cpp.o[0m
[21.724s] [ 32%] [32mBuilding CXX object CMakeFiles/test_gz_publisher.dir/generated/test/gz_publisher.cpp.o[0m
[21.766s] [ 34%] [32mBuilding CXX object CMakeFiles/test_gz_subscriber.dir/generated/test/gz_subscriber.cpp.o[0m
[21.813s] [ 35%] [32mBuilding CXX object CMakeFiles/test_ros_subscriber.dir/generated/test/builtin_interfaces_subscriber.cpp.o[0m
[21.814s] [ 36%] [32mBuilding CXX object CMakeFiles/test_ros_subscriber.dir/test/subscribers/ros_subscriber.cpp.o[0m
[22.624s] [ 37%] Built target test_ros_client
[22.651s] [ 38%] [32mBuilding CXX object CMakeFiles/test_ros_subscriber.dir/generated/test/actuator_msgs_subscriber.cpp.o[0m
[24.924s] [ 39%] [32mBuilding CXX object CMakeFiles/test_ros_subscriber.dir/generated/test/geometry_msgs_subscriber.cpp.o[0m
[25.811s] [ 40%] [32mBuilding CXX object CMakeFiles/test_ros_subscriber.dir/generated/test/gps_msgs_subscriber.cpp.o[0m
[26.355s] [ 41%] [32mBuilding CXX object CMakeFiles/test_ros_subscriber.dir/generated/test/nav_msgs_subscriber.cpp.o[0m
[26.693s] [ 42%] [32mBuilding CXX object CMakeFiles/test_ros_subscriber.dir/generated/test/rcl_interfaces_subscriber.cpp.o[0m
[26.729s] [ 43%] [32mBuilding CXX object CMakeFiles/test_ros_subscriber.dir/generated/test/ros_gz_interfaces_subscriber.cpp.o[0m
[27.118s] [ 45%] [32mBuilding CXX object CMakeFiles/test_ros_subscriber.dir/generated/test/rosgraph_msgs_subscriber.cpp.o[0m
[28.108s] [ 46%] [32mBuilding CXX object CMakeFiles/test_ros_subscriber.dir/generated/test/sensor_msgs_subscriber.cpp.o[0m
[30.113s] [ 47%] [32mBuilding CXX object CMakeFiles/test_ros_subscriber.dir/generated/test/std_msgs_subscriber.cpp.o[0m
[35.587s] [ 48%] [32m[1mLinking CXX executable test_gz_server[0m
[35.808s] [ 49%] [32m[1mLinking CXX executable test_gz_publisher[0m
[36.390s] [ 49%] Built target test_gz_server
[36.407s] [ 50%] [32mBuilding CXX object CMakeFiles/test_ros_subscriber.dir/generated/test/tf2_msgs_subscriber.cpp.o[0m
[37.125s] [ 51%] Built target test_gz_publisher
[37.141s] [ 52%] [32mBuilding CXX object CMakeFiles/test_ros_subscriber.dir/generated/test/trajectory_msgs_subscriber.cpp.o[0m
[38.699s] [ 53%] [32mBuilding CXX object CMakeFiles/test_ros_subscriber.dir/generated/test/vision_msgs_subscriber.cpp.o[0m
[57.461s] [ 54%] [32m[1mLinking CXX executable test_gz_subscriber[0m
[58.711s] [ 56%] Built target test_gz_subscriber
[68.172s] [ 57%] [32m[1mLinking CXX executable test_ros_publisher[0m
[70.381s] [ 58%] Built target test_ros_publisher
[86.369s] [ 59%] [32m[1mLinking CXX shared library libros_gz_bridge.so[0m
[93.768s] [ 60%] [32m[1mLinking CXX executable test_ros_subscriber[0m
[105.335s] [ 86%] Built target ros_gz_bridge
[105.362s] [ 87%] [32m[1mLinking CXX executable ros_gz_bridge_bridge_config[0m
[105.363s] [ 89%] [32m[1mLinking CXX executable bridge_types[0m
[105.365s] [ 90%] [32mBuilding CXX object CMakeFiles/parameter_bridge.dir/src/parameter_bridge.cpp.o[0m
[105.368s] [ 91%] [32mBuilding CXX object CMakeFiles/static_bridge.dir/src/static_bridge.cpp.o[0m
[105.369s] [ 92%] [32mBuilding CXX object CMakeFiles/test_ros_gz_interfaces.dir/src/convert/ros_gz_interfaces.cpp.o[0m
[105.372s] [ 93%] [32mBuilding CXX object CMakeFiles/test_ros_gz_interfaces.dir/src/convert/ros_gz_interfaces_TEST.cpp.o[0m
[109.713s] [ 94%] Built target test_ros_subscriber
[112.202s] [ 95%] [32m[1mLinking CXX executable static_bridge[0m
[112.624s] [ 96%] [32m[1mLinking CXX executable parameter_bridge[0m
[113.069s] [ 97%] [32m[1mLinking CXX executable test_ros_gz_interfaces[0m
[115.896s] [ 98%] Built target bridge_types
[116.061s] [100%] Built target ros_gz_bridge_bridge_config
[122.173s] [100%] Built target static_bridge
[122.547s] [100%] Built target parameter_bridge
[123.196s] [100%] Built target test_ros_gz_interfaces
[123.257s] Invoked command in '/home/srl/lbr-stack/build/ros_gz_bridge' returned '0': CMAKE_PREFIX_PATH=/home/srl/lbr-stack/install/ros_gz_interfaces:/home/srl/lbr-stack/install/test_ros_gz_bridge:/home/srl/lbr-stack/install/test_package:/home/srl/lbr-stack/install/ros_ign_interfaces:/home/srl/lbr-stack/install/ros_ign:/home/srl/lbr-stack/install/ros_ign_image:/home/srl/lbr-stack/install/ros_ign_gazebo_demos:/home/srl/lbr-stack/install/ros_ign_gazebo:/home/srl/lbr-stack/install/ros_ign_bridge:/home/srl/lbr-stack/install/ros_gz:/home/srl/lbr-stack/install/ros_gz_sim_demos:/home/srl/lbr-stack/install/lbr_fri_ros2_stack:/home/srl/lbr-stack/install/lbr_demos_cpp:/home/srl/lbr-stack/install/lbr_bringup:/home/srl/lbr-stack/install/ign_ros2_control_demos:/home/srl/lbr-stack/install/gz_ros2_control_demos:/home/srl/lbr-stack/install/ros_gz_sim:/home/srl/lbr-stack/install/ros_gz_image:/home/srl/lbr-stack/install/ros_gz_bridge:/home/srl/lbr-stack/install/my_package:/home/srl/lbr-stack/install/med7_moveit_config:/home/srl/lbr-stack/install/med14_moveit_config:/home/srl/lbr-stack/install/lbr_ros2_control:/home/srl/lbr-stack/install/lbr_moveit_cpp:/home/srl/lbr-stack/install/lbr_gazebo_models:/home/srl/lbr-stack/install/lbr_demos_advanced_cpp:/home/srl/lbr-stack/install/lbr_fri_ros2:/home/srl/lbr-stack/install/lbr_fri_idl:/home/srl/lbr-stack/install/iiwa7_moveit_config:/home/srl/lbr-stack/install/iiwa14_moveit_config:/home/srl/lbr-stack/install/lbr_description:/home/srl/lbr-stack/install/ign_ros2_control:/home/srl/lbr-stack/install/gz_ros2_control_tests:/home/srl/lbr-stack/install/gz_ros2_control:/home/srl/lbr-stack/install/fri_client_sdk:/home/srl/lbr-stack/install/lbr_demos_py:/home/srl/lbr-stack/install/lbr_moveit:/home/srl/lbr-stack/install/lbr_demos_advanced_py:/opt/ros/humble LD_LIBRARY_PATH=/home/srl/lbr-stack/install/ros_gz_interfaces/lib:/home/srl/lbr-stack/install/test_package/lib:/home/srl/lbr-stack/install/ros_ign_interfaces/lib:/home/srl/lbr-stack/install/ros_gz_sim/lib:/home/srl/lbr-stack/install/ros_gz_bridge/lib:/home/srl/lbr-stack/install/lbr_ros2_control/lib:/home/srl/lbr-stack/install/lbr_demos_advanced_cpp/lib:/home/srl/lbr-stack/install/lbr_fri_ros2/lib:/home/srl/lbr-stack/install/lbr_fri_idl/lib:/home/srl/lbr-stack/install/gz_ros2_control/lib:/home/srl/lbr-stack/install/fri_client_sdk/lib:/usr/lib/x86_64-linux-gnu/gazebo-11/plugins:/opt/ros/humble/opt/rviz_ogre_vendor/lib:/opt/ros/humble/lib/x86_64-linux-gnu:/opt/ros/humble/lib /usr/bin/cmake --build /home/srl/lbr-stack/build/ros_gz_bridge -- -j20 -l20
[123.291s] Invoking command in '/home/srl/lbr-stack/build/ros_gz_bridge': CMAKE_PREFIX_PATH=/home/srl/lbr-stack/install/ros_gz_interfaces:/home/srl/lbr-stack/install/test_ros_gz_bridge:/home/srl/lbr-stack/install/test_package:/home/srl/lbr-stack/install/ros_ign_interfaces:/home/srl/lbr-stack/install/ros_ign:/home/srl/lbr-stack/install/ros_ign_image:/home/srl/lbr-stack/install/ros_ign_gazebo_demos:/home/srl/lbr-stack/install/ros_ign_gazebo:/home/srl/lbr-stack/install/ros_ign_bridge:/home/srl/lbr-stack/install/ros_gz:/home/srl/lbr-stack/install/ros_gz_sim_demos:/home/srl/lbr-stack/install/lbr_fri_ros2_stack:/home/srl/lbr-stack/install/lbr_demos_cpp:/home/srl/lbr-stack/install/lbr_bringup:/home/srl/lbr-stack/install/ign_ros2_control_demos:/home/srl/lbr-stack/install/gz_ros2_control_demos:/home/srl/lbr-stack/install/ros_gz_sim:/home/srl/lbr-stack/install/ros_gz_image:/home/srl/lbr-stack/install/ros_gz_bridge:/home/srl/lbr-stack/install/my_package:/home/srl/lbr-stack/install/med7_moveit_config:/home/srl/lbr-stack/install/med14_moveit_config:/home/srl/lbr-stack/install/lbr_ros2_control:/home/srl/lbr-stack/install/lbr_moveit_cpp:/home/srl/lbr-stack/install/lbr_gazebo_models:/home/srl/lbr-stack/install/lbr_demos_advanced_cpp:/home/srl/lbr-stack/install/lbr_fri_ros2:/home/srl/lbr-stack/install/lbr_fri_idl:/home/srl/lbr-stack/install/iiwa7_moveit_config:/home/srl/lbr-stack/install/iiwa14_moveit_config:/home/srl/lbr-stack/install/lbr_description:/home/srl/lbr-stack/install/ign_ros2_control:/home/srl/lbr-stack/install/gz_ros2_control_tests:/home/srl/lbr-stack/install/gz_ros2_control:/home/srl/lbr-stack/install/fri_client_sdk:/home/srl/lbr-stack/install/lbr_demos_py:/home/srl/lbr-stack/install/lbr_moveit:/home/srl/lbr-stack/install/lbr_demos_advanced_py:/opt/ros/humble LD_LIBRARY_PATH=/home/srl/lbr-stack/install/ros_gz_interfaces/lib:/home/srl/lbr-stack/install/test_package/lib:/home/srl/lbr-stack/install/ros_ign_interfaces/lib:/home/srl/lbr-stack/install/ros_gz_sim/lib:/home/srl/lbr-stack/install/ros_gz_bridge/lib:/home/srl/lbr-stack/install/lbr_ros2_control/lib:/home/srl/lbr-stack/install/lbr_demos_advanced_cpp/lib:/home/srl/lbr-stack/install/lbr_fri_ros2/lib:/home/srl/lbr-stack/install/lbr_fri_idl/lib:/home/srl/lbr-stack/install/gz_ros2_control/lib:/home/srl/lbr-stack/install/fri_client_sdk/lib:/usr/lib/x86_64-linux-gnu/gazebo-11/plugins:/opt/ros/humble/opt/rviz_ogre_vendor/lib:/opt/ros/humble/lib/x86_64-linux-gnu:/opt/ros/humble/lib /usr/bin/cmake --install /home/srl/lbr-stack/build/ros_gz_bridge
[123.294s] -- Install configuration: ""
[123.294s] -- Execute custom install script
[123.295s] -- Up-to-date symlink: /home/srl/lbr-stack/install/ros_gz_bridge/lib/ros_gz_bridge/bridge_node
[123.295s] -- Up-to-date symlink: /home/srl/lbr-stack/install/ros_gz_bridge/include/ros_gz_bridge/ros_gz_bridge/bridge_config.hpp
[123.295s] -- Up-to-date symlink: /home/srl/lbr-stack/install/ros_gz_bridge/include/ros_gz_bridge/ros_gz_bridge/convert.hpp
[123.296s] -- Up-to-date symlink: /home/srl/lbr-stack/install/ros_gz_bridge/include/ros_gz_bridge/ros_gz_bridge/convert/actuator_msgs.hpp
[123.296s] -- Up-to-date symlink: /home/srl/lbr-stack/install/ros_gz_bridge/include/ros_gz_bridge/ros_gz_bridge/convert/builtin_interfaces.hpp
[123.296s] -- Up-to-date symlink: /home/srl/lbr-stack/install/ros_gz_bridge/include/ros_gz_bridge/ros_gz_bridge/convert/geometry_msgs.hpp
[123.296s] -- Up-to-date symlink: /home/srl/lbr-stack/install/ros_gz_bridge/include/ros_gz_bridge/ros_gz_bridge/convert/gps_msgs.hpp
[123.296s] -- Up-to-date symlink: /home/srl/lbr-stack/install/ros_gz_bridge/include/ros_gz_bridge/ros_gz_bridge/convert/nav_msgs.hpp
[123.296s] -- Up-to-date symlink: /home/srl/lbr-stack/install/ros_gz_bridge/include/ros_gz_bridge/ros_gz_bridge/convert/rcl_interfaces.hpp
[123.296s] -- Up-to-date symlink: /home/srl/lbr-stack/install/ros_gz_bridge/include/ros_gz_bridge/ros_gz_bridge/convert/ros_gz_interfaces.hpp
[123.296s] -- Up-to-date symlink: /home/srl/lbr-stack/install/ros_gz_bridge/include/ros_gz_bridge/ros_gz_bridge/convert/rosgraph_msgs.hpp
[123.296s] -- Up-to-date symlink: /home/srl/lbr-stack/install/ros_gz_bridge/include/ros_gz_bridge/ros_gz_bridge/convert/sensor_msgs.hpp
[123.296s] -- Up-to-date symlink: /home/srl/lbr-stack/install/ros_gz_bridge/include/ros_gz_bridge/ros_gz_bridge/convert/std_msgs.hpp
[123.296s] -- Up-to-date symlink: /home/srl/lbr-stack/install/ros_gz_bridge/include/ros_gz_bridge/ros_gz_bridge/convert/tf2_msgs.hpp
[123.297s] -- Up-to-date symlink: /home/srl/lbr-stack/install/ros_gz_bridge/include/ros_gz_bridge/ros_gz_bridge/convert/trajectory_msgs.hpp
[123.297s] -- Up-to-date symlink: /home/srl/lbr-stack/install/ros_gz_bridge/include/ros_gz_bridge/ros_gz_bridge/convert/vision_msgs.hpp
[123.297s] -- Up-to-date symlink: /home/srl/lbr-stack/install/ros_gz_bridge/include/ros_gz_bridge/ros_gz_bridge/convert_decl.hpp
[123.297s] -- Up-to-date symlink: /home/srl/lbr-stack/install/ros_gz_bridge/include/ros_gz_bridge/ros_gz_bridge/ros_gz_bridge.hpp
[123.297s] -- Up-to-date symlink: /home/srl/lbr-stack/install/ros_gz_bridge/lib/ros_gz_bridge/parameter_bridge
[123.297s] -- Up-to-date symlink: /home/srl/lbr-stack/install/ros_gz_bridge/lib/ros_gz_bridge/static_bridge
[123.297s] -- Up-to-date symlink: /home/srl/lbr-stack/install/ros_gz_bridge/lib/ros_gz_bridge/bridge_types
[123.298s] -- Up-to-date symlink: /home/srl/lbr-stack/install/ros_gz_bridge/lib/ros_gz_bridge/test_ros_publisher
[123.298s] -- Up-to-date symlink: /home/srl/lbr-stack/install/ros_gz_bridge/lib/ros_gz_bridge/test_ros_subscriber
[123.298s] -- Up-to-date symlink: /home/srl/lbr-stack/install/ros_gz_bridge/lib/ros_gz_bridge/test_gz_publisher
[123.298s] -- Up-to-date symlink: /home/srl/lbr-stack/install/ros_gz_bridge/lib/ros_gz_bridge/test_gz_subscriber
[123.298s] -- Up-to-date symlink: /home/srl/lbr-stack/install/ros_gz_bridge/lib/ros_gz_bridge/test_gz_server
[123.298s] -- Up-to-date symlink: /home/srl/lbr-stack/install/ros_gz_bridge/lib/ros_gz_bridge/test_ros_client
[123.298s] -- Up-to-date symlink: /home/srl/lbr-stack/install/ros_gz_bridge/share/ros_gz_bridge/environment/library_path.sh
[123.298s] -- Up-to-date symlink: /home/srl/lbr-stack/install/ros_gz_bridge/share/ros_gz_bridge/environment/library_path.dsv
[123.298s] -- Up-to-date symlink: /home/srl/lbr-stack/install/ros_gz_bridge/share/ament_index/resource_index/package_run_dependencies/ros_gz_bridge
[123.299s] -- Up-to-date symlink: /home/srl/lbr-stack/install/ros_gz_bridge/share/ament_index/resource_index/parent_prefix_path/ros_gz_bridge
[123.299s] -- Up-to-date symlink: /home/srl/lbr-stack/install/ros_gz_bridge/share/ros_gz_bridge/environment/ament_prefix_path.sh
[123.299s] -- Up-to-date symlink: /home/srl/lbr-stack/install/ros_gz_bridge/share/ros_gz_bridge/environment/ament_prefix_path.dsv
[123.299s] -- Up-to-date symlink: /home/srl/lbr-stack/install/ros_gz_bridge/share/ros_gz_bridge/environment/path.sh
[123.299s] -- Up-to-date symlink: /home/srl/lbr-stack/install/ros_gz_bridge/share/ros_gz_bridge/environment/path.dsv
[123.299s] -- Up-to-date symlink: /home/srl/lbr-stack/install/ros_gz_bridge/share/ros_gz_bridge/local_setup.bash
[123.299s] -- Up-to-date symlink: /home/srl/lbr-stack/install/ros_gz_bridge/share/ros_gz_bridge/local_setup.sh
[123.299s] -- Up-to-date symlink: /home/srl/lbr-stack/install/ros_gz_bridge/share/ros_gz_bridge/local_setup.zsh
[123.299s] -- Up-to-date symlink: /home/srl/lbr-stack/install/ros_gz_bridge/share/ros_gz_bridge/local_setup.dsv
[123.299s] -- Symlinking: /home/srl/lbr-stack/install/ros_gz_bridge/share/ros_gz_bridge/package.dsv
[123.308s] -- Up-to-date symlink: /home/srl/lbr-stack/install/ros_gz_bridge/share/ament_index/resource_index/packages/ros_gz_bridge
[123.308s] -- Up-to-date symlink: /home/srl/lbr-stack/install/ros_gz_bridge/share/ament_index/resource_index/rclcpp_components/ros_gz_bridge
[123.309s] -- Up-to-date symlink: /home/srl/lbr-stack/install/ros_gz_bridge/share/ros_gz_bridge/cmake/ament_cmake_export_include_directories-extras.cmake
[123.309s] -- Up-to-date symlink: /home/srl/lbr-stack/install/ros_gz_bridge/share/ros_gz_bridge/cmake/ament_cmake_export_libraries-extras.cmake
[123.309s] -- Up-to-date symlink: /home/srl/lbr-stack/install/ros_gz_bridge/share/ros_gz_bridge/cmake/ament_cmake_export_targets-extras.cmake
[123.309s] -- Up-to-date symlink: /home/srl/lbr-stack/install/ros_gz_bridge/share/ros_gz_bridge/cmake/ament_cmake_export_dependencies-extras.cmake
[123.309s] -- Up-to-date symlink: /home/srl/lbr-stack/install/ros_gz_bridge/share/ros_gz_bridge/cmake/ros_gz_bridgeConfig.cmake
[123.309s] -- Up-to-date symlink: /home/srl/lbr-stack/install/ros_gz_bridge/share/ros_gz_bridge/cmake/ros_gz_bridgeConfig-version.cmake
[123.309s] -- Up-to-date symlink: /home/srl/lbr-stack/install/ros_gz_bridge/share/ros_gz_bridge/package.xml
[123.310s] -- Installing: /home/srl/lbr-stack/install/ros_gz_bridge/lib/libros_gz_bridge.so
[123.495s] -- Set runtime path of "/home/srl/lbr-stack/install/ros_gz_bridge/lib/libros_gz_bridge.so" to ""
[123.500s] -- Up-to-date: /home/srl/lbr-stack/install/ros_gz_bridge/share/ros_gz_bridge/cmake/export_ros_gz_bridgeExport.cmake
[123.501s] -- Up-to-date: /home/srl/lbr-stack/install/ros_gz_bridge/share/ros_gz_bridge/cmake/export_ros_gz_bridgeExport-noconfig.cmake
[123.514s] Invoked command in '/home/srl/lbr-stack/build/ros_gz_bridge' returned '0': CMAKE_PREFIX_PATH=/home/srl/lbr-stack/install/ros_gz_interfaces:/home/srl/lbr-stack/install/test_ros_gz_bridge:/home/srl/lbr-stack/install/test_package:/home/srl/lbr-stack/install/ros_ign_interfaces:/home/srl/lbr-stack/install/ros_ign:/home/srl/lbr-stack/install/ros_ign_image:/home/srl/lbr-stack/install/ros_ign_gazebo_demos:/home/srl/lbr-stack/install/ros_ign_gazebo:/home/srl/lbr-stack/install/ros_ign_bridge:/home/srl/lbr-stack/install/ros_gz:/home/srl/lbr-stack/install/ros_gz_sim_demos:/home/srl/lbr-stack/install/lbr_fri_ros2_stack:/home/srl/lbr-stack/install/lbr_demos_cpp:/home/srl/lbr-stack/install/lbr_bringup:/home/srl/lbr-stack/install/ign_ros2_control_demos:/home/srl/lbr-stack/install/gz_ros2_control_demos:/home/srl/lbr-stack/install/ros_gz_sim:/home/srl/lbr-stack/install/ros_gz_image:/home/srl/lbr-stack/install/ros_gz_bridge:/home/srl/lbr-stack/install/my_package:/home/srl/lbr-stack/install/med7_moveit_config:/home/srl/lbr-stack/install/med14_moveit_config:/home/srl/lbr-stack/install/lbr_ros2_control:/home/srl/lbr-stack/install/lbr_moveit_cpp:/home/srl/lbr-stack/install/lbr_gazebo_models:/home/srl/lbr-stack/install/lbr_demos_advanced_cpp:/home/srl/lbr-stack/install/lbr_fri_ros2:/home/srl/lbr-stack/install/lbr_fri_idl:/home/srl/lbr-stack/install/iiwa7_moveit_config:/home/srl/lbr-stack/install/iiwa14_moveit_config:/home/srl/lbr-stack/install/lbr_description:/home/srl/lbr-stack/install/ign_ros2_control:/home/srl/lbr-stack/install/gz_ros2_control_tests:/home/srl/lbr-stack/install/gz_ros2_control:/home/srl/lbr-stack/install/fri_client_sdk:/home/srl/lbr-stack/install/lbr_demos_py:/home/srl/lbr-stack/install/lbr_moveit:/home/srl/lbr-stack/install/lbr_demos_advanced_py:/opt/ros/humble LD_LIBRARY_PATH=/home/srl/lbr-stack/install/ros_gz_interfaces/lib:/home/srl/lbr-stack/install/test_package/lib:/home/srl/lbr-stack/install/ros_ign_interfaces/lib:/home/srl/lbr-stack/install/ros_gz_sim/lib:/home/srl/lbr-stack/install/ros_gz_bridge/lib:/home/srl/lbr-stack/install/lbr_ros2_control/lib:/home/srl/lbr-stack/install/lbr_demos_advanced_cpp/lib:/home/srl/lbr-stack/install/lbr_fri_ros2/lib:/home/srl/lbr-stack/install/lbr_fri_idl/lib:/home/srl/lbr-stack/install/gz_ros2_control/lib:/home/srl/lbr-stack/install/fri_client_sdk/lib:/usr/lib/x86_64-linux-gnu/gazebo-11/plugins:/opt/ros/humble/opt/rviz_ogre_vendor/lib:/opt/ros/humble/lib/x86_64-linux-gnu:/opt/ros/humble/lib /usr/bin/cmake --install /home/srl/lbr-stack/build/ros_gz_bridge
