[0.718s] Invoking command in '/home/srl/lbr-stack/build/lbr_demos_py': CMAKE_PREFIX_PATH=/home/srl/lbr-stack/install/lbr_bringup:/home/srl/lbr-stack/install/lbr_ros2_control:/home/srl/lbr-stack/install/lbr_fri_ros2:/home/srl/lbr-stack/install/lbr_fri_idl:/home/srl/lbr-stack/install/lbr_description:/home/srl/lbr-stack/install/fri_client_sdk:/home/srl/lbr-stack/install/my_package:/home/srl/lbr-stack/install/med7_moveit_config:/home/srl/lbr-stack/install/med14_moveit_config:/home/srl/lbr-stack/install/lbr_fri_ros2_stack:/home/srl/lbr-stack/install/lbr_demos_cpp:/home/srl/lbr-stack/install/lbr_moveit_cpp:/home/srl/lbr-stack/install/lbr_demos_advanced_cpp:/home/srl/lbr-stack/install/iiwa7_moveit_config:/home/srl/lbr-stack/install/iiwa14_moveit_config LD_LIBRARY_PATH=/home/srl/lbr-stack/install/lbr_fri_ros2/lib:/home/srl/lbr-stack/install/lbr_fri_idl/lib:/home/srl/lbr-stack/install/fri_client_sdk/lib:/home/srl/lbr-stack/install/lbr_ros2_control/lib:/home/srl/lbr-stack/install/lbr_demos_advanced_cpp/lib:/opt/ros/humble/opt/rviz_ogre_vendor/lib:/opt/ros/humble/lib/x86_64-linux-gnu:/opt/ros/humble/lib PYTHONPATH=/home/srl/lbr-stack/build/lbr_demos_py/prefix_override:/usr/lib/python3/dist-packages/colcon_core/task/python/colcon_distutils_commands:/home/srl/lbr-stack/install/lbr_demos_py/lib/python3.10/site-packages:${PYTHONPATH} /usr/bin/python3 -W ignore:setup.py install is deprecated -W ignore:easy_install command is deprecated setup.py develop --editable --build-directory /home/srl/lbr-stack/build/lbr_demos_py/build --no-deps symlink_data
[0.960s] running develop
[1.094s] running egg_info
[1.094s] writing lbr_demos_py.egg-info/PKG-INFO
[1.095s] writing dependency_links to lbr_demos_py.egg-info/dependency_links.txt
[1.095s] writing entry points to lbr_demos_py.egg-info/entry_points.txt
[1.095s] writing requirements to lbr_demos_py.egg-info/requires.txt
[1.095s] writing top-level names to lbr_demos_py.egg-info/top_level.txt
[1.097s] reading manifest file 'lbr_demos_py.egg-info/SOURCES.txt'
[1.097s] writing manifest file 'lbr_demos_py.egg-info/SOURCES.txt'
[1.098s] running build_ext
[1.099s] Creating /home/srl/lbr-stack/install/lbr_demos_py/lib/python3.10/site-packages/lbr-demos-py.egg-link (link to .)
[1.099s] Installing joint_sine_overlay script to /home/srl/lbr-stack/install/lbr_demos_py/lib/lbr_demos_py
[1.099s] Installing joint_trajectory_client script to /home/srl/lbr-stack/install/lbr_demos_py/lib/lbr_demos_py
[1.100s] Installing torque_sine_overlay script to /home/srl/lbr-stack/install/lbr_demos_py/lib/lbr_demos_py
[1.100s] Installing wrench_sine_overlay script to /home/srl/lbr-stack/install/lbr_demos_py/lib/lbr_demos_py
[1.100s] 
[1.100s] Installed /home/srl/lbr-stack/build/lbr_demos_py
[1.100s] running symlink_data
[1.133s] Invoked command in '/home/srl/lbr-stack/build/lbr_demos_py' returned '0': CMAKE_PREFIX_PATH=/home/srl/lbr-stack/install/lbr_bringup:/home/srl/lbr-stack/install/lbr_ros2_control:/home/srl/lbr-stack/install/lbr_fri_ros2:/home/srl/lbr-stack/install/lbr_fri_idl:/home/srl/lbr-stack/install/lbr_description:/home/srl/lbr-stack/install/fri_client_sdk:/home/srl/lbr-stack/install/my_package:/home/srl/lbr-stack/install/med7_moveit_config:/home/srl/lbr-stack/install/med14_moveit_config:/home/srl/lbr-stack/install/lbr_fri_ros2_stack:/home/srl/lbr-stack/install/lbr_demos_cpp:/home/srl/lbr-stack/install/lbr_moveit_cpp:/home/srl/lbr-stack/install/lbr_demos_advanced_cpp:/home/srl/lbr-stack/install/iiwa7_moveit_config:/home/srl/lbr-stack/install/iiwa14_moveit_config LD_LIBRARY_PATH=/home/srl/lbr-stack/install/lbr_fri_ros2/lib:/home/srl/lbr-stack/install/lbr_fri_idl/lib:/home/srl/lbr-stack/install/fri_client_sdk/lib:/home/srl/lbr-stack/install/lbr_ros2_control/lib:/home/srl/lbr-stack/install/lbr_demos_advanced_cpp/lib:/opt/ros/humble/opt/rviz_ogre_vendor/lib:/opt/ros/humble/lib/x86_64-linux-gnu:/opt/ros/humble/lib PYTHONPATH=/home/srl/lbr-stack/build/lbr_demos_py/prefix_override:/usr/lib/python3/dist-packages/colcon_core/task/python/colcon_distutils_commands:/home/srl/lbr-stack/install/lbr_demos_py/lib/python3.10/site-packages:${PYTHONPATH} /usr/bin/python3 -W ignore:setup.py install is deprecated -W ignore:easy_install command is deprecated setup.py develop --editable --build-directory /home/srl/lbr-stack/build/lbr_demos_py/build --no-deps symlink_data
