[0.014s] Invoking command in '/home/srl/lbr-stack/build/lbr_bringup': CMAKE_PREFIX_PATH=/home/srl/lbr-stack/install/lbr_ros2_control:/home/srl/lbr-stack/install/lbr_fri_ros2:/home/srl/lbr-stack/install/lbr_fri_idl:/home/srl/lbr-stack/install/lbr_description:/home/srl/lbr-stack/install/fri_client_sdk:/home/srl/lbr-stack/install/my_package:/home/srl/lbr-stack/install/med7_moveit_config:/home/srl/lbr-stack/install/med14_moveit_config:/home/srl/lbr-stack/install/lbr_fri_ros2_stack:/home/srl/lbr-stack/install/lbr_demos_cpp:/home/srl/lbr-stack/install/lbr_bringup:/home/srl/lbr-stack/install/lbr_moveit_cpp:/home/srl/lbr-stack/install/lbr_demos_advanced_cpp:/home/srl/lbr-stack/install/iiwa7_moveit_config:/home/srl/lbr-stack/install/iiwa14_moveit_config:/home/srl/lbr-stack/install/command_control:/home/srl/lbr-stack/src/my_package/install/my_package:/home/srl/ros2_ws/install/impedance_controller:/home/srl/ros2_ws/install/iiwa_moveit2:/home/srl/ros2_ws/install/iiwa_hardware:/home/srl/ros2_ws/install/iiwa_bringup:/home/srl/ros2_ws/install/iiwa_description:/home/srl/ros2_ws/install/external_torque_sensor_broadcaster:/home/srl/ros2_ws/install/command_package:/home/srl/lbr-stack/install/lbr_demos_py:/home/srl/lbr-stack/install/lbr_moveit:/home/srl/lbr-stack/install/lbr_demos_advanced_py:/home/srl/ros2_ws/install/simple_gui:/opt/ros/humble LD_LIBRARY_PATH=/home/srl/lbr-stack/install/lbr_fri_ros2/lib:/home/srl/lbr-stack/install/lbr_fri_idl/lib:/home/srl/lbr-stack/install/fri_client_sdk/lib:/home/srl/lbr-stack/install/lbr_ros2_control/lib:/home/srl/lbr-stack/install/lbr_demos_advanced_cpp/lib:/home/srl/ros2_ws/install/impedance_controller/lib:/home/srl/ros2_ws/install/iiwa_moveit2/lib:/home/srl/ros2_ws/install/iiwa_hardware/lib:/home/srl/ros2_ws/install/external_torque_sensor_broadcaster/lib:/opt/ros/humble/opt/rviz_ogre_vendor/lib:/opt/ros/humble/lib/x86_64-linux-gnu:/opt/ros/humble/lib /usr/bin/cmake /home/srl/lbr-stack/src/lbr_fri_ros2_stack/lbr_bringup -DAMENT_CMAKE_SYMLINK_INSTALL=1 -DCMAKE_INSTALL_PREFIX=/home/srl/lbr-stack/install/lbr_bringup
[0.052s] -- The C compiler identification is GNU 11.4.0
[0.086s] -- The CXX compiler identification is GNU 11.4.0
[0.091s] -- Detecting C compiler ABI info
[0.139s] -- Detecting C compiler ABI info - done
[0.143s] -- Check for working C compiler: /usr/bin/cc - skipped
[0.143s] -- Detecting C compile features
[0.144s] -- Detecting C compile features - done
[0.145s] -- Detecting CXX compiler ABI info
[0.203s] -- Detecting CXX compiler ABI info - done
[0.209s] -- Check for working CXX compiler: /usr/bin/c++ - skipped
[0.209s] -- Detecting CXX compile features
[0.209s] -- Detecting CXX compile features - done
[0.211s] -- Found ament_cmake: 1.3.11 (/opt/ros/humble/share/ament_cmake/cmake)
[0.322s] -- Found Python3: /usr/bin/python3 (found version "3.10.12") found components: Interpreter 
[0.364s] -- Override CMake install command with custom implementation using symlinks instead of copying resources
[0.485s] -- Configuring done
[0.487s] -- Generating done
[0.487s] -- Build files have been written to: /home/srl/lbr-stack/build/lbr_bringup
[0.490s] Invoked command in '/home/srl/lbr-stack/build/lbr_bringup' returned '0': CMAKE_PREFIX_PATH=/home/srl/lbr-stack/install/lbr_ros2_control:/home/srl/lbr-stack/install/lbr_fri_ros2:/home/srl/lbr-stack/install/lbr_fri_idl:/home/srl/lbr-stack/install/lbr_description:/home/srl/lbr-stack/install/fri_client_sdk:/home/srl/lbr-stack/install/my_package:/home/srl/lbr-stack/install/med7_moveit_config:/home/srl/lbr-stack/install/med14_moveit_config:/home/srl/lbr-stack/install/lbr_fri_ros2_stack:/home/srl/lbr-stack/install/lbr_demos_cpp:/home/srl/lbr-stack/install/lbr_bringup:/home/srl/lbr-stack/install/lbr_moveit_cpp:/home/srl/lbr-stack/install/lbr_demos_advanced_cpp:/home/srl/lbr-stack/install/iiwa7_moveit_config:/home/srl/lbr-stack/install/iiwa14_moveit_config:/home/srl/lbr-stack/install/command_control:/home/srl/lbr-stack/src/my_package/install/my_package:/home/srl/ros2_ws/install/impedance_controller:/home/srl/ros2_ws/install/iiwa_moveit2:/home/srl/ros2_ws/install/iiwa_hardware:/home/srl/ros2_ws/install/iiwa_bringup:/home/srl/ros2_ws/install/iiwa_description:/home/srl/ros2_ws/install/external_torque_sensor_broadcaster:/home/srl/ros2_ws/install/command_package:/home/srl/lbr-stack/install/lbr_demos_py:/home/srl/lbr-stack/install/lbr_moveit:/home/srl/lbr-stack/install/lbr_demos_advanced_py:/home/srl/ros2_ws/install/simple_gui:/opt/ros/humble LD_LIBRARY_PATH=/home/srl/lbr-stack/install/lbr_fri_ros2/lib:/home/srl/lbr-stack/install/lbr_fri_idl/lib:/home/srl/lbr-stack/install/fri_client_sdk/lib:/home/srl/lbr-stack/install/lbr_ros2_control/lib:/home/srl/lbr-stack/install/lbr_demos_advanced_cpp/lib:/home/srl/ros2_ws/install/impedance_controller/lib:/home/srl/ros2_ws/install/iiwa_moveit2/lib:/home/srl/ros2_ws/install/iiwa_hardware/lib:/home/srl/ros2_ws/install/external_torque_sensor_broadcaster/lib:/opt/ros/humble/opt/rviz_ogre_vendor/lib:/opt/ros/humble/lib/x86_64-linux-gnu:/opt/ros/humble/lib /usr/bin/cmake /home/srl/lbr-stack/src/lbr_fri_ros2_stack/lbr_bringup -DAMENT_CMAKE_SYMLINK_INSTALL=1 -DCMAKE_INSTALL_PREFIX=/home/srl/lbr-stack/install/lbr_bringup
[0.491s] Invoking command in '/home/srl/lbr-stack/build/lbr_bringup': CMAKE_PREFIX_PATH=/home/srl/lbr-stack/install/lbr_ros2_control:/home/srl/lbr-stack/install/lbr_fri_ros2:/home/srl/lbr-stack/install/lbr_fri_idl:/home/srl/lbr-stack/install/lbr_description:/home/srl/lbr-stack/install/fri_client_sdk:/home/srl/lbr-stack/install/my_package:/home/srl/lbr-stack/install/med7_moveit_config:/home/srl/lbr-stack/install/med14_moveit_config:/home/srl/lbr-stack/install/lbr_fri_ros2_stack:/home/srl/lbr-stack/install/lbr_demos_cpp:/home/srl/lbr-stack/install/lbr_bringup:/home/srl/lbr-stack/install/lbr_moveit_cpp:/home/srl/lbr-stack/install/lbr_demos_advanced_cpp:/home/srl/lbr-stack/install/iiwa7_moveit_config:/home/srl/lbr-stack/install/iiwa14_moveit_config:/home/srl/lbr-stack/install/command_control:/home/srl/lbr-stack/src/my_package/install/my_package:/home/srl/ros2_ws/install/impedance_controller:/home/srl/ros2_ws/install/iiwa_moveit2:/home/srl/ros2_ws/install/iiwa_hardware:/home/srl/ros2_ws/install/iiwa_bringup:/home/srl/ros2_ws/install/iiwa_description:/home/srl/ros2_ws/install/external_torque_sensor_broadcaster:/home/srl/ros2_ws/install/command_package:/home/srl/lbr-stack/install/lbr_demos_py:/home/srl/lbr-stack/install/lbr_moveit:/home/srl/lbr-stack/install/lbr_demos_advanced_py:/home/srl/ros2_ws/install/simple_gui:/opt/ros/humble LD_LIBRARY_PATH=/home/srl/lbr-stack/install/lbr_fri_ros2/lib:/home/srl/lbr-stack/install/lbr_fri_idl/lib:/home/srl/lbr-stack/install/fri_client_sdk/lib:/home/srl/lbr-stack/install/lbr_ros2_control/lib:/home/srl/lbr-stack/install/lbr_demos_advanced_cpp/lib:/home/srl/ros2_ws/install/impedance_controller/lib:/home/srl/ros2_ws/install/iiwa_moveit2/lib:/home/srl/ros2_ws/install/iiwa_hardware/lib:/home/srl/ros2_ws/install/external_torque_sensor_broadcaster/lib:/opt/ros/humble/opt/rviz_ogre_vendor/lib:/opt/ros/humble/lib/x86_64-linux-gnu:/opt/ros/humble/lib /usr/bin/cmake --build /home/srl/lbr-stack/build/lbr_bringup -- -j20 -l20
[0.532s] Built target ament_cmake_python_symlink_lbr_bringup
[0.672s] running egg_info
[0.673s] creating lbr_bringup.egg-info
[0.673s] writing lbr_bringup.egg-info/PKG-INFO
[0.673s] writing dependency_links to lbr_bringup.egg-info/dependency_links.txt
[0.673s] writing top-level names to lbr_bringup.egg-info/top_level.txt
[0.673s] writing manifest file 'lbr_bringup.egg-info/SOURCES.txt'
[0.674s] reading manifest file 'lbr_bringup.egg-info/SOURCES.txt'
[0.674s] writing manifest file 'lbr_bringup.egg-info/SOURCES.txt'
[0.692s] Built target ament_cmake_python_build_lbr_bringup_egg
[0.699s] Invoked command in '/home/srl/lbr-stack/build/lbr_bringup' returned '0': CMAKE_PREFIX_PATH=/home/srl/lbr-stack/install/lbr_ros2_control:/home/srl/lbr-stack/install/lbr_fri_ros2:/home/srl/lbr-stack/install/lbr_fri_idl:/home/srl/lbr-stack/install/lbr_description:/home/srl/lbr-stack/install/fri_client_sdk:/home/srl/lbr-stack/install/my_package:/home/srl/lbr-stack/install/med7_moveit_config:/home/srl/lbr-stack/install/med14_moveit_config:/home/srl/lbr-stack/install/lbr_fri_ros2_stack:/home/srl/lbr-stack/install/lbr_demos_cpp:/home/srl/lbr-stack/install/lbr_bringup:/home/srl/lbr-stack/install/lbr_moveit_cpp:/home/srl/lbr-stack/install/lbr_demos_advanced_cpp:/home/srl/lbr-stack/install/iiwa7_moveit_config:/home/srl/lbr-stack/install/iiwa14_moveit_config:/home/srl/lbr-stack/install/command_control:/home/srl/lbr-stack/src/my_package/install/my_package:/home/srl/ros2_ws/install/impedance_controller:/home/srl/ros2_ws/install/iiwa_moveit2:/home/srl/ros2_ws/install/iiwa_hardware:/home/srl/ros2_ws/install/iiwa_bringup:/home/srl/ros2_ws/install/iiwa_description:/home/srl/ros2_ws/install/external_torque_sensor_broadcaster:/home/srl/ros2_ws/install/command_package:/home/srl/lbr-stack/install/lbr_demos_py:/home/srl/lbr-stack/install/lbr_moveit:/home/srl/lbr-stack/install/lbr_demos_advanced_py:/home/srl/ros2_ws/install/simple_gui:/opt/ros/humble LD_LIBRARY_PATH=/home/srl/lbr-stack/install/lbr_fri_ros2/lib:/home/srl/lbr-stack/install/lbr_fri_idl/lib:/home/srl/lbr-stack/install/fri_client_sdk/lib:/home/srl/lbr-stack/install/lbr_ros2_control/lib:/home/srl/lbr-stack/install/lbr_demos_advanced_cpp/lib:/home/srl/ros2_ws/install/impedance_controller/lib:/home/srl/ros2_ws/install/iiwa_moveit2/lib:/home/srl/ros2_ws/install/iiwa_hardware/lib:/home/srl/ros2_ws/install/external_torque_sensor_broadcaster/lib:/opt/ros/humble/opt/rviz_ogre_vendor/lib:/opt/ros/humble/lib/x86_64-linux-gnu:/opt/ros/humble/lib /usr/bin/cmake --build /home/srl/lbr-stack/build/lbr_bringup -- -j20 -l20
[0.700s] Invoking command in '/home/srl/lbr-stack/build/lbr_bringup': CMAKE_PREFIX_PATH=/home/srl/lbr-stack/install/lbr_ros2_control:/home/srl/lbr-stack/install/lbr_fri_ros2:/home/srl/lbr-stack/install/lbr_fri_idl:/home/srl/lbr-stack/install/lbr_description:/home/srl/lbr-stack/install/fri_client_sdk:/home/srl/lbr-stack/install/my_package:/home/srl/lbr-stack/install/med7_moveit_config:/home/srl/lbr-stack/install/med14_moveit_config:/home/srl/lbr-stack/install/lbr_fri_ros2_stack:/home/srl/lbr-stack/install/lbr_demos_cpp:/home/srl/lbr-stack/install/lbr_bringup:/home/srl/lbr-stack/install/lbr_moveit_cpp:/home/srl/lbr-stack/install/lbr_demos_advanced_cpp:/home/srl/lbr-stack/install/iiwa7_moveit_config:/home/srl/lbr-stack/install/iiwa14_moveit_config:/home/srl/lbr-stack/install/command_control:/home/srl/lbr-stack/src/my_package/install/my_package:/home/srl/ros2_ws/install/impedance_controller:/home/srl/ros2_ws/install/iiwa_moveit2:/home/srl/ros2_ws/install/iiwa_hardware:/home/srl/ros2_ws/install/iiwa_bringup:/home/srl/ros2_ws/install/iiwa_description:/home/srl/ros2_ws/install/external_torque_sensor_broadcaster:/home/srl/ros2_ws/install/command_package:/home/srl/lbr-stack/install/lbr_demos_py:/home/srl/lbr-stack/install/lbr_moveit:/home/srl/lbr-stack/install/lbr_demos_advanced_py:/home/srl/ros2_ws/install/simple_gui:/opt/ros/humble LD_LIBRARY_PATH=/home/srl/lbr-stack/install/lbr_fri_ros2/lib:/home/srl/lbr-stack/install/lbr_fri_idl/lib:/home/srl/lbr-stack/install/fri_client_sdk/lib:/home/srl/lbr-stack/install/lbr_ros2_control/lib:/home/srl/lbr-stack/install/lbr_demos_advanced_cpp/lib:/home/srl/ros2_ws/install/impedance_controller/lib:/home/srl/ros2_ws/install/iiwa_moveit2/lib:/home/srl/ros2_ws/install/iiwa_hardware/lib:/home/srl/ros2_ws/install/external_torque_sensor_broadcaster/lib:/opt/ros/humble/opt/rviz_ogre_vendor/lib:/opt/ros/humble/lib/x86_64-linux-gnu:/opt/ros/humble/lib /usr/bin/cmake --install /home/srl/lbr-stack/build/lbr_bringup
[0.705s] -- Install configuration: ""
[0.705s] -- Execute custom install script
[0.705s] -- Symlinking: /home/srl/lbr-stack/install/lbr_bringup/share/lbr_bringup/config/gazebo.rviz
[0.711s] -- Symlinking: /home/srl/lbr-stack/install/lbr_bringup/share/lbr_bringup/config/hardware.rviz
[0.716s] -- Symlinking: /home/srl/lbr-stack/install/lbr_bringup/share/lbr_bringup/config/mock.rviz
[0.721s] -- Symlinking: /home/srl/lbr-stack/install/lbr_bringup/share/lbr_bringup/config/moveit_servo.yaml
[0.726s] -- Symlinking: /home/srl/lbr-stack/install/lbr_bringup/share/lbr_bringup/launch/gazebo.launch.py
[0.733s] -- Symlinking: /home/srl/lbr-stack/install/lbr_bringup/share/lbr_bringup/launch/hardware.launch.py
[0.739s] -- Symlinking: /home/srl/lbr-stack/install/lbr_bringup/share/lbr_bringup/launch/mock.launch.py
[0.745s] -- Symlinking: /home/srl/lbr-stack/install/lbr_bringup/share/lbr_bringup/launch/move_group.launch.py
[0.750s] -- Symlinking: /home/srl/lbr-stack/install/lbr_bringup/share/lbr_bringup/launch/moveit_servo.launch.py
[0.756s] -- Symlinking: /home/srl/lbr-stack/install/lbr_bringup/share/lbr_bringup/launch/rviz.launch.py
[0.761s] -- Symlinking: /home/srl/lbr-stack/install/lbr_bringup/share/lbr_bringup/environment/pythonpath.sh
[0.767s] -- Symlinking: /home/srl/lbr-stack/install/lbr_bringup/share/lbr_bringup/environment/pythonpath.dsv
[0.775s] -- Symlinking: /home/srl/lbr-stack/install/lbr_bringup/local/lib/python3.10/dist-packages/lbr_bringup-2.2.1-py3.10.egg-info/PKG-INFO
[0.781s] -- Symlinking: /home/srl/lbr-stack/install/lbr_bringup/local/lib/python3.10/dist-packages/lbr_bringup-2.2.1-py3.10.egg-info/SOURCES.txt
[0.786s] -- Symlinking: /home/srl/lbr-stack/install/lbr_bringup/local/lib/python3.10/dist-packages/lbr_bringup-2.2.1-py3.10.egg-info/dependency_links.txt
[0.792s] -- Symlinking: /home/srl/lbr-stack/install/lbr_bringup/local/lib/python3.10/dist-packages/lbr_bringup-2.2.1-py3.10.egg-info/top_level.txt
[0.798s] -- Symlinking: /home/srl/lbr-stack/install/lbr_bringup/local/lib/python3.10/dist-packages/lbr_bringup/__init__.py
[0.803s] -- Symlinking: /home/srl/lbr-stack/install/lbr_bringup/local/lib/python3.10/dist-packages/lbr_bringup/description.py
[0.808s] -- Symlinking: /home/srl/lbr-stack/install/lbr_bringup/local/lib/python3.10/dist-packages/lbr_bringup/gazebo.py
[0.814s] -- Symlinking: /home/srl/lbr-stack/install/lbr_bringup/local/lib/python3.10/dist-packages/lbr_bringup/moveit.py
[0.820s] -- Symlinking: /home/srl/lbr-stack/install/lbr_bringup/local/lib/python3.10/dist-packages/lbr_bringup/ros2_control.py
[0.826s] -- Symlinking: /home/srl/lbr-stack/install/lbr_bringup/local/lib/python3.10/dist-packages/lbr_bringup/rviz.py
[0.832s] -- Symlinking: /home/srl/lbr-stack/install/lbr_bringup/share/ament_index/resource_index/package_run_dependencies/lbr_bringup
[0.839s] -- Symlinking: /home/srl/lbr-stack/install/lbr_bringup/share/ament_index/resource_index/parent_prefix_path/lbr_bringup
[0.845s] -- Symlinking: /home/srl/lbr-stack/install/lbr_bringup/share/lbr_bringup/environment/ament_prefix_path.sh
[0.849s] -- Symlinking: /home/srl/lbr-stack/install/lbr_bringup/share/lbr_bringup/environment/ament_prefix_path.dsv
[0.856s] -- Symlinking: /home/srl/lbr-stack/install/lbr_bringup/share/lbr_bringup/environment/path.sh
[0.863s] -- Symlinking: /home/srl/lbr-stack/install/lbr_bringup/share/lbr_bringup/environment/path.dsv
[0.869s] -- Symlinking: /home/srl/lbr-stack/install/lbr_bringup/share/lbr_bringup/local_setup.bash
[0.874s] -- Symlinking: /home/srl/lbr-stack/install/lbr_bringup/share/lbr_bringup/local_setup.sh
[0.881s] -- Symlinking: /home/srl/lbr-stack/install/lbr_bringup/share/lbr_bringup/local_setup.zsh
[0.887s] -- Symlinking: /home/srl/lbr-stack/install/lbr_bringup/share/lbr_bringup/local_setup.dsv
[0.893s] -- Symlinking: /home/srl/lbr-stack/install/lbr_bringup/share/lbr_bringup/package.dsv
[0.899s] -- Symlinking: /home/srl/lbr-stack/install/lbr_bringup/share/ament_index/resource_index/packages/lbr_bringup
[0.905s] -- Symlinking: /home/srl/lbr-stack/install/lbr_bringup/share/lbr_bringup/cmake/lbr_bringupConfig.cmake
[0.911s] -- Symlinking: /home/srl/lbr-stack/install/lbr_bringup/share/lbr_bringup/cmake/lbr_bringupConfig-version.cmake
[0.917s] -- Symlinking: /home/srl/lbr-stack/install/lbr_bringup/share/lbr_bringup/package.xml
[0.946s] Listing '/home/srl/lbr-stack/install/lbr_bringup/local/lib/python3.10/dist-packages/lbr_bringup'...
[0.946s] Compiling '/home/srl/lbr-stack/install/lbr_bringup/local/lib/python3.10/dist-packages/lbr_bringup/__init__.py'...
[0.946s] Compiling '/home/srl/lbr-stack/install/lbr_bringup/local/lib/python3.10/dist-packages/lbr_bringup/description.py'...
[0.946s] Compiling '/home/srl/lbr-stack/install/lbr_bringup/local/lib/python3.10/dist-packages/lbr_bringup/gazebo.py'...
[0.946s] Compiling '/home/srl/lbr-stack/install/lbr_bringup/local/lib/python3.10/dist-packages/lbr_bringup/moveit.py'...
[0.946s] Compiling '/home/srl/lbr-stack/install/lbr_bringup/local/lib/python3.10/dist-packages/lbr_bringup/ros2_control.py'...
[0.946s] Compiling '/home/srl/lbr-stack/install/lbr_bringup/local/lib/python3.10/dist-packages/lbr_bringup/rviz.py'...
[0.950s] Invoked command in '/home/srl/lbr-stack/build/lbr_bringup' returned '0': CMAKE_PREFIX_PATH=/home/srl/lbr-stack/install/lbr_ros2_control:/home/srl/lbr-stack/install/lbr_fri_ros2:/home/srl/lbr-stack/install/lbr_fri_idl:/home/srl/lbr-stack/install/lbr_description:/home/srl/lbr-stack/install/fri_client_sdk:/home/srl/lbr-stack/install/my_package:/home/srl/lbr-stack/install/med7_moveit_config:/home/srl/lbr-stack/install/med14_moveit_config:/home/srl/lbr-stack/install/lbr_fri_ros2_stack:/home/srl/lbr-stack/install/lbr_demos_cpp:/home/srl/lbr-stack/install/lbr_bringup:/home/srl/lbr-stack/install/lbr_moveit_cpp:/home/srl/lbr-stack/install/lbr_demos_advanced_cpp:/home/srl/lbr-stack/install/iiwa7_moveit_config:/home/srl/lbr-stack/install/iiwa14_moveit_config:/home/srl/lbr-stack/install/command_control:/home/srl/lbr-stack/src/my_package/install/my_package:/home/srl/ros2_ws/install/impedance_controller:/home/srl/ros2_ws/install/iiwa_moveit2:/home/srl/ros2_ws/install/iiwa_hardware:/home/srl/ros2_ws/install/iiwa_bringup:/home/srl/ros2_ws/install/iiwa_description:/home/srl/ros2_ws/install/external_torque_sensor_broadcaster:/home/srl/ros2_ws/install/command_package:/home/srl/lbr-stack/install/lbr_demos_py:/home/srl/lbr-stack/install/lbr_moveit:/home/srl/lbr-stack/install/lbr_demos_advanced_py:/home/srl/ros2_ws/install/simple_gui:/opt/ros/humble LD_LIBRARY_PATH=/home/srl/lbr-stack/install/lbr_fri_ros2/lib:/home/srl/lbr-stack/install/lbr_fri_idl/lib:/home/srl/lbr-stack/install/fri_client_sdk/lib:/home/srl/lbr-stack/install/lbr_ros2_control/lib:/home/srl/lbr-stack/install/lbr_demos_advanced_cpp/lib:/home/srl/ros2_ws/install/impedance_controller/lib:/home/srl/ros2_ws/install/iiwa_moveit2/lib:/home/srl/ros2_ws/install/iiwa_hardware/lib:/home/srl/ros2_ws/install/external_torque_sensor_broadcaster/lib:/opt/ros/humble/opt/rviz_ogre_vendor/lib:/opt/ros/humble/lib/x86_64-linux-gnu:/opt/ros/humble/lib /usr/bin/cmake --install /home/srl/lbr-stack/build/lbr_bringup
