[0.773s] Invoking command in '/home/srl/lbr-stack/build/lbr_moveit': PYTHONPATH=/home/srl/lbr-stack/build/lbr_moveit/prefix_override:/usr/lib/python3/dist-packages/colcon_core/task/python/colcon_distutils_commands:/home/srl/lbr-stack/install/lbr_moveit/lib/python3.10/site-packages:${PYTHONPATH} /usr/bin/python3 -W ignore:setup.py install is deprecated -W ignore:easy_install command is deprecated setup.py develop --editable --build-directory /home/srl/lbr-stack/build/lbr_moveit/build --no-deps symlink_data
[1.026s] running develop
[1.172s] running egg_info
[1.172s] creating lbr_moveit.egg-info
[1.172s] writing lbr_moveit.egg-info/PKG-INFO
[1.172s] writing dependency_links to lbr_moveit.egg-info/dependency_links.txt
[1.172s] writing entry points to lbr_moveit.egg-info/entry_points.txt
[1.172s] writing requirements to lbr_moveit.egg-info/requires.txt
[1.172s] writing top-level names to lbr_moveit.egg-info/top_level.txt
[1.172s] writing manifest file 'lbr_moveit.egg-info/SOURCES.txt'
[1.174s] reading manifest file 'lbr_moveit.egg-info/SOURCES.txt'
[1.174s] writing manifest file 'lbr_moveit.egg-info/SOURCES.txt'
[1.176s] running build_ext
[1.176s] Creating /home/srl/lbr-stack/install/lbr_moveit/lib/python3.10/site-packages/lbr-moveit.egg-link (link to .)
[1.177s] Installing forward_keyboard script to /home/srl/lbr-stack/install/lbr_moveit/lib/lbr_moveit
[1.177s] 
[1.177s] Installed /home/srl/lbr-stack/build/lbr_moveit
[1.177s] running symlink_data
[1.177s] creating /home/srl/lbr-stack/install/lbr_moveit/share/ament_index
[1.177s] creating /home/srl/lbr-stack/install/lbr_moveit/share/ament_index/resource_index
[1.177s] creating /home/srl/lbr-stack/install/lbr_moveit/share/ament_index/resource_index/packages
[1.178s] symbolically linking /home/srl/lbr-stack/build/lbr_moveit/resource/lbr_moveit -> /home/srl/lbr-stack/install/lbr_moveit/share/ament_index/resource_index/packages
[1.178s] symbolically linking /home/srl/lbr-stack/build/lbr_moveit/package.xml -> /home/srl/lbr-stack/install/lbr_moveit/share/lbr_moveit
[1.178s] creating /home/srl/lbr-stack/install/lbr_moveit/share/lbr_moveit/config
[1.178s] symbolically linking /home/srl/lbr-stack/build/lbr_moveit/config/forward_keyboard.yaml -> /home/srl/lbr-stack/install/lbr_moveit/share/lbr_moveit/config
[1.178s] creating /home/srl/lbr-stack/install/lbr_moveit/share/lbr_moveit/launch
[1.178s] symbolically linking /home/srl/lbr-stack/build/lbr_moveit/launch/keyboard_driver.launch.py -> /home/srl/lbr-stack/install/lbr_moveit/share/lbr_moveit/launch
[1.208s] Invoked command in '/home/srl/lbr-stack/build/lbr_moveit' returned '0': PYTHONPATH=/home/srl/lbr-stack/build/lbr_moveit/prefix_override:/usr/lib/python3/dist-packages/colcon_core/task/python/colcon_distutils_commands:/home/srl/lbr-stack/install/lbr_moveit/lib/python3.10/site-packages:${PYTHONPATH} /usr/bin/python3 -W ignore:setup.py install is deprecated -W ignore:easy_install command is deprecated setup.py develop --editable --build-directory /home/srl/lbr-stack/build/lbr_moveit/build --no-deps symlink_data
