[0.184s] Invoking command in '/home/srl/lbr-stack/build/my_package': CMAKE_PREFIX_PATH=${CMAKE_PREFIX_PATH}:/home/srl/lbr-stack/install/lbr_demos_py:/home/srl/lbr-stack/install/lbr_moveit:/home/srl/lbr-stack/install/lbr_demos_advanced_py:/opt/ros/humble /usr/bin/cmake /home/srl/lbr-stack/src/my_package -DAMENT_CMAKE_SYMLINK_INSTALL=1 -DCMAKE_INSTALL_PREFIX=/home/srl/lbr-stack/install/my_package
[0.195s] -- Found ament_cmake: 1.3.11 (/opt/ros/humble/share/ament_cmake/cmake)
[0.307s] -- Override CMake install command with custom implementation using symlinks instead of copying resources
[0.336s] -- Found std_msgs: 4.8.0 (/opt/ros/humble/share/std_msgs/cmake)
[0.370s] -- Found rosidl_generator_c: 3.1.6 (/opt/ros/humble/share/rosidl_generator_c/cmake)
[0.373s] -- Found rosidl_adapter: 3.1.6 (/opt/ros/humble/share/rosidl_adapter/cmake)
[0.382s] -- Found rosidl_generator_cpp: 3.1.6 (/opt/ros/humble/share/rosidl_generator_cpp/cmake)
[0.397s] -- Using all available rosidl_typesupport_c: rosidl_typesupport_fastrtps_c;rosidl_typesupport_introspection_c
[0.413s] -- Using all available rosidl_typesupport_cpp: rosidl_typesupport_fastrtps_cpp;rosidl_typesupport_introspection_cpp
[0.441s] -- Found sensor_msgs: 4.8.0 (/opt/ros/humble/share/sensor_msgs/cmake)
[0.480s] -- Found rclcpp: 16.0.12 (/opt/ros/humble/share/rclcpp/cmake)
[0.518s] -- Found rmw_implementation_cmake: 6.1.2 (/opt/ros/humble/share/rmw_implementation_cmake/cmake)
[0.523s] -- Found rmw_fastrtps_cpp: 6.2.7 (/opt/ros/humble/share/rmw_fastrtps_cpp/cmake)
[0.626s] -- Using RMW implementation 'rmw_fastrtps_cpp' as default
[0.659s] -- Found control_msgs: 4.8.0 (/opt/ros/humble/share/control_msgs/cmake)
[0.739s] -- Found rclpy: 3.3.16 (/opt/ros/humble/share/rclpy/cmake)
[0.739s] -- Found gazebo_ros: 3.9.0 (/opt/ros/humble/share/gazebo_ros/cmake)
[0.771s] -- Found DART: /usr/include (Required is at least version "6.6") found components: dart 
[0.798s] -- Found Protobuf: /usr/lib/x86_64-linux-gnu/libprotobuf.so (found version "3.12.4") 
[0.800s] -- Looking for ignition-math6 -- found version 6.15.1
[0.805s] -- Searching for dependencies of ignition-math6
[0.808s] -- Looking for OGRE...
[0.812s] -- Found Ogre Ghadamon (1.9.0)
[0.812s] -- Found OGRE: optimized;/usr/lib/x86_64-linux-gnu/libOgreMain.so;debug;/usr/lib/x86_64-linux-gnu/libOgreMain.so
[0.823s] -- Looking for OGRE_Paging...
[0.823s] -- Found OGRE_Paging: optimized;/usr/lib/x86_64-linux-gnu/libOgrePaging.so;debug;/usr/lib/x86_64-linux-gnu/libOgrePaging.so
[0.823s] -- Looking for OGRE_Terrain...
[0.824s] -- Found OGRE_Terrain: optimized;/usr/lib/x86_64-linux-gnu/libOgreTerrain.so;debug;/usr/lib/x86_64-linux-gnu/libOgreTerrain.so
[0.824s] -- Looking for OGRE_Property...
[0.824s] -- Found OGRE_Property: optimized;/usr/lib/x86_64-linux-gnu/libOgreProperty.so;debug;/usr/lib/x86_64-linux-gnu/libOgreProperty.so
[0.824s] -- Looking for OGRE_RTShaderSystem...
[0.824s] -- Found OGRE_RTShaderSystem: optimized;/usr/lib/x86_64-linux-gnu/libOgreRTShaderSystem.so;debug;/usr/lib/x86_64-linux-gnu/libOgreRTShaderSystem.so
[0.824s] -- Looking for OGRE_Volume...
[0.824s] -- Found OGRE_Volume: optimized;/usr/lib/x86_64-linux-gnu/libOgreVolume.so;debug;/usr/lib/x86_64-linux-gnu/libOgreVolume.so
[0.824s] -- Looking for OGRE_Overlay...
[0.824s] -- Found OGRE_Overlay: optimized;/usr/lib/x86_64-linux-gnu/libOgreOverlay.so;debug;/usr/lib/x86_64-linux-gnu/libOgreOverlay.so
[0.990s] -- Looking for ignition-math6 -- found version 6.15.1
[0.991s] -- Looking for ignition-transport8 -- found version 8.2.1
[0.991s] -- Searching for dependencies of ignition-transport8
[1.006s] -- Found Protobuf: /usr/lib/x86_64-linux-gnu/libprotobuf.so (found suitable version "3.12.4", minimum required is "3") 
[1.016s] -- Config-file not installed for ZeroMQ -- checking for pkg-config
[1.021s] -- Checking for module 'libzmq >= 4'
[1.034s] --   Found libzmq , version 4.3.4
[1.067s] -- Checking for module 'uuid'
[1.078s] --   Found uuid, version 2.37.2
[1.105s] -- Looking for ignition-msgs5 -- found version 5.8.1
[1.105s] -- Searching for dependencies of ignition-msgs5
[1.119s] -- Looking for ignition-math6 -- found version 6.15.1
[1.124s] -- Checking for module 'tinyxml2'
[1.138s] --   Found tinyxml2, version 9.0.0
[1.165s] -- Looking for ignition-msgs5 -- found version 5.8.1
[1.166s] -- Looking for ignition-common3 -- found version 3.14.0
[1.166s] -- Searching for dependencies of ignition-common3
[1.166s] -- Looking for dlfcn.h - found
[1.166s] -- Looking for libdl - found
[1.177s] -- Searching for <ignition-common3> component [graphics]
[1.178s] -- Looking for ignition-common3-graphics -- found version 3.14.0
[1.178s] -- Searching for dependencies of ignition-common3-graphics
[1.179s] -- Looking for ignition-math6 -- found version 6.15.1
[1.181s] -- Looking for ignition-fuel_tools4 -- found version 4.4.0
[1.181s] -- Searching for dependencies of ignition-fuel_tools4
[1.219s] -- Checking for module 'jsoncpp'
[1.233s] --   Found jsoncpp, version 1.9.5
[1.267s] -- Checking for module 'libzip'
[1.282s] --   Found libzip, version 1.7.3
[1.311s] -- Looking for ignition-common3 -- found version 3.14.0
[1.312s] -- Looking for ignition-math6 -- found version 6.15.1
[1.312s] -- Looking for ignition-msgs5 -- found version 5.8.1
[1.314s] -- Gazebo version: 11.10
[1.315s] -- Looking for ignition-math6 -- found version 6.15.1
[1.316s] -- Found ament_lint_auto: 0.12.12 (/opt/ros/humble/share/ament_lint_auto/cmake)
[1.407s] -- Found tf2_ros: 0.25.12 (/opt/ros/humble/share/tf2_ros/cmake)
[1.477s] -- Found tf2_geometry_msgs: 0.25.12 (/opt/ros/humble/share/tf2_geometry_msgs/cmake)
[1.482s] -- Found eigen3_cmake_module: 0.1.1 (/opt/ros/humble/share/eigen3_cmake_module/cmake)
[1.483s] -- Ensuring Eigen3 include directory is part of orocos-kdl CMake target
[1.508s] -- Added test 'cppcheck' to perform static code analysis on C / C++ code
[1.508s] -- Configured cppcheck include dirs: 
[1.508s] -- Configured cppcheck exclude dirs and/or files: 
[1.510s] -- Added test 'flake8' to check Python code syntax and style conventions
[1.513s] -- Added test 'lint_cmake' to check CMake code style
[1.514s] -- Added test 'pep257' to check Python code against some of the docstring style conventions in PEP 257
[1.523s] -- Added test 'uncrustify' to check C / C++ code style
[1.523s] -- Configured uncrustify additional arguments: 
[1.525s] -- Added test 'xmllint' to check XML markup files
[1.526s] -- Configuring done
[1.578s] -- Generating done
[1.600s] -- Build files have been written to: /home/srl/lbr-stack/build/my_package
[1.792s] Invoked command in '/home/srl/lbr-stack/build/my_package' returned '0': CMAKE_PREFIX_PATH=${CMAKE_PREFIX_PATH}:/home/srl/lbr-stack/install/lbr_demos_py:/home/srl/lbr-stack/install/lbr_moveit:/home/srl/lbr-stack/install/lbr_demos_advanced_py:/opt/ros/humble /usr/bin/cmake /home/srl/lbr-stack/src/my_package -DAMENT_CMAKE_SYMLINK_INSTALL=1 -DCMAKE_INSTALL_PREFIX=/home/srl/lbr-stack/install/my_package
[1.794s] Invoking command in '/home/srl/lbr-stack/build/my_package': CMAKE_PREFIX_PATH=${CMAKE_PREFIX_PATH}:/home/srl/lbr-stack/install/lbr_demos_py:/home/srl/lbr-stack/install/lbr_moveit:/home/srl/lbr-stack/install/lbr_demos_advanced_py:/opt/ros/humble /usr/bin/cmake --build /home/srl/lbr-stack/build/my_package -- -j20 -l20
[1.831s] [35m[1mConsolidate compiler generated dependencies of target end_effector_position_node[0m
[1.831s] [35m[1mConsolidate compiler generated dependencies of target joint_state_pub[0m
[1.831s] [35m[1mConsolidate compiler generated dependencies of target reset_position[0m
[1.831s] [35m[1mConsolidate compiler generated dependencies of target position_control[0m
[1.831s] [35m[1mConsolidate compiler generated dependencies of target command_listener[0m
[1.831s] [35m[1mConsolidate compiler generated dependencies of target robot_info_controller[0m
[1.831s] [35m[1mConsolidate compiler generated dependencies of target command_publisher3[0m
[1.831s] [35m[1mConsolidate compiler generated dependencies of target robot_info[0m
[1.831s] [35m[1mConsolidate compiler generated dependencies of target command_publisher2[0m
[1.849s] [  5%] [32mBuilding CXX object CMakeFiles/end_effector_position_node.dir/src/end_effector_position_node.cpp.o[0m
[1.849s] [ 22%] Built target reset_position
[1.849s] [ 33%] Built target position_control
[1.850s] [ 38%] Built target joint_state_pub
[1.850s] [ 50%] Built target command_listener
[1.850s] [ 72%] Built target command_publisher2
[1.850s] [ 72%] Built target robot_info
[1.850s] [ 83%] Built target command_publisher3
[1.850s] [ 94%] Built target robot_info_controller
[4.669s] [100%] [32m[1mLinking CXX executable end_effector_position_node[0m
[4.817s] [100%] Built target end_effector_position_node
[4.827s] Invoked command in '/home/srl/lbr-stack/build/my_package' returned '0': CMAKE_PREFIX_PATH=${CMAKE_PREFIX_PATH}:/home/srl/lbr-stack/install/lbr_demos_py:/home/srl/lbr-stack/install/lbr_moveit:/home/srl/lbr-stack/install/lbr_demos_advanced_py:/opt/ros/humble /usr/bin/cmake --build /home/srl/lbr-stack/build/my_package -- -j20 -l20
[4.829s] Invoking command in '/home/srl/lbr-stack/build/my_package': CMAKE_PREFIX_PATH=${CMAKE_PREFIX_PATH}:/home/srl/lbr-stack/install/lbr_demos_py:/home/srl/lbr-stack/install/lbr_moveit:/home/srl/lbr-stack/install/lbr_demos_advanced_py:/opt/ros/humble /usr/bin/cmake --install /home/srl/lbr-stack/build/my_package
[4.835s] -- Install configuration: ""
[4.835s] -- Execute custom install script
[4.835s] -- Up-to-date symlink: /home/srl/lbr-stack/install/my_package/lib/my_package/position_control_gui.py
[4.836s] -- Up-to-date symlink: /home/srl/lbr-stack/install/my_package/lib/my_package/joint_state_pub
[4.836s] -- Up-to-date symlink: /home/srl/lbr-stack/install/my_package/lib/my_package/command_publisher2
[4.836s] -- Up-to-date symlink: /home/srl/lbr-stack/install/my_package/lib/my_package/command_listener
[4.836s] -- Up-to-date symlink: /home/srl/lbr-stack/install/my_package/lib/my_package/command_publisher3
[4.836s] -- Up-to-date symlink: /home/srl/lbr-stack/install/my_package/lib/my_package/reset_position
[4.836s] -- Up-to-date symlink: /home/srl/lbr-stack/install/my_package/lib/my_package/robot_info
[4.836s] -- Up-to-date symlink: /home/srl/lbr-stack/install/my_package/lib/my_package/robot_info_controller
[4.836s] -- Up-to-date symlink: /home/srl/lbr-stack/install/my_package/lib/my_package/end_effector_position_node
[4.836s] -- Up-to-date symlink: /home/srl/lbr-stack/install/my_package/lib/my_package/position_control
[4.836s] -- Up-to-date symlink: /home/srl/lbr-stack/install/my_package/share/my_package/launch/gazebo_complete.launch.py
[4.836s] -- Up-to-date symlink: /home/srl/lbr-stack/install/my_package/share/my_package/launch/gazebo_for_hardware.launch.py
[4.837s] -- Up-to-date symlink: /home/srl/lbr-stack/install/my_package/share/my_package/launch/gazebo_move.launch.py
[4.837s] -- Up-to-date symlink: /home/srl/lbr-stack/install/my_package/share/my_package/launch/gazebo_simu_robot.launch.py
[4.837s] -- Up-to-date symlink: /home/srl/lbr-stack/install/my_package/share/my_package/launch/hardware_for_gazebo.launch.py
[4.837s] -- Up-to-date symlink: /home/srl/lbr-stack/install/my_package/share/my_package/launch/hardware_gazebo_joint_control.launch.py
[4.837s] -- Up-to-date symlink: /home/srl/lbr-stack/install/my_package/share/my_package/launch/move_group_hw.launch.py
[4.837s] -- Up-to-date symlink: /home/srl/lbr-stack/install/my_package/share/my_package/launch/my.launch.py
[4.837s] -- Up-to-date symlink: /home/srl/lbr-stack/install/my_package/share/my_package/launch/my_launch2.launch.py
[4.837s] -- Up-to-date symlink: /home/srl/lbr-stack/install/my_package/share/my_package/launch/my_launch3.launch.py
[4.837s] -- Up-to-date symlink: /home/srl/lbr-stack/install/my_package/share/my_package/launch/my_launch_rviz.launch.py
[4.837s] -- Up-to-date symlink: /home/srl/lbr-stack/install/my_package/share/my_package/launch/my_position.launch.py
[4.837s] -- Up-to-date symlink: /home/srl/lbr-stack/install/my_package/share/my_package/launch/my_reset.launch.py
[4.837s] -- Up-to-date symlink: /home/srl/lbr-stack/install/my_package/share/my_package/launch/my_robot_info.launch.py
[4.837s] -- Up-to-date symlink: /home/srl/lbr-stack/install/my_package/share/ament_index/resource_index/package_run_dependencies/my_package
[4.838s] -- Up-to-date symlink: /home/srl/lbr-stack/install/my_package/share/ament_index/resource_index/parent_prefix_path/my_package
[4.838s] -- Up-to-date symlink: /home/srl/lbr-stack/install/my_package/share/my_package/environment/ament_prefix_path.sh
[4.838s] -- Up-to-date symlink: /home/srl/lbr-stack/install/my_package/share/my_package/environment/ament_prefix_path.dsv
[4.838s] -- Up-to-date symlink: /home/srl/lbr-stack/install/my_package/share/my_package/environment/path.sh
[4.838s] -- Up-to-date symlink: /home/srl/lbr-stack/install/my_package/share/my_package/environment/path.dsv
[4.838s] -- Up-to-date symlink: /home/srl/lbr-stack/install/my_package/share/my_package/local_setup.bash
[4.838s] -- Up-to-date symlink: /home/srl/lbr-stack/install/my_package/share/my_package/local_setup.sh
[4.838s] -- Up-to-date symlink: /home/srl/lbr-stack/install/my_package/share/my_package/local_setup.zsh
[4.838s] -- Up-to-date symlink: /home/srl/lbr-stack/install/my_package/share/my_package/local_setup.dsv
[4.838s] -- Symlinking: /home/srl/lbr-stack/install/my_package/share/my_package/package.dsv
[4.843s] -- Up-to-date symlink: /home/srl/lbr-stack/install/my_package/share/ament_index/resource_index/packages/my_package
[4.843s] -- Up-to-date symlink: /home/srl/lbr-stack/install/my_package/share/my_package/cmake/my_packageConfig.cmake
[4.843s] -- Up-to-date symlink: /home/srl/lbr-stack/install/my_package/share/my_package/cmake/my_packageConfig-version.cmake
[4.843s] -- Up-to-date symlink: /home/srl/lbr-stack/install/my_package/share/my_package/package.xml
[4.845s] Invoked command in '/home/srl/lbr-stack/build/my_package' returned '0': CMAKE_PREFIX_PATH=${CMAKE_PREFIX_PATH}:/home/srl/lbr-stack/install/lbr_demos_py:/home/srl/lbr-stack/install/lbr_moveit:/home/srl/lbr-stack/install/lbr_demos_advanced_py:/opt/ros/humble /usr/bin/cmake --install /home/srl/lbr-stack/build/my_package
