[0.009s] Invoking command in '/home/srl/lbr-stack/build/my_package': CMAKE_PREFIX_PATH=${CMAKE_PREFIX_PATH}:/home/srl/lbr-stack/install/lbr_demos_py:/home/srl/lbr-stack/install/lbr_moveit:/home/srl/lbr-stack/install/lbr_demos_advanced_py:/opt/ros/humble /usr/bin/cmake /home/srl/lbr-stack/src/my_package -DCMAKE_INSTALL_PREFIX=/home/srl/lbr-stack/install/my_package
[0.022s] -- Found ament_cmake: 1.3.11 (/opt/ros/humble/share/ament_cmake/cmake)
[0.112s] -- Override CMake install command with custom implementation using symlinks instead of copying resources
[0.116s] -- Found std_msgs: 4.8.0 (/opt/ros/humble/share/std_msgs/cmake)
[0.132s] -- Found rosidl_generator_c: 3.1.6 (/opt/ros/humble/share/rosidl_generator_c/cmake)
[0.133s] -- Found rosidl_adapter: 3.1.6 (/opt/ros/humble/share/rosidl_adapter/cmake)
[0.137s] -- Found rosidl_generator_cpp: 3.1.6 (/opt/ros/humble/share/rosidl_generator_cpp/cmake)
[0.144s] -- Using all available rosidl_typesupport_c: rosidl_typesupport_fastrtps_c;rosidl_typesupport_introspection_c
[0.152s] -- Using all available rosidl_typesupport_cpp: rosidl_typesupport_fastrtps_cpp;rosidl_typesupport_introspection_cpp
[0.166s] -- Found sensor_msgs: 4.8.0 (/opt/ros/humble/share/sensor_msgs/cmake)
[0.187s] -- Found rclcpp: 16.0.12 (/opt/ros/humble/share/rclcpp/cmake)
[0.204s] -- Found rmw_implementation_cmake: 6.1.2 (/opt/ros/humble/share/rmw_implementation_cmake/cmake)
[0.205s] -- Found rmw_fastrtps_cpp: 6.2.7 (/opt/ros/humble/share/rmw_fastrtps_cpp/cmake)
[0.285s] -- Using RMW implementation 'rmw_fastrtps_cpp' as default
[0.309s] -- Found control_msgs: 4.8.0 (/opt/ros/humble/share/control_msgs/cmake)
[0.352s] -- Found rclpy: 3.3.16 (/opt/ros/humble/share/rclpy/cmake)
[0.352s] -- Found gazebo_ros: 3.9.0 (/opt/ros/humble/share/gazebo_ros/cmake)
[0.377s] -- Found DART: /usr/include (Required is at least version "6.6") found components: dart 
[0.397s] -- Found Protobuf: /usr/lib/x86_64-linux-gnu/libprotobuf.so (found version "3.12.4") 
[0.398s] -- Looking for ignition-math6 -- found version 6.15.1
[0.401s] -- Searching for dependencies of ignition-math6
[0.403s] -- Looking for OGRE...
[0.407s] -- Found Ogre Ghadamon (1.9.0)
[0.407s] -- Found OGRE: optimized;/usr/lib/x86_64-linux-gnu/libOgreMain.so;debug;/usr/lib/x86_64-linux-gnu/libOgreMain.so
[0.414s] -- Looking for OGRE_Paging...
[0.414s] -- Found OGRE_Paging: optimized;/usr/lib/x86_64-linux-gnu/libOgrePaging.so;debug;/usr/lib/x86_64-linux-gnu/libOgrePaging.so
[0.414s] -- Looking for OGRE_Terrain...
[0.415s] -- Found OGRE_Terrain: optimized;/usr/lib/x86_64-linux-gnu/libOgreTerrain.so;debug;/usr/lib/x86_64-linux-gnu/libOgreTerrain.so
[0.415s] -- Looking for OGRE_Property...
[0.415s] -- Found OGRE_Property: optimized;/usr/lib/x86_64-linux-gnu/libOgreProperty.so;debug;/usr/lib/x86_64-linux-gnu/libOgreProperty.so
[0.415s] -- Looking for OGRE_RTShaderSystem...
[0.415s] -- Found OGRE_RTShaderSystem: optimized;/usr/lib/x86_64-linux-gnu/libOgreRTShaderSystem.so;debug;/usr/lib/x86_64-linux-gnu/libOgreRTShaderSystem.so
[0.415s] -- Looking for OGRE_Volume...
[0.415s] -- Found OGRE_Volume: optimized;/usr/lib/x86_64-linux-gnu/libOgreVolume.so;debug;/usr/lib/x86_64-linux-gnu/libOgreVolume.so
[0.415s] -- Looking for OGRE_Overlay...
[0.415s] -- Found OGRE_Overlay: optimized;/usr/lib/x86_64-linux-gnu/libOgreOverlay.so;debug;/usr/lib/x86_64-linux-gnu/libOgreOverlay.so
[0.525s] -- Looking for ignition-math6 -- found version 6.15.1
[0.525s] -- Looking for ignition-transport8 -- found version 8.2.1
[0.526s] -- Searching for dependencies of ignition-transport8
[0.540s] -- Found Protobuf: /usr/lib/x86_64-linux-gnu/libprotobuf.so (found suitable version "3.12.4", minimum required is "3") 
[0.548s] -- Config-file not installed for ZeroMQ -- checking for pkg-config
[0.552s] -- Checking for module 'libzmq >= 4'
[0.565s] --   Found libzmq , version 4.3.4
[0.598s] -- Checking for module 'uuid'
[0.609s] --   Found uuid, version 2.37.2
[0.634s] -- Looking for ignition-msgs5 -- found version 5.8.1
[0.634s] -- Searching for dependencies of ignition-msgs5
[0.649s] -- Looking for ignition-math6 -- found version 6.15.1
[0.652s] -- Checking for module 'tinyxml2'
[0.665s] --   Found tinyxml2, version 9.0.0
[0.692s] -- Looking for ignition-msgs5 -- found version 5.8.1
[0.692s] -- Looking for ignition-common3 -- found version 3.14.0
[0.693s] -- Searching for dependencies of ignition-common3
[0.693s] -- Looking for dlfcn.h - found
[0.693s] -- Looking for libdl - found
[0.702s] -- Searching for <ignition-common3> component [graphics]
[0.702s] -- Looking for ignition-common3-graphics -- found version 3.14.0
[0.703s] -- Searching for dependencies of ignition-common3-graphics
[0.703s] -- Looking for ignition-math6 -- found version 6.15.1
[0.704s] -- Looking for ignition-fuel_tools4 -- found version 4.4.0
[0.704s] -- Searching for dependencies of ignition-fuel_tools4
[0.736s] -- Checking for module 'jsoncpp'
[0.748s] --   Found jsoncpp, version 1.9.5
[0.780s] -- Checking for module 'libzip'
[0.792s] --   Found libzip, version 1.7.3
[0.819s] -- Looking for ignition-common3 -- found version 3.14.0
[0.819s] -- Looking for ignition-math6 -- found version 6.15.1
[0.819s] -- Looking for ignition-msgs5 -- found version 5.8.1
[0.820s] -- Gazebo version: 11.10
[0.821s] -- Looking for ignition-math6 -- found version 6.15.1
[0.821s] -- Found ament_lint_auto: 0.12.12 (/opt/ros/humble/share/ament_lint_auto/cmake)
[0.885s] -- Found tf2_ros: 0.25.12 (/opt/ros/humble/share/tf2_ros/cmake)
[0.924s] -- Found tf2_geometry_msgs: 0.25.12 (/opt/ros/humble/share/tf2_geometry_msgs/cmake)
[0.927s] -- Found eigen3_cmake_module: 0.1.1 (/opt/ros/humble/share/eigen3_cmake_module/cmake)
[0.927s] -- Ensuring Eigen3 include directory is part of orocos-kdl CMake target
[0.946s] -- Added test 'cppcheck' to perform static code analysis on C / C++ code
[0.946s] -- Configured cppcheck include dirs: 
[0.946s] -- Configured cppcheck exclude dirs and/or files: 
[0.946s] -- Added test 'flake8' to check Python code syntax and style conventions
[0.948s] -- Added test 'lint_cmake' to check CMake code style
[0.948s] -- Added test 'pep257' to check Python code against some of the docstring style conventions in PEP 257
[0.953s] -- Added test 'uncrustify' to check C / C++ code style
[0.953s] -- Configured uncrustify additional arguments: 
[0.954s] -- Added test 'xmllint' to check XML markup files
[0.954s] -- Configuring done
[0.978s] -- Generating done
[0.989s] -- Build files have been written to: /home/srl/lbr-stack/build/my_package
[0.996s] Invoked command in '/home/srl/lbr-stack/build/my_package' returned '0': CMAKE_PREFIX_PATH=${CMAKE_PREFIX_PATH}:/home/srl/lbr-stack/install/lbr_demos_py:/home/srl/lbr-stack/install/lbr_moveit:/home/srl/lbr-stack/install/lbr_demos_advanced_py:/opt/ros/humble /usr/bin/cmake /home/srl/lbr-stack/src/my_package -DCMAKE_INSTALL_PREFIX=/home/srl/lbr-stack/install/my_package
[0.998s] Invoking command in '/home/srl/lbr-stack/build/my_package': CMAKE_PREFIX_PATH=${CMAKE_PREFIX_PATH}:/home/srl/lbr-stack/install/lbr_demos_py:/home/srl/lbr-stack/install/lbr_moveit:/home/srl/lbr-stack/install/lbr_demos_advanced_py:/opt/ros/humble /usr/bin/cmake --build /home/srl/lbr-stack/build/my_package -- -j20 -l20
[1.032s] [35m[1mConsolidate compiler generated dependencies of target command_listener[0m
[1.032s] [35m[1mConsolidate compiler generated dependencies of target robot_info_controller[0m
[1.033s] [35m[1mConsolidate compiler generated dependencies of target robot_info[0m
[1.033s] [35m[1mConsolidate compiler generated dependencies of target command_publisher3[0m
[1.033s] [35m[1mConsolidate compiler generated dependencies of target end_effector_position_node[0m
[1.033s] [35m[1mConsolidate compiler generated dependencies of target command_publisher2[0m
[1.034s] [35m[1mConsolidate compiler generated dependencies of target reset_position[0m
[1.034s] [35m[1mConsolidate compiler generated dependencies of target position_control[0m
[1.041s] [  5%] [32mBuilding CXX object CMakeFiles/joint_state_pub.dir/src/joint_state_pub.cpp.o[0m
[1.045s] [ 16%] Built target command_publisher3
[1.046s] [ 27%] Built target robot_info
[1.046s] [ 38%] Built target position_control
[1.046s] [ 50%] Built target reset_position
[1.046s] [ 61%] Built target robot_info_controller
[1.047s] [ 72%] Built target command_listener
[1.048s] [ 83%] Built target command_publisher2
[1.049s] [ 94%] Built target end_effector_position_node
[3.770s] [100%] [32m[1mLinking CXX executable joint_state_pub[0m
[3.909s] [100%] Built target joint_state_pub
[3.919s] Invoked command in '/home/srl/lbr-stack/build/my_package' returned '0': CMAKE_PREFIX_PATH=${CMAKE_PREFIX_PATH}:/home/srl/lbr-stack/install/lbr_demos_py:/home/srl/lbr-stack/install/lbr_moveit:/home/srl/lbr-stack/install/lbr_demos_advanced_py:/opt/ros/humble /usr/bin/cmake --build /home/srl/lbr-stack/build/my_package -- -j20 -l20
[3.926s] Invoking command in '/home/srl/lbr-stack/build/my_package': CMAKE_PREFIX_PATH=${CMAKE_PREFIX_PATH}:/home/srl/lbr-stack/install/lbr_demos_py:/home/srl/lbr-stack/install/lbr_moveit:/home/srl/lbr-stack/install/lbr_demos_advanced_py:/opt/ros/humble /usr/bin/cmake --install /home/srl/lbr-stack/build/my_package
[3.931s] -- Install configuration: ""
[3.931s] -- Execute custom install script
[3.931s] -- Up-to-date symlink: /home/srl/lbr-stack/install/my_package/lib/my_package/position_control_gui.py
[3.932s] -- Symlinking: /home/srl/lbr-stack/install/my_package/lib/my_package/joint_state_pub
[3.939s] -- Up-to-date symlink: /home/srl/lbr-stack/install/my_package/lib/my_package/command_publisher2
[3.939s] -- Up-to-date symlink: /home/srl/lbr-stack/install/my_package/lib/my_package/command_listener
[3.939s] -- Up-to-date symlink: /home/srl/lbr-stack/install/my_package/lib/my_package/command_publisher3
[3.939s] -- Up-to-date symlink: /home/srl/lbr-stack/install/my_package/lib/my_package/reset_position
[3.939s] -- Up-to-date symlink: /home/srl/lbr-stack/install/my_package/lib/my_package/robot_info
[3.939s] -- Up-to-date symlink: /home/srl/lbr-stack/install/my_package/lib/my_package/robot_info_controller
[3.939s] -- Up-to-date symlink: /home/srl/lbr-stack/install/my_package/lib/my_package/end_effector_position_node
[3.939s] -- Up-to-date symlink: /home/srl/lbr-stack/install/my_package/lib/my_package/position_control
[3.940s] -- Up-to-date symlink: /home/srl/lbr-stack/install/my_package/share/my_package/launch/gazebo_complete.launch.py
[3.940s] -- Up-to-date symlink: /home/srl/lbr-stack/install/my_package/share/my_package/launch/gazebo_for_hardware.launch.py
[3.940s] -- Up-to-date symlink: /home/srl/lbr-stack/install/my_package/share/my_package/launch/gazebo_move.launch.py
[3.940s] -- Up-to-date symlink: /home/srl/lbr-stack/install/my_package/share/my_package/launch/gazebo_simu_robot.launch.py
[3.940s] -- Up-to-date symlink: /home/srl/lbr-stack/install/my_package/share/my_package/launch/hardware_for_gazebo.launch.py
[3.940s] -- Up-to-date symlink: /home/srl/lbr-stack/install/my_package/share/my_package/launch/hardware_gazebo_joint_control.launch.py
[3.940s] -- Up-to-date symlink: /home/srl/lbr-stack/install/my_package/share/my_package/launch/move_group_hw.launch.py
[3.940s] -- Up-to-date symlink: /home/srl/lbr-stack/install/my_package/share/my_package/launch/my.launch.py
[3.940s] -- Up-to-date symlink: /home/srl/lbr-stack/install/my_package/share/my_package/launch/my_launch2.launch.py
[3.940s] -- Up-to-date symlink: /home/srl/lbr-stack/install/my_package/share/my_package/launch/my_launch3.launch.py
[3.940s] -- Up-to-date symlink: /home/srl/lbr-stack/install/my_package/share/my_package/launch/my_launch_rviz.launch.py
[3.940s] -- Up-to-date symlink: /home/srl/lbr-stack/install/my_package/share/my_package/launch/my_position.launch.py
[3.940s] -- Up-to-date symlink: /home/srl/lbr-stack/install/my_package/share/my_package/launch/my_reset.launch.py
[3.940s] -- Up-to-date symlink: /home/srl/lbr-stack/install/my_package/share/my_package/launch/my_robot_info.launch.py
[3.940s] -- Up-to-date symlink: /home/srl/lbr-stack/install/my_package/share/ament_index/resource_index/package_run_dependencies/my_package
[3.940s] -- Up-to-date symlink: /home/srl/lbr-stack/install/my_package/share/ament_index/resource_index/parent_prefix_path/my_package
[3.940s] -- Up-to-date symlink: /home/srl/lbr-stack/install/my_package/share/my_package/environment/ament_prefix_path.sh
[3.940s] -- Up-to-date symlink: /home/srl/lbr-stack/install/my_package/share/my_package/environment/ament_prefix_path.dsv
[3.941s] -- Up-to-date symlink: /home/srl/lbr-stack/install/my_package/share/my_package/environment/path.sh
[3.941s] -- Up-to-date symlink: /home/srl/lbr-stack/install/my_package/share/my_package/environment/path.dsv
[3.941s] -- Up-to-date symlink: /home/srl/lbr-stack/install/my_package/share/my_package/local_setup.bash
[3.941s] -- Up-to-date symlink: /home/srl/lbr-stack/install/my_package/share/my_package/local_setup.sh
[3.941s] -- Up-to-date symlink: /home/srl/lbr-stack/install/my_package/share/my_package/local_setup.zsh
[3.941s] -- Up-to-date symlink: /home/srl/lbr-stack/install/my_package/share/my_package/local_setup.dsv
[3.941s] -- Symlinking: /home/srl/lbr-stack/install/my_package/share/my_package/package.dsv
[3.947s] -- Up-to-date symlink: /home/srl/lbr-stack/install/my_package/share/ament_index/resource_index/packages/my_package
[3.947s] -- Up-to-date symlink: /home/srl/lbr-stack/install/my_package/share/my_package/cmake/my_packageConfig.cmake
[3.947s] -- Up-to-date symlink: /home/srl/lbr-stack/install/my_package/share/my_package/cmake/my_packageConfig-version.cmake
[3.947s] -- Up-to-date symlink: /home/srl/lbr-stack/install/my_package/share/my_package/package.xml
[3.949s] Invoked command in '/home/srl/lbr-stack/build/my_package' returned '0': CMAKE_PREFIX_PATH=${CMAKE_PREFIX_PATH}:/home/srl/lbr-stack/install/lbr_demos_py:/home/srl/lbr-stack/install/lbr_moveit:/home/srl/lbr-stack/install/lbr_demos_advanced_py:/opt/ros/humble /usr/bin/cmake --install /home/srl/lbr-stack/build/my_package
