[0.010s] Invoking command in '/home/srl/lbr-stack/build/ros_ign_gazebo': CMAKE_PREFIX_PATH=/home/srl/lbr-stack/install/ros_gz_sim:/home/srl/lbr-stack/install/test_ros_gz_bridge:/home/srl/lbr-stack/install/test_package:/home/srl/lbr-stack/install/ros_ign_interfaces:/home/srl/lbr-stack/install/ros_ign:/home/srl/lbr-stack/install/ros_ign_image:/home/srl/lbr-stack/install/ros_ign_gazebo_demos:/home/srl/lbr-stack/install/ros_ign_gazebo:/home/srl/lbr-stack/install/ros_ign_bridge:/home/srl/lbr-stack/install/ros_gz:/home/srl/lbr-stack/install/ros_gz_sim_demos:/home/srl/lbr-stack/install/lbr_fri_ros2_stack:/home/srl/lbr-stack/install/lbr_demos_cpp:/home/srl/lbr-stack/install/lbr_bringup:/home/srl/lbr-stack/install/ign_ros2_control_demos:/home/srl/lbr-stack/install/gz_ros2_control_demos:/home/srl/lbr-stack/install/ros_gz_image:/home/srl/lbr-stack/install/ros_gz_bridge:/home/srl/lbr-stack/install/ros_gz_interfaces:/home/srl/lbr-stack/install/my_package:/home/srl/lbr-stack/install/med7_moveit_config:/home/srl/lbr-stack/install/med14_moveit_config:/home/srl/lbr-stack/install/lbr_ros2_control:/home/srl/lbr-stack/install/lbr_moveit_cpp:/home/srl/lbr-stack/install/lbr_gazebo_models:/home/srl/lbr-stack/install/lbr_demos_advanced_cpp:/home/srl/lbr-stack/install/lbr_fri_ros2:/home/srl/lbr-stack/install/lbr_fri_idl:/home/srl/lbr-stack/install/iiwa7_moveit_config:/home/srl/lbr-stack/install/iiwa14_moveit_config:/home/srl/lbr-stack/install/lbr_description:/home/srl/lbr-stack/install/ign_ros2_control:/home/srl/lbr-stack/install/gz_ros2_control_tests:/home/srl/lbr-stack/install/gz_ros2_control:/home/srl/lbr-stack/install/fri_client_sdk:/home/srl/lbr-stack/install/lbr_demos_py:/home/srl/lbr-stack/install/lbr_moveit:/home/srl/lbr-stack/install/lbr_demos_advanced_py:/opt/ros/humble LD_LIBRARY_PATH=/home/srl/lbr-stack/install/ros_gz_sim/lib:/home/srl/lbr-stack/install/test_package/lib:/home/srl/lbr-stack/install/ros_ign_interfaces/lib:/home/srl/lbr-stack/install/ros_gz_bridge/lib:/home/srl/lbr-stack/install/ros_gz_interfaces/lib:/home/srl/lbr-stack/install/lbr_ros2_control/lib:/home/srl/lbr-stack/install/lbr_demos_advanced_cpp/lib:/home/srl/lbr-stack/install/lbr_fri_ros2/lib:/home/srl/lbr-stack/install/lbr_fri_idl/lib:/home/srl/lbr-stack/install/gz_ros2_control/lib:/home/srl/lbr-stack/install/fri_client_sdk/lib:/usr/lib/x86_64-linux-gnu/gazebo-11/plugins:/opt/ros/humble/opt/rviz_ogre_vendor/lib:/opt/ros/humble/lib/x86_64-linux-gnu:/opt/ros/humble/lib /usr/bin/cmake /home/srl/lbr-stack/ros_gz/ros_ign_gazebo -DAMENT_CMAKE_SYMLINK_INSTALL=1 -DCMAKE_INSTALL_PREFIX=/home/srl/lbr-stack/install/ros_ign_gazebo
[0.057s] -- The C compiler identification is GNU 11.4.0
[0.102s] -- The CXX compiler identification is GNU 11.4.0
[0.108s] -- Detecting C compiler ABI info
[0.167s] -- Detecting C compiler ABI info - done
[0.172s] -- Check for working C compiler: /usr/bin/cc - skipped
[0.172s] -- Detecting C compile features
[0.172s] -- Detecting C compile features - done
[0.175s] -- Detecting CXX compiler ABI info
[0.242s] -- Detecting CXX compiler ABI info - done
[0.247s] -- Check for working CXX compiler: /usr/bin/c++ - skipped
[0.247s] -- Detecting CXX compile features
[0.248s] -- Detecting CXX compile features - done
[0.250s] -- Found ament_cmake: 1.3.11 (/opt/ros/humble/share/ament_cmake/cmake)
[0.377s] -- Found Python3: /usr/bin/python3 (found version "3.10.12") found components: Interpreter 
[0.430s] -- Override CMake install command with custom implementation using symlinks instead of copying resources
[0.457s] -- Found ament_index_cpp: 1.4.0 (/opt/ros/humble/share/ament_index_cpp/cmake)
[0.460s] -- Looking for ignition-gazebo6 -- found version 6.17.0
[0.464s] -- Searching for dependencies of ignition-gazebo6
[0.467s] -- Looking for sdformat12 -- found version 12.8.0
[0.467s] -- Searching for dependencies of sdformat12
[0.472s] -- Checking for module 'tinyxml2'
[0.484s] --   Found tinyxml2, version 9.0.0
[0.520s] -- Looking for ignition-math6 -- found version 6.15.1
[0.520s] -- Searching for dependencies of ignition-math6
[0.522s] -- Looking for ignition-utils1 -- found version 1.5.1
[0.523s] -- Searching for dependencies of ignition-utils1
[0.525s] -- Looking for ignition-plugin1 -- found version 1.4.0
[0.526s] -- Searching for dependencies of ignition-plugin1
[0.526s] -- Searching for <ignition-plugin1> component [loader]
[0.528s] -- Looking for ignition-plugin1-loader -- found version 1.4.0
[0.528s] -- Searching for dependencies of ignition-plugin1-loader
[0.528s] -- Searching for <ignition-plugin1> component [register]
[0.530s] -- Looking for ignition-plugin1-register -- found version 1.4.0
[0.531s] -- Searching for dependencies of ignition-plugin1-register
[0.533s] -- Looking for ignition-transport11 -- found version 11.4.1
[0.533s] -- Searching for dependencies of ignition-transport11
[0.685s] -- Found Protobuf: /usr/lib/x86_64-linux-gnu/libprotobuf.so (found version "3.12.4") 
[0.695s] -- Config-file not installed for ZeroMQ -- checking for pkg-config
[0.699s] -- Checking for module 'libzmq >= 4'
[0.712s] --   Found libzmq , version 4.3.4
[0.745s] -- Found ZeroMQ: TRUE (Required is at least version "4") 
[0.749s] -- Checking for module 'uuid'
[0.764s] --   Found uuid, version 2.37.2
[0.796s] -- Found UUID: TRUE  
[0.796s] -- Looking for ignition-utils1 -- found version 1.5.1
[0.796s] -- Searching for dependencies of ignition-utils1
[0.796s] -- Searching for <ignition-utils1> component [cli]
[0.798s] -- Looking for ignition-utils1-cli -- found version 1.5.1
[0.798s] -- Searching for dependencies of ignition-utils1-cli
[0.802s] -- Looking for ignition-msgs8 -- found version 8.7.0
[0.802s] -- Searching for dependencies of ignition-msgs8
[0.815s] -- Found Protobuf: /usr/lib/x86_64-linux-gnu/libprotobuf.so (found suitable version "3.12.4", minimum required is "3") 
[0.816s] -- Looking for ignition-math6 -- found version 6.15.1
[0.827s] -- Searching for <ignition-transport11> component [log]
[0.830s] -- Looking for ignition-transport11-log -- found version 11.4.1
[0.831s] -- Searching for dependencies of ignition-transport11-log
[0.831s] -- Searching for <ignition-transport11> component [parameters]
[0.835s] -- Looking for ignition-transport11-parameters -- found version 11.4.1
[0.835s] -- Searching for dependencies of ignition-transport11-parameters
[0.836s] -- Looking for ignition-msgs8 -- found version 8.7.0
[0.840s] -- Looking for ignition-common4 -- found version 4.7.0
[0.841s] -- Searching for dependencies of ignition-common4
[0.841s] -- Looking for dlfcn.h - found
[0.843s] -- Looking for libdl - found
[0.844s] -- Found DL: TRUE  
[0.853s] -- Searching for <ignition-common4> component [profiler]
[0.856s] -- Looking for ignition-common4-profiler -- found version 4.7.0
[0.856s] -- Searching for dependencies of ignition-common4-profiler
[0.857s] -- Searching for <ignition-common4> component [events]
[0.859s] -- Looking for ignition-common4-events -- found version 4.7.0
[0.860s] -- Searching for dependencies of ignition-common4-events
[0.860s] -- Looking for ignition-math6 -- found version 6.15.1
[0.860s] -- Searching for <ignition-common4> component [av]
[0.863s] -- Looking for ignition-common4-av -- found version 4.7.0
[0.863s] -- Searching for dependencies of ignition-common4-av
[0.869s] -- Checking for module 'libswscale'
[0.882s] --   Found libswscale, version 5.9.100
[0.915s] -- Found SWSCALE: TRUE  
[0.920s] -- Checking for module 'libavdevice >= 56.4.100'
[0.935s] --   Found libavdevice , version 58.13.100
[0.970s] -- Found AVDEVICE: TRUE (Required is at least version "56.4.100") 
[0.975s] -- Checking for module 'libavformat'
[0.988s] --   Found libavformat, version 58.76.100
[1.022s] -- Found AVFORMAT: TRUE  
[1.026s] -- Checking for module 'libavcodec'
[1.040s] --   Found libavcodec, version 58.134.100
[1.073s] -- Found AVCODEC: TRUE  
[1.078s] -- Checking for module 'libavutil'
[1.093s] --   Found libavutil, version 56.70.100
[1.127s] -- Found AVUTIL: TRUE  
[1.129s] -- Looking for ignition-fuel_tools7 -- found version 7.3.1
[1.129s] -- Searching for dependencies of ignition-fuel_tools7
[1.203s] -- Found CURL: /usr/lib/x86_64-linux-gnu/libcurl.so (found version "7.81.0")  
[1.211s] -- Checking for module 'jsoncpp'
[1.225s] --   Found jsoncpp, version 1.9.5
[1.255s] -- Found JSONCPP: TRUE  
[1.261s] -- Checking for module 'libzip'
[1.275s] --   Found libzip, version 1.7.3
[1.307s] -- Found ZIP: TRUE  
[1.307s] -- Looking for ignition-common4 -- found version 4.7.0
[1.308s] -- Looking for ignition-math6 -- found version 6.15.1
[1.308s] -- Looking for ignition-msgs8 -- found version 8.7.0
[1.311s] -- Looking for ignition-gui6 -- found version 6.8.0
[1.311s] -- Searching for dependencies of ignition-gui6
[1.333s] -- Looking for ignition-math6 -- found version 6.15.1
[1.334s] -- Looking for ignition-common4 -- found version 4.7.0
[1.334s] -- Looking for ignition-plugin1 -- found version 1.4.0
[1.335s] -- Looking for ignition-transport11 -- found version 11.4.1
[1.337s] -- Looking for ignition-rendering6 -- found version 6.6.3
[1.337s] -- Searching for dependencies of ignition-rendering6
[1.338s] -- Looking for ignition-math6 -- found version 6.15.1
[1.338s] -- Searching for dependencies of ignition-math6
[1.338s] -- Searching for <ignition-math6> component [eigen3]
[1.341s] -- Looking for ignition-math6-eigen3 -- found version 6.15.1
[1.341s] -- Searching for dependencies of ignition-math6-eigen3
[1.348s] -- Looking for ignition-common4 -- found version 4.7.0
[1.348s] -- Searching for dependencies of ignition-common4
[1.348s] -- Looking for dlfcn.h - found
[1.348s] -- Looking for libdl - found
[1.359s] -- Searching for <ignition-common4> component [graphics]
[1.362s] -- Looking for ignition-common4-graphics -- found version 4.7.0
[1.362s] -- Searching for dependencies of ignition-common4-graphics
[1.362s] -- Looking for ignition-math6 -- found version 6.15.1
[1.363s] -- Looking for ignition-utils1 -- found version 1.5.1
[1.363s] -- Searching for <ignition-common4> component [events]
[1.364s] -- Looking for ignition-plugin1 -- found version 1.4.0
[1.364s] -- Searching for dependencies of ignition-plugin1
[1.364s] -- Searching for <ignition-plugin1> component [all]
[1.367s] -- Looking for all libraries of ignition-plugin1 -- found version 1.4.0
[1.367s] -- Looking for ignition-plugin1 -- found version 1.4.0
[1.369s] -- Looking for ignition-msgs8 -- found version 8.7.0
[1.385s] -- Looking for ignition-physics5 -- found version 5.3.2
[1.385s] -- Searching for dependencies of ignition-physics5
[1.385s] -- Looking for ignition-math6 -- found version 6.15.1
[1.386s] -- Looking for ignition-plugin1 -- found version 1.4.0
[1.386s] -- Looking for ignition-utils1 -- found version 1.5.1
[1.387s] -- Searching for <ignition-physics5> component [heightmap]
[1.389s] -- Looking for ignition-physics5-heightmap -- found version 5.3.2
[1.389s] -- Searching for dependencies of ignition-physics5-heightmap
[1.390s] -- Looking for ignition-common4 -- found version 4.7.0
[1.390s] -- Searching for <ignition-physics5> component [mesh]
[1.392s] -- Looking for ignition-physics5-mesh -- found version 5.3.2
[1.393s] -- Searching for dependencies of ignition-physics5-mesh
[1.393s] -- Looking for ignition-common4 -- found version 4.7.0
[1.394s] -- Searching for <ignition-physics5> component [sdf]
[1.396s] -- Looking for ignition-physics5-sdf -- found version 5.3.2
[1.396s] -- Searching for dependencies of ignition-physics5-sdf
[1.397s] -- Looking for sdformat12 -- found version 12.8.0
[1.399s] -- Looking for ignition-sensors6 -- found version 6.8.1
[1.399s] -- Searching for dependencies of ignition-sensors6
[1.414s] -- Found Protobuf: /usr/lib/x86_64-linux-gnu/libprotobuf.so (found version "3.12.4") 
[1.414s] -- Looking for ignition-math6 -- found version 6.15.1
[1.415s] -- Looking for ignition-common4 -- found version 4.7.0
[1.415s] -- Looking for ignition-transport11 -- found version 11.4.1
[1.416s] -- Looking for ignition-rendering6 -- found version 6.6.3
[1.416s] -- Looking for ignition-msgs8 -- found version 8.7.0
[1.416s] -- Looking for sdformat12 -- found version 12.8.0
[1.417s] -- Searching for <ignition-sensors6> component [air_pressure]
[1.419s] -- Looking for ignition-sensors6-air_pressure -- found version 6.8.1
[1.420s] -- Searching for dependencies of ignition-sensors6-air_pressure
[1.420s] -- Searching for <ignition-sensors6> component [altimeter]
[1.422s] -- Looking for ignition-sensors6-altimeter -- found version 6.8.1
[1.423s] -- Searching for dependencies of ignition-sensors6-altimeter
[1.423s] -- Searching for <ignition-sensors6> component [imu]
[1.425s] -- Looking for ignition-sensors6-imu -- found version 6.8.1
[1.425s] -- Searching for dependencies of ignition-sensors6-imu
[1.425s] -- Searching for <ignition-sensors6> component [force_torque]
[1.427s] -- Looking for ignition-sensors6-force_torque -- found version 6.8.1
[1.427s] -- Searching for dependencies of ignition-sensors6-force_torque
[1.428s] -- Searching for <ignition-sensors6> component [logical_camera]
[1.430s] -- Looking for ignition-sensors6-logical_camera -- found version 6.8.1
[1.430s] -- Searching for dependencies of ignition-sensors6-logical_camera
[1.430s] -- Searching for <ignition-sensors6> component [magnetometer]
[1.433s] -- Looking for ignition-sensors6-magnetometer -- found version 6.8.1
[1.433s] -- Searching for dependencies of ignition-sensors6-magnetometer
[1.433s] -- Searching for <ignition-sensors6> component [navsat]
[1.435s] -- Looking for ignition-sensors6-navsat -- found version 6.8.1
[1.435s] -- Searching for dependencies of ignition-sensors6-navsat
[1.436s] -- Searching for <ignition-sensors6> component [rendering]
[1.438s] -- Looking for ignition-sensors6-rendering -- found version 6.8.1
[1.438s] -- Searching for dependencies of ignition-sensors6-rendering
[1.438s] -- Searching for <ignition-sensors6> component [lidar]
[1.440s] -- Looking for ignition-sensors6-lidar -- found version 6.8.1
[1.440s] -- Searching for dependencies of ignition-sensors6-lidar
[1.440s] -- Looking for ignition-sensors6 -- found version 6.8.1
[1.441s] -- Searching for <ignition-sensors6> component [gpu_lidar]
[1.443s] -- Looking for ignition-sensors6-gpu_lidar -- found version 6.8.1
[1.443s] -- Searching for dependencies of ignition-sensors6-gpu_lidar
[1.443s] -- Looking for ignition-sensors6 -- found version 6.8.1
[1.443s] -- Searching for <ignition-sensors6> component [camera]
[1.445s] -- Looking for ignition-sensors6-camera -- found version 6.8.1
[1.445s] -- Searching for dependencies of ignition-sensors6-camera
[1.446s] -- Looking for ignition-sensors6 -- found version 6.8.1
[1.446s] -- Searching for <ignition-sensors6> component [boundingbox_camera]
[1.448s] -- Looking for ignition-sensors6-boundingbox_camera -- found version 6.8.1
[1.448s] -- Searching for dependencies of ignition-sensors6-boundingbox_camera
[1.448s] -- Searching for <ignition-sensors6> component [segmentation_camera]
[1.450s] -- Looking for ignition-sensors6-segmentation_camera -- found version 6.8.1
[1.451s] -- Searching for dependencies of ignition-sensors6-segmentation_camera
[1.451s] -- Searching for <ignition-sensors6> component [depth_camera]
[1.453s] -- Looking for ignition-sensors6-depth_camera -- found version 6.8.1
[1.453s] -- Searching for dependencies of ignition-sensors6-depth_camera
[1.454s] -- Looking for ignition-sensors6 -- found version 6.8.1
[1.454s] -- Searching for <ignition-sensors6> component [rgbd_camera]
[1.456s] -- Looking for ignition-sensors6-rgbd_camera -- found version 6.8.1
[1.456s] -- Searching for dependencies of ignition-sensors6-rgbd_camera
[1.456s] -- Looking for ignition-sensors6 -- found version 6.8.1
[1.457s] -- Searching for <ignition-sensors6> component [thermal_camera]
[1.458s] -- Looking for ignition-sensors6-thermal_camera -- found version 6.8.1
[1.459s] -- Searching for dependencies of ignition-sensors6-thermal_camera
[1.459s] -- Looking for ignition-sensors6 -- found version 6.8.1
[1.460s] -- Looking for ignition-rendering6 -- found version 6.6.3
[1.460s] -- Looking for ignition-math6 -- found version 6.15.1
[1.462s] -- Looking for ignition-utils1 -- found version 1.5.1
[1.477s] -- Compiling against Gazebo Fortress
[1.530s] -- Configuring done
[1.534s] -- Generating done
[1.536s] -- Build files have been written to: /home/srl/lbr-stack/build/ros_ign_gazebo
[1.546s] Invoked command in '/home/srl/lbr-stack/build/ros_ign_gazebo' returned '0': CMAKE_PREFIX_PATH=/home/srl/lbr-stack/install/ros_gz_sim:/home/srl/lbr-stack/install/test_ros_gz_bridge:/home/srl/lbr-stack/install/test_package:/home/srl/lbr-stack/install/ros_ign_interfaces:/home/srl/lbr-stack/install/ros_ign:/home/srl/lbr-stack/install/ros_ign_image:/home/srl/lbr-stack/install/ros_ign_gazebo_demos:/home/srl/lbr-stack/install/ros_ign_gazebo:/home/srl/lbr-stack/install/ros_ign_bridge:/home/srl/lbr-stack/install/ros_gz:/home/srl/lbr-stack/install/ros_gz_sim_demos:/home/srl/lbr-stack/install/lbr_fri_ros2_stack:/home/srl/lbr-stack/install/lbr_demos_cpp:/home/srl/lbr-stack/install/lbr_bringup:/home/srl/lbr-stack/install/ign_ros2_control_demos:/home/srl/lbr-stack/install/gz_ros2_control_demos:/home/srl/lbr-stack/install/ros_gz_image:/home/srl/lbr-stack/install/ros_gz_bridge:/home/srl/lbr-stack/install/ros_gz_interfaces:/home/srl/lbr-stack/install/my_package:/home/srl/lbr-stack/install/med7_moveit_config:/home/srl/lbr-stack/install/med14_moveit_config:/home/srl/lbr-stack/install/lbr_ros2_control:/home/srl/lbr-stack/install/lbr_moveit_cpp:/home/srl/lbr-stack/install/lbr_gazebo_models:/home/srl/lbr-stack/install/lbr_demos_advanced_cpp:/home/srl/lbr-stack/install/lbr_fri_ros2:/home/srl/lbr-stack/install/lbr_fri_idl:/home/srl/lbr-stack/install/iiwa7_moveit_config:/home/srl/lbr-stack/install/iiwa14_moveit_config:/home/srl/lbr-stack/install/lbr_description:/home/srl/lbr-stack/install/ign_ros2_control:/home/srl/lbr-stack/install/gz_ros2_control_tests:/home/srl/lbr-stack/install/gz_ros2_control:/home/srl/lbr-stack/install/fri_client_sdk:/home/srl/lbr-stack/install/lbr_demos_py:/home/srl/lbr-stack/install/lbr_moveit:/home/srl/lbr-stack/install/lbr_demos_advanced_py:/opt/ros/humble LD_LIBRARY_PATH=/home/srl/lbr-stack/install/ros_gz_sim/lib:/home/srl/lbr-stack/install/test_package/lib:/home/srl/lbr-stack/install/ros_ign_interfaces/lib:/home/srl/lbr-stack/install/ros_gz_bridge/lib:/home/srl/lbr-stack/install/ros_gz_interfaces/lib:/home/srl/lbr-stack/install/lbr_ros2_control/lib:/home/srl/lbr-stack/install/lbr_demos_advanced_cpp/lib:/home/srl/lbr-stack/install/lbr_fri_ros2/lib:/home/srl/lbr-stack/install/lbr_fri_idl/lib:/home/srl/lbr-stack/install/gz_ros2_control/lib:/home/srl/lbr-stack/install/fri_client_sdk/lib:/usr/lib/x86_64-linux-gnu/gazebo-11/plugins:/opt/ros/humble/opt/rviz_ogre_vendor/lib:/opt/ros/humble/lib/x86_64-linux-gnu:/opt/ros/humble/lib /usr/bin/cmake /home/srl/lbr-stack/ros_gz/ros_ign_gazebo -DAMENT_CMAKE_SYMLINK_INSTALL=1 -DCMAKE_INSTALL_PREFIX=/home/srl/lbr-stack/install/ros_ign_gazebo
[1.547s] Invoking command in '/home/srl/lbr-stack/build/ros_ign_gazebo': CMAKE_PREFIX_PATH=/home/srl/lbr-stack/install/ros_gz_sim:/home/srl/lbr-stack/install/test_ros_gz_bridge:/home/srl/lbr-stack/install/test_package:/home/srl/lbr-stack/install/ros_ign_interfaces:/home/srl/lbr-stack/install/ros_ign:/home/srl/lbr-stack/install/ros_ign_image:/home/srl/lbr-stack/install/ros_ign_gazebo_demos:/home/srl/lbr-stack/install/ros_ign_gazebo:/home/srl/lbr-stack/install/ros_ign_bridge:/home/srl/lbr-stack/install/ros_gz:/home/srl/lbr-stack/install/ros_gz_sim_demos:/home/srl/lbr-stack/install/lbr_fri_ros2_stack:/home/srl/lbr-stack/install/lbr_demos_cpp:/home/srl/lbr-stack/install/lbr_bringup:/home/srl/lbr-stack/install/ign_ros2_control_demos:/home/srl/lbr-stack/install/gz_ros2_control_demos:/home/srl/lbr-stack/install/ros_gz_image:/home/srl/lbr-stack/install/ros_gz_bridge:/home/srl/lbr-stack/install/ros_gz_interfaces:/home/srl/lbr-stack/install/my_package:/home/srl/lbr-stack/install/med7_moveit_config:/home/srl/lbr-stack/install/med14_moveit_config:/home/srl/lbr-stack/install/lbr_ros2_control:/home/srl/lbr-stack/install/lbr_moveit_cpp:/home/srl/lbr-stack/install/lbr_gazebo_models:/home/srl/lbr-stack/install/lbr_demos_advanced_cpp:/home/srl/lbr-stack/install/lbr_fri_ros2:/home/srl/lbr-stack/install/lbr_fri_idl:/home/srl/lbr-stack/install/iiwa7_moveit_config:/home/srl/lbr-stack/install/iiwa14_moveit_config:/home/srl/lbr-stack/install/lbr_description:/home/srl/lbr-stack/install/ign_ros2_control:/home/srl/lbr-stack/install/gz_ros2_control_tests:/home/srl/lbr-stack/install/gz_ros2_control:/home/srl/lbr-stack/install/fri_client_sdk:/home/srl/lbr-stack/install/lbr_demos_py:/home/srl/lbr-stack/install/lbr_moveit:/home/srl/lbr-stack/install/lbr_demos_advanced_py:/opt/ros/humble LD_LIBRARY_PATH=/home/srl/lbr-stack/install/ros_gz_sim/lib:/home/srl/lbr-stack/install/test_package/lib:/home/srl/lbr-stack/install/ros_ign_interfaces/lib:/home/srl/lbr-stack/install/ros_gz_bridge/lib:/home/srl/lbr-stack/install/ros_gz_interfaces/lib:/home/srl/lbr-stack/install/lbr_ros2_control/lib:/home/srl/lbr-stack/install/lbr_demos_advanced_cpp/lib:/home/srl/lbr-stack/install/lbr_fri_ros2/lib:/home/srl/lbr-stack/install/lbr_fri_idl/lib:/home/srl/lbr-stack/install/gz_ros2_control/lib:/home/srl/lbr-stack/install/fri_client_sdk/lib:/usr/lib/x86_64-linux-gnu/gazebo-11/plugins:/opt/ros/humble/opt/rviz_ogre_vendor/lib:/opt/ros/humble/lib/x86_64-linux-gnu:/opt/ros/humble/lib /usr/bin/cmake --build /home/srl/lbr-stack/build/ros_ign_gazebo -- -j20 -l20
[1.593s] [ 50%] [32mBuilding CXX object CMakeFiles/create.dir/src/create_shim.cpp.o[0m
[1.744s] [100%] [32m[1mLinking CXX executable create[0m
[1.804s] [100%] Built target create
[1.813s] Invoked command in '/home/srl/lbr-stack/build/ros_ign_gazebo' returned '0': CMAKE_PREFIX_PATH=/home/srl/lbr-stack/install/ros_gz_sim:/home/srl/lbr-stack/install/test_ros_gz_bridge:/home/srl/lbr-stack/install/test_package:/home/srl/lbr-stack/install/ros_ign_interfaces:/home/srl/lbr-stack/install/ros_ign:/home/srl/lbr-stack/install/ros_ign_image:/home/srl/lbr-stack/install/ros_ign_gazebo_demos:/home/srl/lbr-stack/install/ros_ign_gazebo:/home/srl/lbr-stack/install/ros_ign_bridge:/home/srl/lbr-stack/install/ros_gz:/home/srl/lbr-stack/install/ros_gz_sim_demos:/home/srl/lbr-stack/install/lbr_fri_ros2_stack:/home/srl/lbr-stack/install/lbr_demos_cpp:/home/srl/lbr-stack/install/lbr_bringup:/home/srl/lbr-stack/install/ign_ros2_control_demos:/home/srl/lbr-stack/install/gz_ros2_control_demos:/home/srl/lbr-stack/install/ros_gz_image:/home/srl/lbr-stack/install/ros_gz_bridge:/home/srl/lbr-stack/install/ros_gz_interfaces:/home/srl/lbr-stack/install/my_package:/home/srl/lbr-stack/install/med7_moveit_config:/home/srl/lbr-stack/install/med14_moveit_config:/home/srl/lbr-stack/install/lbr_ros2_control:/home/srl/lbr-stack/install/lbr_moveit_cpp:/home/srl/lbr-stack/install/lbr_gazebo_models:/home/srl/lbr-stack/install/lbr_demos_advanced_cpp:/home/srl/lbr-stack/install/lbr_fri_ros2:/home/srl/lbr-stack/install/lbr_fri_idl:/home/srl/lbr-stack/install/iiwa7_moveit_config:/home/srl/lbr-stack/install/iiwa14_moveit_config:/home/srl/lbr-stack/install/lbr_description:/home/srl/lbr-stack/install/ign_ros2_control:/home/srl/lbr-stack/install/gz_ros2_control_tests:/home/srl/lbr-stack/install/gz_ros2_control:/home/srl/lbr-stack/install/fri_client_sdk:/home/srl/lbr-stack/install/lbr_demos_py:/home/srl/lbr-stack/install/lbr_moveit:/home/srl/lbr-stack/install/lbr_demos_advanced_py:/opt/ros/humble LD_LIBRARY_PATH=/home/srl/lbr-stack/install/ros_gz_sim/lib:/home/srl/lbr-stack/install/test_package/lib:/home/srl/lbr-stack/install/ros_ign_interfaces/lib:/home/srl/lbr-stack/install/ros_gz_bridge/lib:/home/srl/lbr-stack/install/ros_gz_interfaces/lib:/home/srl/lbr-stack/install/lbr_ros2_control/lib:/home/srl/lbr-stack/install/lbr_demos_advanced_cpp/lib:/home/srl/lbr-stack/install/lbr_fri_ros2/lib:/home/srl/lbr-stack/install/lbr_fri_idl/lib:/home/srl/lbr-stack/install/gz_ros2_control/lib:/home/srl/lbr-stack/install/fri_client_sdk/lib:/usr/lib/x86_64-linux-gnu/gazebo-11/plugins:/opt/ros/humble/opt/rviz_ogre_vendor/lib:/opt/ros/humble/lib/x86_64-linux-gnu:/opt/ros/humble/lib /usr/bin/cmake --build /home/srl/lbr-stack/build/ros_ign_gazebo -- -j20 -l20
[1.815s] Invoking command in '/home/srl/lbr-stack/build/ros_ign_gazebo': CMAKE_PREFIX_PATH=/home/srl/lbr-stack/install/ros_gz_sim:/home/srl/lbr-stack/install/test_ros_gz_bridge:/home/srl/lbr-stack/install/test_package:/home/srl/lbr-stack/install/ros_ign_interfaces:/home/srl/lbr-stack/install/ros_ign:/home/srl/lbr-stack/install/ros_ign_image:/home/srl/lbr-stack/install/ros_ign_gazebo_demos:/home/srl/lbr-stack/install/ros_ign_gazebo:/home/srl/lbr-stack/install/ros_ign_bridge:/home/srl/lbr-stack/install/ros_gz:/home/srl/lbr-stack/install/ros_gz_sim_demos:/home/srl/lbr-stack/install/lbr_fri_ros2_stack:/home/srl/lbr-stack/install/lbr_demos_cpp:/home/srl/lbr-stack/install/lbr_bringup:/home/srl/lbr-stack/install/ign_ros2_control_demos:/home/srl/lbr-stack/install/gz_ros2_control_demos:/home/srl/lbr-stack/install/ros_gz_image:/home/srl/lbr-stack/install/ros_gz_bridge:/home/srl/lbr-stack/install/ros_gz_interfaces:/home/srl/lbr-stack/install/my_package:/home/srl/lbr-stack/install/med7_moveit_config:/home/srl/lbr-stack/install/med14_moveit_config:/home/srl/lbr-stack/install/lbr_ros2_control:/home/srl/lbr-stack/install/lbr_moveit_cpp:/home/srl/lbr-stack/install/lbr_gazebo_models:/home/srl/lbr-stack/install/lbr_demos_advanced_cpp:/home/srl/lbr-stack/install/lbr_fri_ros2:/home/srl/lbr-stack/install/lbr_fri_idl:/home/srl/lbr-stack/install/iiwa7_moveit_config:/home/srl/lbr-stack/install/iiwa14_moveit_config:/home/srl/lbr-stack/install/lbr_description:/home/srl/lbr-stack/install/ign_ros2_control:/home/srl/lbr-stack/install/gz_ros2_control_tests:/home/srl/lbr-stack/install/gz_ros2_control:/home/srl/lbr-stack/install/fri_client_sdk:/home/srl/lbr-stack/install/lbr_demos_py:/home/srl/lbr-stack/install/lbr_moveit:/home/srl/lbr-stack/install/lbr_demos_advanced_py:/opt/ros/humble LD_LIBRARY_PATH=/home/srl/lbr-stack/install/ros_gz_sim/lib:/home/srl/lbr-stack/install/test_package/lib:/home/srl/lbr-stack/install/ros_ign_interfaces/lib:/home/srl/lbr-stack/install/ros_gz_bridge/lib:/home/srl/lbr-stack/install/ros_gz_interfaces/lib:/home/srl/lbr-stack/install/lbr_ros2_control/lib:/home/srl/lbr-stack/install/lbr_demos_advanced_cpp/lib:/home/srl/lbr-stack/install/lbr_fri_ros2/lib:/home/srl/lbr-stack/install/lbr_fri_idl/lib:/home/srl/lbr-stack/install/gz_ros2_control/lib:/home/srl/lbr-stack/install/fri_client_sdk/lib:/usr/lib/x86_64-linux-gnu/gazebo-11/plugins:/opt/ros/humble/opt/rviz_ogre_vendor/lib:/opt/ros/humble/lib/x86_64-linux-gnu:/opt/ros/humble/lib /usr/bin/cmake --install /home/srl/lbr-stack/build/ros_ign_gazebo
[1.822s] -- Install configuration: ""
[1.822s] -- Execute custom install script
[1.822s] -- Symlinking: /home/srl/lbr-stack/install/ros_ign_gazebo/share/ros_ign_gazebo/launch/ign_gazebo.launch.py
[1.829s] -- Symlinking: /home/srl/lbr-stack/install/ros_ign_gazebo/lib/ros_ign_gazebo/create
[1.837s] -- Symlinking: /home/srl/lbr-stack/install/ros_ign_gazebo/share/ament_index/resource_index/package_run_dependencies/ros_ign_gazebo
[1.846s] -- Symlinking: /home/srl/lbr-stack/install/ros_ign_gazebo/share/ament_index/resource_index/parent_prefix_path/ros_ign_gazebo
[1.854s] -- Symlinking: /home/srl/lbr-stack/install/ros_ign_gazebo/share/ros_ign_gazebo/environment/ament_prefix_path.sh
[1.860s] -- Symlinking: /home/srl/lbr-stack/install/ros_ign_gazebo/share/ros_ign_gazebo/environment/ament_prefix_path.dsv
[1.870s] -- Symlinking: /home/srl/lbr-stack/install/ros_ign_gazebo/share/ros_ign_gazebo/environment/path.sh
[1.876s] -- Symlinking: /home/srl/lbr-stack/install/ros_ign_gazebo/share/ros_ign_gazebo/environment/path.dsv
[1.884s] -- Symlinking: /home/srl/lbr-stack/install/ros_ign_gazebo/share/ros_ign_gazebo/local_setup.bash
[1.889s] -- Symlinking: /home/srl/lbr-stack/install/ros_ign_gazebo/share/ros_ign_gazebo/local_setup.sh
[1.896s] -- Symlinking: /home/srl/lbr-stack/install/ros_ign_gazebo/share/ros_ign_gazebo/local_setup.zsh
[1.902s] -- Symlinking: /home/srl/lbr-stack/install/ros_ign_gazebo/share/ros_ign_gazebo/local_setup.dsv
[1.909s] -- Symlinking: /home/srl/lbr-stack/install/ros_ign_gazebo/share/ros_ign_gazebo/package.dsv
[1.916s] -- Symlinking: /home/srl/lbr-stack/install/ros_ign_gazebo/share/ament_index/resource_index/packages/ros_ign_gazebo
[1.922s] -- Symlinking: /home/srl/lbr-stack/install/ros_ign_gazebo/share/ros_ign_gazebo/cmake/ament_cmake_export_dependencies-extras.cmake
[1.928s] -- Symlinking: /home/srl/lbr-stack/install/ros_ign_gazebo/share/ros_ign_gazebo/cmake/ros_ign_gazeboConfig.cmake
[1.936s] -- Symlinking: /home/srl/lbr-stack/install/ros_ign_gazebo/share/ros_ign_gazebo/cmake/ros_ign_gazeboConfig-version.cmake
[1.942s] -- Symlinking: /home/srl/lbr-stack/install/ros_ign_gazebo/share/ros_ign_gazebo/package.xml
[1.951s] Invoked command in '/home/srl/lbr-stack/build/ros_ign_gazebo' returned '0': CMAKE_PREFIX_PATH=/home/srl/lbr-stack/install/ros_gz_sim:/home/srl/lbr-stack/install/test_ros_gz_bridge:/home/srl/lbr-stack/install/test_package:/home/srl/lbr-stack/install/ros_ign_interfaces:/home/srl/lbr-stack/install/ros_ign:/home/srl/lbr-stack/install/ros_ign_image:/home/srl/lbr-stack/install/ros_ign_gazebo_demos:/home/srl/lbr-stack/install/ros_ign_gazebo:/home/srl/lbr-stack/install/ros_ign_bridge:/home/srl/lbr-stack/install/ros_gz:/home/srl/lbr-stack/install/ros_gz_sim_demos:/home/srl/lbr-stack/install/lbr_fri_ros2_stack:/home/srl/lbr-stack/install/lbr_demos_cpp:/home/srl/lbr-stack/install/lbr_bringup:/home/srl/lbr-stack/install/ign_ros2_control_demos:/home/srl/lbr-stack/install/gz_ros2_control_demos:/home/srl/lbr-stack/install/ros_gz_image:/home/srl/lbr-stack/install/ros_gz_bridge:/home/srl/lbr-stack/install/ros_gz_interfaces:/home/srl/lbr-stack/install/my_package:/home/srl/lbr-stack/install/med7_moveit_config:/home/srl/lbr-stack/install/med14_moveit_config:/home/srl/lbr-stack/install/lbr_ros2_control:/home/srl/lbr-stack/install/lbr_moveit_cpp:/home/srl/lbr-stack/install/lbr_gazebo_models:/home/srl/lbr-stack/install/lbr_demos_advanced_cpp:/home/srl/lbr-stack/install/lbr_fri_ros2:/home/srl/lbr-stack/install/lbr_fri_idl:/home/srl/lbr-stack/install/iiwa7_moveit_config:/home/srl/lbr-stack/install/iiwa14_moveit_config:/home/srl/lbr-stack/install/lbr_description:/home/srl/lbr-stack/install/ign_ros2_control:/home/srl/lbr-stack/install/gz_ros2_control_tests:/home/srl/lbr-stack/install/gz_ros2_control:/home/srl/lbr-stack/install/fri_client_sdk:/home/srl/lbr-stack/install/lbr_demos_py:/home/srl/lbr-stack/install/lbr_moveit:/home/srl/lbr-stack/install/lbr_demos_advanced_py:/opt/ros/humble LD_LIBRARY_PATH=/home/srl/lbr-stack/install/ros_gz_sim/lib:/home/srl/lbr-stack/install/test_package/lib:/home/srl/lbr-stack/install/ros_ign_interfaces/lib:/home/srl/lbr-stack/install/ros_gz_bridge/lib:/home/srl/lbr-stack/install/ros_gz_interfaces/lib:/home/srl/lbr-stack/install/lbr_ros2_control/lib:/home/srl/lbr-stack/install/lbr_demos_advanced_cpp/lib:/home/srl/lbr-stack/install/lbr_fri_ros2/lib:/home/srl/lbr-stack/install/lbr_fri_idl/lib:/home/srl/lbr-stack/install/gz_ros2_control/lib:/home/srl/lbr-stack/install/fri_client_sdk/lib:/usr/lib/x86_64-linux-gnu/gazebo-11/plugins:/opt/ros/humble/opt/rviz_ogre_vendor/lib:/opt/ros/humble/lib/x86_64-linux-gnu:/opt/ros/humble/lib /usr/bin/cmake --install /home/srl/lbr-stack/build/ros_ign_gazebo
