[0.011s] Invoking command in '/home/srl/lbr-stack/build/lbr_fri_ros2': CMAKE_PREFIX_PATH=/home/srl/lbr-stack/install/lbr_fri_idl:/home/srl/lbr-stack/install/lbr_description:/home/srl/lbr-stack/install/fri_client_sdk:/home/srl/lbr-stack/install/my_package:/home/srl/lbr-stack/install/med7_moveit_config:/home/srl/lbr-stack/install/med14_moveit_config:/home/srl/lbr-stack/install/lbr_fri_ros2_stack:/home/srl/lbr-stack/install/lbr_demos_cpp:/home/srl/lbr-stack/install/lbr_bringup:/home/srl/lbr-stack/install/lbr_ros2_control:/home/srl/lbr-stack/install/lbr_moveit_cpp:/home/srl/lbr-stack/install/lbr_demos_advanced_cpp:/home/srl/lbr-stack/install/lbr_fri_ros2:/home/srl/lbr-stack/install/iiwa7_moveit_config:/home/srl/lbr-stack/install/iiwa14_moveit_config:/home/srl/lbr-stack/src/my_package/install/my_package:/home/srl/ros2_ws/install/impedance_controller:/home/srl/ros2_ws/install/iiwa_moveit2:/home/srl/ros2_ws/install/iiwa_hardware:/home/srl/ros2_ws/install/iiwa_bringup:/home/srl/ros2_ws/install/iiwa_description:/home/srl/ros2_ws/install/external_torque_sensor_broadcaster:/home/srl/ros2_ws/install/command_package:/home/srl/lbr-stack/install/lbr_demos_py:/home/srl/lbr-stack/install/lbr_moveit:/home/srl/lbr-stack/install/lbr_demos_advanced_py:/home/srl/ros2_ws/install/simple_gui:/opt/ros/humble LD_LIBRARY_PATH=/home/srl/lbr-stack/install/lbr_fri_idl/lib:/home/srl/lbr-stack/install/fri_client_sdk/lib:/home/srl/lbr-stack/install/lbr_ros2_control/lib:/home/srl/lbr-stack/install/lbr_demos_advanced_cpp/lib:/home/srl/lbr-stack/install/lbr_fri_ros2/lib:/home/srl/ros2_ws/install/impedance_controller/lib:/home/srl/ros2_ws/install/iiwa_moveit2/lib:/home/srl/ros2_ws/install/iiwa_hardware/lib:/home/srl/ros2_ws/install/external_torque_sensor_broadcaster/lib:/opt/ros/humble/opt/rviz_ogre_vendor/lib:/opt/ros/humble/lib/x86_64-linux-gnu:/opt/ros/humble/lib /usr/bin/cmake --build /home/srl/lbr-stack/build/lbr_fri_ros2 -- -j20 -l20
[0.059s] [ 10%] Built target gtest_main
[0.060s] [ 20%] Built target gtest
[0.065s] [ 90%] Built target lbr_fri_ros2
[0.083s] [100%] Built target test_command_interfaces
[0.093s] Invoked command in '/home/srl/lbr-stack/build/lbr_fri_ros2' returned '0': CMAKE_PREFIX_PATH=/home/srl/lbr-stack/install/lbr_fri_idl:/home/srl/lbr-stack/install/lbr_description:/home/srl/lbr-stack/install/fri_client_sdk:/home/srl/lbr-stack/install/my_package:/home/srl/lbr-stack/install/med7_moveit_config:/home/srl/lbr-stack/install/med14_moveit_config:/home/srl/lbr-stack/install/lbr_fri_ros2_stack:/home/srl/lbr-stack/install/lbr_demos_cpp:/home/srl/lbr-stack/install/lbr_bringup:/home/srl/lbr-stack/install/lbr_ros2_control:/home/srl/lbr-stack/install/lbr_moveit_cpp:/home/srl/lbr-stack/install/lbr_demos_advanced_cpp:/home/srl/lbr-stack/install/lbr_fri_ros2:/home/srl/lbr-stack/install/iiwa7_moveit_config:/home/srl/lbr-stack/install/iiwa14_moveit_config:/home/srl/lbr-stack/src/my_package/install/my_package:/home/srl/ros2_ws/install/impedance_controller:/home/srl/ros2_ws/install/iiwa_moveit2:/home/srl/ros2_ws/install/iiwa_hardware:/home/srl/ros2_ws/install/iiwa_bringup:/home/srl/ros2_ws/install/iiwa_description:/home/srl/ros2_ws/install/external_torque_sensor_broadcaster:/home/srl/ros2_ws/install/command_package:/home/srl/lbr-stack/install/lbr_demos_py:/home/srl/lbr-stack/install/lbr_moveit:/home/srl/lbr-stack/install/lbr_demos_advanced_py:/home/srl/ros2_ws/install/simple_gui:/opt/ros/humble LD_LIBRARY_PATH=/home/srl/lbr-stack/install/lbr_fri_idl/lib:/home/srl/lbr-stack/install/fri_client_sdk/lib:/home/srl/lbr-stack/install/lbr_ros2_control/lib:/home/srl/lbr-stack/install/lbr_demos_advanced_cpp/lib:/home/srl/lbr-stack/install/lbr_fri_ros2/lib:/home/srl/ros2_ws/install/impedance_controller/lib:/home/srl/ros2_ws/install/iiwa_moveit2/lib:/home/srl/ros2_ws/install/iiwa_hardware/lib:/home/srl/ros2_ws/install/external_torque_sensor_broadcaster/lib:/opt/ros/humble/opt/rviz_ogre_vendor/lib:/opt/ros/humble/lib/x86_64-linux-gnu:/opt/ros/humble/lib /usr/bin/cmake --build /home/srl/lbr-stack/build/lbr_fri_ros2 -- -j20 -l20
[0.094s] Invoking command in '/home/srl/lbr-stack/build/lbr_fri_ros2': CMAKE_PREFIX_PATH=/home/srl/lbr-stack/install/lbr_fri_idl:/home/srl/lbr-stack/install/lbr_description:/home/srl/lbr-stack/install/fri_client_sdk:/home/srl/lbr-stack/install/my_package:/home/srl/lbr-stack/install/med7_moveit_config:/home/srl/lbr-stack/install/med14_moveit_config:/home/srl/lbr-stack/install/lbr_fri_ros2_stack:/home/srl/lbr-stack/install/lbr_demos_cpp:/home/srl/lbr-stack/install/lbr_bringup:/home/srl/lbr-stack/install/lbr_ros2_control:/home/srl/lbr-stack/install/lbr_moveit_cpp:/home/srl/lbr-stack/install/lbr_demos_advanced_cpp:/home/srl/lbr-stack/install/lbr_fri_ros2:/home/srl/lbr-stack/install/iiwa7_moveit_config:/home/srl/lbr-stack/install/iiwa14_moveit_config:/home/srl/lbr-stack/src/my_package/install/my_package:/home/srl/ros2_ws/install/impedance_controller:/home/srl/ros2_ws/install/iiwa_moveit2:/home/srl/ros2_ws/install/iiwa_hardware:/home/srl/ros2_ws/install/iiwa_bringup:/home/srl/ros2_ws/install/iiwa_description:/home/srl/ros2_ws/install/external_torque_sensor_broadcaster:/home/srl/ros2_ws/install/command_package:/home/srl/lbr-stack/install/lbr_demos_py:/home/srl/lbr-stack/install/lbr_moveit:/home/srl/lbr-stack/install/lbr_demos_advanced_py:/home/srl/ros2_ws/install/simple_gui:/opt/ros/humble LD_LIBRARY_PATH=/home/srl/lbr-stack/install/lbr_fri_idl/lib:/home/srl/lbr-stack/install/fri_client_sdk/lib:/home/srl/lbr-stack/install/lbr_ros2_control/lib:/home/srl/lbr-stack/install/lbr_demos_advanced_cpp/lib:/home/srl/lbr-stack/install/lbr_fri_ros2/lib:/home/srl/ros2_ws/install/impedance_controller/lib:/home/srl/ros2_ws/install/iiwa_moveit2/lib:/home/srl/ros2_ws/install/iiwa_hardware/lib:/home/srl/ros2_ws/install/external_torque_sensor_broadcaster/lib:/opt/ros/humble/opt/rviz_ogre_vendor/lib:/opt/ros/humble/lib/x86_64-linux-gnu:/opt/ros/humble/lib /usr/bin/cmake --install /home/srl/lbr-stack/build/lbr_fri_ros2
[0.099s] -- Install configuration: "Release"
[0.099s] -- Execute custom install script
[0.099s] -- Up-to-date symlink: /home/srl/lbr-stack/install/lbr_fri_ros2/share/lbr_fri_ros2/environment/library_path.sh
[0.099s] -- Up-to-date symlink: /home/srl/lbr-stack/install/lbr_fri_ros2/share/lbr_fri_ros2/environment/library_path.dsv
[0.099s] -- Up-to-date symlink: /home/srl/lbr-stack/install/lbr_fri_ros2/include/lbr_fri_ros2/app.hpp
[0.099s] -- Up-to-date symlink: /home/srl/lbr-stack/install/lbr_fri_ros2/include/lbr_fri_ros2/async_client.hpp
[0.099s] -- Up-to-date symlink: /home/srl/lbr-stack/install/lbr_fri_ros2/include/lbr_fri_ros2/command_guard.hpp
[0.099s] -- Up-to-date symlink: /home/srl/lbr-stack/install/lbr_fri_ros2/include/lbr_fri_ros2/control.hpp
[0.100s] -- Up-to-date symlink: /home/srl/lbr-stack/install/lbr_fri_ros2/include/lbr_fri_ros2/filters.hpp
[0.100s] -- Up-to-date symlink: /home/srl/lbr-stack/install/lbr_fri_ros2/include/lbr_fri_ros2/formatting.hpp
[0.100s] -- Up-to-date symlink: /home/srl/lbr-stack/install/lbr_fri_ros2/include/lbr_fri_ros2/ft_estimator.hpp
[0.100s] -- Up-to-date symlink: /home/srl/lbr-stack/install/lbr_fri_ros2/include/lbr_fri_ros2/interfaces/base_command.hpp
[0.100s] -- Up-to-date symlink: /home/srl/lbr-stack/install/lbr_fri_ros2/include/lbr_fri_ros2/interfaces/position_command.hpp
[0.100s] -- Up-to-date symlink: /home/srl/lbr-stack/install/lbr_fri_ros2/include/lbr_fri_ros2/interfaces/state.hpp
[0.100s] -- Up-to-date symlink: /home/srl/lbr-stack/install/lbr_fri_ros2/include/lbr_fri_ros2/interfaces/torque_command.hpp
[0.100s] -- Up-to-date symlink: /home/srl/lbr-stack/install/lbr_fri_ros2/include/lbr_fri_ros2/interfaces/wrench_command.hpp
[0.100s] -- Up-to-date symlink: /home/srl/lbr-stack/install/lbr_fri_ros2/include/lbr_fri_ros2/kinematics.hpp
[0.100s] -- Up-to-date symlink: /home/srl/lbr-stack/install/lbr_fri_ros2/include/lbr_fri_ros2/pinv.hpp
[0.100s] -- Up-to-date symlink: /home/srl/lbr-stack/install/lbr_fri_ros2/include/lbr_fri_ros2/types.hpp
[0.100s] -- Up-to-date symlink: /home/srl/lbr-stack/install/lbr_fri_ros2/include/lbr_fri_ros2/utils.hpp
[0.100s] -- Up-to-date symlink: /home/srl/lbr-stack/install/lbr_fri_ros2/include/lbr_fri_ros2/worker.hpp
[0.100s] -- Up-to-date symlink: /home/srl/lbr-stack/install/lbr_fri_ros2/share/ament_index/resource_index/package_run_dependencies/lbr_fri_ros2
[0.100s] -- Up-to-date symlink: /home/srl/lbr-stack/install/lbr_fri_ros2/share/ament_index/resource_index/parent_prefix_path/lbr_fri_ros2
[0.100s] -- Up-to-date symlink: /home/srl/lbr-stack/install/lbr_fri_ros2/share/lbr_fri_ros2/environment/ament_prefix_path.sh
[0.101s] -- Up-to-date symlink: /home/srl/lbr-stack/install/lbr_fri_ros2/share/lbr_fri_ros2/environment/ament_prefix_path.dsv
[0.101s] -- Up-to-date symlink: /home/srl/lbr-stack/install/lbr_fri_ros2/share/lbr_fri_ros2/environment/path.sh
[0.101s] -- Up-to-date symlink: /home/srl/lbr-stack/install/lbr_fri_ros2/share/lbr_fri_ros2/environment/path.dsv
[0.101s] -- Up-to-date symlink: /home/srl/lbr-stack/install/lbr_fri_ros2/share/lbr_fri_ros2/local_setup.bash
[0.101s] -- Up-to-date symlink: /home/srl/lbr-stack/install/lbr_fri_ros2/share/lbr_fri_ros2/local_setup.sh
[0.101s] -- Up-to-date symlink: /home/srl/lbr-stack/install/lbr_fri_ros2/share/lbr_fri_ros2/local_setup.zsh
[0.101s] -- Up-to-date symlink: /home/srl/lbr-stack/install/lbr_fri_ros2/share/lbr_fri_ros2/local_setup.dsv
[0.101s] -- Symlinking: /home/srl/lbr-stack/install/lbr_fri_ros2/share/lbr_fri_ros2/package.dsv
[0.107s] -- Up-to-date symlink: /home/srl/lbr-stack/install/lbr_fri_ros2/share/ament_index/resource_index/packages/lbr_fri_ros2
[0.107s] -- Up-to-date symlink: /home/srl/lbr-stack/install/lbr_fri_ros2/share/lbr_fri_ros2/cmake/ament_cmake_export_targets-extras.cmake
[0.107s] -- Up-to-date symlink: /home/srl/lbr-stack/install/lbr_fri_ros2/share/lbr_fri_ros2/cmake/ament_cmake_export_dependencies-extras.cmake
[0.107s] -- Up-to-date symlink: /home/srl/lbr-stack/install/lbr_fri_ros2/share/lbr_fri_ros2/cmake/lbr_fri_ros2Config.cmake
[0.107s] -- Up-to-date symlink: /home/srl/lbr-stack/install/lbr_fri_ros2/share/lbr_fri_ros2/cmake/lbr_fri_ros2Config-version.cmake
[0.107s] -- Up-to-date symlink: /home/srl/lbr-stack/install/lbr_fri_ros2/share/lbr_fri_ros2/package.xml
[0.107s] -- Up-to-date: /home/srl/lbr-stack/install/lbr_fri_ros2/lib/liblbr_fri_ros2.so
[0.108s] -- Up-to-date: /home/srl/lbr-stack/install/lbr_fri_ros2/share/lbr_fri_ros2/cmake/lbr_fri_ros2_exportExport.cmake
[0.108s] -- Up-to-date: /home/srl/lbr-stack/install/lbr_fri_ros2/share/lbr_fri_ros2/cmake/lbr_fri_ros2_exportExport-release.cmake
[0.110s] Invoked command in '/home/srl/lbr-stack/build/lbr_fri_ros2' returned '0': CMAKE_PREFIX_PATH=/home/srl/lbr-stack/install/lbr_fri_idl:/home/srl/lbr-stack/install/lbr_description:/home/srl/lbr-stack/install/fri_client_sdk:/home/srl/lbr-stack/install/my_package:/home/srl/lbr-stack/install/med7_moveit_config:/home/srl/lbr-stack/install/med14_moveit_config:/home/srl/lbr-stack/install/lbr_fri_ros2_stack:/home/srl/lbr-stack/install/lbr_demos_cpp:/home/srl/lbr-stack/install/lbr_bringup:/home/srl/lbr-stack/install/lbr_ros2_control:/home/srl/lbr-stack/install/lbr_moveit_cpp:/home/srl/lbr-stack/install/lbr_demos_advanced_cpp:/home/srl/lbr-stack/install/lbr_fri_ros2:/home/srl/lbr-stack/install/iiwa7_moveit_config:/home/srl/lbr-stack/install/iiwa14_moveit_config:/home/srl/lbr-stack/src/my_package/install/my_package:/home/srl/ros2_ws/install/impedance_controller:/home/srl/ros2_ws/install/iiwa_moveit2:/home/srl/ros2_ws/install/iiwa_hardware:/home/srl/ros2_ws/install/iiwa_bringup:/home/srl/ros2_ws/install/iiwa_description:/home/srl/ros2_ws/install/external_torque_sensor_broadcaster:/home/srl/ros2_ws/install/command_package:/home/srl/lbr-stack/install/lbr_demos_py:/home/srl/lbr-stack/install/lbr_moveit:/home/srl/lbr-stack/install/lbr_demos_advanced_py:/home/srl/ros2_ws/install/simple_gui:/opt/ros/humble LD_LIBRARY_PATH=/home/srl/lbr-stack/install/lbr_fri_idl/lib:/home/srl/lbr-stack/install/fri_client_sdk/lib:/home/srl/lbr-stack/install/lbr_ros2_control/lib:/home/srl/lbr-stack/install/lbr_demos_advanced_cpp/lib:/home/srl/lbr-stack/install/lbr_fri_ros2/lib:/home/srl/ros2_ws/install/impedance_controller/lib:/home/srl/ros2_ws/install/iiwa_moveit2/lib:/home/srl/ros2_ws/install/iiwa_hardware/lib:/home/srl/ros2_ws/install/external_torque_sensor_broadcaster/lib:/opt/ros/humble/opt/rviz_ogre_vendor/lib:/opt/ros/humble/lib/x86_64-linux-gnu:/opt/ros/humble/lib /usr/bin/cmake --install /home/srl/lbr-stack/build/lbr_fri_ros2
