[0.009s] Invoking command in '/home/srl/lbr-stack/build/my_package': CMAKE_PREFIX_PATH=${CMAKE_PREFIX_PATH}:/home/srl/lbr-stack/install/lbr_demos_py:/home/srl/lbr-stack/install/lbr_moveit:/home/srl/lbr-stack/install/lbr_demos_advanced_py:/opt/ros/humble /usr/bin/cmake /home/srl/lbr-stack/src/my_package -DCMAKE_INSTALL_PREFIX=/home/srl/lbr-stack/install/my_package
[0.017s] -- Found ament_cmake: 1.3.11 (/opt/ros/humble/share/ament_cmake/cmake)
[0.103s] -- Override CMake install command with custom implementation using symlinks instead of copying resources
[0.107s] -- Found std_msgs: 4.8.0 (/opt/ros/humble/share/std_msgs/cmake)
[0.122s] -- Found rosidl_generator_c: 3.1.6 (/opt/ros/humble/share/rosidl_generator_c/cmake)
[0.124s] -- Found rosidl_adapter: 3.1.6 (/opt/ros/humble/share/rosidl_adapter/cmake)
[0.127s] -- Found rosidl_generator_cpp: 3.1.6 (/opt/ros/humble/share/rosidl_generator_cpp/cmake)
[0.134s] -- Using all available rosidl_typesupport_c: rosidl_typesupport_fastrtps_c;rosidl_typesupport_introspection_c
[0.142s] -- Using all available rosidl_typesupport_cpp: rosidl_typesupport_fastrtps_cpp;rosidl_typesupport_introspection_cpp
[0.157s] -- Found sensor_msgs: 4.8.0 (/opt/ros/humble/share/sensor_msgs/cmake)
[0.174s] -- Found rclcpp: 16.0.12 (/opt/ros/humble/share/rclcpp/cmake)
[0.189s] -- Found rmw_implementation_cmake: 6.1.2 (/opt/ros/humble/share/rmw_implementation_cmake/cmake)
[0.191s] -- Found rmw_fastrtps_cpp: 6.2.7 (/opt/ros/humble/share/rmw_fastrtps_cpp/cmake)
[0.267s] -- Using RMW implementation 'rmw_fastrtps_cpp' as default
[0.290s] -- Found control_msgs: 4.8.0 (/opt/ros/humble/share/control_msgs/cmake)
[0.332s] -- Found rclpy: 3.3.16 (/opt/ros/humble/share/rclpy/cmake)
[0.332s] -- Found gazebo_ros: 3.9.0 (/opt/ros/humble/share/gazebo_ros/cmake)
[0.356s] -- Found DART: /usr/include (Required is at least version "6.6") found components: dart 
[0.380s] -- Found Protobuf: /usr/lib/x86_64-linux-gnu/libprotobuf.so (found version "3.12.4") 
[0.381s] -- Looking for ignition-math6 -- found version 6.15.1
[0.384s] -- Searching for dependencies of ignition-math6
[0.385s] -- Looking for OGRE...
[0.391s] -- Found Ogre Ghadamon (1.9.0)
[0.391s] -- Found OGRE: optimized;/usr/lib/x86_64-linux-gnu/libOgreMain.so;debug;/usr/lib/x86_64-linux-gnu/libOgreMain.so
[0.398s] -- Looking for OGRE_Paging...
[0.398s] -- Found OGRE_Paging: optimized;/usr/lib/x86_64-linux-gnu/libOgrePaging.so;debug;/usr/lib/x86_64-linux-gnu/libOgrePaging.so
[0.398s] -- Looking for OGRE_Terrain...
[0.398s] -- Found OGRE_Terrain: optimized;/usr/lib/x86_64-linux-gnu/libOgreTerrain.so;debug;/usr/lib/x86_64-linux-gnu/libOgreTerrain.so
[0.398s] -- Looking for OGRE_Property...
[0.398s] -- Found OGRE_Property: optimized;/usr/lib/x86_64-linux-gnu/libOgreProperty.so;debug;/usr/lib/x86_64-linux-gnu/libOgreProperty.so
[0.398s] -- Looking for OGRE_RTShaderSystem...
[0.398s] -- Found OGRE_RTShaderSystem: optimized;/usr/lib/x86_64-linux-gnu/libOgreRTShaderSystem.so;debug;/usr/lib/x86_64-linux-gnu/libOgreRTShaderSystem.so
[0.399s] -- Looking for OGRE_Volume...
[0.399s] -- Found OGRE_Volume: optimized;/usr/lib/x86_64-linux-gnu/libOgreVolume.so;debug;/usr/lib/x86_64-linux-gnu/libOgreVolume.so
[0.399s] -- Looking for OGRE_Overlay...
[0.399s] -- Found OGRE_Overlay: optimized;/usr/lib/x86_64-linux-gnu/libOgreOverlay.so;debug;/usr/lib/x86_64-linux-gnu/libOgreOverlay.so
[0.501s] -- Looking for ignition-math6 -- found version 6.15.1
[0.502s] -- Looking for ignition-transport8 -- found version 8.2.1
[0.502s] -- Searching for dependencies of ignition-transport8
[0.516s] -- Found Protobuf: /usr/lib/x86_64-linux-gnu/libprotobuf.so (found suitable version "3.12.4", minimum required is "3") 
[0.525s] -- Config-file not installed for ZeroMQ -- checking for pkg-config
[0.529s] -- Checking for module 'libzmq >= 4'
[0.539s] --   Found libzmq , version 4.3.4
[0.577s] -- Checking for module 'uuid'
[0.599s] --   Found uuid, version 2.37.2
[0.670s] -- Looking for ignition-msgs5 -- found version 5.8.1
[0.671s] -- Searching for dependencies of ignition-msgs5
[0.698s] -- Looking for ignition-math6 -- found version 6.15.1
[0.702s] -- Checking for module 'tinyxml2'
[0.725s] --   Found tinyxml2, version 9.0.0
[0.783s] -- Looking for ignition-msgs5 -- found version 5.8.1
[0.784s] -- Looking for ignition-common3 -- found version 3.14.0
[0.785s] -- Searching for dependencies of ignition-common3
[0.786s] -- Looking for dlfcn.h - found
[0.786s] -- Looking for libdl - found
[0.804s] -- Searching for <ignition-common3> component [graphics]
[0.804s] -- Looking for ignition-common3-graphics -- found version 3.14.0
[0.805s] -- Searching for dependencies of ignition-common3-graphics
[0.805s] -- Looking for ignition-math6 -- found version 6.15.1
[0.806s] -- Looking for ignition-fuel_tools4 -- found version 4.4.0
[0.806s] -- Searching for dependencies of ignition-fuel_tools4
[0.840s] -- Checking for module 'jsoncpp'
[0.853s] --   Found jsoncpp, version 1.9.5
[0.906s] -- Checking for module 'libzip'
[0.927s] --   Found libzip, version 1.7.3
[0.964s] -- Looking for ignition-common3 -- found version 3.14.0
[0.964s] -- Looking for ignition-math6 -- found version 6.15.1
[0.964s] -- Looking for ignition-msgs5 -- found version 5.8.1
[0.967s] -- Gazebo version: 11.10
[0.968s] -- Looking for ignition-math6 -- found version 6.15.1
[0.969s] -- Found ament_lint_auto: 0.12.12 (/opt/ros/humble/share/ament_lint_auto/cmake)
[1.040s] -- Found tf2_ros: 0.25.12 (/opt/ros/humble/share/tf2_ros/cmake)
[1.079s] -- Found tf2_geometry_msgs: 0.25.12 (/opt/ros/humble/share/tf2_geometry_msgs/cmake)
[1.081s] -- Found eigen3_cmake_module: 0.1.1 (/opt/ros/humble/share/eigen3_cmake_module/cmake)
[1.082s] -- Ensuring Eigen3 include directory is part of orocos-kdl CMake target
[1.097s] -- Added test 'cppcheck' to perform static code analysis on C / C++ code
[1.097s] -- Configured cppcheck include dirs: 
[1.097s] -- Configured cppcheck exclude dirs and/or files: 
[1.098s] -- Added test 'flake8' to check Python code syntax and style conventions
[1.099s] -- Added test 'lint_cmake' to check CMake code style
[1.100s] -- Added test 'pep257' to check Python code against some of the docstring style conventions in PEP 257
[1.104s] -- Added test 'uncrustify' to check C / C++ code style
[1.104s] -- Configured uncrustify additional arguments: 
[1.105s] -- Added test 'xmllint' to check XML markup files
[1.105s] -- Configuring done
[1.109s] [31mCMake Error at CMakeLists.txt:69 (add_executable):
[1.109s]   Cannot find source file:
[1.109s] 
[1.109s]     src/joint_state_pub.cpp
[1.109s] 
[1.109s]   Tried extensions .c .C .c++ .cc .cpp .cxx .cu .mpp .m .M .mm .ixx .cppm .h
[1.109s]   .hh .h++ .hm .hpp .hxx .in .txx .f .F .for .f77 .f90 .f95 .f03 .hip .ispc
[1.109s] 
[1.109s] [0m
[1.110s] [31mCMake Error at CMakeLists.txt:69 (add_executable):
[1.110s]   No SOURCES given to target: joint_state_pub
[1.110s] 
[1.110s] [0m
[1.110s] [0mCMake Generate step failed.  Build files cannot be regenerated correctly.[0m
[1.117s] Invoked command in '/home/srl/lbr-stack/build/my_package' returned '1': CMAKE_PREFIX_PATH=${CMAKE_PREFIX_PATH}:/home/srl/lbr-stack/install/lbr_demos_py:/home/srl/lbr-stack/install/lbr_moveit:/home/srl/lbr-stack/install/lbr_demos_advanced_py:/opt/ros/humble /usr/bin/cmake /home/srl/lbr-stack/src/my_package -DCMAKE_INSTALL_PREFIX=/home/srl/lbr-stack/install/my_package
