[0.162s] Invoking command in '/home/srl/lbr-stack/src/build/my_package': CMAKE_PREFIX_PATH=${CMAKE_PREFIX_PATH}:/opt/ros/humble:/home/srl/lbr-stack/install/lbr_demos_py:/home/srl/lbr-stack/install/lbr_moveit:/home/srl/lbr-stack/install/lbr_demos_advanced_py /usr/bin/cmake --build /home/srl/lbr-stack/src/build/my_package -- -j20 -l20
[0.190s] [35m[1mConsolidate compiler generated dependencies of target robot_info_controller[0m
[0.190s] [35m[1mConsolidate compiler generated dependencies of target robot_info[0m
[0.190s] [35m[1mConsolidate compiler generated dependencies of target end_effector_position_node[0m
[0.190s] [35m[1mConsolidate compiler generated dependencies of target reset_position[0m
[0.192s] [35m[1mConsolidate compiler generated dependencies of target command_publisher3[0m
[0.192s] [35m[1mConsolidate compiler generated dependencies of target position_control[0m
[0.193s] [35m[1mConsolidate compiler generated dependencies of target command_publisher2[0m
[0.193s] [35m[1mConsolidate compiler generated dependencies of target command_listener[0m
[0.200s] [ 12%] Built target robot_info
[0.200s] [ 25%] Built target robot_info_controller
[0.203s] [ 37%] Built target command_publisher3
[0.203s] [ 50%] Built target end_effector_position_node
[0.203s] [ 62%] Built target reset_position
[0.204s] [ 75%] Built target command_listener
[0.204s] [ 87%] Built target position_control
[0.207s] [100%] Built target command_publisher2
[0.230s] Invoked command in '/home/srl/lbr-stack/src/build/my_package' returned '0': CMAKE_PREFIX_PATH=${CMAKE_PREFIX_PATH}:/opt/ros/humble:/home/srl/lbr-stack/install/lbr_demos_py:/home/srl/lbr-stack/install/lbr_moveit:/home/srl/lbr-stack/install/lbr_demos_advanced_py /usr/bin/cmake --build /home/srl/lbr-stack/src/build/my_package -- -j20 -l20
[0.231s] Invoking command in '/home/srl/lbr-stack/src/build/my_package': CMAKE_PREFIX_PATH=${CMAKE_PREFIX_PATH}:/opt/ros/humble:/home/srl/lbr-stack/install/lbr_demos_py:/home/srl/lbr-stack/install/lbr_moveit:/home/srl/lbr-stack/install/lbr_demos_advanced_py /usr/bin/cmake --install /home/srl/lbr-stack/src/build/my_package
[0.244s] -- Install configuration: ""
[0.244s] -- Execute custom install script
[0.244s] -- Up-to-date symlink: /home/srl/lbr-stack/src/install/my_package/lib/my_package/position_control_gui.py
[0.244s] -- Up-to-date symlink: /home/srl/lbr-stack/src/install/my_package/lib/my_package/command_publisher2
[0.244s] -- Up-to-date symlink: /home/srl/lbr-stack/src/install/my_package/lib/my_package/command_listener
[0.244s] -- Up-to-date symlink: /home/srl/lbr-stack/src/install/my_package/lib/my_package/command_publisher3
[0.245s] -- Up-to-date symlink: /home/srl/lbr-stack/src/install/my_package/lib/my_package/reset_position
[0.245s] -- Up-to-date symlink: /home/srl/lbr-stack/src/install/my_package/lib/my_package/robot_info
[0.245s] -- Up-to-date symlink: /home/srl/lbr-stack/src/install/my_package/lib/my_package/robot_info_controller
[0.245s] -- Up-to-date symlink: /home/srl/lbr-stack/src/install/my_package/lib/my_package/end_effector_position_node
[0.245s] -- Up-to-date symlink: /home/srl/lbr-stack/src/install/my_package/lib/my_package/position_control
[0.245s] -- Up-to-date symlink: /home/srl/lbr-stack/src/install/my_package/share/my_package/gazebo_hw_robot.launch.py
[0.245s] -- Up-to-date symlink: /home/srl/lbr-stack/src/install/my_package/share/my_package/gazebo_simu_robot.launch.py
[0.245s] -- Up-to-date symlink: /home/srl/lbr-stack/src/install/my_package/share/my_package/my.launch.py
[0.245s] -- Up-to-date symlink: /home/srl/lbr-stack/src/install/my_package/share/my_package/my_launch2.launch.py
[0.245s] -- Up-to-date symlink: /home/srl/lbr-stack/src/install/my_package/share/my_package/my_launch3.launch.py
[0.245s] -- Up-to-date symlink: /home/srl/lbr-stack/src/install/my_package/share/my_package/my_launch_rviz.launch.py
[0.245s] -- Up-to-date symlink: /home/srl/lbr-stack/src/install/my_package/share/my_package/my_position.launch.py
[0.245s] -- Up-to-date symlink: /home/srl/lbr-stack/src/install/my_package/share/my_package/my_reset.launch.py
[0.245s] -- Up-to-date symlink: /home/srl/lbr-stack/src/install/my_package/share/my_package/my_robot_info.launch.py
[0.246s] -- Up-to-date symlink: /home/srl/lbr-stack/src/install/my_package/share/ament_index/resource_index/package_run_dependencies/my_package
[0.246s] -- Up-to-date symlink: /home/srl/lbr-stack/src/install/my_package/share/ament_index/resource_index/parent_prefix_path/my_package
[0.246s] -- Up-to-date symlink: /home/srl/lbr-stack/src/install/my_package/share/my_package/environment/ament_prefix_path.sh
[0.246s] -- Up-to-date symlink: /home/srl/lbr-stack/src/install/my_package/share/my_package/environment/ament_prefix_path.dsv
[0.246s] -- Up-to-date symlink: /home/srl/lbr-stack/src/install/my_package/share/my_package/environment/path.sh
[0.246s] -- Up-to-date symlink: /home/srl/lbr-stack/src/install/my_package/share/my_package/environment/path.dsv
[0.246s] -- Up-to-date symlink: /home/srl/lbr-stack/src/install/my_package/share/my_package/local_setup.bash
[0.246s] -- Up-to-date symlink: /home/srl/lbr-stack/src/install/my_package/share/my_package/local_setup.sh
[0.246s] -- Up-to-date symlink: /home/srl/lbr-stack/src/install/my_package/share/my_package/local_setup.zsh
[0.246s] -- Up-to-date symlink: /home/srl/lbr-stack/src/install/my_package/share/my_package/local_setup.dsv
[0.246s] -- Symlinking: /home/srl/lbr-stack/src/install/my_package/share/my_package/package.dsv
[0.248s] -- Up-to-date symlink: /home/srl/lbr-stack/src/install/my_package/share/ament_index/resource_index/packages/my_package
[0.248s] -- Up-to-date symlink: /home/srl/lbr-stack/src/install/my_package/share/my_package/cmake/my_packageConfig.cmake
[0.248s] -- Up-to-date symlink: /home/srl/lbr-stack/src/install/my_package/share/my_package/cmake/my_packageConfig-version.cmake
[0.248s] -- Up-to-date symlink: /home/srl/lbr-stack/src/install/my_package/share/my_package/package.xml
[0.248s] Invoked command in '/home/srl/lbr-stack/src/build/my_package' returned '0': CMAKE_PREFIX_PATH=${CMAKE_PREFIX_PATH}:/opt/ros/humble:/home/srl/lbr-stack/install/lbr_demos_py:/home/srl/lbr-stack/install/lbr_moveit:/home/srl/lbr-stack/install/lbr_demos_advanced_py /usr/bin/cmake --install /home/srl/lbr-stack/src/build/my_package
