[0.000000] (-) TimerEvent: {}
[0.000391] (-) JobUnselected: {'identifier': 'fri_client_sdk'}
[0.000425] (-) JobUnselected: {'identifier': 'gz_ros2_control'}
[0.000450] (-) JobUnselected: {'identifier': 'gz_ros2_control_demos'}
[0.000552] (-) JobUnselected: {'identifier': 'gz_ros2_control_tests'}
[0.000581] (-) JobUnselected: {'identifier': 'ign_ros2_control'}
[0.000600] (-) JobUnselected: {'identifier': 'ign_ros2_control_demos'}
[0.000618] (-) JobUnselected: {'identifier': 'iiwa14_moveit_config'}
[0.000641] (-) JobUnselected: {'identifier': 'iiwa7_moveit_config'}
[0.000659] (-) JobUnselected: {'identifier': 'lbr_bringup'}
[0.000677] (-) JobUnselected: {'identifier': 'lbr_demos_advanced_cpp'}
[0.000695] (-) JobUnselected: {'identifier': 'lbr_demos_advanced_py'}
[0.000713] (-) JobUnselected: {'identifier': 'lbr_demos_cpp'}
[0.000731] (-) JobUnselected: {'identifier': 'lbr_demos_py'}
[0.000748] (-) JobUnselected: {'identifier': 'lbr_description'}
[0.000766] (-) JobUnselected: {'identifier': 'lbr_fri_idl'}
[0.000783] (-) JobUnselected: {'identifier': 'lbr_fri_ros2'}
[0.000801] (-) JobUnselected: {'identifier': 'lbr_fri_ros2_stack'}
[0.000818] (-) JobUnselected: {'identifier': 'lbr_gazebo_models'}
[0.000835] (-) JobUnselected: {'identifier': 'lbr_moveit'}
[0.000852] (-) JobUnselected: {'identifier': 'lbr_moveit_cpp'}
[0.000868] (-) JobUnselected: {'identifier': 'lbr_ros2_control'}
[0.000884] (-) JobUnselected: {'identifier': 'med14_moveit_config'}
[0.000899] (-) JobUnselected: {'identifier': 'med7_moveit_config'}
[0.000913] (-) JobUnselected: {'identifier': 'my_package'}
[0.000929] (-) JobUnselected: {'identifier': 'ros_gz'}
[0.000945] (-) JobUnselected: {'identifier': 'ros_gz_bridge'}
[0.000964] (-) JobUnselected: {'identifier': 'ros_gz_image'}
[0.000984] (-) JobUnselected: {'identifier': 'ros_gz_interfaces'}
[0.001000] (-) JobUnselected: {'identifier': 'ros_gz_sim'}
[0.001059] (-) JobUnselected: {'identifier': 'ros_gz_sim_demos'}
[0.001077] (-) JobUnselected: {'identifier': 'ros_ign'}
[0.001090] (-) JobUnselected: {'identifier': 'ros_ign_bridge'}
[0.001099] (-) JobUnselected: {'identifier': 'ros_ign_gazebo'}
[0.001107] (-) JobUnselected: {'identifier': 'ros_ign_gazebo_demos'}
[0.001115] (-) JobUnselected: {'identifier': 'ros_ign_image'}
[0.001122] (-) JobUnselected: {'identifier': 'ros_ign_interfaces'}
[0.001130] (-) JobUnselected: {'identifier': 'test_package'}
[0.001138] (-) JobUnselected: {'identifier': 'test_ros_gz_bridge'}
[0.001146] (-) EventReactorShutdown: {}
