[0.019s] Invoking command in '/home/srl/lbr-stack/build/iiwa7_moveit_config': CMAKE_PREFIX_PATH=/home/srl/lbr-stack/install/lbr_description:/home/srl/lbr-stack/install/my_package:/home/srl/lbr-stack/install/med7_moveit_config:/home/srl/lbr-stack/install/med14_moveit_config:/home/srl/lbr-stack/install/lbr_fri_ros2_stack:/home/srl/lbr-stack/install/lbr_demos_cpp:/home/srl/lbr-stack/install/lbr_bringup:/home/srl/lbr-stack/install/lbr_ros2_control:/home/srl/lbr-stack/install/lbr_moveit_cpp:/home/srl/lbr-stack/install/lbr_demos_advanced_cpp:/home/srl/lbr-stack/install/lbr_fri_ros2:/home/srl/lbr-stack/install/lbr_fri_idl:/home/srl/lbr-stack/install/iiwa7_moveit_config:/home/srl/lbr-stack/install/iiwa14_moveit_config:/home/srl/lbr-stack/install/fri_client_sdk:/home/srl/lbr-stack/install/command_control:/home/srl/lbr-stack/src/my_package/install/my_package:/home/srl/ros2_ws/install/impedance_controller:/home/srl/ros2_ws/install/iiwa_moveit2:/home/srl/ros2_ws/install/iiwa_hardware:/home/srl/ros2_ws/install/iiwa_bringup:/home/srl/ros2_ws/install/iiwa_description:/home/srl/ros2_ws/install/external_torque_sensor_broadcaster:/home/srl/ros2_ws/install/command_package:/home/srl/lbr-stack/install/lbr_demos_py:/home/srl/lbr-stack/install/lbr_moveit:/home/srl/lbr-stack/install/lbr_demos_advanced_py:/home/srl/ros2_ws/install/simple_gui:/opt/ros/humble /usr/bin/cmake /home/srl/lbr-stack/src/lbr_fri_ros2_stack/lbr_moveit_config/iiwa7_moveit_config -DAMENT_CMAKE_SYMLINK_INSTALL=1 -DCMAKE_INSTALL_PREFIX=/home/srl/lbr-stack/install/iiwa7_moveit_config
[0.064s] -- The C compiler identification is GNU 11.4.0
[0.108s] -- The CXX compiler identification is GNU 11.4.0
[0.114s] -- Detecting C compiler ABI info
[0.171s] -- Detecting C compiler ABI info - done
[0.179s] -- Check for working C compiler: /usr/bin/cc - skipped
[0.179s] -- Detecting C compile features
[0.179s] -- Detecting C compile features - done
[0.182s] -- Detecting CXX compiler ABI info
[0.245s] -- Detecting CXX compiler ABI info - done
[0.252s] -- Check for working CXX compiler: /usr/bin/c++ - skipped
[0.253s] -- Detecting CXX compile features
[0.253s] -- Detecting CXX compile features - done
[0.257s] -- Found ament_cmake: 1.3.11 (/opt/ros/humble/share/ament_cmake/cmake)
[0.369s] -- Found Python3: /usr/bin/python3 (found version "3.10.12") found components: Interpreter 
[0.437s] -- Override CMake install command with custom implementation using symlinks instead of copying resources
[0.523s] -- Configuring done
[0.524s] -- Generating done
[0.526s] -- Build files have been written to: /home/srl/lbr-stack/build/iiwa7_moveit_config
[0.528s] Invoked command in '/home/srl/lbr-stack/build/iiwa7_moveit_config' returned '0': CMAKE_PREFIX_PATH=/home/srl/lbr-stack/install/lbr_description:/home/srl/lbr-stack/install/my_package:/home/srl/lbr-stack/install/med7_moveit_config:/home/srl/lbr-stack/install/med14_moveit_config:/home/srl/lbr-stack/install/lbr_fri_ros2_stack:/home/srl/lbr-stack/install/lbr_demos_cpp:/home/srl/lbr-stack/install/lbr_bringup:/home/srl/lbr-stack/install/lbr_ros2_control:/home/srl/lbr-stack/install/lbr_moveit_cpp:/home/srl/lbr-stack/install/lbr_demos_advanced_cpp:/home/srl/lbr-stack/install/lbr_fri_ros2:/home/srl/lbr-stack/install/lbr_fri_idl:/home/srl/lbr-stack/install/iiwa7_moveit_config:/home/srl/lbr-stack/install/iiwa14_moveit_config:/home/srl/lbr-stack/install/fri_client_sdk:/home/srl/lbr-stack/install/command_control:/home/srl/lbr-stack/src/my_package/install/my_package:/home/srl/ros2_ws/install/impedance_controller:/home/srl/ros2_ws/install/iiwa_moveit2:/home/srl/ros2_ws/install/iiwa_hardware:/home/srl/ros2_ws/install/iiwa_bringup:/home/srl/ros2_ws/install/iiwa_description:/home/srl/ros2_ws/install/external_torque_sensor_broadcaster:/home/srl/ros2_ws/install/command_package:/home/srl/lbr-stack/install/lbr_demos_py:/home/srl/lbr-stack/install/lbr_moveit:/home/srl/lbr-stack/install/lbr_demos_advanced_py:/home/srl/ros2_ws/install/simple_gui:/opt/ros/humble /usr/bin/cmake /home/srl/lbr-stack/src/lbr_fri_ros2_stack/lbr_moveit_config/iiwa7_moveit_config -DAMENT_CMAKE_SYMLINK_INSTALL=1 -DCMAKE_INSTALL_PREFIX=/home/srl/lbr-stack/install/iiwa7_moveit_config
[0.529s] Invoking command in '/home/srl/lbr-stack/build/iiwa7_moveit_config': CMAKE_PREFIX_PATH=/home/srl/lbr-stack/install/lbr_description:/home/srl/lbr-stack/install/my_package:/home/srl/lbr-stack/install/med7_moveit_config:/home/srl/lbr-stack/install/med14_moveit_config:/home/srl/lbr-stack/install/lbr_fri_ros2_stack:/home/srl/lbr-stack/install/lbr_demos_cpp:/home/srl/lbr-stack/install/lbr_bringup:/home/srl/lbr-stack/install/lbr_ros2_control:/home/srl/lbr-stack/install/lbr_moveit_cpp:/home/srl/lbr-stack/install/lbr_demos_advanced_cpp:/home/srl/lbr-stack/install/lbr_fri_ros2:/home/srl/lbr-stack/install/lbr_fri_idl:/home/srl/lbr-stack/install/iiwa7_moveit_config:/home/srl/lbr-stack/install/iiwa14_moveit_config:/home/srl/lbr-stack/install/fri_client_sdk:/home/srl/lbr-stack/install/command_control:/home/srl/lbr-stack/src/my_package/install/my_package:/home/srl/ros2_ws/install/impedance_controller:/home/srl/ros2_ws/install/iiwa_moveit2:/home/srl/ros2_ws/install/iiwa_hardware:/home/srl/ros2_ws/install/iiwa_bringup:/home/srl/ros2_ws/install/iiwa_description:/home/srl/ros2_ws/install/external_torque_sensor_broadcaster:/home/srl/ros2_ws/install/command_package:/home/srl/lbr-stack/install/lbr_demos_py:/home/srl/lbr-stack/install/lbr_moveit:/home/srl/lbr-stack/install/lbr_demos_advanced_py:/home/srl/ros2_ws/install/simple_gui:/opt/ros/humble /usr/bin/cmake --build /home/srl/lbr-stack/build/iiwa7_moveit_config -- -j20 -l20
[0.556s] Invoked command in '/home/srl/lbr-stack/build/iiwa7_moveit_config' returned '0': CMAKE_PREFIX_PATH=/home/srl/lbr-stack/install/lbr_description:/home/srl/lbr-stack/install/my_package:/home/srl/lbr-stack/install/med7_moveit_config:/home/srl/lbr-stack/install/med14_moveit_config:/home/srl/lbr-stack/install/lbr_fri_ros2_stack:/home/srl/lbr-stack/install/lbr_demos_cpp:/home/srl/lbr-stack/install/lbr_bringup:/home/srl/lbr-stack/install/lbr_ros2_control:/home/srl/lbr-stack/install/lbr_moveit_cpp:/home/srl/lbr-stack/install/lbr_demos_advanced_cpp:/home/srl/lbr-stack/install/lbr_fri_ros2:/home/srl/lbr-stack/install/lbr_fri_idl:/home/srl/lbr-stack/install/iiwa7_moveit_config:/home/srl/lbr-stack/install/iiwa14_moveit_config:/home/srl/lbr-stack/install/fri_client_sdk:/home/srl/lbr-stack/install/command_control:/home/srl/lbr-stack/src/my_package/install/my_package:/home/srl/ros2_ws/install/impedance_controller:/home/srl/ros2_ws/install/iiwa_moveit2:/home/srl/ros2_ws/install/iiwa_hardware:/home/srl/ros2_ws/install/iiwa_bringup:/home/srl/ros2_ws/install/iiwa_description:/home/srl/ros2_ws/install/external_torque_sensor_broadcaster:/home/srl/ros2_ws/install/command_package:/home/srl/lbr-stack/install/lbr_demos_py:/home/srl/lbr-stack/install/lbr_moveit:/home/srl/lbr-stack/install/lbr_demos_advanced_py:/home/srl/ros2_ws/install/simple_gui:/opt/ros/humble /usr/bin/cmake --build /home/srl/lbr-stack/build/iiwa7_moveit_config -- -j20 -l20
[0.557s] Invoking command in '/home/srl/lbr-stack/build/iiwa7_moveit_config': CMAKE_PREFIX_PATH=/home/srl/lbr-stack/install/lbr_description:/home/srl/lbr-stack/install/my_package:/home/srl/lbr-stack/install/med7_moveit_config:/home/srl/lbr-stack/install/med14_moveit_config:/home/srl/lbr-stack/install/lbr_fri_ros2_stack:/home/srl/lbr-stack/install/lbr_demos_cpp:/home/srl/lbr-stack/install/lbr_bringup:/home/srl/lbr-stack/install/lbr_ros2_control:/home/srl/lbr-stack/install/lbr_moveit_cpp:/home/srl/lbr-stack/install/lbr_demos_advanced_cpp:/home/srl/lbr-stack/install/lbr_fri_ros2:/home/srl/lbr-stack/install/lbr_fri_idl:/home/srl/lbr-stack/install/iiwa7_moveit_config:/home/srl/lbr-stack/install/iiwa14_moveit_config:/home/srl/lbr-stack/install/fri_client_sdk:/home/srl/lbr-stack/install/command_control:/home/srl/lbr-stack/src/my_package/install/my_package:/home/srl/ros2_ws/install/impedance_controller:/home/srl/ros2_ws/install/iiwa_moveit2:/home/srl/ros2_ws/install/iiwa_hardware:/home/srl/ros2_ws/install/iiwa_bringup:/home/srl/ros2_ws/install/iiwa_description:/home/srl/ros2_ws/install/external_torque_sensor_broadcaster:/home/srl/ros2_ws/install/command_package:/home/srl/lbr-stack/install/lbr_demos_py:/home/srl/lbr-stack/install/lbr_moveit:/home/srl/lbr-stack/install/lbr_demos_advanced_py:/home/srl/ros2_ws/install/simple_gui:/opt/ros/humble /usr/bin/cmake --install /home/srl/lbr-stack/build/iiwa7_moveit_config
[0.562s] -- Install configuration: ""
[0.563s] -- Execute custom install script
[0.563s] -- Symlinking: /home/srl/lbr-stack/install/iiwa7_moveit_config/share/ament_index/resource_index/package_run_dependencies/iiwa7_moveit_config
[0.569s] -- Symlinking: /home/srl/lbr-stack/install/iiwa7_moveit_config/share/ament_index/resource_index/parent_prefix_path/iiwa7_moveit_config
[0.574s] -- Symlinking: /home/srl/lbr-stack/install/iiwa7_moveit_config/share/iiwa7_moveit_config/environment/ament_prefix_path.sh
[0.579s] -- Symlinking: /home/srl/lbr-stack/install/iiwa7_moveit_config/share/iiwa7_moveit_config/environment/ament_prefix_path.dsv
[0.587s] -- Symlinking: /home/srl/lbr-stack/install/iiwa7_moveit_config/share/iiwa7_moveit_config/environment/path.sh
[0.594s] -- Symlinking: /home/srl/lbr-stack/install/iiwa7_moveit_config/share/iiwa7_moveit_config/environment/path.dsv
[0.601s] -- Symlinking: /home/srl/lbr-stack/install/iiwa7_moveit_config/share/iiwa7_moveit_config/local_setup.bash
[0.606s] -- Symlinking: /home/srl/lbr-stack/install/iiwa7_moveit_config/share/iiwa7_moveit_config/local_setup.sh
[0.614s] -- Symlinking: /home/srl/lbr-stack/install/iiwa7_moveit_config/share/iiwa7_moveit_config/local_setup.zsh
[0.622s] -- Symlinking: /home/srl/lbr-stack/install/iiwa7_moveit_config/share/iiwa7_moveit_config/local_setup.dsv
[0.627s] -- Symlinking: /home/srl/lbr-stack/install/iiwa7_moveit_config/share/iiwa7_moveit_config/package.dsv
[0.633s] -- Symlinking: /home/srl/lbr-stack/install/iiwa7_moveit_config/share/ament_index/resource_index/packages/iiwa7_moveit_config
[0.639s] -- Symlinking: /home/srl/lbr-stack/install/iiwa7_moveit_config/share/iiwa7_moveit_config/cmake/iiwa7_moveit_configConfig.cmake
[0.647s] -- Symlinking: /home/srl/lbr-stack/install/iiwa7_moveit_config/share/iiwa7_moveit_config/cmake/iiwa7_moveit_configConfig-version.cmake
[0.652s] -- Symlinking: /home/srl/lbr-stack/install/iiwa7_moveit_config/share/iiwa7_moveit_config/package.xml
[0.657s] -- Symlinking: /home/srl/lbr-stack/install/iiwa7_moveit_config/share/iiwa7_moveit_config/launch/move_group.launch.py
[0.662s] -- Symlinking: /home/srl/lbr-stack/install/iiwa7_moveit_config/share/iiwa7_moveit_config/launch/moveit_rviz.launch.py
[0.668s] -- Symlinking: /home/srl/lbr-stack/install/iiwa7_moveit_config/share/iiwa7_moveit_config/launch/setup_assistant.launch.py
[0.673s] -- Symlinking: /home/srl/lbr-stack/install/iiwa7_moveit_config/share/iiwa7_moveit_config/config/iiwa7.srdf
[0.679s] -- Symlinking: /home/srl/lbr-stack/install/iiwa7_moveit_config/share/iiwa7_moveit_config/config/joint_limits.yaml
[0.687s] -- Symlinking: /home/srl/lbr-stack/install/iiwa7_moveit_config/share/iiwa7_moveit_config/config/kinematics.yaml
[0.695s] -- Symlinking: /home/srl/lbr-stack/install/iiwa7_moveit_config/share/iiwa7_moveit_config/config/moveit.rviz
[0.700s] -- Symlinking: /home/srl/lbr-stack/install/iiwa7_moveit_config/share/iiwa7_moveit_config/config/moveit_controllers.yaml
[0.706s] -- Symlinking: /home/srl/lbr-stack/install/iiwa7_moveit_config/share/iiwa7_moveit_config/config/pilz_cartesian_limits.yaml
[0.714s] -- Symlinking: /home/srl/lbr-stack/install/iiwa7_moveit_config/share/iiwa7_moveit_config/.setup_assistant
[0.723s] Invoked command in '/home/srl/lbr-stack/build/iiwa7_moveit_config' returned '0': CMAKE_PREFIX_PATH=/home/srl/lbr-stack/install/lbr_description:/home/srl/lbr-stack/install/my_package:/home/srl/lbr-stack/install/med7_moveit_config:/home/srl/lbr-stack/install/med14_moveit_config:/home/srl/lbr-stack/install/lbr_fri_ros2_stack:/home/srl/lbr-stack/install/lbr_demos_cpp:/home/srl/lbr-stack/install/lbr_bringup:/home/srl/lbr-stack/install/lbr_ros2_control:/home/srl/lbr-stack/install/lbr_moveit_cpp:/home/srl/lbr-stack/install/lbr_demos_advanced_cpp:/home/srl/lbr-stack/install/lbr_fri_ros2:/home/srl/lbr-stack/install/lbr_fri_idl:/home/srl/lbr-stack/install/iiwa7_moveit_config:/home/srl/lbr-stack/install/iiwa14_moveit_config:/home/srl/lbr-stack/install/fri_client_sdk:/home/srl/lbr-stack/install/command_control:/home/srl/lbr-stack/src/my_package/install/my_package:/home/srl/ros2_ws/install/impedance_controller:/home/srl/ros2_ws/install/iiwa_moveit2:/home/srl/ros2_ws/install/iiwa_hardware:/home/srl/ros2_ws/install/iiwa_bringup:/home/srl/ros2_ws/install/iiwa_description:/home/srl/ros2_ws/install/external_torque_sensor_broadcaster:/home/srl/ros2_ws/install/command_package:/home/srl/lbr-stack/install/lbr_demos_py:/home/srl/lbr-stack/install/lbr_moveit:/home/srl/lbr-stack/install/lbr_demos_advanced_py:/home/srl/ros2_ws/install/simple_gui:/opt/ros/humble /usr/bin/cmake --install /home/srl/lbr-stack/build/iiwa7_moveit_config
