-- The C compiler identification is GNU 11.4.0
-- The CXX compiler identification is GNU 11.4.0
-- Detecting C compiler ABI info
-- Detecting C compiler ABI info - done
-- Check for working C compiler: /usr/bin/cc - skipped
-- Detecting C compile features
-- Detecting C compile features - done
-- Detecting CXX compiler ABI info
-- Detecting CXX compiler ABI info - done
-- Check for working CXX compiler: /usr/bin/c++ - skipped
-- Detecting CXX compile features
-- Detecting CXX compile features - done
-- Found ament_cmake: 1.3.11 (/opt/ros/humble/share/ament_cmake/cmake)
-- Found Python3: /usr/bin/python3 (found version "3.10.12") found components: Interpreter 
-- Override CMake install command with custom implementation using symlinks instead of copying resources
-- Found std_msgs: 4.8.0 (/opt/ros/humble/share/std_msgs/cmake)
-- Found rosidl_generator_c: 3.1.6 (/opt/ros/humble/share/rosidl_generator_c/cmake)
-- Found rosidl_adapter: 3.1.6 (/opt/ros/humble/share/rosidl_adapter/cmake)
-- Found rosidl_generator_cpp: 3.1.6 (/opt/ros/humble/share/rosidl_generator_cpp/cmake)
-- Using all available rosidl_typesupport_c: rosidl_typesupport_fastrtps_c;rosidl_typesupport_introspection_c
-- Using all available rosidl_typesupport_cpp: rosidl_typesupport_fastrtps_cpp;rosidl_typesupport_introspection_cpp
-- Found sensor_msgs: 4.8.0 (/opt/ros/humble/share/sensor_msgs/cmake)
-- Found rclcpp: 16.0.12 (/opt/ros/humble/share/rclcpp/cmake)
-- Found rmw_implementation_cmake: 6.1.2 (/opt/ros/humble/share/rmw_implementation_cmake/cmake)
-- Found rmw_fastrtps_cpp: 6.2.7 (/opt/ros/humble/share/rmw_fastrtps_cpp/cmake)
-- Found OpenSSL: /usr/lib/x86_64-linux-gnu/libcrypto.so (found version "3.0.2")  
-- Found FastRTPS: /opt/ros/humble/include  
-- Using RMW implementation 'rmw_fastrtps_cpp' as default
-- Looking for pthread.h
-- Looking for pthread.h - found
-- Performing Test CMAKE_HAVE_LIBC_PTHREAD
-- Performing Test CMAKE_HAVE_LIBC_PTHREAD - Success
-- Found Threads: TRUE  
-- Found control_msgs: 4.8.0 (/opt/ros/humble/share/control_msgs/cmake)
-- Found rclpy: 3.3.16 (/opt/ros/humble/share/rclpy/cmake)
-- Found gazebo_ros: 3.9.0 (/opt/ros/humble/share/gazebo_ros/cmake)
-- Found PkgConfig: /usr/bin/pkg-config (found version "0.29.2") 
-- Checking for module 'bullet>=2.82'
--   Found bullet, version 3.05
-- Found fcl: /usr/include (found suitable version "0.7.0", minimum required is "0.5.0") 
-- Found assimp: /usr/include (found version "5.2.0") 
-- Found DART: /usr/include (Required is at least version "6.6") found components: dart 
-- Found Boost: /usr/lib/x86_64-linux-gnu/cmake/Boost-1.74.0/BoostConfig.cmake (found suitable version "1.74.0", minimum required is "1.40.0") found components: thread system filesystem program_options regex iostreams date_time 
-- Found Protobuf: /usr/lib/x86_64-linux-gnu/libprotobuf.so (found version "3.12.4") 
-- Looking for ignition-math6 -- found version 6.15.1
-- Searching for dependencies of ignition-math6
-- Looking for OGRE...
-- OGRE_PREFIX_WATCH changed.
-- Checking for module 'OGRE'
--   Found OGRE, version 1.9.0
-- Found Ogre Ghadamon (1.9.0)
-- Found OGRE: optimized;/usr/lib/x86_64-linux-gnu/libOgreMain.so;debug;/usr/lib/x86_64-linux-gnu/libOgreMain.so
-- Looking for OGRE_Paging...
-- Found OGRE_Paging: optimized;/usr/lib/x86_64-linux-gnu/libOgrePaging.so;debug;/usr/lib/x86_64-linux-gnu/libOgrePaging.so
-- Looking for OGRE_Terrain...
-- Found OGRE_Terrain: optimized;/usr/lib/x86_64-linux-gnu/libOgreTerrain.so;debug;/usr/lib/x86_64-linux-gnu/libOgreTerrain.so
-- Looking for OGRE_Property...
-- Found OGRE_Property: optimized;/usr/lib/x86_64-linux-gnu/libOgreProperty.so;debug;/usr/lib/x86_64-linux-gnu/libOgreProperty.so
-- Looking for OGRE_RTShaderSystem...
-- Found OGRE_RTShaderSystem: optimized;/usr/lib/x86_64-linux-gnu/libOgreRTShaderSystem.so;debug;/usr/lib/x86_64-linux-gnu/libOgreRTShaderSystem.so
-- Looking for OGRE_Volume...
-- Found OGRE_Volume: optimized;/usr/lib/x86_64-linux-gnu/libOgreVolume.so;debug;/usr/lib/x86_64-linux-gnu/libOgreVolume.so
-- Looking for OGRE_Overlay...
-- Found OGRE_Overlay: optimized;/usr/lib/x86_64-linux-gnu/libOgreOverlay.so;debug;/usr/lib/x86_64-linux-gnu/libOgreOverlay.so
-- Looking for ignition-math6 -- found version 6.15.1
-- Looking for ignition-transport8 -- found version 8.2.1
-- Searching for dependencies of ignition-transport8
-- Found Protobuf: /usr/lib/x86_64-linux-gnu/libprotobuf.so (found suitable version "3.12.4", minimum required is "3") 
-- Config-file not installed for ZeroMQ -- checking for pkg-config
-- Checking for module 'libzmq >= 4'
--   Found libzmq , version 4.3.4
-- Found ZeroMQ: TRUE (Required is at least version "4") 
-- Checking for module 'uuid'
--   Found uuid, version 2.37.2
-- Found UUID: TRUE  
-- Looking for ignition-msgs5 -- found version 5.8.1
-- Searching for dependencies of ignition-msgs5
-- Looking for ignition-math6 -- found version 6.15.1
-- Checking for module 'tinyxml2'
--   Found tinyxml2, version 9.0.0
-- Looking for ignition-msgs5 -- found version 5.8.1
-- Looking for ignition-common3 -- found version 3.14.0
-- Searching for dependencies of ignition-common3
-- Looking for dlfcn.h - found
-- Looking for libdl - found
-- Found DL: TRUE  
-- Found tinyobjloader: /usr/lib/x86_64-linux-gnu/cmake/tinyobjloader/tinyobjloader-config.cmake (found version "2.0.0") 
-- Searching for <ignition-common3> component [graphics]
-- Looking for ignition-common3-graphics -- found version 3.14.0
-- Searching for dependencies of ignition-common3-graphics
-- Looking for ignition-math6 -- found version 6.15.1
-- Looking for ignition-fuel_tools4 -- found version 4.4.0
-- Searching for dependencies of ignition-fuel_tools4
-- Found CURL: /usr/lib/x86_64-linux-gnu/libcurl.so (found version "7.81.0")  
-- Checking for module 'jsoncpp'
--   Found jsoncpp, version 1.9.5
-- Found JSONCPP: TRUE  
-- Checking for module 'libzip'
--   Found libzip, version 1.7.3
-- Found ZIP: TRUE  
-- Looking for ignition-common3 -- found version 3.14.0
-- Looking for ignition-math6 -- found version 6.15.1
-- Looking for ignition-msgs5 -- found version 5.8.1
-- Gazebo version: 11.10
-- Checking for module 'tbb'
--   Found tbb, version 2021.5.0
-- Looking for ignition-math6 -- found version 6.15.1
-- Found ament_lint_auto: 0.12.12 (/opt/ros/humble/share/ament_lint_auto/cmake)
-- Found tf2_ros: 0.25.12 (/opt/ros/humble/share/tf2_ros/cmake)
-- Found tf2_geometry_msgs: 0.25.12 (/opt/ros/humble/share/tf2_geometry_msgs/cmake)
-- Found eigen3_cmake_module: 0.1.1 (/opt/ros/humble/share/eigen3_cmake_module/cmake)
-- Found Eigen3: TRUE (found version "3.4.0") 
-- Ensuring Eigen3 include directory is part of orocos-kdl CMake target
-- Added test 'cppcheck' to perform static code analysis on C / C++ code
-- Configured cppcheck include dirs: 
-- Configured cppcheck exclude dirs and/or files: 
-- Added test 'flake8' to check Python code syntax and style conventions
-- Added test 'lint_cmake' to check CMake code style
-- Added test 'pep257' to check Python code against some of the docstring style conventions in PEP 257
-- Added test 'uncrustify' to check C / C++ code style
-- Configured uncrustify additional arguments: 
-- Added test 'xmllint' to check XML markup files
-- Configuring done
-- Generating done
-- Build files have been written to: /home/srl/lbr-stack/build/my_package
[  6%] [32mBuilding CXX object CMakeFiles/command_publisher3.dir/src/command_publisher3.cpp.o[0m
[ 12%] [32mBuilding CXX object CMakeFiles/command_publisher2.dir/src/command_publisher2.cpp.o[0m
[ 18%] [32mBuilding CXX object CMakeFiles/robot_info.dir/src/robot_info.cpp.o[0m
[ 25%] [32mBuilding CXX object CMakeFiles/position_control.dir/src/position_control.cpp.o[0m
[ 37%] [32mBuilding CXX object CMakeFiles/end_effector_position_node.dir/src/end_effector_position_node.cpp.o[0m
[ 37%] [32mBuilding CXX object CMakeFiles/command_listener.dir/src/command_listener.cpp.o[0m
[ 43%] [32mBuilding CXX object CMakeFiles/robot_info_controller.dir/src/robot_info_controller.cpp.o[0m
[ 50%] [32mBuilding CXX object CMakeFiles/reset_position.dir/src/reset_position.cpp.o[0m
[ 56%] [32m[1mLinking CXX executable end_effector_position_node[0m
[ 56%] Built target end_effector_position_node
[ 62%] [32m[1mLinking CXX executable command_publisher2[0m
[ 62%] Built target command_publisher2
[ 68%] [32m[1mLinking CXX executable command_publisher3[0m
[ 75%] [32m[1mLinking CXX executable robot_info[0m
[ 75%] Built target command_publisher3
[ 81%] [32m[1mLinking CXX executable robot_info_controller[0m
[ 87%] [32m[1mLinking CXX executable position_control[0m
[ 87%] Built target robot_info
[ 87%] Built target position_control
[ 93%] [32m[1mLinking CXX executable reset_position[0m
[ 93%] Built target robot_info_controller
[100%] [32m[1mLinking CXX executable command_listener[0m
[100%] Built target reset_position
[100%] Built target command_listener
-- Install configuration: ""
-- Execute custom install script
-- Symlinking: /home/srl/lbr-stack/install/my_package/lib/my_package/position_control_gui.py
-- Symlinking: /home/srl/lbr-stack/install/my_package/lib/my_package/command_publisher2
-- Symlinking: /home/srl/lbr-stack/install/my_package/lib/my_package/command_listener
-- Symlinking: /home/srl/lbr-stack/install/my_package/lib/my_package/command_publisher3
-- Symlinking: /home/srl/lbr-stack/install/my_package/lib/my_package/reset_position
-- Symlinking: /home/srl/lbr-stack/install/my_package/lib/my_package/robot_info
-- Symlinking: /home/srl/lbr-stack/install/my_package/lib/my_package/robot_info_controller
-- Symlinking: /home/srl/lbr-stack/install/my_package/lib/my_package/end_effector_position_node
-- Symlinking: /home/srl/lbr-stack/install/my_package/lib/my_package/position_control
-- Symlinking: /home/srl/lbr-stack/install/my_package/share/my_package/launch/gazebo_complete.launch.py
-- Symlinking: /home/srl/lbr-stack/install/my_package/share/my_package/launch/gazebo_hardware.launch.py
-- Symlinking: /home/srl/lbr-stack/install/my_package/share/my_package/launch/gazebo_hw_robot.launch.py
-- Symlinking: /home/srl/lbr-stack/install/my_package/share/my_package/launch/gazebo_move.launch.py
-- Symlinking: /home/srl/lbr-stack/install/my_package/share/my_package/launch/gazebo_simu_robot.launch.py
-- Symlinking: /home/srl/lbr-stack/install/my_package/share/my_package/launch/hardware_gazebo_joint_control.launch.py
-- Symlinking: /home/srl/lbr-stack/install/my_package/share/my_package/launch/my.launch.py
-- Symlinking: /home/srl/lbr-stack/install/my_package/share/my_package/launch/my_launch2.launch.py
-- Symlinking: /home/srl/lbr-stack/install/my_package/share/my_package/launch/my_launch3.launch.py
-- Symlinking: /home/srl/lbr-stack/install/my_package/share/my_package/launch/my_launch_rviz.launch.py
-- Symlinking: /home/srl/lbr-stack/install/my_package/share/my_package/launch/my_position.launch.py
-- Symlinking: /home/srl/lbr-stack/install/my_package/share/my_package/launch/my_reset.launch.py
-- Symlinking: /home/srl/lbr-stack/install/my_package/share/my_package/launch/my_robot_info.launch.py
-- Symlinking: /home/srl/lbr-stack/install/my_package/share/ament_index/resource_index/package_run_dependencies/my_package
-- Symlinking: /home/srl/lbr-stack/install/my_package/share/ament_index/resource_index/parent_prefix_path/my_package
-- Symlinking: /home/srl/lbr-stack/install/my_package/share/my_package/environment/ament_prefix_path.sh
-- Symlinking: /home/srl/lbr-stack/install/my_package/share/my_package/environment/ament_prefix_path.dsv
-- Symlinking: /home/srl/lbr-stack/install/my_package/share/my_package/environment/path.sh
-- Symlinking: /home/srl/lbr-stack/install/my_package/share/my_package/environment/path.dsv
-- Symlinking: /home/srl/lbr-stack/install/my_package/share/my_package/local_setup.bash
-- Symlinking: /home/srl/lbr-stack/install/my_package/share/my_package/local_setup.sh
-- Symlinking: /home/srl/lbr-stack/install/my_package/share/my_package/local_setup.zsh
-- Symlinking: /home/srl/lbr-stack/install/my_package/share/my_package/local_setup.dsv
-- Symlinking: /home/srl/lbr-stack/install/my_package/share/my_package/package.dsv
-- Symlinking: /home/srl/lbr-stack/install/my_package/share/ament_index/resource_index/packages/my_package
-- Symlinking: /home/srl/lbr-stack/install/my_package/share/my_package/cmake/my_packageConfig.cmake
-- Symlinking: /home/srl/lbr-stack/install/my_package/share/my_package/cmake/my_packageConfig-version.cmake
-- Symlinking: /home/srl/lbr-stack/install/my_package/share/my_package/package.xml
