-- Found ament_cmake: 1.3.11 (/opt/ros/humble/share/ament_cmake/cmake)
-- Override CMake install command with custom implementation using symlinks instead of copying resources
-- Found std_msgs: 4.8.0 (/opt/ros/humble/share/std_msgs/cmake)
-- Found rosidl_generator_c: 3.1.6 (/opt/ros/humble/share/rosidl_generator_c/cmake)
-- Found rosidl_adapter: 3.1.6 (/opt/ros/humble/share/rosidl_adapter/cmake)
-- Found rosidl_generator_cpp: 3.1.6 (/opt/ros/humble/share/rosidl_generator_cpp/cmake)
-- Using all available rosidl_typesupport_c: rosidl_typesupport_fastrtps_c;rosidl_typesupport_introspection_c
-- Using all available rosidl_typesupport_cpp: rosidl_typesupport_fastrtps_cpp;rosidl_typesupport_introspection_cpp
-- Found sensor_msgs: 4.8.0 (/opt/ros/humble/share/sensor_msgs/cmake)
-- Found rclcpp: 16.0.12 (/opt/ros/humble/share/rclcpp/cmake)
-- Found rmw_implementation_cmake: 6.1.2 (/opt/ros/humble/share/rmw_implementation_cmake/cmake)
-- Found rmw_fastrtps_cpp: 6.2.7 (/opt/ros/humble/share/rmw_fastrtps_cpp/cmake)
-- Using RMW implementation 'rmw_fastrtps_cpp' as default
-- Found control_msgs: 4.8.0 (/opt/ros/humble/share/control_msgs/cmake)
-- Found rclpy: 3.3.16 (/opt/ros/humble/share/rclpy/cmake)
-- Found ament_lint_auto: 0.12.12 (/opt/ros/humble/share/ament_lint_auto/cmake)
-- Added test 'cppcheck' to perform static code analysis on C / C++ code
-- Configured cppcheck include dirs: 
-- Configured cppcheck exclude dirs and/or files: 
-- Added test 'flake8' to check Python code syntax and style conventions
-- Added test 'lint_cmake' to check CMake code style
-- Added test 'pep257' to check Python code against some of the docstring style conventions in PEP 257
-- Added test 'uncrustify' to check C / C++ code style
-- Configured uncrustify additional arguments: 
-- Added test 'xmllint' to check XML markup files
-- Configuring done
-- Generating done
-- Build files have been written to: /home/srl/lbr-stack/build/my_package
[35m[1mConsolidate compiler generated dependencies of target command_publisher2[0m
[35m[1mConsolidate compiler generated dependencies of target reset_position[0m
[35m[1mConsolidate compiler generated dependencies of target command_publisher3[0m
[35m[1mConsolidate compiler generated dependencies of target command_listener[0m
[ 20%] Built target command_publisher2
[ 40%] Built target command_publisher3
[ 50%] [32mBuilding CXX object CMakeFiles/robot_info.dir/src/robot_info.cpp.o[0m
[ 70%] Built target command_listener
[ 90%] Built target reset_position
In file included from [01m[K/opt/ros/humble/include/rclcpp/rclcpp/logging.hpp:24[m[K,
                 from [01m[K/opt/ros/humble/include/rclcpp/rclcpp/client.hpp:40[m[K,
                 from [01m[K/opt/ros/humble/include/rclcpp/rclcpp/callback_group.hpp:24[m[K,
                 from [01m[K/opt/ros/humble/include/rclcpp/rclcpp/any_executable.hpp:20[m[K,
                 from [01m[K/opt/ros/humble/include/rclcpp/rclcpp/memory_strategy.hpp:25[m[K,
                 from [01m[K/opt/ros/humble/include/rclcpp/rclcpp/memory_strategies.hpp:18[m[K,
                 from [01m[K/opt/ros/humble/include/rclcpp/rclcpp/executor_options.hpp:20[m[K,
                 from [01m[K/opt/ros/humble/include/rclcpp/rclcpp/executor.hpp:37[m[K,
                 from [01m[K/opt/ros/humble/include/rclcpp/rclcpp/executors/multi_threaded_executor.hpp:25[m[K,
                 from [01m[K/opt/ros/humble/include/rclcpp/rclcpp/executors.hpp:21[m[K,
                 from [01m[K/opt/ros/humble/include/rclcpp/rclcpp/rclcpp.hpp:155[m[K,
                 from [01m[K/home/srl/lbr-stack/src/my_package/src/robot_info.cpp:1[m[K:
[01m[K/home/srl/lbr-stack/src/my_package/src/robot_info.cpp:[m[K In member function ‘[01m[Kvoid CommandListener::topic_callback2(trajectory_msgs::msg::JointTrajectoryPoint_<std::allocator<void> >::SharedPtr)[m[K’:
[01m[K/home/srl/lbr-stack/src/my_package/src/robot_info.cpp:54:45:[m[K [01;35m[Kwarning: [m[Ktoo many arguments for format [[01;35m[K]8;;https://gcc.gnu.org/onlinedocs/gcc/Warning-Options.html#index-Wformat-extra-args-Wformat-extra-args]8;;[m[K]
   54 |             RCLCPP_INFO(this->get_logger(), [01;35m[K"Robot joints information : \n \[m[K
      |                                             [01;35m[K^~~~~~~~~~~~~~~~~~~~~~~~~~~~~~~~[m[K
   55 | [01;35m[K            Joint positions \n "[m[K,
      |             [01;35m[K~~~~~~~~~~~~~~~~~~~~[m[K             
[100%] [32m[1mLinking CXX executable robot_info[0m
[100%] Built target robot_info
-- Install configuration: ""
-- Execute custom install script
-- Up-to-date symlink: /home/srl/lbr-stack/install/my_package/lib/my_package/command_publisher2
-- Up-to-date symlink: /home/srl/lbr-stack/install/my_package/lib/my_package/command_listener
-- Up-to-date symlink: /home/srl/lbr-stack/install/my_package/lib/my_package/command_publisher3
-- Up-to-date symlink: /home/srl/lbr-stack/install/my_package/lib/my_package/reset_position
-- Symlinking: /home/srl/lbr-stack/install/my_package/lib/my_package/robot_info
-- Up-to-date symlink: /home/srl/lbr-stack/install/my_package/share/my_package/my.launch.py
-- Up-to-date symlink: /home/srl/lbr-stack/install/my_package/share/my_package/my_launch2.launch.py
-- Up-to-date symlink: /home/srl/lbr-stack/install/my_package/share/my_package/my_launch3.launch.py
-- Up-to-date symlink: /home/srl/lbr-stack/install/my_package/share/my_package/my_launch_rviz.launch.py
-- Up-to-date symlink: /home/srl/lbr-stack/install/my_package/share/my_package/my_reset.launch.py
-- Up-to-date symlink: /home/srl/lbr-stack/install/my_package/share/my_package/my_robot_info.launch.py
-- Up-to-date symlink: /home/srl/lbr-stack/install/my_package/share/ament_index/resource_index/package_run_dependencies/my_package
-- Up-to-date symlink: /home/srl/lbr-stack/install/my_package/share/ament_index/resource_index/parent_prefix_path/my_package
-- Up-to-date symlink: /home/srl/lbr-stack/install/my_package/share/my_package/environment/ament_prefix_path.sh
-- Up-to-date symlink: /home/srl/lbr-stack/install/my_package/share/my_package/environment/ament_prefix_path.dsv
-- Up-to-date symlink: /home/srl/lbr-stack/install/my_package/share/my_package/environment/path.sh
-- Up-to-date symlink: /home/srl/lbr-stack/install/my_package/share/my_package/environment/path.dsv
-- Up-to-date symlink: /home/srl/lbr-stack/install/my_package/share/my_package/local_setup.bash
-- Up-to-date symlink: /home/srl/lbr-stack/install/my_package/share/my_package/local_setup.sh
-- Up-to-date symlink: /home/srl/lbr-stack/install/my_package/share/my_package/local_setup.zsh
-- Up-to-date symlink: /home/srl/lbr-stack/install/my_package/share/my_package/local_setup.dsv
-- Symlinking: /home/srl/lbr-stack/install/my_package/share/my_package/package.dsv
-- Up-to-date symlink: /home/srl/lbr-stack/install/my_package/share/ament_index/resource_index/packages/my_package
-- Up-to-date symlink: /home/srl/lbr-stack/install/my_package/share/my_package/cmake/my_packageConfig.cmake
-- Up-to-date symlink: /home/srl/lbr-stack/install/my_package/share/my_package/cmake/my_packageConfig-version.cmake
-- Up-to-date symlink: /home/srl/lbr-stack/install/my_package/share/my_package/package.xml
