[0.042s] Invoking command in '/home/srl/lbr-stack/build/fri_client_sdk': CMAKE_PREFIX_PATH=${CMAKE_PREFIX_PATH}:/home/srl/lbr-stack/install/lbr_demos_py:/home/srl/lbr-stack/install/lbr_moveit:/home/srl/lbr-stack/install/lbr_demos_advanced_py:/opt/ros/humble /usr/bin/cmake --build /home/srl/lbr-stack/build/fri_client_sdk -- -j20 -l20
[0.311s] [100%] Built target FRIClient
[0.329s] Invoked command in '/home/srl/lbr-stack/build/fri_client_sdk' returned '0': CMAKE_PREFIX_PATH=${CMAKE_PREFIX_PATH}:/home/srl/lbr-stack/install/lbr_demos_py:/home/srl/lbr-stack/install/lbr_moveit:/home/srl/lbr-stack/install/lbr_demos_advanced_py:/opt/ros/humble /usr/bin/cmake --build /home/srl/lbr-stack/build/fri_client_sdk -- -j20 -l20
[0.332s] Invoking command in '/home/srl/lbr-stack/build/fri_client_sdk': CMAKE_PREFIX_PATH=${CMAKE_PREFIX_PATH}:/home/srl/lbr-stack/install/lbr_demos_py:/home/srl/lbr-stack/install/lbr_moveit:/home/srl/lbr-stack/install/lbr_demos_advanced_py:/opt/ros/humble /usr/bin/cmake --install /home/srl/lbr-stack/build/fri_client_sdk
[0.343s] -- Install configuration: "Release"
[0.344s] -- Up-to-date: /home/srl/lbr-stack/install/fri_client_sdk/lib/libFRIClient.so
[0.344s] -- Up-to-date: /home/srl/lbr-stack/install/fri_client_sdk/include
[0.345s] -- Up-to-date: /home/srl/lbr-stack/install/fri_client_sdk/include/friClientApplication.h
[0.345s] -- Up-to-date: /home/srl/lbr-stack/install/fri_client_sdk/include/friClientVersion.h
[0.346s] -- Up-to-date: /home/srl/lbr-stack/install/fri_client_sdk/include/friLBRCommand.h
[0.346s] -- Up-to-date: /home/srl/lbr-stack/install/fri_client_sdk/include/friClientIf.h
[0.346s] -- Up-to-date: /home/srl/lbr-stack/install/fri_client_sdk/include/friUdpConnection.h
[0.347s] -- Up-to-date: /home/srl/lbr-stack/install/fri_client_sdk/include/friTransformationClient.h
[0.347s] -- Up-to-date: /home/srl/lbr-stack/install/fri_client_sdk/include/friException.h
[0.348s] -- Up-to-date: /home/srl/lbr-stack/install/fri_client_sdk/include/friConnectionIf.h
[0.349s] -- Up-to-date: /home/srl/lbr-stack/install/fri_client_sdk/include/friLBRClient.h
[0.349s] -- Up-to-date: /home/srl/lbr-stack/install/fri_client_sdk/include/friDataHelper.h
[0.350s] -- Up-to-date: /home/srl/lbr-stack/install/fri_client_sdk/include/friLBRState.h
[0.350s] -- Up-to-date: /home/srl/lbr-stack/install/fri_client_sdk/lib/cmake/FRIClient/FRIClientConfig.cmake
[0.352s] -- Up-to-date: /home/srl/lbr-stack/install/fri_client_sdk/lib/cmake/FRIClient/FRIClientConfig-release.cmake
[0.353s] -- Up-to-date: /home/srl/lbr-stack/install/fri_client_sdk/lib/cmake/FRIClient/FRIClientConfigVersion.cmake
[0.357s] Invoked command in '/home/srl/lbr-stack/build/fri_client_sdk' returned '0': CMAKE_PREFIX_PATH=${CMAKE_PREFIX_PATH}:/home/srl/lbr-stack/install/lbr_demos_py:/home/srl/lbr-stack/install/lbr_moveit:/home/srl/lbr-stack/install/lbr_demos_advanced_py:/opt/ros/humble /usr/bin/cmake --install /home/srl/lbr-stack/build/fri_client_sdk
