[0.045s] Invoking command in '/home/srl/lbr-stack/build/gz_ros2_control': CMAKE_PREFIX_PATH=${CMAKE_PREFIX_PATH}:/home/srl/lbr-stack/install/lbr_demos_py:/home/srl/lbr-stack/install/lbr_moveit:/home/srl/lbr-stack/install/lbr_demos_advanced_py:/opt/ros/humble /usr/bin/cmake --build /home/srl/lbr-stack/build/gz_ros2_control -- -j20 -l20
[0.291s] [ 33%] Built target ign_ros2_control-system
[0.291s] [ 66%] Built target gz_hardware_plugins
[0.291s] [100%] Built target gz_ros2_control-system
[0.317s] Invoked command in '/home/srl/lbr-stack/build/gz_ros2_control' returned '0': CMAKE_PREFIX_PATH=${CMAKE_PREFIX_PATH}:/home/srl/lbr-stack/install/lbr_demos_py:/home/srl/lbr-stack/install/lbr_moveit:/home/srl/lbr-stack/install/lbr_demos_advanced_py:/opt/ros/humble /usr/bin/cmake --build /home/srl/lbr-stack/build/gz_ros2_control -- -j20 -l20
[0.319s] Invoking command in '/home/srl/lbr-stack/build/gz_ros2_control': CMAKE_PREFIX_PATH=${CMAKE_PREFIX_PATH}:/home/srl/lbr-stack/install/lbr_demos_py:/home/srl/lbr-stack/install/lbr_moveit:/home/srl/lbr-stack/install/lbr_demos_advanced_py:/opt/ros/humble /usr/bin/cmake --install /home/srl/lbr-stack/build/gz_ros2_control
[0.335s] -- Install configuration: ""
[0.342s] -- Execute custom install script
[0.342s] -- Up-to-date symlink: /home/srl/lbr-stack/install/gz_ros2_control/lib/libgz_hardware_plugins.so
[0.342s] -- Up-to-date symlink: /home/srl/lbr-stack/install/gz_ros2_control/include/gz_ros2_control/gz_ros2_control_plugin.hpp
[0.342s] -- Up-to-date symlink: /home/srl/lbr-stack/install/gz_ros2_control/include/gz_ros2_control/gz_system.hpp
[0.342s] -- Up-to-date symlink: /home/srl/lbr-stack/install/gz_ros2_control/include/gz_ros2_control/gz_system_interface.hpp
[0.342s] -- Up-to-date symlink: /home/srl/lbr-stack/install/gz_ros2_control/share/gz_ros2_control/environment/library_path.sh
[0.342s] -- Up-to-date symlink: /home/srl/lbr-stack/install/gz_ros2_control/share/gz_ros2_control/environment/library_path.dsv
[0.342s] -- Up-to-date symlink: /home/srl/lbr-stack/install/gz_ros2_control/lib/libgz_ros2_control-system.so
[0.343s] -- Up-to-date symlink: /home/srl/lbr-stack/install/gz_ros2_control/lib/libign_ros2_control-system.so
[0.343s] -- Up-to-date symlink: /home/srl/lbr-stack/install/gz_ros2_control/share/gz_ros2_control//gz_hardware_plugins.xml
[0.343s] -- Up-to-date symlink: /home/srl/lbr-stack/install/gz_ros2_control/share/ament_index/resource_index/package_run_dependencies/gz_ros2_control
[0.343s] -- Up-to-date symlink: /home/srl/lbr-stack/install/gz_ros2_control/share/ament_index/resource_index/parent_prefix_path/gz_ros2_control
[0.345s] -- Up-to-date symlink: /home/srl/lbr-stack/install/gz_ros2_control/share/gz_ros2_control/environment/ament_prefix_path.sh
[0.345s] -- Up-to-date symlink: /home/srl/lbr-stack/install/gz_ros2_control/share/gz_ros2_control/environment/ament_prefix_path.dsv
[0.345s] -- Up-to-date symlink: /home/srl/lbr-stack/install/gz_ros2_control/share/gz_ros2_control/environment/path.sh
[0.345s] -- Up-to-date symlink: /home/srl/lbr-stack/install/gz_ros2_control/share/gz_ros2_control/environment/path.dsv
[0.350s] -- Up-to-date symlink: /home/srl/lbr-stack/install/gz_ros2_control/share/gz_ros2_control/local_setup.bash
[0.350s] -- Up-to-date symlink: /home/srl/lbr-stack/install/gz_ros2_control/share/gz_ros2_control/local_setup.sh
[0.350s] -- Up-to-date symlink: /home/srl/lbr-stack/install/gz_ros2_control/share/gz_ros2_control/local_setup.zsh
[0.350s] -- Up-to-date symlink: /home/srl/lbr-stack/install/gz_ros2_control/share/gz_ros2_control/local_setup.dsv
[0.350s] -- Symlinking: /home/srl/lbr-stack/install/gz_ros2_control/share/gz_ros2_control/package.dsv
[0.353s] -- Up-to-date symlink: /home/srl/lbr-stack/install/gz_ros2_control/share/ament_index/resource_index/packages/gz_ros2_control
[0.353s] -- Up-to-date symlink: /home/srl/lbr-stack/install/gz_ros2_control/share/ament_index/resource_index/gz_ros2_control__pluginlib__plugin/gz_ros2_control
[0.353s] -- Up-to-date symlink: /home/srl/lbr-stack/install/gz_ros2_control/share/gz_ros2_control/cmake/ament_cmake_export_include_directories-extras.cmake
[0.353s] -- Up-to-date symlink: /home/srl/lbr-stack/install/gz_ros2_control/share/gz_ros2_control/cmake/ament_cmake_export_libraries-extras.cmake
[0.353s] -- Up-to-date symlink: /home/srl/lbr-stack/install/gz_ros2_control/share/gz_ros2_control/cmake/gz_ros2_controlConfig.cmake
[0.353s] -- Up-to-date symlink: /home/srl/lbr-stack/install/gz_ros2_control/share/gz_ros2_control/cmake/gz_ros2_controlConfig-version.cmake
[0.353s] -- Up-to-date symlink: /home/srl/lbr-stack/install/gz_ros2_control/share/gz_ros2_control/package.xml
[0.435s] Invoked command in '/home/srl/lbr-stack/build/gz_ros2_control' returned '0': CMAKE_PREFIX_PATH=${CMAKE_PREFIX_PATH}:/home/srl/lbr-stack/install/lbr_demos_py:/home/srl/lbr-stack/install/lbr_moveit:/home/srl/lbr-stack/install/lbr_demos_advanced_py:/opt/ros/humble /usr/bin/cmake --install /home/srl/lbr-stack/build/gz_ros2_control
