[0.007s] Invoking command in '/home/srl/lbr-stack/src/my_package/build/my_package': CMAKE_PREFIX_PATH=${CMAKE_PREFIX_PATH}:/home/srl/ros2_ws/install/simple_gui:/opt/ros/humble:/home/srl/lbr-stack/install/lbr_demos_py:/home/srl/lbr-stack/install/lbr_moveit:/home/srl/lbr-stack/install/lbr_demos_advanced_py /usr/bin/cmake /home/srl/lbr-stack/src/my_package -DAMENT_CMAKE_SYMLINK_INSTALL=1 -DCMAKE_INSTALL_PREFIX=/home/srl/lbr-stack/src/my_package/install/my_package
[0.051s] -- The C compiler identification is GNU 11.4.0
[0.088s] -- The CXX compiler identification is GNU 11.4.0
[0.093s] -- Detecting C compiler ABI info
[0.150s] -- Detecting C compiler ABI info - done
[0.156s] -- Check for working C compiler: /usr/bin/cc - skipped
[0.156s] -- Detecting C compile features
[0.156s] -- Detecting C compile features - done
[0.158s] -- Detecting CXX compiler ABI info
[0.215s] -- Detecting CXX compiler ABI info - done
[0.219s] -- Check for working CXX compiler: /usr/bin/c++ - skipped
[0.220s] -- Detecting CXX compile features
[0.220s] -- Detecting CXX compile features - done
[0.222s] -- Found ament_cmake: 1.3.11 (/opt/ros/humble/share/ament_cmake/cmake)
[0.339s] -- Found Python3: /usr/bin/python3 (found version "3.10.12") found components: Interpreter 
[0.381s] -- Override CMake install command with custom implementation using symlinks instead of copying resources
[0.406s] -- Found ament_lint_auto: 0.12.12 (/opt/ros/humble/share/ament_lint_auto/cmake)
[0.463s] -- Added test 'cppcheck' to perform static code analysis on C / C++ code
[0.463s] -- Configured cppcheck include dirs: 
[0.463s] -- Configured cppcheck exclude dirs and/or files: 
[0.464s] -- Added test 'flake8' to check Python code syntax and style conventions
[0.465s] -- Added test 'lint_cmake' to check CMake code style
[0.465s] -- Added test 'pep257' to check Python code against some of the docstring style conventions in PEP 257
[0.467s] -- Added test 'uncrustify' to check C / C++ code style
[0.468s] -- Configured uncrustify additional arguments: 
[0.468s] -- Added test 'xmllint' to check XML markup files
[0.469s] -- Configuring done
[0.471s] -- Generating done
[0.472s] -- Build files have been written to: /home/srl/lbr-stack/src/my_package/build/my_package
[0.476s] Invoked command in '/home/srl/lbr-stack/src/my_package/build/my_package' returned '0': CMAKE_PREFIX_PATH=${CMAKE_PREFIX_PATH}:/home/srl/ros2_ws/install/simple_gui:/opt/ros/humble:/home/srl/lbr-stack/install/lbr_demos_py:/home/srl/lbr-stack/install/lbr_moveit:/home/srl/lbr-stack/install/lbr_demos_advanced_py /usr/bin/cmake /home/srl/lbr-stack/src/my_package -DAMENT_CMAKE_SYMLINK_INSTALL=1 -DCMAKE_INSTALL_PREFIX=/home/srl/lbr-stack/src/my_package/install/my_package
[0.477s] Invoking command in '/home/srl/lbr-stack/src/my_package/build/my_package': CMAKE_PREFIX_PATH=${CMAKE_PREFIX_PATH}:/home/srl/ros2_ws/install/simple_gui:/opt/ros/humble:/home/srl/lbr-stack/install/lbr_demos_py:/home/srl/lbr-stack/install/lbr_moveit:/home/srl/lbr-stack/install/lbr_demos_advanced_py /usr/bin/cmake --build /home/srl/lbr-stack/src/my_package/build/my_package -- -j20 -l20
[0.512s] Invoked command in '/home/srl/lbr-stack/src/my_package/build/my_package' returned '0': CMAKE_PREFIX_PATH=${CMAKE_PREFIX_PATH}:/home/srl/ros2_ws/install/simple_gui:/opt/ros/humble:/home/srl/lbr-stack/install/lbr_demos_py:/home/srl/lbr-stack/install/lbr_moveit:/home/srl/lbr-stack/install/lbr_demos_advanced_py /usr/bin/cmake --build /home/srl/lbr-stack/src/my_package/build/my_package -- -j20 -l20
[0.522s] Invoking command in '/home/srl/lbr-stack/src/my_package/build/my_package': CMAKE_PREFIX_PATH=${CMAKE_PREFIX_PATH}:/home/srl/ros2_ws/install/simple_gui:/opt/ros/humble:/home/srl/lbr-stack/install/lbr_demos_py:/home/srl/lbr-stack/install/lbr_moveit:/home/srl/lbr-stack/install/lbr_demos_advanced_py /usr/bin/cmake --install /home/srl/lbr-stack/src/my_package/build/my_package
[0.530s] -- Install configuration: ""
[0.530s] -- Execute custom install script
[0.530s] -- Symlinking: /home/srl/lbr-stack/src/my_package/install/my_package/share/ament_index/resource_index/package_run_dependencies/my_package
[0.539s] -- Symlinking: /home/srl/lbr-stack/src/my_package/install/my_package/share/ament_index/resource_index/parent_prefix_path/my_package
[0.550s] -- Symlinking: /home/srl/lbr-stack/src/my_package/install/my_package/share/my_package/environment/ament_prefix_path.sh
[0.557s] -- Symlinking: /home/srl/lbr-stack/src/my_package/install/my_package/share/my_package/environment/ament_prefix_path.dsv
[0.565s] -- Symlinking: /home/srl/lbr-stack/src/my_package/install/my_package/share/my_package/environment/path.sh
[0.571s] -- Symlinking: /home/srl/lbr-stack/src/my_package/install/my_package/share/my_package/environment/path.dsv
[0.577s] -- Symlinking: /home/srl/lbr-stack/src/my_package/install/my_package/share/my_package/local_setup.bash
[0.587s] -- Symlinking: /home/srl/lbr-stack/src/my_package/install/my_package/share/my_package/local_setup.sh
[0.595s] -- Symlinking: /home/srl/lbr-stack/src/my_package/install/my_package/share/my_package/local_setup.zsh
[0.601s] -- Symlinking: /home/srl/lbr-stack/src/my_package/install/my_package/share/my_package/local_setup.dsv
[0.613s] -- Symlinking: /home/srl/lbr-stack/src/my_package/install/my_package/share/my_package/package.dsv
[0.620s] -- Symlinking: /home/srl/lbr-stack/src/my_package/install/my_package/share/ament_index/resource_index/packages/my_package
[0.630s] -- Symlinking: /home/srl/lbr-stack/src/my_package/install/my_package/share/my_package/cmake/my_packageConfig.cmake
[0.637s] -- Symlinking: /home/srl/lbr-stack/src/my_package/install/my_package/share/my_package/cmake/my_packageConfig-version.cmake
[0.642s] -- Symlinking: /home/srl/lbr-stack/src/my_package/install/my_package/share/my_package/package.xml
[0.651s] Invoked command in '/home/srl/lbr-stack/src/my_package/build/my_package' returned '0': CMAKE_PREFIX_PATH=${CMAKE_PREFIX_PATH}:/home/srl/ros2_ws/install/simple_gui:/opt/ros/humble:/home/srl/lbr-stack/install/lbr_demos_py:/home/srl/lbr-stack/install/lbr_moveit:/home/srl/lbr-stack/install/lbr_demos_advanced_py /usr/bin/cmake --install /home/srl/lbr-stack/src/my_package/build/my_package
