[0.010s] Invoking command in '/home/srl/lbr-stack/build/lbr_demos_advanced_cpp': AMENT_PREFIX_PATH=/home/srl/lbr-stack/install/lbr_fri_ros2:/home/srl/lbr-stack/install/lbr_fri_idl:/home/srl/lbr-stack/install/lbr_description CMAKE_PREFIX_PATH=/home/srl/lbr-stack/install/lbr_fri_ros2:/home/srl/lbr-stack/install/lbr_fri_idl:/home/srl/lbr-stack/install/lbr_description:/home/srl/lbr-stack/install/fri_client_sdk LD_LIBRARY_PATH=/home/srl/lbr-stack/install/lbr_fri_ros2/lib:/home/srl/lbr-stack/install/lbr_fri_idl/lib:/home/srl/lbr-stack/install/fri_client_sdk/lib PKG_CONFIG_PATH=/home/srl/lbr-stack/install/fri_client_sdk/lib/x86_64-linux-gnu/pkgconfig:/home/srl/lbr-stack/install/fri_client_sdk/lib/pkgconfig PYTHONPATH=/home/srl/lbr-stack/install/lbr_fri_idl/local/lib/python3.10/dist-packages /usr/bin/cmake --build /home/srl/lbr-stack/build/lbr_demos_advanced_cpp -- -j20 -l20
[0.124s] [ 50%] Built target pose_control_component
[0.124s] [ 50%] Built target pose_planning_component
[0.124s] [ 75%] Built target pose_planning
[0.124s] [100%] Built target pose_control
[0.130s] Invoked command in '/home/srl/lbr-stack/build/lbr_demos_advanced_cpp' returned '0': AMENT_PREFIX_PATH=/home/srl/lbr-stack/install/lbr_fri_ros2:/home/srl/lbr-stack/install/lbr_fri_idl:/home/srl/lbr-stack/install/lbr_description CMAKE_PREFIX_PATH=/home/srl/lbr-stack/install/lbr_fri_ros2:/home/srl/lbr-stack/install/lbr_fri_idl:/home/srl/lbr-stack/install/lbr_description:/home/srl/lbr-stack/install/fri_client_sdk LD_LIBRARY_PATH=/home/srl/lbr-stack/install/lbr_fri_ros2/lib:/home/srl/lbr-stack/install/lbr_fri_idl/lib:/home/srl/lbr-stack/install/fri_client_sdk/lib PKG_CONFIG_PATH=/home/srl/lbr-stack/install/fri_client_sdk/lib/x86_64-linux-gnu/pkgconfig:/home/srl/lbr-stack/install/fri_client_sdk/lib/pkgconfig PYTHONPATH=/home/srl/lbr-stack/install/lbr_fri_idl/local/lib/python3.10/dist-packages /usr/bin/cmake --build /home/srl/lbr-stack/build/lbr_demos_advanced_cpp -- -j20 -l20
[0.131s] Invoking command in '/home/srl/lbr-stack/build/lbr_demos_advanced_cpp': AMENT_PREFIX_PATH=/home/srl/lbr-stack/install/lbr_fri_ros2:/home/srl/lbr-stack/install/lbr_fri_idl:/home/srl/lbr-stack/install/lbr_description CMAKE_PREFIX_PATH=/home/srl/lbr-stack/install/lbr_fri_ros2:/home/srl/lbr-stack/install/lbr_fri_idl:/home/srl/lbr-stack/install/lbr_description:/home/srl/lbr-stack/install/fri_client_sdk LD_LIBRARY_PATH=/home/srl/lbr-stack/install/lbr_fri_ros2/lib:/home/srl/lbr-stack/install/lbr_fri_idl/lib:/home/srl/lbr-stack/install/fri_client_sdk/lib PKG_CONFIG_PATH=/home/srl/lbr-stack/install/fri_client_sdk/lib/x86_64-linux-gnu/pkgconfig:/home/srl/lbr-stack/install/fri_client_sdk/lib/pkgconfig PYTHONPATH=/home/srl/lbr-stack/install/lbr_fri_idl/local/lib/python3.10/dist-packages /usr/bin/cmake --install /home/srl/lbr-stack/build/lbr_demos_advanced_cpp
[0.136s] -- Install configuration: "Release"
[0.137s] -- Execute custom install script
[0.137s] -- Up-to-date symlink: /home/srl/lbr-stack/install/lbr_demos_advanced_cpp/lib/lbr_demos_advanced_cpp/pose_planning
[0.137s] -- Up-to-date symlink: /home/srl/lbr-stack/install/lbr_demos_advanced_cpp/lib/lbr_demos_advanced_cpp/pose_control
[0.137s] -- Up-to-date symlink: /home/srl/lbr-stack/install/lbr_demos_advanced_cpp/lib/libpose_planning_component.so
[0.137s] -- Up-to-date symlink: /home/srl/lbr-stack/install/lbr_demos_advanced_cpp/lib/libpose_control_component.so
[0.138s] -- Up-to-date symlink: /home/srl/lbr-stack/install/lbr_demos_advanced_cpp/share/lbr_demos_advanced_cpp/config/lbr_system_config.yaml
[0.138s] -- Up-to-date symlink: /home/srl/lbr-stack/install/lbr_demos_advanced_cpp/share/ament_index/resource_index/package_run_dependencies/lbr_demos_advanced_cpp
[0.138s] -- Up-to-date symlink: /home/srl/lbr-stack/install/lbr_demos_advanced_cpp/share/ament_index/resource_index/parent_prefix_path/lbr_demos_advanced_cpp
[0.138s] -- Up-to-date symlink: /home/srl/lbr-stack/install/lbr_demos_advanced_cpp/share/lbr_demos_advanced_cpp/environment/ament_prefix_path.sh
[0.138s] -- Up-to-date symlink: /home/srl/lbr-stack/install/lbr_demos_advanced_cpp/share/lbr_demos_advanced_cpp/environment/ament_prefix_path.dsv
[0.138s] -- Up-to-date symlink: /home/srl/lbr-stack/install/lbr_demos_advanced_cpp/share/lbr_demos_advanced_cpp/environment/path.sh
[0.138s] -- Up-to-date symlink: /home/srl/lbr-stack/install/lbr_demos_advanced_cpp/share/lbr_demos_advanced_cpp/environment/path.dsv
[0.138s] -- Up-to-date symlink: /home/srl/lbr-stack/install/lbr_demos_advanced_cpp/share/lbr_demos_advanced_cpp/local_setup.bash
[0.138s] -- Up-to-date symlink: /home/srl/lbr-stack/install/lbr_demos_advanced_cpp/share/lbr_demos_advanced_cpp/local_setup.sh
[0.139s] -- Up-to-date symlink: /home/srl/lbr-stack/install/lbr_demos_advanced_cpp/share/lbr_demos_advanced_cpp/local_setup.zsh
[0.139s] -- Up-to-date symlink: /home/srl/lbr-stack/install/lbr_demos_advanced_cpp/share/lbr_demos_advanced_cpp/local_setup.dsv
[0.139s] -- Symlinking: /home/srl/lbr-stack/install/lbr_demos_advanced_cpp/share/lbr_demos_advanced_cpp/package.dsv
[0.143s] -- Up-to-date symlink: /home/srl/lbr-stack/install/lbr_demos_advanced_cpp/share/ament_index/resource_index/packages/lbr_demos_advanced_cpp
[0.143s] -- Up-to-date symlink: /home/srl/lbr-stack/install/lbr_demos_advanced_cpp/share/ament_index/resource_index/rclcpp_components/lbr_demos_advanced_cpp
[0.143s] -- Up-to-date symlink: /home/srl/lbr-stack/install/lbr_demos_advanced_cpp/share/lbr_demos_advanced_cpp/cmake/lbr_demos_advanced_cppConfig.cmake
[0.144s] -- Up-to-date symlink: /home/srl/lbr-stack/install/lbr_demos_advanced_cpp/share/lbr_demos_advanced_cpp/cmake/lbr_demos_advanced_cppConfig-version.cmake
[0.144s] -- Up-to-date symlink: /home/srl/lbr-stack/install/lbr_demos_advanced_cpp/share/lbr_demos_advanced_cpp/package.xml
[0.145s] Invoked command in '/home/srl/lbr-stack/build/lbr_demos_advanced_cpp' returned '0': AMENT_PREFIX_PATH=/home/srl/lbr-stack/install/lbr_fri_ros2:/home/srl/lbr-stack/install/lbr_fri_idl:/home/srl/lbr-stack/install/lbr_description CMAKE_PREFIX_PATH=/home/srl/lbr-stack/install/lbr_fri_ros2:/home/srl/lbr-stack/install/lbr_fri_idl:/home/srl/lbr-stack/install/lbr_description:/home/srl/lbr-stack/install/fri_client_sdk LD_LIBRARY_PATH=/home/srl/lbr-stack/install/lbr_fri_ros2/lib:/home/srl/lbr-stack/install/lbr_fri_idl/lib:/home/srl/lbr-stack/install/fri_client_sdk/lib PKG_CONFIG_PATH=/home/srl/lbr-stack/install/fri_client_sdk/lib/x86_64-linux-gnu/pkgconfig:/home/srl/lbr-stack/install/fri_client_sdk/lib/pkgconfig PYTHONPATH=/home/srl/lbr-stack/install/lbr_fri_idl/local/lib/python3.10/dist-packages /usr/bin/cmake --install /home/srl/lbr-stack/build/lbr_demos_advanced_cpp
