[0.120s] Invoking command in '/home/srl/lbr-stack/build/my_package': /usr/bin/cmake --build /home/srl/lbr-stack/build/my_package -- -j20 -l20
[0.149s] [35m[1mConsolidate compiler generated dependencies of target reset_position[0m
[0.153s] [ 25%] Built target command_publisher2
[0.153s] [ 50%] Built target command_publisher3
[0.154s] [ 75%] Built target command_listener
[0.160s] [100%] Built target reset_position
[0.172s] Invoked command in '/home/srl/lbr-stack/build/my_package' returned '0': /usr/bin/cmake --build /home/srl/lbr-stack/build/my_package -- -j20 -l20
[0.172s] Invoking command in '/home/srl/lbr-stack/build/my_package': /usr/bin/cmake --install /home/srl/lbr-stack/build/my_package
[0.182s] -- Install configuration: ""
[0.182s] -- Execute custom install script
[0.182s] -- Up-to-date symlink: /home/srl/lbr-stack/install/my_package/lib/my_package/command_publisher2
[0.182s] -- Up-to-date symlink: /home/srl/lbr-stack/install/my_package/lib/my_package/command_listener
[0.182s] -- Up-to-date symlink: /home/srl/lbr-stack/install/my_package/lib/my_package/command_publisher3
[0.183s] -- Up-to-date symlink: /home/srl/lbr-stack/install/my_package/lib/my_package/reset_position
[0.183s] -- Up-to-date symlink: /home/srl/lbr-stack/install/my_package/share/my_package/my.launch.py
[0.183s] -- Up-to-date symlink: /home/srl/lbr-stack/install/my_package/share/my_package/my_launch2.launch.py
[0.183s] -- Up-to-date symlink: /home/srl/lbr-stack/install/my_package/share/my_package/my_launch3.launch.py
[0.183s] -- Up-to-date symlink: /home/srl/lbr-stack/install/my_package/share/my_package/my_launch_rviz.launch.py
[0.183s] -- Up-to-date symlink: /home/srl/lbr-stack/install/my_package/share/my_package/my_reset.launch.py
[0.183s] -- Symlinking: /home/srl/lbr-stack/install/my_package/share/my_package/my_robot_info.launch.py
[0.185s] -- Up-to-date symlink: /home/srl/lbr-stack/install/my_package/share/ament_index/resource_index/package_run_dependencies/my_package
[0.185s] -- Up-to-date symlink: /home/srl/lbr-stack/install/my_package/share/ament_index/resource_index/parent_prefix_path/my_package
[0.185s] -- Up-to-date symlink: /home/srl/lbr-stack/install/my_package/share/my_package/environment/ament_prefix_path.sh
[0.185s] -- Up-to-date symlink: /home/srl/lbr-stack/install/my_package/share/my_package/environment/ament_prefix_path.dsv
[0.185s] -- Up-to-date symlink: /home/srl/lbr-stack/install/my_package/share/my_package/environment/path.sh
[0.186s] -- Up-to-date symlink: /home/srl/lbr-stack/install/my_package/share/my_package/environment/path.dsv
[0.186s] -- Up-to-date symlink: /home/srl/lbr-stack/install/my_package/share/my_package/local_setup.bash
[0.186s] -- Up-to-date symlink: /home/srl/lbr-stack/install/my_package/share/my_package/local_setup.sh
[0.186s] -- Up-to-date symlink: /home/srl/lbr-stack/install/my_package/share/my_package/local_setup.zsh
[0.186s] -- Up-to-date symlink: /home/srl/lbr-stack/install/my_package/share/my_package/local_setup.dsv
[0.186s] -- Symlinking: /home/srl/lbr-stack/install/my_package/share/my_package/package.dsv
[0.192s] -- Up-to-date symlink: /home/srl/lbr-stack/install/my_package/share/ament_index/resource_index/packages/my_package
[0.193s] -- Up-to-date symlink: /home/srl/lbr-stack/install/my_package/share/my_package/cmake/my_packageConfig.cmake
[0.193s] -- Up-to-date symlink: /home/srl/lbr-stack/install/my_package/share/my_package/cmake/my_packageConfig-version.cmake
[0.193s] -- Up-to-date symlink: /home/srl/lbr-stack/install/my_package/share/my_package/package.xml
[0.201s] Invoked command in '/home/srl/lbr-stack/build/my_package' returned '0': /usr/bin/cmake --install /home/srl/lbr-stack/build/my_package
