[0.056s] DEBUG:colcon:Command line arguments: ['/usr/bin/colcon', 'build', '--symlink-install']
[0.056s] DEBUG:colcon:Parsed command line arguments: Namespace(log_base=None, log_level=None, verb_name='build', build_base='build', install_base='install', merge_install=False, symlink_install=True, test_result_base=None, continue_on_error=False, executor='parallel', parallel_workers=20, event_handlers=None, ignore_user_meta=False, metas=['./colcon.meta'], base_paths=['.'], packages_ignore=None, packages_ignore_regex=None, paths=None, packages_up_to=None, packages_up_to_regex=None, packages_above=None, packages_above_and_dependencies=None, packages_above_depth=None, packages_select_by_dep=None, packages_skip_by_dep=None, packages_skip_up_to=None, packages_select_build_failed=False, packages_skip_build_finished=False, packages_select_test_failures=False, packages_skip_test_passed=False, packages_select=None, packages_skip=None, packages_select_regex=None, packages_skip_regex=None, packages_start=None, packages_end=None, allow_overriding=[], cmake_args=None, cmake_target=None, cmake_target_skip_unavailable=False, cmake_clean_cache=False, cmake_clean_first=False, cmake_force_configure=False, ament_cmake_args=None, catkin_cmake_args=None, catkin_skip_building_tests=False, mixin_files=None, mixin=None, verb_parser=<colcon_mixin.mixin.mixin_argument.MixinArgumentDecorator object at 0x736c39167f10>, verb_extension=<colcon_core.verb.build.BuildVerb object at 0x736c391674f0>, main=<bound method BuildVerb.main of <colcon_core.verb.build.BuildVerb object at 0x736c391674f0>>, mixin_verb=('build',))
[0.138s] Level 1:colcon.colcon_core.package_discovery:discover_packages(colcon_meta) check parameters
[0.138s] Level 1:colcon.colcon_core.package_discovery:discover_packages(recursive) check parameters
[0.138s] Level 1:colcon.colcon_core.package_discovery:discover_packages(ignore) check parameters
[0.138s] Level 1:colcon.colcon_core.package_discovery:discover_packages(path) check parameters
[0.138s] Level 1:colcon.colcon_core.package_discovery:discover_packages(colcon_meta) discover
[0.138s] Level 1:colcon.colcon_core.package_discovery:discover_packages(recursive) discover
[0.138s] INFO:colcon.colcon_core.package_discovery:Crawling recursively for packages in '/home/srl/lbr-stack/src/my_package'
[0.138s] Level 1:colcon.colcon_core.package_identification:_identify(.) by extensions ['ignore', 'ignore_ament_install']
[0.138s] Level 1:colcon.colcon_core.package_identification:_identify(.) by extension 'ignore'
[0.138s] Level 1:colcon.colcon_core.package_identification:_identify(.) by extension 'ignore_ament_install'
[0.138s] Level 1:colcon.colcon_core.package_identification:_identify(.) by extensions ['colcon_pkg']
[0.138s] Level 1:colcon.colcon_core.package_identification:_identify(.) by extension 'colcon_pkg'
[0.138s] Level 1:colcon.colcon_core.package_identification:_identify(.) by extensions ['colcon_meta']
[0.138s] Level 1:colcon.colcon_core.package_identification:_identify(.) by extension 'colcon_meta'
[0.138s] Level 1:colcon.colcon_core.package_identification:_identify(.) by extensions ['ros']
[0.138s] Level 1:colcon.colcon_core.package_identification:_identify(.) by extension 'ros'
[0.145s] DEBUG:colcon.colcon_core.package_identification:Package '.' with type 'ros.ament_cmake' and name 'my_package'
[0.145s] Level 1:colcon.colcon_core.package_discovery:discover_packages(recursive) using defaults
[0.145s] Level 1:colcon.colcon_core.package_discovery:discover_packages(ignore) discover
[0.145s] Level 1:colcon.colcon_core.package_discovery:discover_packages(ignore) using defaults
[0.145s] Level 1:colcon.colcon_core.package_discovery:discover_packages(path) discover
[0.145s] Level 1:colcon.colcon_core.package_discovery:discover_packages(path) using defaults
[0.162s] Level 1:colcon.colcon_core.package_discovery:discover_packages(prefix_path) check parameters
[0.162s] Level 1:colcon.colcon_core.package_discovery:discover_packages(prefix_path) discover
[0.163s] DEBUG:colcon.colcon_installed_package_information.package_discovery:Found 1 installed packages in /home/srl/lbr-stack/src/my_package/install
[0.163s] DEBUG:colcon.colcon_installed_package_information.package_discovery:Found 19 installed packages in /home/srl/lbr-stack/install
[0.163s] DEBUG:colcon.colcon_installed_package_information.package_discovery:Found 8 installed packages in /home/srl/ros2_ws/install
[0.164s] DEBUG:colcon.colcon_installed_package_information.package_discovery:Found 1 installed packages in /home/srl/ros2_ws/install/command_package/share/command_package/install
[0.164s] DEBUG:colcon.colcon_installed_package_information.package_discovery:Found 363 installed packages in /opt/ros/humble
[0.165s] Level 1:colcon.colcon_core.package_discovery:discover_packages(prefix_path) using defaults
[0.188s] Level 5:colcon.colcon_core.verb:set package 'my_package' build argument 'cmake_args' from command line to 'None'
[0.188s] Level 5:colcon.colcon_core.verb:set package 'my_package' build argument 'cmake_target' from command line to 'None'
[0.188s] Level 5:colcon.colcon_core.verb:set package 'my_package' build argument 'cmake_target_skip_unavailable' from command line to 'False'
[0.188s] Level 5:colcon.colcon_core.verb:set package 'my_package' build argument 'cmake_clean_cache' from command line to 'False'
[0.188s] Level 5:colcon.colcon_core.verb:set package 'my_package' build argument 'cmake_clean_first' from command line to 'False'
[0.188s] Level 5:colcon.colcon_core.verb:set package 'my_package' build argument 'cmake_force_configure' from command line to 'False'
[0.188s] Level 5:colcon.colcon_core.verb:set package 'my_package' build argument 'ament_cmake_args' from command line to 'None'
[0.188s] Level 5:colcon.colcon_core.verb:set package 'my_package' build argument 'catkin_cmake_args' from command line to 'None'
[0.188s] Level 5:colcon.colcon_core.verb:set package 'my_package' build argument 'catkin_skip_building_tests' from command line to 'False'
[0.188s] DEBUG:colcon.colcon_core.verb:Building package 'my_package' with the following arguments: {'ament_cmake_args': None, 'build_base': '/home/srl/lbr-stack/src/my_package/build/my_package', 'catkin_cmake_args': None, 'catkin_skip_building_tests': False, 'cmake_args': None, 'cmake_clean_cache': False, 'cmake_clean_first': False, 'cmake_force_configure': False, 'cmake_target': None, 'cmake_target_skip_unavailable': False, 'install_base': '/home/srl/lbr-stack/src/my_package/install/my_package', 'merge_install': False, 'path': '/home/srl/lbr-stack/src/my_package', 'symlink_install': True, 'test_result_base': None}
[0.188s] INFO:colcon.colcon_core.executor:Executing jobs using 'parallel' executor
[0.189s] DEBUG:colcon.colcon_parallel_executor.executor.parallel:run_until_complete
[0.189s] INFO:colcon.colcon_ros.task.ament_cmake.build:Building ROS package in '/home/srl/lbr-stack/src/my_package' with build type 'ament_cmake'
[0.189s] INFO:colcon.colcon_cmake.task.cmake.build:Building CMake package in '/home/srl/lbr-stack/src/my_package'
[0.191s] INFO:colcon.colcon_core.plugin_system:Skipping extension 'colcon_core.shell.bat': Not used on non-Windows systems
[0.191s] INFO:colcon.colcon_core.shell:Skip shell extension 'powershell' for command environment: Not usable outside of PowerShell
[0.191s] DEBUG:colcon.colcon_core.shell:Skip shell extension 'dsv' for command environment
[0.200s] DEBUG:colcon.colcon_core.event_handler.log_command:Invoking command in '/home/srl/lbr-stack/src/my_package/build/my_package': CMAKE_PREFIX_PATH=${CMAKE_PREFIX_PATH}:/home/srl/ros2_ws/install/simple_gui:/opt/ros/humble:/home/srl/lbr-stack/install/lbr_demos_py:/home/srl/lbr-stack/install/lbr_moveit:/home/srl/lbr-stack/install/lbr_demos_advanced_py /usr/bin/cmake --build /home/srl/lbr-stack/src/my_package/build/my_package -- -j20 -l20
[0.230s] DEBUG:colcon.colcon_core.event_handler.log_command:Invoked command in '/home/srl/lbr-stack/src/my_package/build/my_package' returned '0': CMAKE_PREFIX_PATH=${CMAKE_PREFIX_PATH}:/home/srl/ros2_ws/install/simple_gui:/opt/ros/humble:/home/srl/lbr-stack/install/lbr_demos_py:/home/srl/lbr-stack/install/lbr_moveit:/home/srl/lbr-stack/install/lbr_demos_advanced_py /usr/bin/cmake --build /home/srl/lbr-stack/src/my_package/build/my_package -- -j20 -l20
[0.237s] DEBUG:colcon.colcon_core.event_handler.log_command:Invoking command in '/home/srl/lbr-stack/src/my_package/build/my_package': CMAKE_PREFIX_PATH=${CMAKE_PREFIX_PATH}:/home/srl/ros2_ws/install/simple_gui:/opt/ros/humble:/home/srl/lbr-stack/install/lbr_demos_py:/home/srl/lbr-stack/install/lbr_moveit:/home/srl/lbr-stack/install/lbr_demos_advanced_py /usr/bin/cmake --install /home/srl/lbr-stack/src/my_package/build/my_package
[0.254s] Level 1:colcon.colcon_core.environment:create_environment_scripts_only(my_package)
[0.255s] DEBUG:colcon.colcon_core.event_handler.log_command:Invoked command in '/home/srl/lbr-stack/src/my_package/build/my_package' returned '0': CMAKE_PREFIX_PATH=${CMAKE_PREFIX_PATH}:/home/srl/ros2_ws/install/simple_gui:/opt/ros/humble:/home/srl/lbr-stack/install/lbr_demos_py:/home/srl/lbr-stack/install/lbr_moveit:/home/srl/lbr-stack/install/lbr_demos_advanced_py /usr/bin/cmake --install /home/srl/lbr-stack/src/my_package/build/my_package
[0.256s] Level 1:colcon.colcon_core.environment:checking '/home/srl/lbr-stack/src/my_package/install/my_package' for CMake module files
[0.256s] Level 1:colcon.colcon_core.environment:checking '/home/srl/lbr-stack/src/my_package/install/my_package' for CMake config files
[0.256s] Level 1:colcon.colcon_core.shell:create_environment_hook('my_package', 'cmake_prefix_path')
[0.256s] INFO:colcon.colcon_core.shell:Creating environment hook '/home/srl/lbr-stack/src/my_package/install/my_package/share/my_package/hook/cmake_prefix_path.ps1'
[0.257s] INFO:colcon.colcon_core.shell:Creating environment descriptor '/home/srl/lbr-stack/src/my_package/install/my_package/share/my_package/hook/cmake_prefix_path.dsv'
[0.257s] INFO:colcon.colcon_core.shell:Creating environment hook '/home/srl/lbr-stack/src/my_package/install/my_package/share/my_package/hook/cmake_prefix_path.sh'
[0.258s] Level 1:colcon.colcon_core.environment:checking '/home/srl/lbr-stack/src/my_package/install/my_package/bin'
[0.258s] Level 1:colcon.colcon_core.environment:checking '/home/srl/lbr-stack/src/my_package/install/my_package/lib/pkgconfig/my_package.pc'
[0.258s] Level 1:colcon.colcon_core.environment:checking '/home/srl/lbr-stack/src/my_package/install/my_package/lib/python3.10/site-packages'
[0.258s] Level 1:colcon.colcon_core.environment:checking '/home/srl/lbr-stack/src/my_package/install/my_package/bin'
[0.258s] INFO:colcon.colcon_core.shell:Creating package script '/home/srl/lbr-stack/src/my_package/install/my_package/share/my_package/package.ps1'
[0.258s] INFO:colcon.colcon_core.shell:Creating package descriptor '/home/srl/lbr-stack/src/my_package/install/my_package/share/my_package/package.dsv'
[0.259s] INFO:colcon.colcon_core.shell:Creating package script '/home/srl/lbr-stack/src/my_package/install/my_package/share/my_package/package.sh'
[0.259s] INFO:colcon.colcon_core.shell:Creating package script '/home/srl/lbr-stack/src/my_package/install/my_package/share/my_package/package.bash'
[0.260s] INFO:colcon.colcon_core.shell:Creating package script '/home/srl/lbr-stack/src/my_package/install/my_package/share/my_package/package.zsh'
[0.260s] Level 1:colcon.colcon_core.environment:create_file_with_runtime_dependencies(/home/srl/lbr-stack/src/my_package/install/my_package/share/colcon-core/packages/my_package)
[0.260s] Level 1:colcon.colcon_core.environment:create_environment_scripts_only(my_package)
[0.260s] Level 1:colcon.colcon_core.environment:checking '/home/srl/lbr-stack/src/my_package/install/my_package' for CMake module files
[0.261s] Level 1:colcon.colcon_core.environment:checking '/home/srl/lbr-stack/src/my_package/install/my_package' for CMake config files
[0.261s] Level 1:colcon.colcon_core.shell:create_environment_hook('my_package', 'cmake_prefix_path')
[0.261s] INFO:colcon.colcon_core.shell:Creating environment hook '/home/srl/lbr-stack/src/my_package/install/my_package/share/my_package/hook/cmake_prefix_path.ps1'
[0.261s] INFO:colcon.colcon_core.shell:Creating environment descriptor '/home/srl/lbr-stack/src/my_package/install/my_package/share/my_package/hook/cmake_prefix_path.dsv'
[0.261s] INFO:colcon.colcon_core.shell:Creating environment hook '/home/srl/lbr-stack/src/my_package/install/my_package/share/my_package/hook/cmake_prefix_path.sh'
[0.261s] Level 1:colcon.colcon_core.environment:checking '/home/srl/lbr-stack/src/my_package/install/my_package/bin'
[0.261s] Level 1:colcon.colcon_core.environment:checking '/home/srl/lbr-stack/src/my_package/install/my_package/lib/pkgconfig/my_package.pc'
[0.262s] Level 1:colcon.colcon_core.environment:checking '/home/srl/lbr-stack/src/my_package/install/my_package/lib/python3.10/site-packages'
[0.262s] Level 1:colcon.colcon_core.environment:checking '/home/srl/lbr-stack/src/my_package/install/my_package/bin'
[0.262s] INFO:colcon.colcon_core.shell:Creating package script '/home/srl/lbr-stack/src/my_package/install/my_package/share/my_package/package.ps1'
[0.262s] INFO:colcon.colcon_core.shell:Creating package descriptor '/home/srl/lbr-stack/src/my_package/install/my_package/share/my_package/package.dsv'
[0.262s] INFO:colcon.colcon_core.shell:Creating package script '/home/srl/lbr-stack/src/my_package/install/my_package/share/my_package/package.sh'
[0.263s] INFO:colcon.colcon_core.shell:Creating package script '/home/srl/lbr-stack/src/my_package/install/my_package/share/my_package/package.bash'
[0.263s] INFO:colcon.colcon_core.shell:Creating package script '/home/srl/lbr-stack/src/my_package/install/my_package/share/my_package/package.zsh'
[0.263s] Level 1:colcon.colcon_core.environment:create_file_with_runtime_dependencies(/home/srl/lbr-stack/src/my_package/install/my_package/share/colcon-core/packages/my_package)
[0.263s] DEBUG:colcon.colcon_parallel_executor.executor.parallel:closing loop
[0.263s] DEBUG:colcon.colcon_parallel_executor.executor.parallel:loop closed
[0.263s] DEBUG:colcon.colcon_parallel_executor.executor.parallel:run_until_complete finished with '0'
[0.263s] DEBUG:colcon.colcon_core.event_reactor:joining thread
[0.269s] INFO:colcon.colcon_core.plugin_system:Skipping extension 'colcon_notification.desktop_notification.terminal_notifier': Not used on non-Darwin systems
[0.269s] INFO:colcon.colcon_core.plugin_system:Skipping extension 'colcon_notification.desktop_notification.win32': Not used on non-Windows systems
[0.269s] INFO:colcon.colcon_notification.desktop_notification:Sending desktop notification using 'notify2'
[0.278s] DEBUG:colcon.colcon_core.event_reactor:joined thread
[0.278s] INFO:colcon.colcon_core.shell:Creating prefix script '/home/srl/lbr-stack/src/my_package/install/local_setup.ps1'
[0.279s] INFO:colcon.colcon_core.shell:Creating prefix util module '/home/srl/lbr-stack/src/my_package/install/_local_setup_util_ps1.py'
[0.280s] INFO:colcon.colcon_core.shell:Creating prefix chain script '/home/srl/lbr-stack/src/my_package/install/setup.ps1'
[0.281s] INFO:colcon.colcon_core.shell:Creating prefix script '/home/srl/lbr-stack/src/my_package/install/local_setup.sh'
[0.282s] INFO:colcon.colcon_core.shell:Creating prefix util module '/home/srl/lbr-stack/src/my_package/install/_local_setup_util_sh.py'
[0.282s] INFO:colcon.colcon_core.shell:Creating prefix chain script '/home/srl/lbr-stack/src/my_package/install/setup.sh'
[0.283s] INFO:colcon.colcon_core.shell:Creating prefix script '/home/srl/lbr-stack/src/my_package/install/local_setup.bash'
[0.284s] INFO:colcon.colcon_core.shell:Creating prefix chain script '/home/srl/lbr-stack/src/my_package/install/setup.bash'
[0.285s] INFO:colcon.colcon_core.shell:Creating prefix script '/home/srl/lbr-stack/src/my_package/install/local_setup.zsh'
[0.285s] INFO:colcon.colcon_core.shell:Creating prefix chain script '/home/srl/lbr-stack/src/my_package/install/setup.zsh'
