[0.152s] Invoking command in '/home/srl/lbr-stack/build/my_package': CMAKE_PREFIX_PATH=${CMAKE_PREFIX_PATH}:/opt/ros/humble:/home/srl/lbr-stack/install/lbr_demos_py:/home/srl/lbr-stack/install/lbr_moveit:/home/srl/lbr-stack/install/lbr_demos_advanced_py /usr/bin/cmake --build /home/srl/lbr-stack/build/my_package -- -j20 -l20
[0.184s] [35m[1mConsolidate compiler generated dependencies of target robot_info[0m
[0.192s] [ 20%] Built target command_listener
[0.193s] [ 40%] Built target command_publisher2
[0.193s] [ 60%] Built target reset_position
[0.195s] [ 80%] Built target robot_info
[0.197s] [100%] Built target command_publisher3
[0.217s] Invoked command in '/home/srl/lbr-stack/build/my_package' returned '0': CMAKE_PREFIX_PATH=${CMAKE_PREFIX_PATH}:/opt/ros/humble:/home/srl/lbr-stack/install/lbr_demos_py:/home/srl/lbr-stack/install/lbr_moveit:/home/srl/lbr-stack/install/lbr_demos_advanced_py /usr/bin/cmake --build /home/srl/lbr-stack/build/my_package -- -j20 -l20
[0.218s] Invoking command in '/home/srl/lbr-stack/build/my_package': CMAKE_PREFIX_PATH=${CMAKE_PREFIX_PATH}:/opt/ros/humble:/home/srl/lbr-stack/install/lbr_demos_py:/home/srl/lbr-stack/install/lbr_moveit:/home/srl/lbr-stack/install/lbr_demos_advanced_py /usr/bin/cmake --install /home/srl/lbr-stack/build/my_package
[0.225s] -- Install configuration: ""
[0.225s] -- Execute custom install script
[0.225s] -- Up-to-date symlink: /home/srl/lbr-stack/install/my_package/lib/my_package/command_publisher2
[0.225s] -- Up-to-date symlink: /home/srl/lbr-stack/install/my_package/lib/my_package/command_listener
[0.226s] -- Up-to-date symlink: /home/srl/lbr-stack/install/my_package/lib/my_package/command_publisher3
[0.226s] -- Up-to-date symlink: /home/srl/lbr-stack/install/my_package/lib/my_package/reset_position
[0.226s] -- Up-to-date symlink: /home/srl/lbr-stack/install/my_package/lib/my_package/robot_info
[0.226s] -- Up-to-date symlink: /home/srl/lbr-stack/install/my_package/share/my_package/my.launch.py
[0.226s] -- Up-to-date symlink: /home/srl/lbr-stack/install/my_package/share/my_package/my_launch2.launch.py
[0.226s] -- Up-to-date symlink: /home/srl/lbr-stack/install/my_package/share/my_package/my_launch3.launch.py
[0.226s] -- Up-to-date symlink: /home/srl/lbr-stack/install/my_package/share/my_package/my_launch_rviz.launch.py
[0.226s] -- Up-to-date symlink: /home/srl/lbr-stack/install/my_package/share/my_package/my_reset.launch.py
[0.227s] -- Up-to-date symlink: /home/srl/lbr-stack/install/my_package/share/my_package/my_robot_info.launch.py
[0.227s] -- Up-to-date symlink: /home/srl/lbr-stack/install/my_package/share/ament_index/resource_index/package_run_dependencies/my_package
[0.227s] -- Up-to-date symlink: /home/srl/lbr-stack/install/my_package/share/ament_index/resource_index/parent_prefix_path/my_package
[0.227s] -- Up-to-date symlink: /home/srl/lbr-stack/install/my_package/share/my_package/environment/ament_prefix_path.sh
[0.227s] -- Up-to-date symlink: /home/srl/lbr-stack/install/my_package/share/my_package/environment/ament_prefix_path.dsv
[0.227s] -- Up-to-date symlink: /home/srl/lbr-stack/install/my_package/share/my_package/environment/path.sh
[0.228s] -- Up-to-date symlink: /home/srl/lbr-stack/install/my_package/share/my_package/environment/path.dsv
[0.228s] -- Up-to-date symlink: /home/srl/lbr-stack/install/my_package/share/my_package/local_setup.bash
[0.228s] -- Up-to-date symlink: /home/srl/lbr-stack/install/my_package/share/my_package/local_setup.sh
[0.228s] -- Up-to-date symlink: /home/srl/lbr-stack/install/my_package/share/my_package/local_setup.zsh
[0.228s] -- Up-to-date symlink: /home/srl/lbr-stack/install/my_package/share/my_package/local_setup.dsv
[0.228s] -- Symlinking: /home/srl/lbr-stack/install/my_package/share/my_package/package.dsv
[0.236s] -- Up-to-date symlink: /home/srl/lbr-stack/install/my_package/share/ament_index/resource_index/packages/my_package
[0.236s] -- Up-to-date symlink: /home/srl/lbr-stack/install/my_package/share/my_package/cmake/my_packageConfig.cmake
[0.236s] -- Up-to-date symlink: /home/srl/lbr-stack/install/my_package/share/my_package/cmake/my_packageConfig-version.cmake
[0.236s] -- Up-to-date symlink: /home/srl/lbr-stack/install/my_package/share/my_package/package.xml
[0.243s] Invoked command in '/home/srl/lbr-stack/build/my_package' returned '0': CMAKE_PREFIX_PATH=${CMAKE_PREFIX_PATH}:/opt/ros/humble:/home/srl/lbr-stack/install/lbr_demos_py:/home/srl/lbr-stack/install/lbr_moveit:/home/srl/lbr-stack/install/lbr_demos_advanced_py /usr/bin/cmake --install /home/srl/lbr-stack/build/my_package
