-- The C compiler identification is GNU 11.4.0
-- The CXX compiler identification is GNU 11.4.0
-- Detecting C compiler ABI info
-- Detecting C compiler ABI info - done
-- Check for working C compiler: /usr/bin/cc - skipped
-- Detecting C compile features
-- Detecting C compile features - done
-- Detecting CXX compiler ABI info
-- Detecting CXX compiler ABI info - done
-- Check for working CXX compiler: /usr/bin/c++ - skipped
-- Detecting CXX compile features
-- Detecting CXX compile features - done
[0mFound nanopb of version: 0.2.8[0m
[0mFound FRIClient of version: 2.5[0m
-- Configuring FRIClient version 2.5
-- Configuring done
-- Generating done
-- Build files have been written to: /home/srl/lbr-stack/build/fri_client_sdk
[  7%] [32mBuilding CXX object CMakeFiles/FRIClient.dir/FRI-Client-SDK_Cpp/src/client_trafo/friTransformationClient.cpp.o[0m
[ 28%] [32mBuilding CXX object CMakeFiles/FRIClient.dir/FRI-Client-SDK_Cpp/src/client_lbr/friLBRClient.cpp.o[0m
[ 28%] [32mBuilding CXX object CMakeFiles/FRIClient.dir/FRI-Client-SDK_Cpp/src/client_lbr/friLBRState.cpp.o[0m
[ 28%] [32mBuilding CXX object CMakeFiles/FRIClient.dir/FRI-Client-SDK_Cpp/src/client_lbr/friLBRCommand.cpp.o[0m
[ 35%] [32mBuilding CXX object CMakeFiles/FRIClient.dir/FRI-Client-SDK_Cpp/src/protobuf/friCommandMessageEncoder.cpp.o[0m
[ 42%] [32mBuilding CXX object CMakeFiles/FRIClient.dir/FRI-Client-SDK_Cpp/src/connection/friUdpConnection.cpp.o[0m
[ 57%] [32mBuilding CXX object CMakeFiles/FRIClient.dir/FRI-Client-SDK_Cpp/src/base/friClientApplication.cpp.o[0m
[ 57%] [32mBuilding CXX object CMakeFiles/FRIClient.dir/FRI-Client-SDK_Cpp/src/base/friDataHelper.cpp.o[0m
[ 64%] [32mBuilding CXX object CMakeFiles/FRIClient.dir/FRI-Client-SDK_Cpp/src/protobuf/friMonitoringMessageDecoder.cpp.o[0m
[ 71%] [32mBuilding C object CMakeFiles/FRIClient.dir/FRI-Client-SDK_Cpp/src/nanopb-0.2.8/pb_encode.c.o[0m
[ 78%] [32mBuilding C object CMakeFiles/FRIClient.dir/FRI-Client-SDK_Cpp/src/nanopb-0.2.8/pb_decode.c.o[0m
[ 85%] [32mBuilding C object CMakeFiles/FRIClient.dir/FRI-Client-SDK_Cpp/src/protobuf_gen/FRIMessages.pb.c.o[0m
[ 92%] [32mBuilding C object CMakeFiles/FRIClient.dir/FRI-Client-SDK_Cpp/src/protobuf/pb_frimessages_callbacks.c.o[0m
[100%] [32m[1mLinking CXX shared library libFRIClient.so[0m
[100%] Built target FRIClient
-- Install configuration: "Release"
-- Installing: /home/srl/lbr-stack/install/fri_client_sdk/lib/libFRIClient.so
-- Installing: /home/srl/lbr-stack/install/fri_client_sdk/include
-- Installing: /home/srl/lbr-stack/install/fri_client_sdk/include/friClientApplication.h
-- Installing: /home/srl/lbr-stack/install/fri_client_sdk/include/friClientVersion.h
-- Installing: /home/srl/lbr-stack/install/fri_client_sdk/include/friLBRCommand.h
-- Installing: /home/srl/lbr-stack/install/fri_client_sdk/include/friClientIf.h
-- Installing: /home/srl/lbr-stack/install/fri_client_sdk/include/friUdpConnection.h
-- Installing: /home/srl/lbr-stack/install/fri_client_sdk/include/friTransformationClient.h
-- Installing: /home/srl/lbr-stack/install/fri_client_sdk/include/friException.h
-- Installing: /home/srl/lbr-stack/install/fri_client_sdk/include/friConnectionIf.h
-- Installing: /home/srl/lbr-stack/install/fri_client_sdk/include/friLBRClient.h
-- Installing: /home/srl/lbr-stack/install/fri_client_sdk/include/friDataHelper.h
-- Installing: /home/srl/lbr-stack/install/fri_client_sdk/include/friLBRState.h
-- Installing: /home/srl/lbr-stack/install/fri_client_sdk/lib/cmake/FRIClient/FRIClientConfig.cmake
-- Installing: /home/srl/lbr-stack/install/fri_client_sdk/lib/cmake/FRIClient/FRIClientConfig-release.cmake
-- Installing: /home/srl/lbr-stack/install/fri_client_sdk/lib/cmake/FRIClient/FRIClientConfigVersion.cmake
