[0.049s] Invoking command in '/home/srl/lbr-stack/build/lbr_fri_idl': CMAKE_PREFIX_PATH=/home/srl/lbr-stack/install/fri_client_sdk:/home/srl/lbr-stack/install/my_package:/home/srl/lbr-stack/install/med7_moveit_config:/home/srl/lbr-stack/install/med14_moveit_config:/home/srl/lbr-stack/install/lbr_fri_ros2_stack:/home/srl/lbr-stack/install/lbr_demos_cpp:/home/srl/lbr-stack/install/lbr_bringup:/home/srl/lbr-stack/install/lbr_ros2_control:/home/srl/lbr-stack/install/lbr_moveit_cpp:/home/srl/lbr-stack/install/lbr_demos_advanced_cpp:/home/srl/lbr-stack/install/lbr_fri_ros2:/home/srl/lbr-stack/install/lbr_fri_idl:/home/srl/lbr-stack/install/iiwa7_moveit_config:/home/srl/lbr-stack/install/iiwa14_moveit_config:/home/srl/lbr-stack/install/lbr_description:/home/srl/lbr-stack/src/my_package/install/my_package:/home/srl/ros2_ws/install/impedance_controller:/home/srl/ros2_ws/install/iiwa_moveit2:/home/srl/ros2_ws/install/iiwa_hardware:/home/srl/ros2_ws/install/iiwa_bringup:/home/srl/ros2_ws/install/iiwa_description:/home/srl/ros2_ws/install/external_torque_sensor_broadcaster:/home/srl/ros2_ws/install/command_package:/home/srl/lbr-stack/install/lbr_demos_py:/home/srl/lbr-stack/install/lbr_moveit:/home/srl/lbr-stack/install/lbr_demos_advanced_py:/home/srl/ros2_ws/install/simple_gui:/opt/ros/humble LD_LIBRARY_PATH=/home/srl/lbr-stack/install/fri_client_sdk/lib:/home/srl/lbr-stack/install/lbr_ros2_control/lib:/home/srl/lbr-stack/install/lbr_demos_advanced_cpp/lib:/home/srl/lbr-stack/install/lbr_fri_ros2/lib:/home/srl/lbr-stack/install/lbr_fri_idl/lib:/home/srl/ros2_ws/install/impedance_controller/lib:/home/srl/ros2_ws/install/iiwa_moveit2/lib:/home/srl/ros2_ws/install/iiwa_hardware/lib:/home/srl/ros2_ws/install/external_torque_sensor_broadcaster/lib:/opt/ros/humble/opt/rviz_ogre_vendor/lib:/opt/ros/humble/lib/x86_64-linux-gnu:/opt/ros/humble/lib /usr/bin/cmake --build /home/srl/lbr-stack/build/lbr_fri_idl -- -j20 -l20
[0.109s] [  2%] Built target gtest
[0.109s] [  4%] Built target lbr_fri_idl__cpp
[0.116s] [  7%] Built target gtest_main
[0.116s] [  7%] Built target ament_cmake_python_symlink_lbr_fri_idl
[0.117s] [ 17%] Built target lbr_fri_idl__rosidl_generator_c
[0.140s] [ 27%] Built target lbr_fri_idl__rosidl_typesupport_cpp
[0.141s] [ 37%] Built target lbr_fri_idl__rosidl_typesupport_fastrtps_cpp
[0.145s] [ 49%] Built target lbr_fri_idl__rosidl_typesupport_introspection_cpp
[0.146s] [ 57%] Built target lbr_fri_idl__rosidl_typesupport_introspection_c
[0.147s] [ 68%] Built target lbr_fri_idl__rosidl_typesupport_c
[0.148s] [ 78%] Built target lbr_fri_idl__rosidl_typesupport_fastrtps_c
[0.164s] [ 81%] Built target lbr_fri_idl_test_command_interfaces
[0.172s] [ 81%] Built target lbr_fri_idl
[0.200s] [ 82%] Built target lbr_fri_idl__py
[0.229s] [ 91%] Built target lbr_fri_idl__rosidl_generator_py
[0.252s] [ 94%] Built target lbr_fri_idl__rosidl_typesupport_c__pyext
[0.255s] [ 97%] Built target lbr_fri_idl__rosidl_typesupport_introspection_c__pyext
[0.256s] [100%] Built target lbr_fri_idl__rosidl_typesupport_fastrtps_c__pyext
[0.333s] running egg_info
[0.334s] writing lbr_fri_idl.egg-info/PKG-INFO
[0.334s] writing dependency_links to lbr_fri_idl.egg-info/dependency_links.txt
[0.334s] writing top-level names to lbr_fri_idl.egg-info/top_level.txt
[0.335s] reading manifest file 'lbr_fri_idl.egg-info/SOURCES.txt'
[0.336s] writing manifest file 'lbr_fri_idl.egg-info/SOURCES.txt'
[0.356s] [100%] Built target ament_cmake_python_build_lbr_fri_idl_egg
