[0.024s] Invoking command in '/home/srl/lbr-stack/build/lbr_ros2_control': CMAKE_PREFIX_PATH=/home/srl/lbr-stack/install/lbr_fri_ros2:/home/srl/lbr-stack/install/lbr_description:/home/srl/lbr-stack/install/lbr_fri_idl:/home/srl/lbr-stack/install/ign_ros2_control:/home/srl/lbr-stack/install/gz_ros2_control:/home/srl/lbr-stack/install/fri_client_sdk:/home/srl/lbr-stack/install/test_ros_gz_bridge:/home/srl/lbr-stack/install/test_package:/home/srl/lbr-stack/install/ros_ign_interfaces:/home/srl/lbr-stack/install/ros_ign:/home/srl/lbr-stack/install/ros_ign_image:/home/srl/lbr-stack/install/ros_ign_gazebo_demos:/home/srl/lbr-stack/install/ros_ign_gazebo:/home/srl/lbr-stack/install/ros_ign_bridge:/home/srl/lbr-stack/install/ros_gz:/home/srl/lbr-stack/install/ros_gz_sim_demos:/home/srl/lbr-stack/install/lbr_fri_ros2_stack:/home/srl/lbr-stack/install/lbr_demos_cpp:/home/srl/lbr-stack/install/lbr_bringup:/home/srl/lbr-stack/install/ign_ros2_control_demos:/home/srl/lbr-stack/install/gz_ros2_control_demos:/home/srl/lbr-stack/install/ros_gz_sim:/home/srl/lbr-stack/install/ros_gz_image:/home/srl/lbr-stack/install/ros_gz_bridge:/home/srl/lbr-stack/install/ros_gz_interfaces:/home/srl/lbr-stack/install/my_package:/home/srl/lbr-stack/install/med7_moveit_config:/home/srl/lbr-stack/install/med14_moveit_config:/home/srl/lbr-stack/install/lbr_ros2_control:/home/srl/lbr-stack/install/lbr_moveit_cpp:/home/srl/lbr-stack/install/lbr_gazebo_models:/home/srl/lbr-stack/install/lbr_demos_advanced_cpp:/home/srl/lbr-stack/install/iiwa7_moveit_config:/home/srl/lbr-stack/install/iiwa14_moveit_config:/home/srl/lbr-stack/install/gz_ros2_control_tests:/home/srl/lbr-stack/install/lbr_demos_py:/home/srl/lbr-stack/install/lbr_moveit:/home/srl/lbr-stack/install/lbr_demos_advanced_py:/opt/ros/humble LD_LIBRARY_PATH=/home/srl/lbr-stack/install/lbr_fri_ros2/lib:/home/srl/lbr-stack/install/lbr_fri_idl/lib:/home/srl/lbr-stack/install/gz_ros2_control/lib:/home/srl/lbr-stack/install/fri_client_sdk/lib:/home/srl/lbr-stack/install/test_package/lib:/home/srl/lbr-stack/install/ros_ign_interfaces/lib:/home/srl/lbr-stack/install/ros_gz_sim/lib:/home/srl/lbr-stack/install/ros_gz_bridge/lib:/home/srl/lbr-stack/install/ros_gz_interfaces/lib:/home/srl/lbr-stack/install/lbr_ros2_control/lib:/home/srl/lbr-stack/install/lbr_demos_advanced_cpp/lib:/usr/lib/x86_64-linux-gnu/gazebo-11/plugins:/opt/ros/humble/opt/rviz_ogre_vendor/lib:/opt/ros/humble/lib/x86_64-linux-gnu:/opt/ros/humble/lib /usr/bin/cmake /home/srl/lbr-stack/src/lbr_fri_ros2_stack/lbr_ros2_control -DAMENT_CMAKE_SYMLINK_INSTALL=1 -DCMAKE_INSTALL_PREFIX=/home/srl/lbr-stack/install/lbr_ros2_control
[0.110s] -- The C compiler identification is GNU 11.4.0
[0.204s] -- The CXX compiler identification is GNU 11.4.0
[0.231s] -- Detecting C compiler ABI info
[0.425s] -- Detecting C compiler ABI info - done
[0.450s] -- Check for working C compiler: /usr/bin/cc - skipped
[0.454s] -- Detecting C compile features
[0.454s] -- Detecting C compile features - done
[0.462s] -- Detecting CXX compiler ABI info
[0.691s] -- Detecting CXX compiler ABI info - done
[0.716s] -- Check for working CXX compiler: /usr/bin/c++ - skipped
[0.717s] -- Detecting CXX compile features
[0.718s] -- Detecting CXX compile features - done
[0.732s] -- Found ament_cmake: 1.3.11 (/opt/ros/humble/share/ament_cmake/cmake)
[1.256s] -- Found Python3: /usr/bin/python3 (found version "3.10.12") found components: Interpreter 
[1.366s] -- Override CMake install command with custom implementation using symlinks instead of copying resources
[1.452s] -- Found controller_interface: 2.50.0 (/opt/ros/humble/share/controller_interface/cmake)
[1.629s] -- Found rosidl_generator_c: 3.1.6 (/opt/ros/humble/share/rosidl_generator_c/cmake)
[1.656s] -- Found rosidl_adapter: 3.1.6 (/opt/ros/humble/share/rosidl_adapter/cmake)
[1.693s] -- Found rosidl_generator_cpp: 3.1.6 (/opt/ros/humble/share/rosidl_generator_cpp/cmake)
[1.751s] -- Using all available rosidl_typesupport_c: rosidl_typesupport_fastrtps_c;rosidl_typesupport_introspection_c
[1.821s] -- Using all available rosidl_typesupport_cpp: rosidl_typesupport_fastrtps_cpp;rosidl_typesupport_introspection_cpp
[2.271s] -- Found rmw_implementation_cmake: 6.1.2 (/opt/ros/humble/share/rmw_implementation_cmake/cmake)
[2.284s] -- Found rmw_fastrtps_cpp: 6.2.7 (/opt/ros/humble/share/rmw_fastrtps_cpp/cmake)
[2.335s] -- Found TinyXML2 via Config file: TinyXML2_DIR-NOTFOUND
[2.464s] -- Found OpenSSL: /usr/lib/x86_64-linux-gnu/libcrypto.so (found version "3.0.2")  
[2.470s] -- Found TinyXML2 via Config file: TinyXML2_DIR-NOTFOUND
[2.510s] -- Found FastRTPS: /opt/ros/humble/include  
[2.513s] -- Found TinyXML2 via Config file: TinyXML2_DIR-NOTFOUND
[2.540s] -- Found TinyXML2 via Config file: TinyXML2_DIR-NOTFOUND
[2.562s] -- Using RMW implementation 'rmw_fastrtps_cpp' as default
[2.582s] -- Looking for pthread.h
[2.716s] -- Looking for pthread.h - found
[2.717s] -- Performing Test CMAKE_HAVE_LIBC_PTHREAD
[2.864s] -- Performing Test CMAKE_HAVE_LIBC_PTHREAD - Success
[2.866s] -- Found Threads: TRUE  
[3.042s] -- Found eigen3_cmake_module: 0.1.1 (/opt/ros/humble/share/eigen3_cmake_module/cmake)
[3.053s] -- Found Eigen3: TRUE (found version "3.4.0") 
[3.071s] -- Found kinematics_interface: 0.3.0 (/opt/ros/humble/share/kinematics_interface/cmake)
[3.093s] -- Found lbr_fri_idl: 1.5.0 (/home/srl/lbr-stack/install/lbr_fri_idl/share/lbr_fri_idl/cmake)
[3.149s] -- Found lbr_fri_ros2: 2.2.1 (/home/srl/lbr-stack/install/lbr_fri_ros2/share/lbr_fri_ros2/cmake)
[3.203s] -- Ensuring Eigen3 include directory is part of orocos-kdl CMake target
[3.598s] -- Configuring done
[3.674s] -- Generating done
[3.693s] -- Build files have been written to: /home/srl/lbr-stack/build/lbr_ros2_control
[3.719s] Invoked command in '/home/srl/lbr-stack/build/lbr_ros2_control' returned '0': CMAKE_PREFIX_PATH=/home/srl/lbr-stack/install/lbr_fri_ros2:/home/srl/lbr-stack/install/lbr_description:/home/srl/lbr-stack/install/lbr_fri_idl:/home/srl/lbr-stack/install/ign_ros2_control:/home/srl/lbr-stack/install/gz_ros2_control:/home/srl/lbr-stack/install/fri_client_sdk:/home/srl/lbr-stack/install/test_ros_gz_bridge:/home/srl/lbr-stack/install/test_package:/home/srl/lbr-stack/install/ros_ign_interfaces:/home/srl/lbr-stack/install/ros_ign:/home/srl/lbr-stack/install/ros_ign_image:/home/srl/lbr-stack/install/ros_ign_gazebo_demos:/home/srl/lbr-stack/install/ros_ign_gazebo:/home/srl/lbr-stack/install/ros_ign_bridge:/home/srl/lbr-stack/install/ros_gz:/home/srl/lbr-stack/install/ros_gz_sim_demos:/home/srl/lbr-stack/install/lbr_fri_ros2_stack:/home/srl/lbr-stack/install/lbr_demos_cpp:/home/srl/lbr-stack/install/lbr_bringup:/home/srl/lbr-stack/install/ign_ros2_control_demos:/home/srl/lbr-stack/install/gz_ros2_control_demos:/home/srl/lbr-stack/install/ros_gz_sim:/home/srl/lbr-stack/install/ros_gz_image:/home/srl/lbr-stack/install/ros_gz_bridge:/home/srl/lbr-stack/install/ros_gz_interfaces:/home/srl/lbr-stack/install/my_package:/home/srl/lbr-stack/install/med7_moveit_config:/home/srl/lbr-stack/install/med14_moveit_config:/home/srl/lbr-stack/install/lbr_ros2_control:/home/srl/lbr-stack/install/lbr_moveit_cpp:/home/srl/lbr-stack/install/lbr_gazebo_models:/home/srl/lbr-stack/install/lbr_demos_advanced_cpp:/home/srl/lbr-stack/install/iiwa7_moveit_config:/home/srl/lbr-stack/install/iiwa14_moveit_config:/home/srl/lbr-stack/install/gz_ros2_control_tests:/home/srl/lbr-stack/install/lbr_demos_py:/home/srl/lbr-stack/install/lbr_moveit:/home/srl/lbr-stack/install/lbr_demos_advanced_py:/opt/ros/humble LD_LIBRARY_PATH=/home/srl/lbr-stack/install/lbr_fri_ros2/lib:/home/srl/lbr-stack/install/lbr_fri_idl/lib:/home/srl/lbr-stack/install/gz_ros2_control/lib:/home/srl/lbr-stack/install/fri_client_sdk/lib:/home/srl/lbr-stack/install/test_package/lib:/home/srl/lbr-stack/install/ros_ign_interfaces/lib:/home/srl/lbr-stack/install/ros_gz_sim/lib:/home/srl/lbr-stack/install/ros_gz_bridge/lib:/home/srl/lbr-stack/install/ros_gz_interfaces/lib:/home/srl/lbr-stack/install/lbr_ros2_control/lib:/home/srl/lbr-stack/install/lbr_demos_advanced_cpp/lib:/usr/lib/x86_64-linux-gnu/gazebo-11/plugins:/opt/ros/humble/opt/rviz_ogre_vendor/lib:/opt/ros/humble/lib/x86_64-linux-gnu:/opt/ros/humble/lib /usr/bin/cmake /home/srl/lbr-stack/src/lbr_fri_ros2_stack/lbr_ros2_control -DAMENT_CMAKE_SYMLINK_INSTALL=1 -DCMAKE_INSTALL_PREFIX=/home/srl/lbr-stack/install/lbr_ros2_control
[3.723s] Invoking command in '/home/srl/lbr-stack/build/lbr_ros2_control': CMAKE_PREFIX_PATH=/home/srl/lbr-stack/install/lbr_fri_ros2:/home/srl/lbr-stack/install/lbr_description:/home/srl/lbr-stack/install/lbr_fri_idl:/home/srl/lbr-stack/install/ign_ros2_control:/home/srl/lbr-stack/install/gz_ros2_control:/home/srl/lbr-stack/install/fri_client_sdk:/home/srl/lbr-stack/install/test_ros_gz_bridge:/home/srl/lbr-stack/install/test_package:/home/srl/lbr-stack/install/ros_ign_interfaces:/home/srl/lbr-stack/install/ros_ign:/home/srl/lbr-stack/install/ros_ign_image:/home/srl/lbr-stack/install/ros_ign_gazebo_demos:/home/srl/lbr-stack/install/ros_ign_gazebo:/home/srl/lbr-stack/install/ros_ign_bridge:/home/srl/lbr-stack/install/ros_gz:/home/srl/lbr-stack/install/ros_gz_sim_demos:/home/srl/lbr-stack/install/lbr_fri_ros2_stack:/home/srl/lbr-stack/install/lbr_demos_cpp:/home/srl/lbr-stack/install/lbr_bringup:/home/srl/lbr-stack/install/ign_ros2_control_demos:/home/srl/lbr-stack/install/gz_ros2_control_demos:/home/srl/lbr-stack/install/ros_gz_sim:/home/srl/lbr-stack/install/ros_gz_image:/home/srl/lbr-stack/install/ros_gz_bridge:/home/srl/lbr-stack/install/ros_gz_interfaces:/home/srl/lbr-stack/install/my_package:/home/srl/lbr-stack/install/med7_moveit_config:/home/srl/lbr-stack/install/med14_moveit_config:/home/srl/lbr-stack/install/lbr_ros2_control:/home/srl/lbr-stack/install/lbr_moveit_cpp:/home/srl/lbr-stack/install/lbr_gazebo_models:/home/srl/lbr-stack/install/lbr_demos_advanced_cpp:/home/srl/lbr-stack/install/iiwa7_moveit_config:/home/srl/lbr-stack/install/iiwa14_moveit_config:/home/srl/lbr-stack/install/gz_ros2_control_tests:/home/srl/lbr-stack/install/lbr_demos_py:/home/srl/lbr-stack/install/lbr_moveit:/home/srl/lbr-stack/install/lbr_demos_advanced_py:/opt/ros/humble LD_LIBRARY_PATH=/home/srl/lbr-stack/install/lbr_fri_ros2/lib:/home/srl/lbr-stack/install/lbr_fri_idl/lib:/home/srl/lbr-stack/install/gz_ros2_control/lib:/home/srl/lbr-stack/install/fri_client_sdk/lib:/home/srl/lbr-stack/install/test_package/lib:/home/srl/lbr-stack/install/ros_ign_interfaces/lib:/home/srl/lbr-stack/install/ros_gz_sim/lib:/home/srl/lbr-stack/install/ros_gz_bridge/lib:/home/srl/lbr-stack/install/ros_gz_interfaces/lib:/home/srl/lbr-stack/install/lbr_ros2_control/lib:/home/srl/lbr-stack/install/lbr_demos_advanced_cpp/lib:/usr/lib/x86_64-linux-gnu/gazebo-11/plugins:/opt/ros/humble/opt/rviz_ogre_vendor/lib:/opt/ros/humble/lib/x86_64-linux-gnu:/opt/ros/humble/lib /usr/bin/cmake --build /home/srl/lbr-stack/build/lbr_ros2_control -- -j20 -l20
[3.894s] [ 12%] [32mBuilding CXX object CMakeFiles/lbr_ros2_control.dir/src/controllers/admittance_controller.cpp.o[0m
[3.895s] [ 25%] [32mBuilding CXX object CMakeFiles/lbr_ros2_control.dir/src/controllers/lbr_torque_command_controller.cpp.o[0m
[3.906s] [ 37%] [32mBuilding CXX object CMakeFiles/lbr_ros2_control.dir/src/controllers/lbr_joint_position_command_controller.cpp.o[0m
[3.908s] [ 50%] [32mBuilding CXX object CMakeFiles/lbr_ros2_control.dir/src/controllers/lbr_wrench_command_controller.cpp.o[0m
[3.908s] [ 62%] [32mBuilding CXX object CMakeFiles/lbr_ros2_control.dir/src/controllers/lbr_state_broadcaster.cpp.o[0m
[3.925s] [ 75%] [32mBuilding CXX object CMakeFiles/lbr_ros2_control.dir/src/controllers/twist_controller.cpp.o[0m
[3.925s] [ 87%] [32mBuilding CXX object CMakeFiles/lbr_ros2_control.dir/src/system_interface.cpp.o[0m
[33.852s] [100%] [32m[1mLinking CXX shared library liblbr_ros2_control.so[0m
[34.403s] [100%] Built target lbr_ros2_control
[34.446s] Invoked command in '/home/srl/lbr-stack/build/lbr_ros2_control' returned '0': CMAKE_PREFIX_PATH=/home/srl/lbr-stack/install/lbr_fri_ros2:/home/srl/lbr-stack/install/lbr_description:/home/srl/lbr-stack/install/lbr_fri_idl:/home/srl/lbr-stack/install/ign_ros2_control:/home/srl/lbr-stack/install/gz_ros2_control:/home/srl/lbr-stack/install/fri_client_sdk:/home/srl/lbr-stack/install/test_ros_gz_bridge:/home/srl/lbr-stack/install/test_package:/home/srl/lbr-stack/install/ros_ign_interfaces:/home/srl/lbr-stack/install/ros_ign:/home/srl/lbr-stack/install/ros_ign_image:/home/srl/lbr-stack/install/ros_ign_gazebo_demos:/home/srl/lbr-stack/install/ros_ign_gazebo:/home/srl/lbr-stack/install/ros_ign_bridge:/home/srl/lbr-stack/install/ros_gz:/home/srl/lbr-stack/install/ros_gz_sim_demos:/home/srl/lbr-stack/install/lbr_fri_ros2_stack:/home/srl/lbr-stack/install/lbr_demos_cpp:/home/srl/lbr-stack/install/lbr_bringup:/home/srl/lbr-stack/install/ign_ros2_control_demos:/home/srl/lbr-stack/install/gz_ros2_control_demos:/home/srl/lbr-stack/install/ros_gz_sim:/home/srl/lbr-stack/install/ros_gz_image:/home/srl/lbr-stack/install/ros_gz_bridge:/home/srl/lbr-stack/install/ros_gz_interfaces:/home/srl/lbr-stack/install/my_package:/home/srl/lbr-stack/install/med7_moveit_config:/home/srl/lbr-stack/install/med14_moveit_config:/home/srl/lbr-stack/install/lbr_ros2_control:/home/srl/lbr-stack/install/lbr_moveit_cpp:/home/srl/lbr-stack/install/lbr_gazebo_models:/home/srl/lbr-stack/install/lbr_demos_advanced_cpp:/home/srl/lbr-stack/install/iiwa7_moveit_config:/home/srl/lbr-stack/install/iiwa14_moveit_config:/home/srl/lbr-stack/install/gz_ros2_control_tests:/home/srl/lbr-stack/install/lbr_demos_py:/home/srl/lbr-stack/install/lbr_moveit:/home/srl/lbr-stack/install/lbr_demos_advanced_py:/opt/ros/humble LD_LIBRARY_PATH=/home/srl/lbr-stack/install/lbr_fri_ros2/lib:/home/srl/lbr-stack/install/lbr_fri_idl/lib:/home/srl/lbr-stack/install/gz_ros2_control/lib:/home/srl/lbr-stack/install/fri_client_sdk/lib:/home/srl/lbr-stack/install/test_package/lib:/home/srl/lbr-stack/install/ros_ign_interfaces/lib:/home/srl/lbr-stack/install/ros_gz_sim/lib:/home/srl/lbr-stack/install/ros_gz_bridge/lib:/home/srl/lbr-stack/install/ros_gz_interfaces/lib:/home/srl/lbr-stack/install/lbr_ros2_control/lib:/home/srl/lbr-stack/install/lbr_demos_advanced_cpp/lib:/usr/lib/x86_64-linux-gnu/gazebo-11/plugins:/opt/ros/humble/opt/rviz_ogre_vendor/lib:/opt/ros/humble/lib/x86_64-linux-gnu:/opt/ros/humble/lib /usr/bin/cmake --build /home/srl/lbr-stack/build/lbr_ros2_control -- -j20 -l20
[34.478s] Invoking command in '/home/srl/lbr-stack/build/lbr_ros2_control': CMAKE_PREFIX_PATH=/home/srl/lbr-stack/install/lbr_fri_ros2:/home/srl/lbr-stack/install/lbr_description:/home/srl/lbr-stack/install/lbr_fri_idl:/home/srl/lbr-stack/install/ign_ros2_control:/home/srl/lbr-stack/install/gz_ros2_control:/home/srl/lbr-stack/install/fri_client_sdk:/home/srl/lbr-stack/install/test_ros_gz_bridge:/home/srl/lbr-stack/install/test_package:/home/srl/lbr-stack/install/ros_ign_interfaces:/home/srl/lbr-stack/install/ros_ign:/home/srl/lbr-stack/install/ros_ign_image:/home/srl/lbr-stack/install/ros_ign_gazebo_demos:/home/srl/lbr-stack/install/ros_ign_gazebo:/home/srl/lbr-stack/install/ros_ign_bridge:/home/srl/lbr-stack/install/ros_gz:/home/srl/lbr-stack/install/ros_gz_sim_demos:/home/srl/lbr-stack/install/lbr_fri_ros2_stack:/home/srl/lbr-stack/install/lbr_demos_cpp:/home/srl/lbr-stack/install/lbr_bringup:/home/srl/lbr-stack/install/ign_ros2_control_demos:/home/srl/lbr-stack/install/gz_ros2_control_demos:/home/srl/lbr-stack/install/ros_gz_sim:/home/srl/lbr-stack/install/ros_gz_image:/home/srl/lbr-stack/install/ros_gz_bridge:/home/srl/lbr-stack/install/ros_gz_interfaces:/home/srl/lbr-stack/install/my_package:/home/srl/lbr-stack/install/med7_moveit_config:/home/srl/lbr-stack/install/med14_moveit_config:/home/srl/lbr-stack/install/lbr_ros2_control:/home/srl/lbr-stack/install/lbr_moveit_cpp:/home/srl/lbr-stack/install/lbr_gazebo_models:/home/srl/lbr-stack/install/lbr_demos_advanced_cpp:/home/srl/lbr-stack/install/iiwa7_moveit_config:/home/srl/lbr-stack/install/iiwa14_moveit_config:/home/srl/lbr-stack/install/gz_ros2_control_tests:/home/srl/lbr-stack/install/lbr_demos_py:/home/srl/lbr-stack/install/lbr_moveit:/home/srl/lbr-stack/install/lbr_demos_advanced_py:/opt/ros/humble LD_LIBRARY_PATH=/home/srl/lbr-stack/install/lbr_fri_ros2/lib:/home/srl/lbr-stack/install/lbr_fri_idl/lib:/home/srl/lbr-stack/install/gz_ros2_control/lib:/home/srl/lbr-stack/install/fri_client_sdk/lib:/home/srl/lbr-stack/install/test_package/lib:/home/srl/lbr-stack/install/ros_ign_interfaces/lib:/home/srl/lbr-stack/install/ros_gz_sim/lib:/home/srl/lbr-stack/install/ros_gz_bridge/lib:/home/srl/lbr-stack/install/ros_gz_interfaces/lib:/home/srl/lbr-stack/install/lbr_ros2_control/lib:/home/srl/lbr-stack/install/lbr_demos_advanced_cpp/lib:/usr/lib/x86_64-linux-gnu/gazebo-11/plugins:/opt/ros/humble/opt/rviz_ogre_vendor/lib:/opt/ros/humble/lib/x86_64-linux-gnu:/opt/ros/humble/lib /usr/bin/cmake --install /home/srl/lbr-stack/build/lbr_ros2_control
[34.482s] -- Install configuration: "Release"
[34.483s] -- Execute custom install script
[34.483s] -- Symlinking: /home/srl/lbr-stack/install/lbr_ros2_control/share/lbr_ros2_control/plugin_description_files/controllers.xml
[34.496s] -- Symlinking: /home/srl/lbr-stack/install/lbr_ros2_control/share/lbr_ros2_control/plugin_description_files/system_interface.xml
[34.508s] -- Symlinking: /home/srl/lbr-stack/install/lbr_ros2_control/share/lbr_ros2_control/environment/library_path.sh
[34.520s] -- Symlinking: /home/srl/lbr-stack/install/lbr_ros2_control/share/lbr_ros2_control/environment/library_path.dsv
[34.532s] -- Symlinking: /home/srl/lbr-stack/install/lbr_ros2_control/include/lbr_ros2_control/controllers/admittance_controller.hpp
[34.544s] -- Symlinking: /home/srl/lbr-stack/install/lbr_ros2_control/include/lbr_ros2_control/controllers/lbr_joint_position_command_controller.hpp
[34.556s] -- Symlinking: /home/srl/lbr-stack/install/lbr_ros2_control/include/lbr_ros2_control/controllers/lbr_state_broadcaster.hpp
[34.567s] -- Symlinking: /home/srl/lbr-stack/install/lbr_ros2_control/include/lbr_ros2_control/controllers/lbr_torque_command_controller.hpp
[34.579s] -- Symlinking: /home/srl/lbr-stack/install/lbr_ros2_control/include/lbr_ros2_control/controllers/lbr_wrench_command_controller.hpp
[34.591s] -- Symlinking: /home/srl/lbr-stack/install/lbr_ros2_control/include/lbr_ros2_control/controllers/twist_controller.hpp
[34.603s] -- Symlinking: /home/srl/lbr-stack/install/lbr_ros2_control/include/lbr_ros2_control/system_interface.hpp
[34.612s] -- Symlinking: /home/srl/lbr-stack/install/lbr_ros2_control/include/lbr_ros2_control/system_interface_type_values.hpp
[34.620s] -- Symlinking: /home/srl/lbr-stack/install/lbr_ros2_control/share/ament_index/resource_index/package_run_dependencies/lbr_ros2_control
[34.628s] -- Symlinking: /home/srl/lbr-stack/install/lbr_ros2_control/share/ament_index/resource_index/parent_prefix_path/lbr_ros2_control
[34.636s] -- Symlinking: /home/srl/lbr-stack/install/lbr_ros2_control/share/lbr_ros2_control/environment/ament_prefix_path.sh
[34.644s] -- Symlinking: /home/srl/lbr-stack/install/lbr_ros2_control/share/lbr_ros2_control/environment/ament_prefix_path.dsv
[34.654s] -- Symlinking: /home/srl/lbr-stack/install/lbr_ros2_control/share/lbr_ros2_control/environment/path.sh
[34.662s] -- Symlinking: /home/srl/lbr-stack/install/lbr_ros2_control/share/lbr_ros2_control/environment/path.dsv
[34.670s] -- Symlinking: /home/srl/lbr-stack/install/lbr_ros2_control/share/lbr_ros2_control/local_setup.bash
[34.678s] -- Symlinking: /home/srl/lbr-stack/install/lbr_ros2_control/share/lbr_ros2_control/local_setup.sh
[34.686s] -- Symlinking: /home/srl/lbr-stack/install/lbr_ros2_control/share/lbr_ros2_control/local_setup.zsh
[34.698s] -- Symlinking: /home/srl/lbr-stack/install/lbr_ros2_control/share/lbr_ros2_control/local_setup.dsv
[34.710s] -- Symlinking: /home/srl/lbr-stack/install/lbr_ros2_control/share/lbr_ros2_control/package.dsv
[34.722s] -- Symlinking: /home/srl/lbr-stack/install/lbr_ros2_control/share/ament_index/resource_index/packages/lbr_ros2_control
[34.734s] -- Symlinking: /home/srl/lbr-stack/install/lbr_ros2_control/share/ament_index/resource_index/controller_interface__pluginlib__plugin/lbr_ros2_control
[34.746s] -- Symlinking: /home/srl/lbr-stack/install/lbr_ros2_control/share/ament_index/resource_index/hardware_interface__pluginlib__plugin/lbr_ros2_control
[34.758s] -- Symlinking: /home/srl/lbr-stack/install/lbr_ros2_control/share/lbr_ros2_control/cmake/ament_cmake_export_targets-extras.cmake
[34.770s] -- Symlinking: /home/srl/lbr-stack/install/lbr_ros2_control/share/lbr_ros2_control/cmake/ament_cmake_export_dependencies-extras.cmake
[34.782s] -- Symlinking: /home/srl/lbr-stack/install/lbr_ros2_control/share/lbr_ros2_control/cmake/lbr_ros2_controlConfig.cmake
[34.794s] -- Symlinking: /home/srl/lbr-stack/install/lbr_ros2_control/share/lbr_ros2_control/cmake/lbr_ros2_controlConfig-version.cmake
[34.806s] -- Symlinking: /home/srl/lbr-stack/install/lbr_ros2_control/share/lbr_ros2_control/package.xml
[34.818s] -- Installing: /home/srl/lbr-stack/install/lbr_ros2_control/lib/lbr_ros2_control/liblbr_ros2_control.so
[34.827s] -- Set runtime path of "/home/srl/lbr-stack/install/lbr_ros2_control/lib/lbr_ros2_control/liblbr_ros2_control.so" to ""
[34.827s] -- Installing: /home/srl/lbr-stack/install/lbr_ros2_control/share/lbr_ros2_control/cmake/lbr_ros2_control_exportExport.cmake
[34.827s] -- Installing: /home/srl/lbr-stack/install/lbr_ros2_control/share/lbr_ros2_control/cmake/lbr_ros2_control_exportExport-release.cmake
[34.838s] Invoked command in '/home/srl/lbr-stack/build/lbr_ros2_control' returned '0': CMAKE_PREFIX_PATH=/home/srl/lbr-stack/install/lbr_fri_ros2:/home/srl/lbr-stack/install/lbr_description:/home/srl/lbr-stack/install/lbr_fri_idl:/home/srl/lbr-stack/install/ign_ros2_control:/home/srl/lbr-stack/install/gz_ros2_control:/home/srl/lbr-stack/install/fri_client_sdk:/home/srl/lbr-stack/install/test_ros_gz_bridge:/home/srl/lbr-stack/install/test_package:/home/srl/lbr-stack/install/ros_ign_interfaces:/home/srl/lbr-stack/install/ros_ign:/home/srl/lbr-stack/install/ros_ign_image:/home/srl/lbr-stack/install/ros_ign_gazebo_demos:/home/srl/lbr-stack/install/ros_ign_gazebo:/home/srl/lbr-stack/install/ros_ign_bridge:/home/srl/lbr-stack/install/ros_gz:/home/srl/lbr-stack/install/ros_gz_sim_demos:/home/srl/lbr-stack/install/lbr_fri_ros2_stack:/home/srl/lbr-stack/install/lbr_demos_cpp:/home/srl/lbr-stack/install/lbr_bringup:/home/srl/lbr-stack/install/ign_ros2_control_demos:/home/srl/lbr-stack/install/gz_ros2_control_demos:/home/srl/lbr-stack/install/ros_gz_sim:/home/srl/lbr-stack/install/ros_gz_image:/home/srl/lbr-stack/install/ros_gz_bridge:/home/srl/lbr-stack/install/ros_gz_interfaces:/home/srl/lbr-stack/install/my_package:/home/srl/lbr-stack/install/med7_moveit_config:/home/srl/lbr-stack/install/med14_moveit_config:/home/srl/lbr-stack/install/lbr_ros2_control:/home/srl/lbr-stack/install/lbr_moveit_cpp:/home/srl/lbr-stack/install/lbr_gazebo_models:/home/srl/lbr-stack/install/lbr_demos_advanced_cpp:/home/srl/lbr-stack/install/iiwa7_moveit_config:/home/srl/lbr-stack/install/iiwa14_moveit_config:/home/srl/lbr-stack/install/gz_ros2_control_tests:/home/srl/lbr-stack/install/lbr_demos_py:/home/srl/lbr-stack/install/lbr_moveit:/home/srl/lbr-stack/install/lbr_demos_advanced_py:/opt/ros/humble LD_LIBRARY_PATH=/home/srl/lbr-stack/install/lbr_fri_ros2/lib:/home/srl/lbr-stack/install/lbr_fri_idl/lib:/home/srl/lbr-stack/install/gz_ros2_control/lib:/home/srl/lbr-stack/install/fri_client_sdk/lib:/home/srl/lbr-stack/install/test_package/lib:/home/srl/lbr-stack/install/ros_ign_interfaces/lib:/home/srl/lbr-stack/install/ros_gz_sim/lib:/home/srl/lbr-stack/install/ros_gz_bridge/lib:/home/srl/lbr-stack/install/ros_gz_interfaces/lib:/home/srl/lbr-stack/install/lbr_ros2_control/lib:/home/srl/lbr-stack/install/lbr_demos_advanced_cpp/lib:/usr/lib/x86_64-linux-gnu/gazebo-11/plugins:/opt/ros/humble/opt/rviz_ogre_vendor/lib:/opt/ros/humble/lib/x86_64-linux-gnu:/opt/ros/humble/lib /usr/bin/cmake --install /home/srl/lbr-stack/build/lbr_ros2_control
