[0.023s] Invoking command in '/home/srl/lbr-stack/build/ros_gz_bridge': CMAKE_PREFIX_PATH=/home/srl/lbr-stack/install/ros_gz_interfaces:/home/srl/lbr-stack/install/test_ros_gz_bridge:/home/srl/lbr-stack/install/test_package:/home/srl/lbr-stack/install/ros_ign_interfaces:/home/srl/lbr-stack/install/ros_ign:/home/srl/lbr-stack/install/ros_ign_image:/home/srl/lbr-stack/install/ros_ign_gazebo_demos:/home/srl/lbr-stack/install/ros_ign_gazebo:/home/srl/lbr-stack/install/ros_ign_bridge:/home/srl/lbr-stack/install/ros_gz:/home/srl/lbr-stack/install/ros_gz_sim_demos:/home/srl/lbr-stack/install/lbr_fri_ros2_stack:/home/srl/lbr-stack/install/lbr_demos_cpp:/home/srl/lbr-stack/install/lbr_bringup:/home/srl/lbr-stack/install/ign_ros2_control_demos:/home/srl/lbr-stack/install/gz_ros2_control_demos:/home/srl/lbr-stack/install/ros_gz_sim:/home/srl/lbr-stack/install/ros_gz_image:/home/srl/lbr-stack/install/ros_gz_bridge:/home/srl/lbr-stack/install/my_package:/home/srl/lbr-stack/install/med7_moveit_config:/home/srl/lbr-stack/install/med14_moveit_config:/home/srl/lbr-stack/install/lbr_ros2_control:/home/srl/lbr-stack/install/lbr_moveit_cpp:/home/srl/lbr-stack/install/lbr_gazebo_models:/home/srl/lbr-stack/install/lbr_demos_advanced_cpp:/home/srl/lbr-stack/install/lbr_fri_ros2:/home/srl/lbr-stack/install/lbr_fri_idl:/home/srl/lbr-stack/install/iiwa7_moveit_config:/home/srl/lbr-stack/install/iiwa14_moveit_config:/home/srl/lbr-stack/install/lbr_description:/home/srl/lbr-stack/install/ign_ros2_control:/home/srl/lbr-stack/install/gz_ros2_control_tests:/home/srl/lbr-stack/install/gz_ros2_control:/home/srl/lbr-stack/install/fri_client_sdk:/home/srl/lbr-stack/install/lbr_demos_py:/home/srl/lbr-stack/install/lbr_moveit:/home/srl/lbr-stack/install/lbr_demos_advanced_py:/opt/ros/humble LD_LIBRARY_PATH=/home/srl/lbr-stack/install/ros_gz_interfaces/lib:/home/srl/lbr-stack/install/test_package/lib:/home/srl/lbr-stack/install/ros_ign_interfaces/lib:/home/srl/lbr-stack/install/ros_gz_sim/lib:/home/srl/lbr-stack/install/ros_gz_bridge/lib:/home/srl/lbr-stack/install/lbr_ros2_control/lib:/home/srl/lbr-stack/install/lbr_demos_advanced_cpp/lib:/home/srl/lbr-stack/install/lbr_fri_ros2/lib:/home/srl/lbr-stack/install/lbr_fri_idl/lib:/home/srl/lbr-stack/install/gz_ros2_control/lib:/home/srl/lbr-stack/install/fri_client_sdk/lib:/usr/lib/x86_64-linux-gnu/gazebo-11/plugins:/opt/ros/humble/opt/rviz_ogre_vendor/lib:/opt/ros/humble/lib/x86_64-linux-gnu:/opt/ros/humble/lib /usr/bin/cmake --build /home/srl/lbr-stack/build/ros_gz_bridge -- -j20 -l20
[0.083s] [  2%] Built target gtest
[0.090s] [  4%] Built target bridge_node
[0.091s] [  6%] Built target gtest_main
[0.124s] [  9%] Built target test_utils
[0.124s] [ 13%] Built target test_rcl_interfaces
[0.158s] [ 15%] Built target test_ros_client
[0.162s] [ 18%] Built target test_gz_subscriber
[0.162s] [ 21%] Built target test_ros_publisher
[0.162s] [ 24%] Built target test_gz_server
[0.162s] [ 67%] Built target ros_gz_bridge
[0.164s] [ 70%] Built target test_gz_publisher
[0.194s] [ 72%] Built target bridge_types
[0.194s] [ 74%] Built target parameter_bridge
[0.201s] [ 79%] Built target static_bridge
[0.201s] [ 79%] Built target ros_gz_bridge_bridge_config
[0.210s] [ 82%] Built target test_ros_gz_interfaces
[0.213s] [100%] Built target test_ros_subscriber
[0.231s] Invoked command in '/home/srl/lbr-stack/build/ros_gz_bridge' returned '0': CMAKE_PREFIX_PATH=/home/srl/lbr-stack/install/ros_gz_interfaces:/home/srl/lbr-stack/install/test_ros_gz_bridge:/home/srl/lbr-stack/install/test_package:/home/srl/lbr-stack/install/ros_ign_interfaces:/home/srl/lbr-stack/install/ros_ign:/home/srl/lbr-stack/install/ros_ign_image:/home/srl/lbr-stack/install/ros_ign_gazebo_demos:/home/srl/lbr-stack/install/ros_ign_gazebo:/home/srl/lbr-stack/install/ros_ign_bridge:/home/srl/lbr-stack/install/ros_gz:/home/srl/lbr-stack/install/ros_gz_sim_demos:/home/srl/lbr-stack/install/lbr_fri_ros2_stack:/home/srl/lbr-stack/install/lbr_demos_cpp:/home/srl/lbr-stack/install/lbr_bringup:/home/srl/lbr-stack/install/ign_ros2_control_demos:/home/srl/lbr-stack/install/gz_ros2_control_demos:/home/srl/lbr-stack/install/ros_gz_sim:/home/srl/lbr-stack/install/ros_gz_image:/home/srl/lbr-stack/install/ros_gz_bridge:/home/srl/lbr-stack/install/my_package:/home/srl/lbr-stack/install/med7_moveit_config:/home/srl/lbr-stack/install/med14_moveit_config:/home/srl/lbr-stack/install/lbr_ros2_control:/home/srl/lbr-stack/install/lbr_moveit_cpp:/home/srl/lbr-stack/install/lbr_gazebo_models:/home/srl/lbr-stack/install/lbr_demos_advanced_cpp:/home/srl/lbr-stack/install/lbr_fri_ros2:/home/srl/lbr-stack/install/lbr_fri_idl:/home/srl/lbr-stack/install/iiwa7_moveit_config:/home/srl/lbr-stack/install/iiwa14_moveit_config:/home/srl/lbr-stack/install/lbr_description:/home/srl/lbr-stack/install/ign_ros2_control:/home/srl/lbr-stack/install/gz_ros2_control_tests:/home/srl/lbr-stack/install/gz_ros2_control:/home/srl/lbr-stack/install/fri_client_sdk:/home/srl/lbr-stack/install/lbr_demos_py:/home/srl/lbr-stack/install/lbr_moveit:/home/srl/lbr-stack/install/lbr_demos_advanced_py:/opt/ros/humble LD_LIBRARY_PATH=/home/srl/lbr-stack/install/ros_gz_interfaces/lib:/home/srl/lbr-stack/install/test_package/lib:/home/srl/lbr-stack/install/ros_ign_interfaces/lib:/home/srl/lbr-stack/install/ros_gz_sim/lib:/home/srl/lbr-stack/install/ros_gz_bridge/lib:/home/srl/lbr-stack/install/lbr_ros2_control/lib:/home/srl/lbr-stack/install/lbr_demos_advanced_cpp/lib:/home/srl/lbr-stack/install/lbr_fri_ros2/lib:/home/srl/lbr-stack/install/lbr_fri_idl/lib:/home/srl/lbr-stack/install/gz_ros2_control/lib:/home/srl/lbr-stack/install/fri_client_sdk/lib:/usr/lib/x86_64-linux-gnu/gazebo-11/plugins:/opt/ros/humble/opt/rviz_ogre_vendor/lib:/opt/ros/humble/lib/x86_64-linux-gnu:/opt/ros/humble/lib /usr/bin/cmake --build /home/srl/lbr-stack/build/ros_gz_bridge -- -j20 -l20
[0.234s] Invoking command in '/home/srl/lbr-stack/build/ros_gz_bridge': CMAKE_PREFIX_PATH=/home/srl/lbr-stack/install/ros_gz_interfaces:/home/srl/lbr-stack/install/test_ros_gz_bridge:/home/srl/lbr-stack/install/test_package:/home/srl/lbr-stack/install/ros_ign_interfaces:/home/srl/lbr-stack/install/ros_ign:/home/srl/lbr-stack/install/ros_ign_image:/home/srl/lbr-stack/install/ros_ign_gazebo_demos:/home/srl/lbr-stack/install/ros_ign_gazebo:/home/srl/lbr-stack/install/ros_ign_bridge:/home/srl/lbr-stack/install/ros_gz:/home/srl/lbr-stack/install/ros_gz_sim_demos:/home/srl/lbr-stack/install/lbr_fri_ros2_stack:/home/srl/lbr-stack/install/lbr_demos_cpp:/home/srl/lbr-stack/install/lbr_bringup:/home/srl/lbr-stack/install/ign_ros2_control_demos:/home/srl/lbr-stack/install/gz_ros2_control_demos:/home/srl/lbr-stack/install/ros_gz_sim:/home/srl/lbr-stack/install/ros_gz_image:/home/srl/lbr-stack/install/ros_gz_bridge:/home/srl/lbr-stack/install/my_package:/home/srl/lbr-stack/install/med7_moveit_config:/home/srl/lbr-stack/install/med14_moveit_config:/home/srl/lbr-stack/install/lbr_ros2_control:/home/srl/lbr-stack/install/lbr_moveit_cpp:/home/srl/lbr-stack/install/lbr_gazebo_models:/home/srl/lbr-stack/install/lbr_demos_advanced_cpp:/home/srl/lbr-stack/install/lbr_fri_ros2:/home/srl/lbr-stack/install/lbr_fri_idl:/home/srl/lbr-stack/install/iiwa7_moveit_config:/home/srl/lbr-stack/install/iiwa14_moveit_config:/home/srl/lbr-stack/install/lbr_description:/home/srl/lbr-stack/install/ign_ros2_control:/home/srl/lbr-stack/install/gz_ros2_control_tests:/home/srl/lbr-stack/install/gz_ros2_control:/home/srl/lbr-stack/install/fri_client_sdk:/home/srl/lbr-stack/install/lbr_demos_py:/home/srl/lbr-stack/install/lbr_moveit:/home/srl/lbr-stack/install/lbr_demos_advanced_py:/opt/ros/humble LD_LIBRARY_PATH=/home/srl/lbr-stack/install/ros_gz_interfaces/lib:/home/srl/lbr-stack/install/test_package/lib:/home/srl/lbr-stack/install/ros_ign_interfaces/lib:/home/srl/lbr-stack/install/ros_gz_sim/lib:/home/srl/lbr-stack/install/ros_gz_bridge/lib:/home/srl/lbr-stack/install/lbr_ros2_control/lib:/home/srl/lbr-stack/install/lbr_demos_advanced_cpp/lib:/home/srl/lbr-stack/install/lbr_fri_ros2/lib:/home/srl/lbr-stack/install/lbr_fri_idl/lib:/home/srl/lbr-stack/install/gz_ros2_control/lib:/home/srl/lbr-stack/install/fri_client_sdk/lib:/usr/lib/x86_64-linux-gnu/gazebo-11/plugins:/opt/ros/humble/opt/rviz_ogre_vendor/lib:/opt/ros/humble/lib/x86_64-linux-gnu:/opt/ros/humble/lib /usr/bin/cmake --install /home/srl/lbr-stack/build/ros_gz_bridge
[0.254s] -- Install configuration: ""
[0.257s] -- Execute custom install script
[0.258s] -- Up-to-date symlink: /home/srl/lbr-stack/install/ros_gz_bridge/lib/ros_gz_bridge/bridge_node
[0.259s] -- Up-to-date symlink: /home/srl/lbr-stack/install/ros_gz_bridge/include/ros_gz_bridge/ros_gz_bridge/bridge_config.hpp
[0.259s] -- Up-to-date symlink: /home/srl/lbr-stack/install/ros_gz_bridge/include/ros_gz_bridge/ros_gz_bridge/convert.hpp
[0.260s] -- Up-to-date symlink: /home/srl/lbr-stack/install/ros_gz_bridge/include/ros_gz_bridge/ros_gz_bridge/convert/actuator_msgs.hpp
[0.261s] -- Up-to-date symlink: /home/srl/lbr-stack/install/ros_gz_bridge/include/ros_gz_bridge/ros_gz_bridge/convert/builtin_interfaces.hpp
[0.262s] -- Up-to-date symlink: /home/srl/lbr-stack/install/ros_gz_bridge/include/ros_gz_bridge/ros_gz_bridge/convert/geometry_msgs.hpp
[0.262s] -- Up-to-date symlink: /home/srl/lbr-stack/install/ros_gz_bridge/include/ros_gz_bridge/ros_gz_bridge/convert/gps_msgs.hpp
[0.262s] -- Up-to-date symlink: /home/srl/lbr-stack/install/ros_gz_bridge/include/ros_gz_bridge/ros_gz_bridge/convert/nav_msgs.hpp
[0.262s] -- Up-to-date symlink: /home/srl/lbr-stack/install/ros_gz_bridge/include/ros_gz_bridge/ros_gz_bridge/convert/rcl_interfaces.hpp
[0.262s] -- Up-to-date symlink: /home/srl/lbr-stack/install/ros_gz_bridge/include/ros_gz_bridge/ros_gz_bridge/convert/ros_gz_interfaces.hpp
[0.262s] -- Up-to-date symlink: /home/srl/lbr-stack/install/ros_gz_bridge/include/ros_gz_bridge/ros_gz_bridge/convert/rosgraph_msgs.hpp
[0.262s] -- Up-to-date symlink: /home/srl/lbr-stack/install/ros_gz_bridge/include/ros_gz_bridge/ros_gz_bridge/convert/sensor_msgs.hpp
[0.263s] -- Up-to-date symlink: /home/srl/lbr-stack/install/ros_gz_bridge/include/ros_gz_bridge/ros_gz_bridge/convert/std_msgs.hpp
[0.263s] -- Up-to-date symlink: /home/srl/lbr-stack/install/ros_gz_bridge/include/ros_gz_bridge/ros_gz_bridge/convert/tf2_msgs.hpp
[0.263s] -- Up-to-date symlink: /home/srl/lbr-stack/install/ros_gz_bridge/include/ros_gz_bridge/ros_gz_bridge/convert/trajectory_msgs.hpp
[0.263s] -- Up-to-date symlink: /home/srl/lbr-stack/install/ros_gz_bridge/include/ros_gz_bridge/ros_gz_bridge/convert/vision_msgs.hpp
[0.263s] -- Up-to-date symlink: /home/srl/lbr-stack/install/ros_gz_bridge/include/ros_gz_bridge/ros_gz_bridge/convert_decl.hpp
[0.263s] -- Up-to-date symlink: /home/srl/lbr-stack/install/ros_gz_bridge/include/ros_gz_bridge/ros_gz_bridge/ros_gz_bridge.hpp
[0.263s] -- Up-to-date symlink: /home/srl/lbr-stack/install/ros_gz_bridge/lib/ros_gz_bridge/parameter_bridge
[0.263s] -- Up-to-date symlink: /home/srl/lbr-stack/install/ros_gz_bridge/lib/ros_gz_bridge/static_bridge
[0.263s] -- Up-to-date symlink: /home/srl/lbr-stack/install/ros_gz_bridge/lib/ros_gz_bridge/bridge_types
[0.265s] -- Up-to-date symlink: /home/srl/lbr-stack/install/ros_gz_bridge/lib/ros_gz_bridge/test_ros_publisher
[0.265s] -- Up-to-date symlink: /home/srl/lbr-stack/install/ros_gz_bridge/lib/ros_gz_bridge/test_ros_subscriber
[0.265s] -- Up-to-date symlink: /home/srl/lbr-stack/install/ros_gz_bridge/lib/ros_gz_bridge/test_gz_publisher
[0.265s] -- Up-to-date symlink: /home/srl/lbr-stack/install/ros_gz_bridge/lib/ros_gz_bridge/test_gz_subscriber
[0.265s] -- Up-to-date symlink: /home/srl/lbr-stack/install/ros_gz_bridge/lib/ros_gz_bridge/test_gz_server
[0.266s] -- Up-to-date symlink: /home/srl/lbr-stack/install/ros_gz_bridge/lib/ros_gz_bridge/test_ros_client
[0.266s] -- Up-to-date symlink: /home/srl/lbr-stack/install/ros_gz_bridge/share/ros_gz_bridge/environment/library_path.sh
[0.266s] -- Up-to-date symlink: /home/srl/lbr-stack/install/ros_gz_bridge/share/ros_gz_bridge/environment/library_path.dsv
[0.266s] -- Up-to-date symlink: /home/srl/lbr-stack/install/ros_gz_bridge/share/ament_index/resource_index/package_run_dependencies/ros_gz_bridge
[0.266s] -- Up-to-date symlink: /home/srl/lbr-stack/install/ros_gz_bridge/share/ament_index/resource_index/parent_prefix_path/ros_gz_bridge
[0.266s] -- Up-to-date symlink: /home/srl/lbr-stack/install/ros_gz_bridge/share/ros_gz_bridge/environment/ament_prefix_path.sh
[0.267s] -- Up-to-date symlink: /home/srl/lbr-stack/install/ros_gz_bridge/share/ros_gz_bridge/environment/ament_prefix_path.dsv
[0.267s] -- Up-to-date symlink: /home/srl/lbr-stack/install/ros_gz_bridge/share/ros_gz_bridge/environment/path.sh
[0.267s] -- Up-to-date symlink: /home/srl/lbr-stack/install/ros_gz_bridge/share/ros_gz_bridge/environment/path.dsv
[0.267s] -- Up-to-date symlink: /home/srl/lbr-stack/install/ros_gz_bridge/share/ros_gz_bridge/local_setup.bash
[0.267s] -- Up-to-date symlink: /home/srl/lbr-stack/install/ros_gz_bridge/share/ros_gz_bridge/local_setup.sh
[0.268s] -- Up-to-date symlink: /home/srl/lbr-stack/install/ros_gz_bridge/share/ros_gz_bridge/local_setup.zsh
[0.269s] -- Up-to-date symlink: /home/srl/lbr-stack/install/ros_gz_bridge/share/ros_gz_bridge/local_setup.dsv
[0.269s] -- Symlinking: /home/srl/lbr-stack/install/ros_gz_bridge/share/ros_gz_bridge/package.dsv
[0.277s] -- Up-to-date symlink: /home/srl/lbr-stack/install/ros_gz_bridge/share/ament_index/resource_index/packages/ros_gz_bridge
[0.277s] -- Up-to-date symlink: /home/srl/lbr-stack/install/ros_gz_bridge/share/ament_index/resource_index/rclcpp_components/ros_gz_bridge
[0.277s] -- Up-to-date symlink: /home/srl/lbr-stack/install/ros_gz_bridge/share/ros_gz_bridge/cmake/ament_cmake_export_include_directories-extras.cmake
[0.277s] -- Up-to-date symlink: /home/srl/lbr-stack/install/ros_gz_bridge/share/ros_gz_bridge/cmake/ament_cmake_export_libraries-extras.cmake
[0.277s] -- Up-to-date symlink: /home/srl/lbr-stack/install/ros_gz_bridge/share/ros_gz_bridge/cmake/ament_cmake_export_targets-extras.cmake
[0.277s] -- Up-to-date symlink: /home/srl/lbr-stack/install/ros_gz_bridge/share/ros_gz_bridge/cmake/ament_cmake_export_dependencies-extras.cmake
[0.277s] -- Up-to-date symlink: /home/srl/lbr-stack/install/ros_gz_bridge/share/ros_gz_bridge/cmake/ros_gz_bridgeConfig.cmake
[0.277s] -- Up-to-date symlink: /home/srl/lbr-stack/install/ros_gz_bridge/share/ros_gz_bridge/cmake/ros_gz_bridgeConfig-version.cmake
[0.277s] -- Up-to-date symlink: /home/srl/lbr-stack/install/ros_gz_bridge/share/ros_gz_bridge/package.xml
[0.277s] -- Up-to-date: /home/srl/lbr-stack/install/ros_gz_bridge/lib/libros_gz_bridge.so
[0.278s] -- Up-to-date: /home/srl/lbr-stack/install/ros_gz_bridge/share/ros_gz_bridge/cmake/export_ros_gz_bridgeExport.cmake
[0.278s] -- Up-to-date: /home/srl/lbr-stack/install/ros_gz_bridge/share/ros_gz_bridge/cmake/export_ros_gz_bridgeExport-noconfig.cmake
[0.320s] Invoked command in '/home/srl/lbr-stack/build/ros_gz_bridge' returned '0': CMAKE_PREFIX_PATH=/home/srl/lbr-stack/install/ros_gz_interfaces:/home/srl/lbr-stack/install/test_ros_gz_bridge:/home/srl/lbr-stack/install/test_package:/home/srl/lbr-stack/install/ros_ign_interfaces:/home/srl/lbr-stack/install/ros_ign:/home/srl/lbr-stack/install/ros_ign_image:/home/srl/lbr-stack/install/ros_ign_gazebo_demos:/home/srl/lbr-stack/install/ros_ign_gazebo:/home/srl/lbr-stack/install/ros_ign_bridge:/home/srl/lbr-stack/install/ros_gz:/home/srl/lbr-stack/install/ros_gz_sim_demos:/home/srl/lbr-stack/install/lbr_fri_ros2_stack:/home/srl/lbr-stack/install/lbr_demos_cpp:/home/srl/lbr-stack/install/lbr_bringup:/home/srl/lbr-stack/install/ign_ros2_control_demos:/home/srl/lbr-stack/install/gz_ros2_control_demos:/home/srl/lbr-stack/install/ros_gz_sim:/home/srl/lbr-stack/install/ros_gz_image:/home/srl/lbr-stack/install/ros_gz_bridge:/home/srl/lbr-stack/install/my_package:/home/srl/lbr-stack/install/med7_moveit_config:/home/srl/lbr-stack/install/med14_moveit_config:/home/srl/lbr-stack/install/lbr_ros2_control:/home/srl/lbr-stack/install/lbr_moveit_cpp:/home/srl/lbr-stack/install/lbr_gazebo_models:/home/srl/lbr-stack/install/lbr_demos_advanced_cpp:/home/srl/lbr-stack/install/lbr_fri_ros2:/home/srl/lbr-stack/install/lbr_fri_idl:/home/srl/lbr-stack/install/iiwa7_moveit_config:/home/srl/lbr-stack/install/iiwa14_moveit_config:/home/srl/lbr-stack/install/lbr_description:/home/srl/lbr-stack/install/ign_ros2_control:/home/srl/lbr-stack/install/gz_ros2_control_tests:/home/srl/lbr-stack/install/gz_ros2_control:/home/srl/lbr-stack/install/fri_client_sdk:/home/srl/lbr-stack/install/lbr_demos_py:/home/srl/lbr-stack/install/lbr_moveit:/home/srl/lbr-stack/install/lbr_demos_advanced_py:/opt/ros/humble LD_LIBRARY_PATH=/home/srl/lbr-stack/install/ros_gz_interfaces/lib:/home/srl/lbr-stack/install/test_package/lib:/home/srl/lbr-stack/install/ros_ign_interfaces/lib:/home/srl/lbr-stack/install/ros_gz_sim/lib:/home/srl/lbr-stack/install/ros_gz_bridge/lib:/home/srl/lbr-stack/install/lbr_ros2_control/lib:/home/srl/lbr-stack/install/lbr_demos_advanced_cpp/lib:/home/srl/lbr-stack/install/lbr_fri_ros2/lib:/home/srl/lbr-stack/install/lbr_fri_idl/lib:/home/srl/lbr-stack/install/gz_ros2_control/lib:/home/srl/lbr-stack/install/fri_client_sdk/lib:/usr/lib/x86_64-linux-gnu/gazebo-11/plugins:/opt/ros/humble/opt/rviz_ogre_vendor/lib:/opt/ros/humble/lib/x86_64-linux-gnu:/opt/ros/humble/lib /usr/bin/cmake --install /home/srl/lbr-stack/build/ros_gz_bridge
