[0.299s] Invoking command in '/home/srl/lbr-stack/build/lbr_demos_py': AMENT_PREFIX_PATH=/home/srl/lbr-stack/install/lbr_bringup:/home/srl/lbr-stack/install/lbr_ros2_control:/home/srl/lbr-stack/install/lbr_fri_ros2:/home/srl/lbr-stack/install/lbr_fri_idl:/home/srl/lbr-stack/install/lbr_description CMAKE_PREFIX_PATH=/home/srl/lbr-stack/install/lbr_bringup:/home/srl/lbr-stack/install/lbr_ros2_control:/home/srl/lbr-stack/install/lbr_fri_ros2:/home/srl/lbr-stack/install/lbr_fri_idl:/home/srl/lbr-stack/install/lbr_description:/home/srl/lbr-stack/install/fri_client_sdk LD_LIBRARY_PATH=/home/srl/lbr-stack/install/lbr_ros2_control/lib:/home/srl/lbr-stack/install/lbr_fri_ros2/lib:/home/srl/lbr-stack/install/lbr_fri_idl/lib:/home/srl/lbr-stack/install/fri_client_sdk/lib PKG_CONFIG_PATH=/home/srl/lbr-stack/install/fri_client_sdk/lib/x86_64-linux-gnu/pkgconfig:/home/srl/lbr-stack/install/fri_client_sdk/lib/pkgconfig PYTHONPATH=/home/srl/lbr-stack/build/lbr_demos_py/prefix_override:/usr/lib/python3/dist-packages/colcon_core/task/python/colcon_distutils_commands:/home/srl/lbr-stack/install/lbr_demos_py/lib/python3.10/site-packages:/home/srl/lbr-stack/install/lbr_bringup/local/lib/python3.10/dist-packages:/home/srl/lbr-stack/install/lbr_fri_idl/local/lib/python3.10/dist-packages /usr/bin/python3 -W ignore:setup.py install is deprecated -W ignore:easy_install command is deprecated setup.py develop --editable --build-directory /home/srl/lbr-stack/build/lbr_demos_py/build --no-deps symlink_data
[0.421s] running develop
[0.472s] running egg_info
[0.472s] writing lbr_demos_py.egg-info/PKG-INFO
[0.472s] writing dependency_links to lbr_demos_py.egg-info/dependency_links.txt
[0.473s] writing entry points to lbr_demos_py.egg-info/entry_points.txt
[0.473s] writing requirements to lbr_demos_py.egg-info/requires.txt
[0.473s] writing top-level names to lbr_demos_py.egg-info/top_level.txt
[0.473s] reading manifest file 'lbr_demos_py.egg-info/SOURCES.txt'
[0.474s] writing manifest file 'lbr_demos_py.egg-info/SOURCES.txt'
[0.475s] running build_ext
[0.475s] Creating /home/srl/lbr-stack/install/lbr_demos_py/lib/python3.10/site-packages/lbr-demos-py.egg-link (link to .)
[0.475s] Installing joint_sine_overlay script to /home/srl/lbr-stack/install/lbr_demos_py/lib/lbr_demos_py
[0.475s] Installing joint_trajectory_client script to /home/srl/lbr-stack/install/lbr_demos_py/lib/lbr_demos_py
[0.475s] Installing torque_sine_overlay script to /home/srl/lbr-stack/install/lbr_demos_py/lib/lbr_demos_py
[0.475s] Installing wrench_sine_overlay script to /home/srl/lbr-stack/install/lbr_demos_py/lib/lbr_demos_py
[0.475s] 
[0.475s] Installed /home/srl/lbr-stack/build/lbr_demos_py
[0.475s] running symlink_data
[0.489s] Invoked command in '/home/srl/lbr-stack/build/lbr_demos_py' returned '0': AMENT_PREFIX_PATH=/home/srl/lbr-stack/install/lbr_bringup:/home/srl/lbr-stack/install/lbr_ros2_control:/home/srl/lbr-stack/install/lbr_fri_ros2:/home/srl/lbr-stack/install/lbr_fri_idl:/home/srl/lbr-stack/install/lbr_description CMAKE_PREFIX_PATH=/home/srl/lbr-stack/install/lbr_bringup:/home/srl/lbr-stack/install/lbr_ros2_control:/home/srl/lbr-stack/install/lbr_fri_ros2:/home/srl/lbr-stack/install/lbr_fri_idl:/home/srl/lbr-stack/install/lbr_description:/home/srl/lbr-stack/install/fri_client_sdk LD_LIBRARY_PATH=/home/srl/lbr-stack/install/lbr_ros2_control/lib:/home/srl/lbr-stack/install/lbr_fri_ros2/lib:/home/srl/lbr-stack/install/lbr_fri_idl/lib:/home/srl/lbr-stack/install/fri_client_sdk/lib PKG_CONFIG_PATH=/home/srl/lbr-stack/install/fri_client_sdk/lib/x86_64-linux-gnu/pkgconfig:/home/srl/lbr-stack/install/fri_client_sdk/lib/pkgconfig PYTHONPATH=/home/srl/lbr-stack/build/lbr_demos_py/prefix_override:/usr/lib/python3/dist-packages/colcon_core/task/python/colcon_distutils_commands:/home/srl/lbr-stack/install/lbr_demos_py/lib/python3.10/site-packages:/home/srl/lbr-stack/install/lbr_bringup/local/lib/python3.10/dist-packages:/home/srl/lbr-stack/install/lbr_fri_idl/local/lib/python3.10/dist-packages /usr/bin/python3 -W ignore:setup.py install is deprecated -W ignore:easy_install command is deprecated setup.py develop --editable --build-directory /home/srl/lbr-stack/build/lbr_demos_py/build --no-deps symlink_data
