[0.011s] Invoking command in '/home/srl/lbr-stack/src/build/lbr_demos_advanced_cpp': AMENT_PREFIX_PATH=/home/srl/lbr-stack/src/install/lbr_fri_ros2:/home/srl/lbr-stack/src/install/lbr_fri_idl:/home/srl/lbr-stack/src/install/lbr_description:${AMENT_PREFIX_PATH} CMAKE_PREFIX_PATH=/home/srl/lbr-stack/src/install/lbr_fri_ros2:/home/srl/lbr-stack/src/install/lbr_fri_idl:/home/srl/lbr-stack/src/install/lbr_description:/home/srl/lbr-stack/src/install/fri_client_sdk:/home/srl/lbr-stack/install/my_package:/home/srl/lbr-stack/install/med7_moveit_config:/home/srl/lbr-stack/install/med14_moveit_config:/home/srl/lbr-stack/install/lbr_fri_ros2_stack:/home/srl/lbr-stack/install/lbr_demos_cpp:/home/srl/lbr-stack/install/lbr_bringup:/home/srl/lbr-stack/install/lbr_ros2_control:/home/srl/lbr-stack/install/lbr_moveit_cpp:/home/srl/lbr-stack/install/lbr_demos_advanced_cpp:/home/srl/lbr-stack/install/lbr_fri_ros2:/home/srl/lbr-stack/install/lbr_fri_idl:/home/srl/lbr-stack/install/iiwa7_moveit_config:/home/srl/lbr-stack/install/iiwa14_moveit_config:/home/srl/lbr-stack/install/lbr_description:/home/srl/lbr-stack/install/fri_client_sdk:/opt/ros/humble:/home/srl/lbr-stack/install/lbr_demos_py:/home/srl/lbr-stack/install/lbr_moveit:/home/srl/lbr-stack/install/lbr_demos_advanced_py LD_LIBRARY_PATH=/home/srl/lbr-stack/src/install/lbr_fri_ros2/lib:/home/srl/lbr-stack/src/install/lbr_fri_idl/lib:/home/srl/lbr-stack/src/install/fri_client_sdk/lib:${LD_LIBRARY_PATH} PKG_CONFIG_PATH=/home/srl/lbr-stack/src/install/fri_client_sdk/lib/x86_64-linux-gnu/pkgconfig:/home/srl/lbr-stack/src/install/fri_client_sdk/lib/pkgconfig:${PKG_CONFIG_PATH} PYTHONPATH=/home/srl/lbr-stack/src/install/lbr_fri_idl/local/lib/python3.10/dist-packages:${PYTHONPATH} /usr/bin/cmake --build /home/srl/lbr-stack/src/build/lbr_demos_advanced_cpp -- -j20 -l20
[0.029s] -- Found ament_cmake: 1.3.11 (/opt/ros/humble/share/ament_cmake/cmake)
[0.106s] -- Override CMake install command with custom implementation using symlinks instead of copying resources
[0.110s] -- Found geometry_msgs: 4.8.0 (/opt/ros/humble/share/geometry_msgs/cmake)
[0.125s] -- Found rosidl_generator_c: 3.1.6 (/opt/ros/humble/share/rosidl_generator_c/cmake)
[0.126s] -- Found rosidl_adapter: 3.1.6 (/opt/ros/humble/share/rosidl_adapter/cmake)
[0.130s] -- Found rosidl_generator_cpp: 3.1.6 (/opt/ros/humble/share/rosidl_generator_cpp/cmake)
[0.135s] -- Using all available rosidl_typesupport_c: rosidl_typesupport_fastrtps_c;rosidl_typesupport_introspection_c
[0.143s] -- Using all available rosidl_typesupport_cpp: rosidl_typesupport_fastrtps_cpp;rosidl_typesupport_introspection_cpp
[0.164s] -- Found kdl_parser: 2.6.4 (/opt/ros/humble/share/kdl_parser/cmake)
[0.164s] -- Found eigen3_cmake_module: 0.1.1 (/opt/ros/humble/share/eigen3_cmake_module/cmake)
[0.165s] -- Ensuring Eigen3 include directory is part of orocos-kdl CMake target
[0.166s] -- Found lbr_fri_idl: 1.5.0 (/home/srl/lbr-stack/src/install/lbr_fri_idl/share/lbr_fri_idl/cmake)
[0.172s] -- Found lbr_fri_ros2: 2.2.1 (/home/srl/lbr-stack/src/install/lbr_fri_ros2/share/lbr_fri_ros2/cmake)
[0.189s] -- Found rmw_implementation_cmake: 6.1.2 (/opt/ros/humble/share/rmw_implementation_cmake/cmake)
[0.190s] -- Found rmw_fastrtps_cpp: 6.2.7 (/opt/ros/humble/share/rmw_fastrtps_cpp/cmake)
[0.259s] -- Using RMW implementation 'rmw_fastrtps_cpp' as default
[0.300s] -- Found rclcpp_components: 16.0.12 (/opt/ros/humble/share/rclcpp_components/cmake)
[0.357s] -- Configuring done
[0.370s] -- Generating done
[0.374s] -- Build files have been written to: /home/srl/lbr-stack/src/build/lbr_demos_advanced_cpp
[0.395s] [35m[1mConsolidate compiler generated dependencies of target pose_planning_component[0m
[0.395s] [35m[1mConsolidate compiler generated dependencies of target pose_control_component[0m
[0.395s] [35m[1mConsolidate compiler generated dependencies of target pose_planning[0m
[0.395s] [35m[1mConsolidate compiler generated dependencies of target pose_control[0m
[0.407s] [ 12%] [32mBuilding CXX object CMakeFiles/pose_planning_component.dir/src/pose_planning_node.cpp.o[0m
[0.409s] [ 25%] [32mBuilding CXX object CMakeFiles/pose_control.dir/rclcpp_components/node_main_pose_control.cpp.o[0m
[0.410s] [ 37%] [32mBuilding CXX object CMakeFiles/pose_planning.dir/rclcpp_components/node_main_pose_planning.cpp.o[0m
[0.411s] [ 50%] [32mBuilding CXX object CMakeFiles/pose_control_component.dir/src/pose_control_node.cpp.o[0m
[2.784s] [ 62%] [32m[1mLinking CXX executable pose_control[0m
[2.870s] [ 75%] [32m[1mLinking CXX executable pose_planning[0m
[2.897s] [ 75%] Built target pose_control
[2.955s] [ 75%] Built target pose_planning
[8.611s] [ 87%] [32m[1mLinking CXX shared library libpose_planning_component.so[0m
[8.714s] [ 87%] Built target pose_planning_component
[10.695s] [100%] [32m[1mLinking CXX shared library libpose_control_component.so[0m
[10.808s] [100%] Built target pose_control_component
[10.814s] Invoked command in '/home/srl/lbr-stack/src/build/lbr_demos_advanced_cpp' returned '0': AMENT_PREFIX_PATH=/home/srl/lbr-stack/src/install/lbr_fri_ros2:/home/srl/lbr-stack/src/install/lbr_fri_idl:/home/srl/lbr-stack/src/install/lbr_description:${AMENT_PREFIX_PATH} CMAKE_PREFIX_PATH=/home/srl/lbr-stack/src/install/lbr_fri_ros2:/home/srl/lbr-stack/src/install/lbr_fri_idl:/home/srl/lbr-stack/src/install/lbr_description:/home/srl/lbr-stack/src/install/fri_client_sdk:/home/srl/lbr-stack/install/my_package:/home/srl/lbr-stack/install/med7_moveit_config:/home/srl/lbr-stack/install/med14_moveit_config:/home/srl/lbr-stack/install/lbr_fri_ros2_stack:/home/srl/lbr-stack/install/lbr_demos_cpp:/home/srl/lbr-stack/install/lbr_bringup:/home/srl/lbr-stack/install/lbr_ros2_control:/home/srl/lbr-stack/install/lbr_moveit_cpp:/home/srl/lbr-stack/install/lbr_demos_advanced_cpp:/home/srl/lbr-stack/install/lbr_fri_ros2:/home/srl/lbr-stack/install/lbr_fri_idl:/home/srl/lbr-stack/install/iiwa7_moveit_config:/home/srl/lbr-stack/install/iiwa14_moveit_config:/home/srl/lbr-stack/install/lbr_description:/home/srl/lbr-stack/install/fri_client_sdk:/opt/ros/humble:/home/srl/lbr-stack/install/lbr_demos_py:/home/srl/lbr-stack/install/lbr_moveit:/home/srl/lbr-stack/install/lbr_demos_advanced_py LD_LIBRARY_PATH=/home/srl/lbr-stack/src/install/lbr_fri_ros2/lib:/home/srl/lbr-stack/src/install/lbr_fri_idl/lib:/home/srl/lbr-stack/src/install/fri_client_sdk/lib:${LD_LIBRARY_PATH} PKG_CONFIG_PATH=/home/srl/lbr-stack/src/install/fri_client_sdk/lib/x86_64-linux-gnu/pkgconfig:/home/srl/lbr-stack/src/install/fri_client_sdk/lib/pkgconfig:${PKG_CONFIG_PATH} PYTHONPATH=/home/srl/lbr-stack/src/install/lbr_fri_idl/local/lib/python3.10/dist-packages:${PYTHONPATH} /usr/bin/cmake --build /home/srl/lbr-stack/src/build/lbr_demos_advanced_cpp -- -j20 -l20
[10.815s] Invoking command in '/home/srl/lbr-stack/src/build/lbr_demos_advanced_cpp': AMENT_PREFIX_PATH=/home/srl/lbr-stack/src/install/lbr_fri_ros2:/home/srl/lbr-stack/src/install/lbr_fri_idl:/home/srl/lbr-stack/src/install/lbr_description:${AMENT_PREFIX_PATH} CMAKE_PREFIX_PATH=/home/srl/lbr-stack/src/install/lbr_fri_ros2:/home/srl/lbr-stack/src/install/lbr_fri_idl:/home/srl/lbr-stack/src/install/lbr_description:/home/srl/lbr-stack/src/install/fri_client_sdk:/home/srl/lbr-stack/install/my_package:/home/srl/lbr-stack/install/med7_moveit_config:/home/srl/lbr-stack/install/med14_moveit_config:/home/srl/lbr-stack/install/lbr_fri_ros2_stack:/home/srl/lbr-stack/install/lbr_demos_cpp:/home/srl/lbr-stack/install/lbr_bringup:/home/srl/lbr-stack/install/lbr_ros2_control:/home/srl/lbr-stack/install/lbr_moveit_cpp:/home/srl/lbr-stack/install/lbr_demos_advanced_cpp:/home/srl/lbr-stack/install/lbr_fri_ros2:/home/srl/lbr-stack/install/lbr_fri_idl:/home/srl/lbr-stack/install/iiwa7_moveit_config:/home/srl/lbr-stack/install/iiwa14_moveit_config:/home/srl/lbr-stack/install/lbr_description:/home/srl/lbr-stack/install/fri_client_sdk:/opt/ros/humble:/home/srl/lbr-stack/install/lbr_demos_py:/home/srl/lbr-stack/install/lbr_moveit:/home/srl/lbr-stack/install/lbr_demos_advanced_py LD_LIBRARY_PATH=/home/srl/lbr-stack/src/install/lbr_fri_ros2/lib:/home/srl/lbr-stack/src/install/lbr_fri_idl/lib:/home/srl/lbr-stack/src/install/fri_client_sdk/lib:${LD_LIBRARY_PATH} PKG_CONFIG_PATH=/home/srl/lbr-stack/src/install/fri_client_sdk/lib/x86_64-linux-gnu/pkgconfig:/home/srl/lbr-stack/src/install/fri_client_sdk/lib/pkgconfig:${PKG_CONFIG_PATH} PYTHONPATH=/home/srl/lbr-stack/src/install/lbr_fri_idl/local/lib/python3.10/dist-packages:${PYTHONPATH} /usr/bin/cmake --install /home/srl/lbr-stack/src/build/lbr_demos_advanced_cpp
[10.820s] -- Install configuration: "Release"
[10.820s] -- Execute custom install script
[10.821s] -- Up-to-date symlink: /home/srl/lbr-stack/src/install/lbr_demos_advanced_cpp/lib/lbr_demos_advanced_cpp/pose_planning
[10.821s] -- Up-to-date symlink: /home/srl/lbr-stack/src/install/lbr_demos_advanced_cpp/lib/lbr_demos_advanced_cpp/pose_control
[10.821s] -- Up-to-date symlink: /home/srl/lbr-stack/src/install/lbr_demos_advanced_cpp/lib/libpose_planning_component.so
[10.821s] -- Up-to-date symlink: /home/srl/lbr-stack/src/install/lbr_demos_advanced_cpp/lib/libpose_control_component.so
[10.821s] -- Up-to-date symlink: /home/srl/lbr-stack/src/install/lbr_demos_advanced_cpp/share/lbr_demos_advanced_cpp/config/lbr_system_config.yaml
[10.821s] -- Up-to-date symlink: /home/srl/lbr-stack/src/install/lbr_demos_advanced_cpp/share/ament_index/resource_index/package_run_dependencies/lbr_demos_advanced_cpp
[10.821s] -- Up-to-date symlink: /home/srl/lbr-stack/src/install/lbr_demos_advanced_cpp/share/ament_index/resource_index/parent_prefix_path/lbr_demos_advanced_cpp
[10.821s] -- Up-to-date symlink: /home/srl/lbr-stack/src/install/lbr_demos_advanced_cpp/share/lbr_demos_advanced_cpp/environment/ament_prefix_path.sh
[10.821s] -- Up-to-date symlink: /home/srl/lbr-stack/src/install/lbr_demos_advanced_cpp/share/lbr_demos_advanced_cpp/environment/ament_prefix_path.dsv
[10.821s] -- Up-to-date symlink: /home/srl/lbr-stack/src/install/lbr_demos_advanced_cpp/share/lbr_demos_advanced_cpp/environment/path.sh
[10.822s] -- Up-to-date symlink: /home/srl/lbr-stack/src/install/lbr_demos_advanced_cpp/share/lbr_demos_advanced_cpp/environment/path.dsv
[10.822s] -- Up-to-date symlink: /home/srl/lbr-stack/src/install/lbr_demos_advanced_cpp/share/lbr_demos_advanced_cpp/local_setup.bash
[10.822s] -- Up-to-date symlink: /home/srl/lbr-stack/src/install/lbr_demos_advanced_cpp/share/lbr_demos_advanced_cpp/local_setup.sh
[10.822s] -- Up-to-date symlink: /home/srl/lbr-stack/src/install/lbr_demos_advanced_cpp/share/lbr_demos_advanced_cpp/local_setup.zsh
[10.822s] -- Up-to-date symlink: /home/srl/lbr-stack/src/install/lbr_demos_advanced_cpp/share/lbr_demos_advanced_cpp/local_setup.dsv
[10.822s] -- Symlinking: /home/srl/lbr-stack/src/install/lbr_demos_advanced_cpp/share/lbr_demos_advanced_cpp/package.dsv
[10.829s] -- Up-to-date symlink: /home/srl/lbr-stack/src/install/lbr_demos_advanced_cpp/share/ament_index/resource_index/packages/lbr_demos_advanced_cpp
[10.829s] -- Up-to-date symlink: /home/srl/lbr-stack/src/install/lbr_demos_advanced_cpp/share/ament_index/resource_index/rclcpp_components/lbr_demos_advanced_cpp
[10.829s] -- Up-to-date symlink: /home/srl/lbr-stack/src/install/lbr_demos_advanced_cpp/share/lbr_demos_advanced_cpp/cmake/lbr_demos_advanced_cppConfig.cmake
[10.829s] -- Up-to-date symlink: /home/srl/lbr-stack/src/install/lbr_demos_advanced_cpp/share/lbr_demos_advanced_cpp/cmake/lbr_demos_advanced_cppConfig-version.cmake
[10.829s] -- Up-to-date symlink: /home/srl/lbr-stack/src/install/lbr_demos_advanced_cpp/share/lbr_demos_advanced_cpp/package.xml
[10.830s] Invoked command in '/home/srl/lbr-stack/src/build/lbr_demos_advanced_cpp' returned '0': AMENT_PREFIX_PATH=/home/srl/lbr-stack/src/install/lbr_fri_ros2:/home/srl/lbr-stack/src/install/lbr_fri_idl:/home/srl/lbr-stack/src/install/lbr_description:${AMENT_PREFIX_PATH} CMAKE_PREFIX_PATH=/home/srl/lbr-stack/src/install/lbr_fri_ros2:/home/srl/lbr-stack/src/install/lbr_fri_idl:/home/srl/lbr-stack/src/install/lbr_description:/home/srl/lbr-stack/src/install/fri_client_sdk:/home/srl/lbr-stack/install/my_package:/home/srl/lbr-stack/install/med7_moveit_config:/home/srl/lbr-stack/install/med14_moveit_config:/home/srl/lbr-stack/install/lbr_fri_ros2_stack:/home/srl/lbr-stack/install/lbr_demos_cpp:/home/srl/lbr-stack/install/lbr_bringup:/home/srl/lbr-stack/install/lbr_ros2_control:/home/srl/lbr-stack/install/lbr_moveit_cpp:/home/srl/lbr-stack/install/lbr_demos_advanced_cpp:/home/srl/lbr-stack/install/lbr_fri_ros2:/home/srl/lbr-stack/install/lbr_fri_idl:/home/srl/lbr-stack/install/iiwa7_moveit_config:/home/srl/lbr-stack/install/iiwa14_moveit_config:/home/srl/lbr-stack/install/lbr_description:/home/srl/lbr-stack/install/fri_client_sdk:/opt/ros/humble:/home/srl/lbr-stack/install/lbr_demos_py:/home/srl/lbr-stack/install/lbr_moveit:/home/srl/lbr-stack/install/lbr_demos_advanced_py LD_LIBRARY_PATH=/home/srl/lbr-stack/src/install/lbr_fri_ros2/lib:/home/srl/lbr-stack/src/install/lbr_fri_idl/lib:/home/srl/lbr-stack/src/install/fri_client_sdk/lib:${LD_LIBRARY_PATH} PKG_CONFIG_PATH=/home/srl/lbr-stack/src/install/fri_client_sdk/lib/x86_64-linux-gnu/pkgconfig:/home/srl/lbr-stack/src/install/fri_client_sdk/lib/pkgconfig:${PKG_CONFIG_PATH} PYTHONPATH=/home/srl/lbr-stack/src/install/lbr_fri_idl/local/lib/python3.10/dist-packages:${PYTHONPATH} /usr/bin/cmake --install /home/srl/lbr-stack/src/build/lbr_demos_advanced_cpp
