[0.020s] Invoking command in '/home/srl/lbr-stack/build/med7_moveit_config': AMENT_PREFIX_PATH=/home/srl/lbr-stack/install/lbr_description CMAKE_PREFIX_PATH=/home/srl/lbr-stack/install/lbr_description /usr/bin/cmake --build /home/srl/lbr-stack/build/med7_moveit_config -- -j20 -l20
[0.052s] Invoked command in '/home/srl/lbr-stack/build/med7_moveit_config' returned '0': AMENT_PREFIX_PATH=/home/srl/lbr-stack/install/lbr_description CMAKE_PREFIX_PATH=/home/srl/lbr-stack/install/lbr_description /usr/bin/cmake --build /home/srl/lbr-stack/build/med7_moveit_config -- -j20 -l20
[0.057s] Invoking command in '/home/srl/lbr-stack/build/med7_moveit_config': AMENT_PREFIX_PATH=/home/srl/lbr-stack/install/lbr_description CMAKE_PREFIX_PATH=/home/srl/lbr-stack/install/lbr_description /usr/bin/cmake --install /home/srl/lbr-stack/build/med7_moveit_config
[0.062s] -- Install configuration: ""
[0.062s] -- Execute custom install script
[0.063s] -- Up-to-date symlink: /home/srl/lbr-stack/install/med7_moveit_config/share/ament_index/resource_index/package_run_dependencies/med7_moveit_config
[0.063s] -- Up-to-date symlink: /home/srl/lbr-stack/install/med7_moveit_config/share/ament_index/resource_index/parent_prefix_path/med7_moveit_config
[0.063s] -- Up-to-date symlink: /home/srl/lbr-stack/install/med7_moveit_config/share/med7_moveit_config/environment/ament_prefix_path.sh
[0.063s] -- Up-to-date symlink: /home/srl/lbr-stack/install/med7_moveit_config/share/med7_moveit_config/environment/ament_prefix_path.dsv
[0.063s] -- Up-to-date symlink: /home/srl/lbr-stack/install/med7_moveit_config/share/med7_moveit_config/environment/path.sh
[0.063s] -- Up-to-date symlink: /home/srl/lbr-stack/install/med7_moveit_config/share/med7_moveit_config/environment/path.dsv
[0.064s] -- Up-to-date symlink: /home/srl/lbr-stack/install/med7_moveit_config/share/med7_moveit_config/local_setup.bash
[0.064s] -- Up-to-date symlink: /home/srl/lbr-stack/install/med7_moveit_config/share/med7_moveit_config/local_setup.sh
[0.064s] -- Up-to-date symlink: /home/srl/lbr-stack/install/med7_moveit_config/share/med7_moveit_config/local_setup.zsh
[0.064s] -- Up-to-date symlink: /home/srl/lbr-stack/install/med7_moveit_config/share/med7_moveit_config/local_setup.dsv
[0.064s] -- Symlinking: /home/srl/lbr-stack/install/med7_moveit_config/share/med7_moveit_config/package.dsv
[0.069s] -- Up-to-date symlink: /home/srl/lbr-stack/install/med7_moveit_config/share/ament_index/resource_index/packages/med7_moveit_config
[0.069s] -- Up-to-date symlink: /home/srl/lbr-stack/install/med7_moveit_config/share/med7_moveit_config/cmake/med7_moveit_configConfig.cmake
[0.069s] -- Up-to-date symlink: /home/srl/lbr-stack/install/med7_moveit_config/share/med7_moveit_config/cmake/med7_moveit_configConfig-version.cmake
[0.069s] -- Up-to-date symlink: /home/srl/lbr-stack/install/med7_moveit_config/share/med7_moveit_config/package.xml
[0.069s] -- Up-to-date symlink: /home/srl/lbr-stack/install/med7_moveit_config/share/med7_moveit_config/launch/move_group.launch.py
[0.069s] -- Up-to-date symlink: /home/srl/lbr-stack/install/med7_moveit_config/share/med7_moveit_config/launch/moveit_rviz.launch.py
[0.069s] -- Up-to-date symlink: /home/srl/lbr-stack/install/med7_moveit_config/share/med7_moveit_config/launch/setup_assistant.launch.py
[0.069s] -- Up-to-date symlink: /home/srl/lbr-stack/install/med7_moveit_config/share/med7_moveit_config/config/joint_limits.yaml
[0.069s] -- Up-to-date symlink: /home/srl/lbr-stack/install/med7_moveit_config/share/med7_moveit_config/config/kinematics.yaml
[0.069s] -- Up-to-date symlink: /home/srl/lbr-stack/install/med7_moveit_config/share/med7_moveit_config/config/med7.srdf
[0.069s] -- Up-to-date symlink: /home/srl/lbr-stack/install/med7_moveit_config/share/med7_moveit_config/config/moveit.rviz
[0.070s] -- Up-to-date symlink: /home/srl/lbr-stack/install/med7_moveit_config/share/med7_moveit_config/config/moveit_controllers.yaml
[0.070s] -- Up-to-date symlink: /home/srl/lbr-stack/install/med7_moveit_config/share/med7_moveit_config/config/pilz_cartesian_limits.yaml
[0.070s] -- Up-to-date symlink: /home/srl/lbr-stack/install/med7_moveit_config/share/med7_moveit_config/.setup_assistant
[0.087s] Invoked command in '/home/srl/lbr-stack/build/med7_moveit_config' returned '0': AMENT_PREFIX_PATH=/home/srl/lbr-stack/install/lbr_description CMAKE_PREFIX_PATH=/home/srl/lbr-stack/install/lbr_description /usr/bin/cmake --install /home/srl/lbr-stack/build/med7_moveit_config
