[0.172s] Invoking command in '/home/srl/lbr-stack/build/my_package': CMAKE_PREFIX_PATH=${CMAKE_PREFIX_PATH}:/home/srl/lbr-stack/install/lbr_demos_py:/home/srl/lbr-stack/install/lbr_moveit:/home/srl/lbr-stack/install/lbr_demos_advanced_py:/home/srl/ros2_ws/install/simple_gui:/opt/ros/humble /usr/bin/cmake --build /home/srl/lbr-stack/build/my_package -- -j20 -l20
[0.195s] -- Found ament_cmake: 1.3.11 (/opt/ros/humble/share/ament_cmake/cmake)
[0.314s] -- Override CMake install command with custom implementation using symlinks instead of copying resources
[0.321s] -- Found std_msgs: 4.8.0 (/opt/ros/humble/share/std_msgs/cmake)
[0.356s] -- Found rosidl_generator_c: 3.1.6 (/opt/ros/humble/share/rosidl_generator_c/cmake)
[0.362s] -- Found rosidl_adapter: 3.1.6 (/opt/ros/humble/share/rosidl_adapter/cmake)
[0.364s] -- Found rosidl_generator_cpp: 3.1.6 (/opt/ros/humble/share/rosidl_generator_cpp/cmake)
[0.371s] -- Using all available rosidl_typesupport_c: rosidl_typesupport_fastrtps_c;rosidl_typesupport_introspection_c
[0.383s] -- Using all available rosidl_typesupport_cpp: rosidl_typesupport_fastrtps_cpp;rosidl_typesupport_introspection_cpp
[0.405s] -- Found sensor_msgs: 4.8.0 (/opt/ros/humble/share/sensor_msgs/cmake)
[0.427s] -- Found rclcpp: 16.0.12 (/opt/ros/humble/share/rclcpp/cmake)
[0.449s] -- Found rmw_implementation_cmake: 6.1.2 (/opt/ros/humble/share/rmw_implementation_cmake/cmake)
[0.451s] -- Found rmw_fastrtps_cpp: 6.2.7 (/opt/ros/humble/share/rmw_fastrtps_cpp/cmake)
[0.531s] -- Using RMW implementation 'rmw_fastrtps_cpp' as default
[0.554s] -- Found control_msgs: 4.8.0 (/opt/ros/humble/share/control_msgs/cmake)
[0.596s] -- Found rclpy: 3.3.16 (/opt/ros/humble/share/rclpy/cmake)
[0.596s] -- Found ament_lint_auto: 0.12.12 (/opt/ros/humble/share/ament_lint_auto/cmake)
[0.662s] -- Added test 'cppcheck' to perform static code analysis on C / C++ code
[0.662s] -- Configured cppcheck include dirs: 
[0.663s] -- Configured cppcheck exclude dirs and/or files: 
[0.663s] -- Added test 'flake8' to check Python code syntax and style conventions
[0.664s] -- Added test 'lint_cmake' to check CMake code style
[0.665s] -- Added test 'pep257' to check Python code against some of the docstring style conventions in PEP 257
[0.670s] -- Added test 'uncrustify' to check C / C++ code style
[0.670s] -- Configured uncrustify additional arguments: 
[0.671s] -- Added test 'xmllint' to check XML markup files
[0.672s] -- Configuring done
[0.686s] -- Generating done
[0.691s] -- Build files have been written to: /home/srl/lbr-stack/build/my_package
[0.717s] [35m[1mConsolidate compiler generated dependencies of target command_listener[0m
[0.717s] [35m[1mConsolidate compiler generated dependencies of target command_publisher3[0m
[0.721s] [35m[1mConsolidate compiler generated dependencies of target command_publisher2[0m
[0.727s] [ 12%] [32mBuilding CXX object CMakeFiles/reset_position.dir/src/reset_position.cpp.o[0m
[0.731s] [ 37%] Built target command_listener
[0.734s] [ 62%] Built target command_publisher3
[0.739s] [ 87%] Built target command_publisher2
[3.486s] [100%] [32m[1mLinking CXX executable reset_position[0m
[3.614s] [100%] Built target reset_position
[3.625s] Invoked command in '/home/srl/lbr-stack/build/my_package' returned '0': CMAKE_PREFIX_PATH=${CMAKE_PREFIX_PATH}:/home/srl/lbr-stack/install/lbr_demos_py:/home/srl/lbr-stack/install/lbr_moveit:/home/srl/lbr-stack/install/lbr_demos_advanced_py:/home/srl/ros2_ws/install/simple_gui:/opt/ros/humble /usr/bin/cmake --build /home/srl/lbr-stack/build/my_package -- -j20 -l20
[3.627s] Invoking command in '/home/srl/lbr-stack/build/my_package': CMAKE_PREFIX_PATH=${CMAKE_PREFIX_PATH}:/home/srl/lbr-stack/install/lbr_demos_py:/home/srl/lbr-stack/install/lbr_moveit:/home/srl/lbr-stack/install/lbr_demos_advanced_py:/home/srl/ros2_ws/install/simple_gui:/opt/ros/humble /usr/bin/cmake --install /home/srl/lbr-stack/build/my_package
[3.633s] -- Install configuration: ""
[3.634s] -- Execute custom install script
[3.634s] -- Up-to-date symlink: /home/srl/lbr-stack/install/my_package/lib/my_package/command_publisher2
[3.634s] -- Up-to-date symlink: /home/srl/lbr-stack/install/my_package/lib/my_package/command_listener
[3.634s] -- Up-to-date symlink: /home/srl/lbr-stack/install/my_package/lib/my_package/command_publisher3
[3.634s] -- Symlinking: /home/srl/lbr-stack/install/my_package/lib/my_package/reset_position
[3.642s] -- Up-to-date symlink: /home/srl/lbr-stack/install/my_package/share/my_package/my.launch.py
[3.642s] -- Up-to-date symlink: /home/srl/lbr-stack/install/my_package/share/my_package/my_launch2.launch.py
[3.642s] -- Up-to-date symlink: /home/srl/lbr-stack/install/my_package/share/my_package/my_launch3.launch.py
[3.642s] -- Up-to-date symlink: /home/srl/lbr-stack/install/my_package/share/my_package/my_launch_rviz.launch.py
[3.642s] -- Up-to-date symlink: /home/srl/lbr-stack/install/my_package/share/my_package/my_reset.launch.py
[3.642s] -- Up-to-date symlink: /home/srl/lbr-stack/install/my_package/share/ament_index/resource_index/package_run_dependencies/my_package
[3.642s] -- Up-to-date symlink: /home/srl/lbr-stack/install/my_package/share/ament_index/resource_index/parent_prefix_path/my_package
[3.642s] -- Up-to-date symlink: /home/srl/lbr-stack/install/my_package/share/my_package/environment/ament_prefix_path.sh
[3.643s] -- Up-to-date symlink: /home/srl/lbr-stack/install/my_package/share/my_package/environment/ament_prefix_path.dsv
[3.643s] -- Up-to-date symlink: /home/srl/lbr-stack/install/my_package/share/my_package/environment/path.sh
[3.643s] -- Up-to-date symlink: /home/srl/lbr-stack/install/my_package/share/my_package/environment/path.dsv
[3.643s] -- Up-to-date symlink: /home/srl/lbr-stack/install/my_package/share/my_package/local_setup.bash
[3.643s] -- Up-to-date symlink: /home/srl/lbr-stack/install/my_package/share/my_package/local_setup.sh
[3.643s] -- Up-to-date symlink: /home/srl/lbr-stack/install/my_package/share/my_package/local_setup.zsh
[3.643s] -- Up-to-date symlink: /home/srl/lbr-stack/install/my_package/share/my_package/local_setup.dsv
[3.643s] -- Symlinking: /home/srl/lbr-stack/install/my_package/share/my_package/package.dsv
[3.650s] -- Up-to-date symlink: /home/srl/lbr-stack/install/my_package/share/ament_index/resource_index/packages/my_package
[3.650s] -- Up-to-date symlink: /home/srl/lbr-stack/install/my_package/share/my_package/cmake/my_packageConfig.cmake
[3.650s] -- Up-to-date symlink: /home/srl/lbr-stack/install/my_package/share/my_package/cmake/my_packageConfig-version.cmake
[3.650s] -- Up-to-date symlink: /home/srl/lbr-stack/install/my_package/share/my_package/package.xml
[3.651s] Invoked command in '/home/srl/lbr-stack/build/my_package' returned '0': CMAKE_PREFIX_PATH=${CMAKE_PREFIX_PATH}:/home/srl/lbr-stack/install/lbr_demos_py:/home/srl/lbr-stack/install/lbr_moveit:/home/srl/lbr-stack/install/lbr_demos_advanced_py:/home/srl/ros2_ws/install/simple_gui:/opt/ros/humble /usr/bin/cmake --install /home/srl/lbr-stack/build/my_package
