[0.013s] Invoking command in '/home/srl/lbr-stack/build/lbr_demos_cpp': CMAKE_PREFIX_PATH=/home/srl/lbr-stack/install/lbr_bringup:/home/srl/lbr-stack/install/lbr_ros2_control:/home/srl/lbr-stack/install/lbr_fri_ros2:/home/srl/lbr-stack/install/lbr_fri_idl:/home/srl/lbr-stack/install/lbr_description:/home/srl/lbr-stack/install/fri_client_sdk:/home/srl/lbr-stack/install/my_package:/home/srl/lbr-stack/install/med7_moveit_config:/home/srl/lbr-stack/install/med14_moveit_config:/home/srl/lbr-stack/install/lbr_fri_ros2_stack:/home/srl/lbr-stack/install/lbr_demos_cpp:/home/srl/lbr-stack/install/lbr_moveit_cpp:/home/srl/lbr-stack/install/lbr_demos_advanced_cpp:/home/srl/lbr-stack/install/iiwa7_moveit_config:/home/srl/lbr-stack/install/iiwa14_moveit_config:/home/srl/lbr-stack/install/command_control:/home/srl/lbr-stack/src/my_package/install/my_package:/home/srl/ros2_ws/install/impedance_controller:/home/srl/ros2_ws/install/iiwa_moveit2:/home/srl/ros2_ws/install/iiwa_hardware:/home/srl/ros2_ws/install/iiwa_bringup:/home/srl/ros2_ws/install/iiwa_description:/home/srl/ros2_ws/install/external_torque_sensor_broadcaster:/home/srl/ros2_ws/install/command_package:/home/srl/lbr-stack/install/lbr_demos_py:/home/srl/lbr-stack/install/lbr_moveit:/home/srl/lbr-stack/install/lbr_demos_advanced_py:/home/srl/ros2_ws/install/simple_gui:/opt/ros/humble LD_LIBRARY_PATH=/home/srl/lbr-stack/install/lbr_fri_ros2/lib:/home/srl/lbr-stack/install/lbr_fri_idl/lib:/home/srl/lbr-stack/install/fri_client_sdk/lib:/home/srl/lbr-stack/install/lbr_ros2_control/lib:/home/srl/lbr-stack/install/lbr_demos_advanced_cpp/lib:/home/srl/ros2_ws/install/impedance_controller/lib:/home/srl/ros2_ws/install/iiwa_moveit2/lib:/home/srl/ros2_ws/install/iiwa_hardware/lib:/home/srl/ros2_ws/install/external_torque_sensor_broadcaster/lib:/opt/ros/humble/opt/rviz_ogre_vendor/lib:/opt/ros/humble/lib/x86_64-linux-gnu:/opt/ros/humble/lib /usr/bin/cmake /home/srl/lbr-stack/src/lbr_fri_ros2_stack/lbr_demos/lbr_demos_cpp -DAMENT_CMAKE_SYMLINK_INSTALL=1 -DCMAKE_INSTALL_PREFIX=/home/srl/lbr-stack/install/lbr_demos_cpp
[0.055s] -- The C compiler identification is GNU 11.4.0
[0.091s] -- The CXX compiler identification is GNU 11.4.0
[0.095s] -- Detecting C compiler ABI info
[0.143s] -- Detecting C compiler ABI info - done
[0.148s] -- Check for working C compiler: /usr/bin/cc - skipped
[0.148s] -- Detecting C compile features
[0.148s] -- Detecting C compile features - done
[0.150s] -- Detecting CXX compiler ABI info
[0.207s] -- Detecting CXX compiler ABI info - done
[0.212s] -- Check for working CXX compiler: /usr/bin/c++ - skipped
[0.212s] -- Detecting CXX compile features
[0.212s] -- Detecting CXX compile features - done
[0.215s] -- Found ament_cmake: 1.3.11 (/opt/ros/humble/share/ament_cmake/cmake)
[0.329s] -- Found Python3: /usr/bin/python3 (found version "3.10.12") found components: Interpreter 
[0.373s] -- Override CMake install command with custom implementation using symlinks instead of copying resources
[0.406s] -- Found control_msgs: 4.8.0 (/opt/ros/humble/share/control_msgs/cmake)
[0.442s] -- Found rosidl_generator_c: 3.1.6 (/opt/ros/humble/share/rosidl_generator_c/cmake)
[0.447s] -- Found rosidl_adapter: 3.1.6 (/opt/ros/humble/share/rosidl_adapter/cmake)
[0.454s] -- Found rosidl_generator_cpp: 3.1.6 (/opt/ros/humble/share/rosidl_generator_cpp/cmake)
[0.463s] -- Using all available rosidl_typesupport_c: rosidl_typesupport_fastrtps_c;rosidl_typesupport_introspection_c
[0.476s] -- Using all available rosidl_typesupport_cpp: rosidl_typesupport_fastrtps_cpp;rosidl_typesupport_introspection_cpp
[0.558s] -- Found lbr_fri_idl: 1.5.0 (/home/srl/lbr-stack/install/lbr_fri_idl/share/lbr_fri_idl/cmake)
[0.565s] -- Found lbr_fri_ros2: 2.2.1 (/home/srl/lbr-stack/install/lbr_fri_ros2/share/lbr_fri_ros2/cmake)
[0.582s] -- Found Eigen3: TRUE (found version "3.4.0") 
[0.582s] -- Ensuring Eigen3 include directory is part of orocos-kdl CMake target
[0.620s] -- Found rmw_implementation_cmake: 6.1.2 (/opt/ros/humble/share/rmw_implementation_cmake/cmake)
[0.623s] -- Found rmw_fastrtps_cpp: 6.2.7 (/opt/ros/humble/share/rmw_fastrtps_cpp/cmake)
[0.698s] -- Found OpenSSL: /usr/lib/x86_64-linux-gnu/libcrypto.so (found version "3.0.2")  
[0.717s] -- Found FastRTPS: /opt/ros/humble/include  
[0.747s] -- Using RMW implementation 'rmw_fastrtps_cpp' as default
[0.755s] -- Looking for pthread.h
[0.816s] -- Looking for pthread.h - found
[0.816s] -- Performing Test CMAKE_HAVE_LIBC_PTHREAD
[0.874s] -- Performing Test CMAKE_HAVE_LIBC_PTHREAD - Success
[0.875s] -- Found Threads: TRUE  
[0.968s] -- Configuring done
[0.985s] -- Generating done
[0.990s] -- Build files have been written to: /home/srl/lbr-stack/build/lbr_demos_cpp
[0.997s] Invoked command in '/home/srl/lbr-stack/build/lbr_demos_cpp' returned '0': CMAKE_PREFIX_PATH=/home/srl/lbr-stack/install/lbr_bringup:/home/srl/lbr-stack/install/lbr_ros2_control:/home/srl/lbr-stack/install/lbr_fri_ros2:/home/srl/lbr-stack/install/lbr_fri_idl:/home/srl/lbr-stack/install/lbr_description:/home/srl/lbr-stack/install/fri_client_sdk:/home/srl/lbr-stack/install/my_package:/home/srl/lbr-stack/install/med7_moveit_config:/home/srl/lbr-stack/install/med14_moveit_config:/home/srl/lbr-stack/install/lbr_fri_ros2_stack:/home/srl/lbr-stack/install/lbr_demos_cpp:/home/srl/lbr-stack/install/lbr_moveit_cpp:/home/srl/lbr-stack/install/lbr_demos_advanced_cpp:/home/srl/lbr-stack/install/iiwa7_moveit_config:/home/srl/lbr-stack/install/iiwa14_moveit_config:/home/srl/lbr-stack/install/command_control:/home/srl/lbr-stack/src/my_package/install/my_package:/home/srl/ros2_ws/install/impedance_controller:/home/srl/ros2_ws/install/iiwa_moveit2:/home/srl/ros2_ws/install/iiwa_hardware:/home/srl/ros2_ws/install/iiwa_bringup:/home/srl/ros2_ws/install/iiwa_description:/home/srl/ros2_ws/install/external_torque_sensor_broadcaster:/home/srl/ros2_ws/install/command_package:/home/srl/lbr-stack/install/lbr_demos_py:/home/srl/lbr-stack/install/lbr_moveit:/home/srl/lbr-stack/install/lbr_demos_advanced_py:/home/srl/ros2_ws/install/simple_gui:/opt/ros/humble LD_LIBRARY_PATH=/home/srl/lbr-stack/install/lbr_fri_ros2/lib:/home/srl/lbr-stack/install/lbr_fri_idl/lib:/home/srl/lbr-stack/install/fri_client_sdk/lib:/home/srl/lbr-stack/install/lbr_ros2_control/lib:/home/srl/lbr-stack/install/lbr_demos_advanced_cpp/lib:/home/srl/ros2_ws/install/impedance_controller/lib:/home/srl/ros2_ws/install/iiwa_moveit2/lib:/home/srl/ros2_ws/install/iiwa_hardware/lib:/home/srl/ros2_ws/install/external_torque_sensor_broadcaster/lib:/opt/ros/humble/opt/rviz_ogre_vendor/lib:/opt/ros/humble/lib/x86_64-linux-gnu:/opt/ros/humble/lib /usr/bin/cmake /home/srl/lbr-stack/src/lbr_fri_ros2_stack/lbr_demos/lbr_demos_cpp -DAMENT_CMAKE_SYMLINK_INSTALL=1 -DCMAKE_INSTALL_PREFIX=/home/srl/lbr-stack/install/lbr_demos_cpp
[0.998s] Invoking command in '/home/srl/lbr-stack/build/lbr_demos_cpp': CMAKE_PREFIX_PATH=/home/srl/lbr-stack/install/lbr_bringup:/home/srl/lbr-stack/install/lbr_ros2_control:/home/srl/lbr-stack/install/lbr_fri_ros2:/home/srl/lbr-stack/install/lbr_fri_idl:/home/srl/lbr-stack/install/lbr_description:/home/srl/lbr-stack/install/fri_client_sdk:/home/srl/lbr-stack/install/my_package:/home/srl/lbr-stack/install/med7_moveit_config:/home/srl/lbr-stack/install/med14_moveit_config:/home/srl/lbr-stack/install/lbr_fri_ros2_stack:/home/srl/lbr-stack/install/lbr_demos_cpp:/home/srl/lbr-stack/install/lbr_moveit_cpp:/home/srl/lbr-stack/install/lbr_demos_advanced_cpp:/home/srl/lbr-stack/install/iiwa7_moveit_config:/home/srl/lbr-stack/install/iiwa14_moveit_config:/home/srl/lbr-stack/install/command_control:/home/srl/lbr-stack/src/my_package/install/my_package:/home/srl/ros2_ws/install/impedance_controller:/home/srl/ros2_ws/install/iiwa_moveit2:/home/srl/ros2_ws/install/iiwa_hardware:/home/srl/ros2_ws/install/iiwa_bringup:/home/srl/ros2_ws/install/iiwa_description:/home/srl/ros2_ws/install/external_torque_sensor_broadcaster:/home/srl/ros2_ws/install/command_package:/home/srl/lbr-stack/install/lbr_demos_py:/home/srl/lbr-stack/install/lbr_moveit:/home/srl/lbr-stack/install/lbr_demos_advanced_py:/home/srl/ros2_ws/install/simple_gui:/opt/ros/humble LD_LIBRARY_PATH=/home/srl/lbr-stack/install/lbr_fri_ros2/lib:/home/srl/lbr-stack/install/lbr_fri_idl/lib:/home/srl/lbr-stack/install/fri_client_sdk/lib:/home/srl/lbr-stack/install/lbr_ros2_control/lib:/home/srl/lbr-stack/install/lbr_demos_advanced_cpp/lib:/home/srl/ros2_ws/install/impedance_controller/lib:/home/srl/ros2_ws/install/iiwa_moveit2/lib:/home/srl/ros2_ws/install/iiwa_hardware/lib:/home/srl/ros2_ws/install/external_torque_sensor_broadcaster/lib:/opt/ros/humble/opt/rviz_ogre_vendor/lib:/opt/ros/humble/lib/x86_64-linux-gnu:/opt/ros/humble/lib /usr/bin/cmake --build /home/srl/lbr-stack/build/lbr_demos_cpp -- -j20 -l20
[1.038s] [ 12%] [32mBuilding CXX object CMakeFiles/joint_sine_overlay.dir/src/joint_sine_overlay.cpp.o[0m
[1.039s] [ 25%] [32mBuilding CXX object CMakeFiles/torque_sine_overlay.dir/src/torque_sine_overlay.cpp.o[0m
[1.040s] [ 50%] [32mBuilding CXX object CMakeFiles/joint_trajectory_client.dir/src/joint_trajectory_client.cpp.o[0m
[1.040s] [ 50%] [32mBuilding CXX object CMakeFiles/wrench_sine_overlay.dir/src/wrench_sine_overlay.cpp.o[0m
[4.346s] [ 62%] [32m[1mLinking CXX executable joint_trajectory_client[0m
[4.433s] [ 62%] Built target joint_trajectory_client
[7.580s] [ 75%] [32m[1mLinking CXX executable joint_sine_overlay[0m
[7.580s] [ 87%] [32m[1mLinking CXX executable wrench_sine_overlay[0m
[7.582s] [100%] [32m[1mLinking CXX executable torque_sine_overlay[0m
[7.686s] [100%] Built target torque_sine_overlay
[7.686s] [100%] Built target joint_sine_overlay
[7.692s] [100%] Built target wrench_sine_overlay
[7.701s] Invoked command in '/home/srl/lbr-stack/build/lbr_demos_cpp' returned '0': CMAKE_PREFIX_PATH=/home/srl/lbr-stack/install/lbr_bringup:/home/srl/lbr-stack/install/lbr_ros2_control:/home/srl/lbr-stack/install/lbr_fri_ros2:/home/srl/lbr-stack/install/lbr_fri_idl:/home/srl/lbr-stack/install/lbr_description:/home/srl/lbr-stack/install/fri_client_sdk:/home/srl/lbr-stack/install/my_package:/home/srl/lbr-stack/install/med7_moveit_config:/home/srl/lbr-stack/install/med14_moveit_config:/home/srl/lbr-stack/install/lbr_fri_ros2_stack:/home/srl/lbr-stack/install/lbr_demos_cpp:/home/srl/lbr-stack/install/lbr_moveit_cpp:/home/srl/lbr-stack/install/lbr_demos_advanced_cpp:/home/srl/lbr-stack/install/iiwa7_moveit_config:/home/srl/lbr-stack/install/iiwa14_moveit_config:/home/srl/lbr-stack/install/command_control:/home/srl/lbr-stack/src/my_package/install/my_package:/home/srl/ros2_ws/install/impedance_controller:/home/srl/ros2_ws/install/iiwa_moveit2:/home/srl/ros2_ws/install/iiwa_hardware:/home/srl/ros2_ws/install/iiwa_bringup:/home/srl/ros2_ws/install/iiwa_description:/home/srl/ros2_ws/install/external_torque_sensor_broadcaster:/home/srl/ros2_ws/install/command_package:/home/srl/lbr-stack/install/lbr_demos_py:/home/srl/lbr-stack/install/lbr_moveit:/home/srl/lbr-stack/install/lbr_demos_advanced_py:/home/srl/ros2_ws/install/simple_gui:/opt/ros/humble LD_LIBRARY_PATH=/home/srl/lbr-stack/install/lbr_fri_ros2/lib:/home/srl/lbr-stack/install/lbr_fri_idl/lib:/home/srl/lbr-stack/install/fri_client_sdk/lib:/home/srl/lbr-stack/install/lbr_ros2_control/lib:/home/srl/lbr-stack/install/lbr_demos_advanced_cpp/lib:/home/srl/ros2_ws/install/impedance_controller/lib:/home/srl/ros2_ws/install/iiwa_moveit2/lib:/home/srl/ros2_ws/install/iiwa_hardware/lib:/home/srl/ros2_ws/install/external_torque_sensor_broadcaster/lib:/opt/ros/humble/opt/rviz_ogre_vendor/lib:/opt/ros/humble/lib/x86_64-linux-gnu:/opt/ros/humble/lib /usr/bin/cmake --build /home/srl/lbr-stack/build/lbr_demos_cpp -- -j20 -l20
[7.702s] Invoking command in '/home/srl/lbr-stack/build/lbr_demos_cpp': CMAKE_PREFIX_PATH=/home/srl/lbr-stack/install/lbr_bringup:/home/srl/lbr-stack/install/lbr_ros2_control:/home/srl/lbr-stack/install/lbr_fri_ros2:/home/srl/lbr-stack/install/lbr_fri_idl:/home/srl/lbr-stack/install/lbr_description:/home/srl/lbr-stack/install/fri_client_sdk:/home/srl/lbr-stack/install/my_package:/home/srl/lbr-stack/install/med7_moveit_config:/home/srl/lbr-stack/install/med14_moveit_config:/home/srl/lbr-stack/install/lbr_fri_ros2_stack:/home/srl/lbr-stack/install/lbr_demos_cpp:/home/srl/lbr-stack/install/lbr_moveit_cpp:/home/srl/lbr-stack/install/lbr_demos_advanced_cpp:/home/srl/lbr-stack/install/iiwa7_moveit_config:/home/srl/lbr-stack/install/iiwa14_moveit_config:/home/srl/lbr-stack/install/command_control:/home/srl/lbr-stack/src/my_package/install/my_package:/home/srl/ros2_ws/install/impedance_controller:/home/srl/ros2_ws/install/iiwa_moveit2:/home/srl/ros2_ws/install/iiwa_hardware:/home/srl/ros2_ws/install/iiwa_bringup:/home/srl/ros2_ws/install/iiwa_description:/home/srl/ros2_ws/install/external_torque_sensor_broadcaster:/home/srl/ros2_ws/install/command_package:/home/srl/lbr-stack/install/lbr_demos_py:/home/srl/lbr-stack/install/lbr_moveit:/home/srl/lbr-stack/install/lbr_demos_advanced_py:/home/srl/ros2_ws/install/simple_gui:/opt/ros/humble LD_LIBRARY_PATH=/home/srl/lbr-stack/install/lbr_fri_ros2/lib:/home/srl/lbr-stack/install/lbr_fri_idl/lib:/home/srl/lbr-stack/install/fri_client_sdk/lib:/home/srl/lbr-stack/install/lbr_ros2_control/lib:/home/srl/lbr-stack/install/lbr_demos_advanced_cpp/lib:/home/srl/ros2_ws/install/impedance_controller/lib:/home/srl/ros2_ws/install/iiwa_moveit2/lib:/home/srl/ros2_ws/install/iiwa_hardware/lib:/home/srl/ros2_ws/install/external_torque_sensor_broadcaster/lib:/opt/ros/humble/opt/rviz_ogre_vendor/lib:/opt/ros/humble/lib/x86_64-linux-gnu:/opt/ros/humble/lib /usr/bin/cmake --install /home/srl/lbr-stack/build/lbr_demos_cpp
[7.707s] -- Install configuration: "Release"
[7.707s] -- Execute custom install script
[7.707s] -- Symlinking: /home/srl/lbr-stack/install/lbr_demos_cpp/lib/lbr_demos_cpp/joint_sine_overlay
[7.712s] -- Symlinking: /home/srl/lbr-stack/install/lbr_demos_cpp/lib/lbr_demos_cpp/joint_trajectory_client
[7.719s] -- Symlinking: /home/srl/lbr-stack/install/lbr_demos_cpp/lib/lbr_demos_cpp/torque_sine_overlay
[7.726s] -- Symlinking: /home/srl/lbr-stack/install/lbr_demos_cpp/lib/lbr_demos_cpp/wrench_sine_overlay
[7.732s] -- Symlinking: /home/srl/lbr-stack/install/lbr_demos_cpp/share/ament_index/resource_index/package_run_dependencies/lbr_demos_cpp
[7.737s] -- Symlinking: /home/srl/lbr-stack/install/lbr_demos_cpp/share/ament_index/resource_index/parent_prefix_path/lbr_demos_cpp
[7.743s] -- Symlinking: /home/srl/lbr-stack/install/lbr_demos_cpp/share/lbr_demos_cpp/environment/ament_prefix_path.sh
[7.747s] -- Symlinking: /home/srl/lbr-stack/install/lbr_demos_cpp/share/lbr_demos_cpp/environment/ament_prefix_path.dsv
[7.754s] -- Symlinking: /home/srl/lbr-stack/install/lbr_demos_cpp/share/lbr_demos_cpp/environment/path.sh
[7.759s] -- Symlinking: /home/srl/lbr-stack/install/lbr_demos_cpp/share/lbr_demos_cpp/environment/path.dsv
[7.764s] -- Symlinking: /home/srl/lbr-stack/install/lbr_demos_cpp/share/lbr_demos_cpp/local_setup.bash
[7.771s] -- Symlinking: /home/srl/lbr-stack/install/lbr_demos_cpp/share/lbr_demos_cpp/local_setup.sh
[7.777s] -- Symlinking: /home/srl/lbr-stack/install/lbr_demos_cpp/share/lbr_demos_cpp/local_setup.zsh
[7.782s] -- Symlinking: /home/srl/lbr-stack/install/lbr_demos_cpp/share/lbr_demos_cpp/local_setup.dsv
[7.788s] -- Symlinking: /home/srl/lbr-stack/install/lbr_demos_cpp/share/lbr_demos_cpp/package.dsv
[7.795s] -- Symlinking: /home/srl/lbr-stack/install/lbr_demos_cpp/share/ament_index/resource_index/packages/lbr_demos_cpp
[7.801s] -- Symlinking: /home/srl/lbr-stack/install/lbr_demos_cpp/share/lbr_demos_cpp/cmake/lbr_demos_cppConfig.cmake
[7.806s] -- Symlinking: /home/srl/lbr-stack/install/lbr_demos_cpp/share/lbr_demos_cpp/cmake/lbr_demos_cppConfig-version.cmake
[7.813s] -- Symlinking: /home/srl/lbr-stack/install/lbr_demos_cpp/share/lbr_demos_cpp/package.xml
[7.820s] Invoked command in '/home/srl/lbr-stack/build/lbr_demos_cpp' returned '0': CMAKE_PREFIX_PATH=/home/srl/lbr-stack/install/lbr_bringup:/home/srl/lbr-stack/install/lbr_ros2_control:/home/srl/lbr-stack/install/lbr_fri_ros2:/home/srl/lbr-stack/install/lbr_fri_idl:/home/srl/lbr-stack/install/lbr_description:/home/srl/lbr-stack/install/fri_client_sdk:/home/srl/lbr-stack/install/my_package:/home/srl/lbr-stack/install/med7_moveit_config:/home/srl/lbr-stack/install/med14_moveit_config:/home/srl/lbr-stack/install/lbr_fri_ros2_stack:/home/srl/lbr-stack/install/lbr_demos_cpp:/home/srl/lbr-stack/install/lbr_moveit_cpp:/home/srl/lbr-stack/install/lbr_demos_advanced_cpp:/home/srl/lbr-stack/install/iiwa7_moveit_config:/home/srl/lbr-stack/install/iiwa14_moveit_config:/home/srl/lbr-stack/install/command_control:/home/srl/lbr-stack/src/my_package/install/my_package:/home/srl/ros2_ws/install/impedance_controller:/home/srl/ros2_ws/install/iiwa_moveit2:/home/srl/ros2_ws/install/iiwa_hardware:/home/srl/ros2_ws/install/iiwa_bringup:/home/srl/ros2_ws/install/iiwa_description:/home/srl/ros2_ws/install/external_torque_sensor_broadcaster:/home/srl/ros2_ws/install/command_package:/home/srl/lbr-stack/install/lbr_demos_py:/home/srl/lbr-stack/install/lbr_moveit:/home/srl/lbr-stack/install/lbr_demos_advanced_py:/home/srl/ros2_ws/install/simple_gui:/opt/ros/humble LD_LIBRARY_PATH=/home/srl/lbr-stack/install/lbr_fri_ros2/lib:/home/srl/lbr-stack/install/lbr_fri_idl/lib:/home/srl/lbr-stack/install/fri_client_sdk/lib:/home/srl/lbr-stack/install/lbr_ros2_control/lib:/home/srl/lbr-stack/install/lbr_demos_advanced_cpp/lib:/home/srl/ros2_ws/install/impedance_controller/lib:/home/srl/ros2_ws/install/iiwa_moveit2/lib:/home/srl/ros2_ws/install/iiwa_hardware/lib:/home/srl/ros2_ws/install/external_torque_sensor_broadcaster/lib:/opt/ros/humble/opt/rviz_ogre_vendor/lib:/opt/ros/humble/lib/x86_64-linux-gnu:/opt/ros/humble/lib /usr/bin/cmake --install /home/srl/lbr-stack/build/lbr_demos_cpp
