[0.011s] Invoking command in '/home/srl/lbr-stack/src/build/lbr_ros2_control': AMENT_PREFIX_PATH=/home/srl/lbr-stack/src/install/lbr_fri_ros2:/home/srl/lbr-stack/src/install/lbr_fri_idl:/home/srl/lbr-stack/src/install/lbr_description:${AMENT_PREFIX_PATH} CMAKE_PREFIX_PATH=/home/srl/lbr-stack/src/install/lbr_fri_ros2:/home/srl/lbr-stack/src/install/lbr_fri_idl:/home/srl/lbr-stack/src/install/lbr_description:/home/srl/lbr-stack/src/install/fri_client_sdk:/home/srl/lbr-stack/install/my_package:/home/srl/lbr-stack/install/med7_moveit_config:/home/srl/lbr-stack/install/med14_moveit_config:/home/srl/lbr-stack/install/lbr_fri_ros2_stack:/home/srl/lbr-stack/install/lbr_demos_cpp:/home/srl/lbr-stack/install/lbr_bringup:/home/srl/lbr-stack/install/lbr_ros2_control:/home/srl/lbr-stack/install/lbr_moveit_cpp:/home/srl/lbr-stack/install/lbr_demos_advanced_cpp:/home/srl/lbr-stack/install/lbr_fri_ros2:/home/srl/lbr-stack/install/lbr_fri_idl:/home/srl/lbr-stack/install/iiwa7_moveit_config:/home/srl/lbr-stack/install/iiwa14_moveit_config:/home/srl/lbr-stack/install/lbr_description:/home/srl/lbr-stack/install/fri_client_sdk:/opt/ros/humble:/home/srl/lbr-stack/install/lbr_demos_py:/home/srl/lbr-stack/install/lbr_moveit:/home/srl/lbr-stack/install/lbr_demos_advanced_py LD_LIBRARY_PATH=/home/srl/lbr-stack/src/install/lbr_fri_ros2/lib:/home/srl/lbr-stack/src/install/lbr_fri_idl/lib:/home/srl/lbr-stack/src/install/fri_client_sdk/lib:${LD_LIBRARY_PATH} PKG_CONFIG_PATH=/home/srl/lbr-stack/src/install/fri_client_sdk/lib/x86_64-linux-gnu/pkgconfig:/home/srl/lbr-stack/src/install/fri_client_sdk/lib/pkgconfig:${PKG_CONFIG_PATH} PYTHONPATH=/home/srl/lbr-stack/src/install/lbr_fri_idl/local/lib/python3.10/dist-packages:${PYTHONPATH} /usr/bin/cmake --build /home/srl/lbr-stack/src/build/lbr_ros2_control -- -j20 -l20
[0.028s] -- Found ament_cmake: 1.3.11 (/opt/ros/humble/share/ament_cmake/cmake)
[0.107s] -- Override CMake install command with custom implementation using symlinks instead of copying resources
[0.112s] -- Found controller_interface: 2.50.0 (/opt/ros/humble/share/controller_interface/cmake)
[0.128s] -- Found rosidl_generator_c: 3.1.6 (/opt/ros/humble/share/rosidl_generator_c/cmake)
[0.129s] -- Found rosidl_adapter: 3.1.6 (/opt/ros/humble/share/rosidl_adapter/cmake)
[0.133s] -- Found rosidl_generator_cpp: 3.1.6 (/opt/ros/humble/share/rosidl_generator_cpp/cmake)
[0.138s] -- Using all available rosidl_typesupport_c: rosidl_typesupport_fastrtps_c;rosidl_typesupport_introspection_c
[0.146s] -- Using all available rosidl_typesupport_cpp: rosidl_typesupport_fastrtps_cpp;rosidl_typesupport_introspection_cpp
[0.243s] -- Found rmw_implementation_cmake: 6.1.2 (/opt/ros/humble/share/rmw_implementation_cmake/cmake)
[0.244s] -- Found rmw_fastrtps_cpp: 6.2.7 (/opt/ros/humble/share/rmw_fastrtps_cpp/cmake)
[0.255s] -- Found TinyXML2 via Config file: TinyXML2_DIR-NOTFOUND
[0.263s] -- Found TinyXML2 via Config file: TinyXML2_DIR-NOTFOUND
[0.277s] -- Found TinyXML2 via Config file: TinyXML2_DIR-NOTFOUND
[0.284s] -- Found TinyXML2 via Config file: TinyXML2_DIR-NOTFOUND
[0.293s] -- Using RMW implementation 'rmw_fastrtps_cpp' as default
[0.322s] -- Found eigen3_cmake_module: 0.1.1 (/opt/ros/humble/share/eigen3_cmake_module/cmake)
[0.324s] -- Found kinematics_interface: 0.3.0 (/opt/ros/humble/share/kinematics_interface/cmake)
[0.325s] -- Found lbr_fri_idl: 1.5.0 (/home/srl/lbr-stack/src/install/lbr_fri_idl/share/lbr_fri_idl/cmake)
[0.332s] -- Found lbr_fri_ros2: 2.2.1 (/home/srl/lbr-stack/src/install/lbr_fri_ros2/share/lbr_fri_ros2/cmake)
[0.335s] -- Ensuring Eigen3 include directory is part of orocos-kdl CMake target
[0.396s] -- Configuring done
[0.413s] -- Generating done
[0.416s] -- Build files have been written to: /home/srl/lbr-stack/src/build/lbr_ros2_control
[0.444s] [35m[1mConsolidate compiler generated dependencies of target lbr_ros2_control[0m
[0.473s] [ 12%] [32mBuilding CXX object CMakeFiles/lbr_ros2_control.dir/src/controllers/lbr_state_broadcaster.cpp.o[0m
[0.474s] [ 25%] [32mBuilding CXX object CMakeFiles/lbr_ros2_control.dir/src/controllers/lbr_wrench_command_controller.cpp.o[0m
[0.474s] [ 37%] [32mBuilding CXX object CMakeFiles/lbr_ros2_control.dir/src/controllers/admittance_controller.cpp.o[0m
[0.474s] [ 50%] [32mBuilding CXX object CMakeFiles/lbr_ros2_control.dir/src/controllers/lbr_joint_position_command_controller.cpp.o[0m
[0.475s] [ 62%] [32mBuilding CXX object CMakeFiles/lbr_ros2_control.dir/src/controllers/lbr_torque_command_controller.cpp.o[0m
[0.476s] [ 75%] [32mBuilding CXX object CMakeFiles/lbr_ros2_control.dir/src/controllers/twist_controller.cpp.o[0m
[0.479s] [ 87%] [32mBuilding CXX object CMakeFiles/lbr_ros2_control.dir/src/system_interface.cpp.o[0m
[10.366s] [100%] [32m[1mLinking CXX shared library liblbr_ros2_control.so[0m
[10.563s] [100%] Built target lbr_ros2_control
[10.571s] Invoked command in '/home/srl/lbr-stack/src/build/lbr_ros2_control' returned '0': AMENT_PREFIX_PATH=/home/srl/lbr-stack/src/install/lbr_fri_ros2:/home/srl/lbr-stack/src/install/lbr_fri_idl:/home/srl/lbr-stack/src/install/lbr_description:${AMENT_PREFIX_PATH} CMAKE_PREFIX_PATH=/home/srl/lbr-stack/src/install/lbr_fri_ros2:/home/srl/lbr-stack/src/install/lbr_fri_idl:/home/srl/lbr-stack/src/install/lbr_description:/home/srl/lbr-stack/src/install/fri_client_sdk:/home/srl/lbr-stack/install/my_package:/home/srl/lbr-stack/install/med7_moveit_config:/home/srl/lbr-stack/install/med14_moveit_config:/home/srl/lbr-stack/install/lbr_fri_ros2_stack:/home/srl/lbr-stack/install/lbr_demos_cpp:/home/srl/lbr-stack/install/lbr_bringup:/home/srl/lbr-stack/install/lbr_ros2_control:/home/srl/lbr-stack/install/lbr_moveit_cpp:/home/srl/lbr-stack/install/lbr_demos_advanced_cpp:/home/srl/lbr-stack/install/lbr_fri_ros2:/home/srl/lbr-stack/install/lbr_fri_idl:/home/srl/lbr-stack/install/iiwa7_moveit_config:/home/srl/lbr-stack/install/iiwa14_moveit_config:/home/srl/lbr-stack/install/lbr_description:/home/srl/lbr-stack/install/fri_client_sdk:/opt/ros/humble:/home/srl/lbr-stack/install/lbr_demos_py:/home/srl/lbr-stack/install/lbr_moveit:/home/srl/lbr-stack/install/lbr_demos_advanced_py LD_LIBRARY_PATH=/home/srl/lbr-stack/src/install/lbr_fri_ros2/lib:/home/srl/lbr-stack/src/install/lbr_fri_idl/lib:/home/srl/lbr-stack/src/install/fri_client_sdk/lib:${LD_LIBRARY_PATH} PKG_CONFIG_PATH=/home/srl/lbr-stack/src/install/fri_client_sdk/lib/x86_64-linux-gnu/pkgconfig:/home/srl/lbr-stack/src/install/fri_client_sdk/lib/pkgconfig:${PKG_CONFIG_PATH} PYTHONPATH=/home/srl/lbr-stack/src/install/lbr_fri_idl/local/lib/python3.10/dist-packages:${PYTHONPATH} /usr/bin/cmake --build /home/srl/lbr-stack/src/build/lbr_ros2_control -- -j20 -l20
[10.572s] Invoking command in '/home/srl/lbr-stack/src/build/lbr_ros2_control': AMENT_PREFIX_PATH=/home/srl/lbr-stack/src/install/lbr_fri_ros2:/home/srl/lbr-stack/src/install/lbr_fri_idl:/home/srl/lbr-stack/src/install/lbr_description:${AMENT_PREFIX_PATH} CMAKE_PREFIX_PATH=/home/srl/lbr-stack/src/install/lbr_fri_ros2:/home/srl/lbr-stack/src/install/lbr_fri_idl:/home/srl/lbr-stack/src/install/lbr_description:/home/srl/lbr-stack/src/install/fri_client_sdk:/home/srl/lbr-stack/install/my_package:/home/srl/lbr-stack/install/med7_moveit_config:/home/srl/lbr-stack/install/med14_moveit_config:/home/srl/lbr-stack/install/lbr_fri_ros2_stack:/home/srl/lbr-stack/install/lbr_demos_cpp:/home/srl/lbr-stack/install/lbr_bringup:/home/srl/lbr-stack/install/lbr_ros2_control:/home/srl/lbr-stack/install/lbr_moveit_cpp:/home/srl/lbr-stack/install/lbr_demos_advanced_cpp:/home/srl/lbr-stack/install/lbr_fri_ros2:/home/srl/lbr-stack/install/lbr_fri_idl:/home/srl/lbr-stack/install/iiwa7_moveit_config:/home/srl/lbr-stack/install/iiwa14_moveit_config:/home/srl/lbr-stack/install/lbr_description:/home/srl/lbr-stack/install/fri_client_sdk:/opt/ros/humble:/home/srl/lbr-stack/install/lbr_demos_py:/home/srl/lbr-stack/install/lbr_moveit:/home/srl/lbr-stack/install/lbr_demos_advanced_py LD_LIBRARY_PATH=/home/srl/lbr-stack/src/install/lbr_fri_ros2/lib:/home/srl/lbr-stack/src/install/lbr_fri_idl/lib:/home/srl/lbr-stack/src/install/fri_client_sdk/lib:${LD_LIBRARY_PATH} PKG_CONFIG_PATH=/home/srl/lbr-stack/src/install/fri_client_sdk/lib/x86_64-linux-gnu/pkgconfig:/home/srl/lbr-stack/src/install/fri_client_sdk/lib/pkgconfig:${PKG_CONFIG_PATH} PYTHONPATH=/home/srl/lbr-stack/src/install/lbr_fri_idl/local/lib/python3.10/dist-packages:${PYTHONPATH} /usr/bin/cmake --install /home/srl/lbr-stack/src/build/lbr_ros2_control
[10.578s] -- Install configuration: "Release"
[10.578s] -- Execute custom install script
[10.578s] -- Up-to-date symlink: /home/srl/lbr-stack/src/install/lbr_ros2_control/share/lbr_ros2_control/plugin_description_files/controllers.xml
[10.578s] -- Up-to-date symlink: /home/srl/lbr-stack/src/install/lbr_ros2_control/share/lbr_ros2_control/plugin_description_files/system_interface.xml
[10.578s] -- Up-to-date symlink: /home/srl/lbr-stack/src/install/lbr_ros2_control/share/lbr_ros2_control/environment/library_path.sh
[10.579s] -- Up-to-date symlink: /home/srl/lbr-stack/src/install/lbr_ros2_control/share/lbr_ros2_control/environment/library_path.dsv
[10.579s] -- Up-to-date symlink: /home/srl/lbr-stack/src/install/lbr_ros2_control/include/lbr_ros2_control/controllers/admittance_controller.hpp
[10.579s] -- Up-to-date symlink: /home/srl/lbr-stack/src/install/lbr_ros2_control/include/lbr_ros2_control/controllers/lbr_joint_position_command_controller.hpp
[10.579s] -- Up-to-date symlink: /home/srl/lbr-stack/src/install/lbr_ros2_control/include/lbr_ros2_control/controllers/lbr_state_broadcaster.hpp
[10.579s] -- Up-to-date symlink: /home/srl/lbr-stack/src/install/lbr_ros2_control/include/lbr_ros2_control/controllers/lbr_torque_command_controller.hpp
[10.579s] -- Up-to-date symlink: /home/srl/lbr-stack/src/install/lbr_ros2_control/include/lbr_ros2_control/controllers/lbr_wrench_command_controller.hpp
[10.579s] -- Up-to-date symlink: /home/srl/lbr-stack/src/install/lbr_ros2_control/include/lbr_ros2_control/controllers/twist_controller.hpp
[10.579s] -- Up-to-date symlink: /home/srl/lbr-stack/src/install/lbr_ros2_control/include/lbr_ros2_control/system_interface.hpp
[10.579s] -- Up-to-date symlink: /home/srl/lbr-stack/src/install/lbr_ros2_control/include/lbr_ros2_control/system_interface_type_values.hpp
[10.579s] -- Up-to-date symlink: /home/srl/lbr-stack/src/install/lbr_ros2_control/share/ament_index/resource_index/package_run_dependencies/lbr_ros2_control
[10.579s] -- Up-to-date symlink: /home/srl/lbr-stack/src/install/lbr_ros2_control/share/ament_index/resource_index/parent_prefix_path/lbr_ros2_control
[10.579s] -- Up-to-date symlink: /home/srl/lbr-stack/src/install/lbr_ros2_control/share/lbr_ros2_control/environment/ament_prefix_path.sh
[10.579s] -- Up-to-date symlink: /home/srl/lbr-stack/src/install/lbr_ros2_control/share/lbr_ros2_control/environment/ament_prefix_path.dsv
[10.579s] -- Up-to-date symlink: /home/srl/lbr-stack/src/install/lbr_ros2_control/share/lbr_ros2_control/environment/path.sh
[10.579s] -- Up-to-date symlink: /home/srl/lbr-stack/src/install/lbr_ros2_control/share/lbr_ros2_control/environment/path.dsv
[10.579s] -- Up-to-date symlink: /home/srl/lbr-stack/src/install/lbr_ros2_control/share/lbr_ros2_control/local_setup.bash
[10.579s] -- Up-to-date symlink: /home/srl/lbr-stack/src/install/lbr_ros2_control/share/lbr_ros2_control/local_setup.sh
[10.579s] -- Up-to-date symlink: /home/srl/lbr-stack/src/install/lbr_ros2_control/share/lbr_ros2_control/local_setup.zsh
[10.579s] -- Up-to-date symlink: /home/srl/lbr-stack/src/install/lbr_ros2_control/share/lbr_ros2_control/local_setup.dsv
[10.579s] -- Symlinking: /home/srl/lbr-stack/src/install/lbr_ros2_control/share/lbr_ros2_control/package.dsv
[10.584s] -- Up-to-date symlink: /home/srl/lbr-stack/src/install/lbr_ros2_control/share/ament_index/resource_index/packages/lbr_ros2_control
[10.584s] -- Up-to-date symlink: /home/srl/lbr-stack/src/install/lbr_ros2_control/share/ament_index/resource_index/controller_interface__pluginlib__plugin/lbr_ros2_control
[10.585s] -- Up-to-date symlink: /home/srl/lbr-stack/src/install/lbr_ros2_control/share/ament_index/resource_index/hardware_interface__pluginlib__plugin/lbr_ros2_control
[10.585s] -- Up-to-date symlink: /home/srl/lbr-stack/src/install/lbr_ros2_control/share/lbr_ros2_control/cmake/ament_cmake_export_targets-extras.cmake
[10.585s] -- Up-to-date symlink: /home/srl/lbr-stack/src/install/lbr_ros2_control/share/lbr_ros2_control/cmake/ament_cmake_export_dependencies-extras.cmake
[10.585s] -- Up-to-date symlink: /home/srl/lbr-stack/src/install/lbr_ros2_control/share/lbr_ros2_control/cmake/lbr_ros2_controlConfig.cmake
[10.585s] -- Up-to-date symlink: /home/srl/lbr-stack/src/install/lbr_ros2_control/share/lbr_ros2_control/cmake/lbr_ros2_controlConfig-version.cmake
[10.585s] -- Up-to-date symlink: /home/srl/lbr-stack/src/install/lbr_ros2_control/share/lbr_ros2_control/package.xml
[10.585s] -- Installing: /home/srl/lbr-stack/src/install/lbr_ros2_control/lib/lbr_ros2_control/liblbr_ros2_control.so
[10.587s] -- Set runtime path of "/home/srl/lbr-stack/src/install/lbr_ros2_control/lib/lbr_ros2_control/liblbr_ros2_control.so" to ""
[10.587s] -- Up-to-date: /home/srl/lbr-stack/src/install/lbr_ros2_control/share/lbr_ros2_control/cmake/lbr_ros2_control_exportExport.cmake
[10.587s] -- Up-to-date: /home/srl/lbr-stack/src/install/lbr_ros2_control/share/lbr_ros2_control/cmake/lbr_ros2_control_exportExport-release.cmake
[10.589s] Invoked command in '/home/srl/lbr-stack/src/build/lbr_ros2_control' returned '0': AMENT_PREFIX_PATH=/home/srl/lbr-stack/src/install/lbr_fri_ros2:/home/srl/lbr-stack/src/install/lbr_fri_idl:/home/srl/lbr-stack/src/install/lbr_description:${AMENT_PREFIX_PATH} CMAKE_PREFIX_PATH=/home/srl/lbr-stack/src/install/lbr_fri_ros2:/home/srl/lbr-stack/src/install/lbr_fri_idl:/home/srl/lbr-stack/src/install/lbr_description:/home/srl/lbr-stack/src/install/fri_client_sdk:/home/srl/lbr-stack/install/my_package:/home/srl/lbr-stack/install/med7_moveit_config:/home/srl/lbr-stack/install/med14_moveit_config:/home/srl/lbr-stack/install/lbr_fri_ros2_stack:/home/srl/lbr-stack/install/lbr_demos_cpp:/home/srl/lbr-stack/install/lbr_bringup:/home/srl/lbr-stack/install/lbr_ros2_control:/home/srl/lbr-stack/install/lbr_moveit_cpp:/home/srl/lbr-stack/install/lbr_demos_advanced_cpp:/home/srl/lbr-stack/install/lbr_fri_ros2:/home/srl/lbr-stack/install/lbr_fri_idl:/home/srl/lbr-stack/install/iiwa7_moveit_config:/home/srl/lbr-stack/install/iiwa14_moveit_config:/home/srl/lbr-stack/install/lbr_description:/home/srl/lbr-stack/install/fri_client_sdk:/opt/ros/humble:/home/srl/lbr-stack/install/lbr_demos_py:/home/srl/lbr-stack/install/lbr_moveit:/home/srl/lbr-stack/install/lbr_demos_advanced_py LD_LIBRARY_PATH=/home/srl/lbr-stack/src/install/lbr_fri_ros2/lib:/home/srl/lbr-stack/src/install/lbr_fri_idl/lib:/home/srl/lbr-stack/src/install/fri_client_sdk/lib:${LD_LIBRARY_PATH} PKG_CONFIG_PATH=/home/srl/lbr-stack/src/install/fri_client_sdk/lib/x86_64-linux-gnu/pkgconfig:/home/srl/lbr-stack/src/install/fri_client_sdk/lib/pkgconfig:${PKG_CONFIG_PATH} PYTHONPATH=/home/srl/lbr-stack/src/install/lbr_fri_idl/local/lib/python3.10/dist-packages:${PYTHONPATH} /usr/bin/cmake --install /home/srl/lbr-stack/src/build/lbr_ros2_control
