[0.052s] Invoking command in '/home/srl/lbr-stack/build/ros_gz_sim': CMAKE_PREFIX_PATH=${CMAKE_PREFIX_PATH}:/home/srl/lbr-stack/install/lbr_demos_py:/home/srl/lbr-stack/install/lbr_moveit:/home/srl/lbr-stack/install/lbr_demos_advanced_py:/opt/ros/humble /usr/bin/cmake --build /home/srl/lbr-stack/build/ros_gz_sim -- -j20 -l20
[0.417s] [35m[1mConsolidate compiler generated dependencies of target gtest[0m
[0.417s] [35m[1mConsolidate compiler generated dependencies of target gtest_main[0m
[0.417s] [35m[1mConsolidate compiler generated dependencies of target create[0m
[0.417s] [35m[1mConsolidate compiler generated dependencies of target ros_gz_sim[0m
[0.418s] [ 20%] Built target gtest
[0.418s] [ 40%] Built target ros_gz_sim
[0.418s] [ 60%] Built target gtest_main
[0.418s] [ 80%] Built target create
[0.418s] [35m[1mConsolidate compiler generated dependencies of target test_stopwatch[0m
[0.418s] [100%] Built target test_stopwatch
[0.445s] Invoked command in '/home/srl/lbr-stack/build/ros_gz_sim' returned '0': CMAKE_PREFIX_PATH=${CMAKE_PREFIX_PATH}:/home/srl/lbr-stack/install/lbr_demos_py:/home/srl/lbr-stack/install/lbr_moveit:/home/srl/lbr-stack/install/lbr_demos_advanced_py:/opt/ros/humble /usr/bin/cmake --build /home/srl/lbr-stack/build/ros_gz_sim -- -j20 -l20
[0.448s] Invoking command in '/home/srl/lbr-stack/build/ros_gz_sim': CMAKE_PREFIX_PATH=${CMAKE_PREFIX_PATH}:/home/srl/lbr-stack/install/lbr_demos_py:/home/srl/lbr-stack/install/lbr_moveit:/home/srl/lbr-stack/install/lbr_demos_advanced_py:/opt/ros/humble /usr/bin/cmake --install /home/srl/lbr-stack/build/ros_gz_sim
[0.462s] -- Install configuration: ""
[0.463s] -- Execute custom install script
[0.463s] -- Up-to-date symlink: /home/srl/lbr-stack/install/ros_gz_sim/include/ros_gz_sim/Stopwatch.hpp
[0.463s] -- Up-to-date symlink: /home/srl/lbr-stack/install/ros_gz_sim/share/ros_gz_sim/launch/gz_sim.launch.py
[0.463s] -- Up-to-date symlink: /home/srl/lbr-stack/install/ros_gz_sim/lib/ros_gz_sim/create
[0.463s] -- Up-to-date symlink: /home/srl/lbr-stack/install/ros_gz_sim/lib/ros_gz_sim/test_stopwatch
[0.464s] -- Up-to-date symlink: /home/srl/lbr-stack/install/ros_gz_sim/share/ament_index/resource_index/package_run_dependencies/ros_gz_sim
[0.464s] -- Up-to-date symlink: /home/srl/lbr-stack/install/ros_gz_sim/share/ament_index/resource_index/parent_prefix_path/ros_gz_sim
[0.465s] -- Up-to-date symlink: /home/srl/lbr-stack/install/ros_gz_sim/share/ros_gz_sim/environment/ament_prefix_path.sh
[0.465s] -- Up-to-date symlink: /home/srl/lbr-stack/install/ros_gz_sim/share/ros_gz_sim/environment/ament_prefix_path.dsv
[0.465s] -- Up-to-date symlink: /home/srl/lbr-stack/install/ros_gz_sim/share/ros_gz_sim/environment/path.sh
[0.465s] -- Up-to-date symlink: /home/srl/lbr-stack/install/ros_gz_sim/share/ros_gz_sim/environment/path.dsv
[0.465s] -- Up-to-date symlink: /home/srl/lbr-stack/install/ros_gz_sim/share/ros_gz_sim/local_setup.bash
[0.465s] -- Up-to-date symlink: /home/srl/lbr-stack/install/ros_gz_sim/share/ros_gz_sim/local_setup.sh
[0.465s] -- Up-to-date symlink: /home/srl/lbr-stack/install/ros_gz_sim/share/ros_gz_sim/local_setup.zsh
[0.466s] -- Up-to-date symlink: /home/srl/lbr-stack/install/ros_gz_sim/share/ros_gz_sim/local_setup.dsv
[0.470s] -- Symlinking: /home/srl/lbr-stack/install/ros_gz_sim/share/ros_gz_sim/package.dsv
[0.485s] -- Up-to-date symlink: /home/srl/lbr-stack/install/ros_gz_sim/share/ament_index/resource_index/packages/ros_gz_sim
[0.486s] -- Up-to-date symlink: /home/srl/lbr-stack/install/ros_gz_sim/share/ros_gz_sim/cmake/ament_cmake_export_targets-extras.cmake
[0.488s] -- Up-to-date symlink: /home/srl/lbr-stack/install/ros_gz_sim/share/ros_gz_sim/cmake/ament_cmake_export_dependencies-extras.cmake
[0.488s] -- Up-to-date symlink: /home/srl/lbr-stack/install/ros_gz_sim/share/ros_gz_sim/cmake/ros_gz_simConfig.cmake
[0.489s] -- Up-to-date symlink: /home/srl/lbr-stack/install/ros_gz_sim/share/ros_gz_sim/cmake/ros_gz_simConfig-version.cmake
[0.489s] -- Up-to-date symlink: /home/srl/lbr-stack/install/ros_gz_sim/share/ros_gz_sim/package.xml
[0.489s] -- Up-to-date: /home/srl/lbr-stack/install/ros_gz_sim/lib/libros_gz_sim.so
[0.490s] -- Up-to-date: /home/srl/lbr-stack/install/ros_gz_sim/share/ros_gz_sim/cmake/ros_gz_simExport.cmake
[0.490s] -- Up-to-date: /home/srl/lbr-stack/install/ros_gz_sim/share/ros_gz_sim/cmake/ros_gz_simExport-noconfig.cmake
[0.525s] Invoked command in '/home/srl/lbr-stack/build/ros_gz_sim' returned '0': CMAKE_PREFIX_PATH=${CMAKE_PREFIX_PATH}:/home/srl/lbr-stack/install/lbr_demos_py:/home/srl/lbr-stack/install/lbr_moveit:/home/srl/lbr-stack/install/lbr_demos_advanced_py:/opt/ros/humble /usr/bin/cmake --install /home/srl/lbr-stack/build/ros_gz_sim
