[0.384s] Invoking command in '/home/srl/lbr-stack/build/lbr_moveit_cpp': CMAKE_PREFIX_PATH=${CMAKE_PREFIX_PATH}:/home/srl/lbr-stack/install/lbr_demos_py:/home/srl/lbr-stack/install/lbr_moveit:/home/srl/lbr-stack/install/lbr_demos_advanced_py:/opt/ros/humble /usr/bin/cmake --build /home/srl/lbr-stack/build/lbr_moveit_cpp -- -j20 -l20
[0.464s] [35m[1mConsolidate compiler generated dependencies of target hello_moveit[0m
[0.481s] [100%] Built target hello_moveit
[0.561s] Invoked command in '/home/srl/lbr-stack/build/lbr_moveit_cpp' returned '0': CMAKE_PREFIX_PATH=${CMAKE_PREFIX_PATH}:/home/srl/lbr-stack/install/lbr_demos_py:/home/srl/lbr-stack/install/lbr_moveit:/home/srl/lbr-stack/install/lbr_demos_advanced_py:/opt/ros/humble /usr/bin/cmake --build /home/srl/lbr-stack/build/lbr_moveit_cpp -- -j20 -l20
[0.564s] Invoking command in '/home/srl/lbr-stack/build/lbr_moveit_cpp': CMAKE_PREFIX_PATH=${CMAKE_PREFIX_PATH}:/home/srl/lbr-stack/install/lbr_demos_py:/home/srl/lbr-stack/install/lbr_moveit:/home/srl/lbr-stack/install/lbr_demos_advanced_py:/opt/ros/humble /usr/bin/cmake --install /home/srl/lbr-stack/build/lbr_moveit_cpp
[0.575s] -- Install configuration: "Release"
[0.579s] -- Execute custom install script
[0.581s] -- Up-to-date symlink: /home/srl/lbr-stack/install/lbr_moveit_cpp/share/lbr_moveit_cpp/launch/hello_moveit.launch.py
[0.583s] -- Up-to-date symlink: /home/srl/lbr-stack/install/lbr_moveit_cpp/lib/lbr_moveit_cpp/hello_moveit
[0.583s] -- Up-to-date symlink: /home/srl/lbr-stack/install/lbr_moveit_cpp/share/ament_index/resource_index/package_run_dependencies/lbr_moveit_cpp
[0.585s] -- Up-to-date symlink: /home/srl/lbr-stack/install/lbr_moveit_cpp/share/ament_index/resource_index/parent_prefix_path/lbr_moveit_cpp
[0.585s] -- Up-to-date symlink: /home/srl/lbr-stack/install/lbr_moveit_cpp/share/lbr_moveit_cpp/environment/ament_prefix_path.sh
[0.585s] -- Up-to-date symlink: /home/srl/lbr-stack/install/lbr_moveit_cpp/share/lbr_moveit_cpp/environment/ament_prefix_path.dsv
[0.585s] -- Up-to-date symlink: /home/srl/lbr-stack/install/lbr_moveit_cpp/share/lbr_moveit_cpp/environment/path.sh
[0.586s] -- Up-to-date symlink: /home/srl/lbr-stack/install/lbr_moveit_cpp/share/lbr_moveit_cpp/environment/path.dsv
[0.586s] -- Up-to-date symlink: /home/srl/lbr-stack/install/lbr_moveit_cpp/share/lbr_moveit_cpp/local_setup.bash
[0.586s] -- Up-to-date symlink: /home/srl/lbr-stack/install/lbr_moveit_cpp/share/lbr_moveit_cpp/local_setup.sh
[0.586s] -- Up-to-date symlink: /home/srl/lbr-stack/install/lbr_moveit_cpp/share/lbr_moveit_cpp/local_setup.zsh
[0.587s] -- Up-to-date symlink: /home/srl/lbr-stack/install/lbr_moveit_cpp/share/lbr_moveit_cpp/local_setup.dsv
[0.587s] -- Symlinking: /home/srl/lbr-stack/install/lbr_moveit_cpp/share/lbr_moveit_cpp/package.dsv
[0.603s] -- Up-to-date symlink: /home/srl/lbr-stack/install/lbr_moveit_cpp/share/ament_index/resource_index/packages/lbr_moveit_cpp
[0.604s] -- Up-to-date symlink: /home/srl/lbr-stack/install/lbr_moveit_cpp/share/lbr_moveit_cpp/cmake/lbr_moveit_cppConfig.cmake
[0.604s] -- Up-to-date symlink: /home/srl/lbr-stack/install/lbr_moveit_cpp/share/lbr_moveit_cpp/cmake/lbr_moveit_cppConfig-version.cmake
[0.604s] -- Up-to-date symlink: /home/srl/lbr-stack/install/lbr_moveit_cpp/share/lbr_moveit_cpp/package.xml
[0.641s] Invoked command in '/home/srl/lbr-stack/build/lbr_moveit_cpp' returned '0': CMAKE_PREFIX_PATH=${CMAKE_PREFIX_PATH}:/home/srl/lbr-stack/install/lbr_demos_py:/home/srl/lbr-stack/install/lbr_moveit:/home/srl/lbr-stack/install/lbr_demos_advanced_py:/opt/ros/humble /usr/bin/cmake --install /home/srl/lbr-stack/build/lbr_moveit_cpp
