[1.323s] Invoking command in '/home/srl/lbr-stack/build/lbr_demos_advanced_py': CMAKE_PREFIX_PATH=/home/srl/lbr-stack/install/lbr_fri_ros2:/home/srl/lbr-stack/install/lbr_description:/home/srl/lbr-stack/install/lbr_fri_idl:/home/srl/lbr-stack/install/ign_ros2_control:/home/srl/lbr-stack/install/gz_ros2_control:/home/srl/lbr-stack/install/fri_client_sdk:/home/srl/lbr-stack/install/test_ros_gz_bridge:/home/srl/lbr-stack/install/test_package:/home/srl/lbr-stack/install/ros_ign_interfaces:/home/srl/lbr-stack/install/ros_ign:/home/srl/lbr-stack/install/ros_ign_image:/home/srl/lbr-stack/install/ros_ign_gazebo_demos:/home/srl/lbr-stack/install/ros_ign_gazebo:/home/srl/lbr-stack/install/ros_ign_bridge:/home/srl/lbr-stack/install/ros_gz:/home/srl/lbr-stack/install/ros_gz_sim_demos:/home/srl/lbr-stack/install/lbr_fri_ros2_stack:/home/srl/lbr-stack/install/lbr_demos_cpp:/home/srl/lbr-stack/install/lbr_bringup:/home/srl/lbr-stack/install/ign_ros2_control_demos:/home/srl/lbr-stack/install/gz_ros2_control_demos:/home/srl/lbr-stack/install/ros_gz_sim:/home/srl/lbr-stack/install/ros_gz_image:/home/srl/lbr-stack/install/ros_gz_bridge:/home/srl/lbr-stack/install/ros_gz_interfaces:/home/srl/lbr-stack/install/my_package:/home/srl/lbr-stack/install/med7_moveit_config:/home/srl/lbr-stack/install/med14_moveit_config:/home/srl/lbr-stack/install/lbr_ros2_control:/home/srl/lbr-stack/install/lbr_moveit_cpp:/home/srl/lbr-stack/install/lbr_gazebo_models:/home/srl/lbr-stack/install/lbr_demos_advanced_cpp:/home/srl/lbr-stack/install/iiwa7_moveit_config:/home/srl/lbr-stack/install/iiwa14_moveit_config:/home/srl/lbr-stack/install/gz_ros2_control_tests LD_LIBRARY_PATH=/home/srl/lbr-stack/install/lbr_fri_ros2/lib:/home/srl/lbr-stack/install/lbr_fri_idl/lib:/home/srl/lbr-stack/install/gz_ros2_control/lib:/home/srl/lbr-stack/install/fri_client_sdk/lib:/home/srl/lbr-stack/install/test_package/lib:/home/srl/lbr-stack/install/ros_ign_interfaces/lib:/home/srl/lbr-stack/install/ros_gz_sim/lib:/home/srl/lbr-stack/install/ros_gz_bridge/lib:/home/srl/lbr-stack/install/ros_gz_interfaces/lib:/home/srl/lbr-stack/install/lbr_ros2_control/lib:/home/srl/lbr-stack/install/lbr_demos_advanced_cpp/lib:/usr/lib/x86_64-linux-gnu/gazebo-11/plugins:/opt/ros/humble/opt/rviz_ogre_vendor/lib:/opt/ros/humble/lib/x86_64-linux-gnu:/opt/ros/humble/lib PYTHONPATH=/home/srl/lbr-stack/build/lbr_demos_advanced_py/prefix_override:/usr/lib/python3/dist-packages/colcon_core/task/python/colcon_distutils_commands:/home/srl/lbr-stack/install/lbr_demos_advanced_py/lib/python3.10/site-packages:${PYTHONPATH} /usr/bin/python3 -W ignore:setup.py install is deprecated -W ignore:easy_install command is deprecated setup.py develop --editable --build-directory /home/srl/lbr-stack/build/lbr_demos_advanced_py/build --no-deps symlink_data
[1.899s] running develop
[2.345s] running egg_info
[2.345s] creating lbr_demos_advanced_py.egg-info
[2.345s] writing lbr_demos_advanced_py.egg-info/PKG-INFO
[2.346s] writing dependency_links to lbr_demos_advanced_py.egg-info/dependency_links.txt
[2.347s] writing entry points to lbr_demos_advanced_py.egg-info/entry_points.txt
[2.347s] writing requirements to lbr_demos_advanced_py.egg-info/requires.txt
[2.348s] writing top-level names to lbr_demos_advanced_py.egg-info/top_level.txt
[2.350s] writing manifest file 'lbr_demos_advanced_py.egg-info/SOURCES.txt'
[2.351s] reading manifest file 'lbr_demos_advanced_py.egg-info/SOURCES.txt'
[2.352s] writing manifest file 'lbr_demos_advanced_py.egg-info/SOURCES.txt'
[2.357s] running build_ext
[2.360s] Creating /home/srl/lbr-stack/install/lbr_demos_advanced_py/lib/python3.10/site-packages/lbr-demos-advanced-py.egg-link (link to .)
[2.360s] Installing admittance_control script to /home/srl/lbr-stack/install/lbr_demos_advanced_py/lib/lbr_demos_advanced_py
[2.360s] Installing admittance_rcm_control script to /home/srl/lbr-stack/install/lbr_demos_advanced_py/lib/lbr_demos_advanced_py
[2.360s] 
[2.360s] Installed /home/srl/lbr-stack/build/lbr_demos_advanced_py
[2.360s] running symlink_data
[2.360s] creating /home/srl/lbr-stack/install/lbr_demos_advanced_py/share/ament_index
[2.360s] creating /home/srl/lbr-stack/install/lbr_demos_advanced_py/share/ament_index/resource_index
[2.361s] creating /home/srl/lbr-stack/install/lbr_demos_advanced_py/share/ament_index/resource_index/packages
[2.361s] symbolically linking /home/srl/lbr-stack/build/lbr_demos_advanced_py/resource/lbr_demos_advanced_py -> /home/srl/lbr-stack/install/lbr_demos_advanced_py/share/ament_index/resource_index/packages
[2.361s] symbolically linking /home/srl/lbr-stack/build/lbr_demos_advanced_py/package.xml -> /home/srl/lbr-stack/install/lbr_demos_advanced_py/share/lbr_demos_advanced_py
[2.361s] creating /home/srl/lbr-stack/install/lbr_demos_advanced_py/share/lbr_demos_advanced_py/config
[2.361s] symbolically linking /home/srl/lbr-stack/build/lbr_demos_advanced_py/config/admittance_rcm_control.yaml -> /home/srl/lbr-stack/install/lbr_demos_advanced_py/share/lbr_demos_advanced_py/config
[2.361s] symbolically linking /home/srl/lbr-stack/build/lbr_demos_advanced_py/config/admittance_control.yaml -> /home/srl/lbr-stack/install/lbr_demos_advanced_py/share/lbr_demos_advanced_py/config
[2.404s] Invoked command in '/home/srl/lbr-stack/build/lbr_demos_advanced_py' returned '0': CMAKE_PREFIX_PATH=/home/srl/lbr-stack/install/lbr_fri_ros2:/home/srl/lbr-stack/install/lbr_description:/home/srl/lbr-stack/install/lbr_fri_idl:/home/srl/lbr-stack/install/ign_ros2_control:/home/srl/lbr-stack/install/gz_ros2_control:/home/srl/lbr-stack/install/fri_client_sdk:/home/srl/lbr-stack/install/test_ros_gz_bridge:/home/srl/lbr-stack/install/test_package:/home/srl/lbr-stack/install/ros_ign_interfaces:/home/srl/lbr-stack/install/ros_ign:/home/srl/lbr-stack/install/ros_ign_image:/home/srl/lbr-stack/install/ros_ign_gazebo_demos:/home/srl/lbr-stack/install/ros_ign_gazebo:/home/srl/lbr-stack/install/ros_ign_bridge:/home/srl/lbr-stack/install/ros_gz:/home/srl/lbr-stack/install/ros_gz_sim_demos:/home/srl/lbr-stack/install/lbr_fri_ros2_stack:/home/srl/lbr-stack/install/lbr_demos_cpp:/home/srl/lbr-stack/install/lbr_bringup:/home/srl/lbr-stack/install/ign_ros2_control_demos:/home/srl/lbr-stack/install/gz_ros2_control_demos:/home/srl/lbr-stack/install/ros_gz_sim:/home/srl/lbr-stack/install/ros_gz_image:/home/srl/lbr-stack/install/ros_gz_bridge:/home/srl/lbr-stack/install/ros_gz_interfaces:/home/srl/lbr-stack/install/my_package:/home/srl/lbr-stack/install/med7_moveit_config:/home/srl/lbr-stack/install/med14_moveit_config:/home/srl/lbr-stack/install/lbr_ros2_control:/home/srl/lbr-stack/install/lbr_moveit_cpp:/home/srl/lbr-stack/install/lbr_gazebo_models:/home/srl/lbr-stack/install/lbr_demos_advanced_cpp:/home/srl/lbr-stack/install/iiwa7_moveit_config:/home/srl/lbr-stack/install/iiwa14_moveit_config:/home/srl/lbr-stack/install/gz_ros2_control_tests LD_LIBRARY_PATH=/home/srl/lbr-stack/install/lbr_fri_ros2/lib:/home/srl/lbr-stack/install/lbr_fri_idl/lib:/home/srl/lbr-stack/install/gz_ros2_control/lib:/home/srl/lbr-stack/install/fri_client_sdk/lib:/home/srl/lbr-stack/install/test_package/lib:/home/srl/lbr-stack/install/ros_ign_interfaces/lib:/home/srl/lbr-stack/install/ros_gz_sim/lib:/home/srl/lbr-stack/install/ros_gz_bridge/lib:/home/srl/lbr-stack/install/ros_gz_interfaces/lib:/home/srl/lbr-stack/install/lbr_ros2_control/lib:/home/srl/lbr-stack/install/lbr_demos_advanced_cpp/lib:/usr/lib/x86_64-linux-gnu/gazebo-11/plugins:/opt/ros/humble/opt/rviz_ogre_vendor/lib:/opt/ros/humble/lib/x86_64-linux-gnu:/opt/ros/humble/lib PYTHONPATH=/home/srl/lbr-stack/build/lbr_demos_advanced_py/prefix_override:/usr/lib/python3/dist-packages/colcon_core/task/python/colcon_distutils_commands:/home/srl/lbr-stack/install/lbr_demos_advanced_py/lib/python3.10/site-packages:${PYTHONPATH} /usr/bin/python3 -W ignore:setup.py install is deprecated -W ignore:easy_install command is deprecated setup.py develop --editable --build-directory /home/srl/lbr-stack/build/lbr_demos_advanced_py/build --no-deps symlink_data
