[0.015s] Invoking command in '/home/srl/lbr-stack/src/build/lbr_bringup': AMENT_PREFIX_PATH=/home/srl/lbr-stack/src/install/lbr_ros2_control:/home/srl/lbr-stack/src/install/lbr_fri_ros2:/home/srl/lbr-stack/src/install/lbr_fri_idl:/home/srl/lbr-stack/src/install/lbr_description:${AMENT_PREFIX_PATH} CMAKE_PREFIX_PATH=/home/srl/lbr-stack/src/install/lbr_ros2_control:/home/srl/lbr-stack/src/install/lbr_fri_ros2:/home/srl/lbr-stack/src/install/lbr_fri_idl:/home/srl/lbr-stack/src/install/lbr_description:/home/srl/lbr-stack/src/install/fri_client_sdk:/home/srl/lbr-stack/install/my_package:/home/srl/lbr-stack/install/med7_moveit_config:/home/srl/lbr-stack/install/med14_moveit_config:/home/srl/lbr-stack/install/lbr_fri_ros2_stack:/home/srl/lbr-stack/install/lbr_demos_cpp:/home/srl/lbr-stack/install/lbr_bringup:/home/srl/lbr-stack/install/lbr_ros2_control:/home/srl/lbr-stack/install/lbr_moveit_cpp:/home/srl/lbr-stack/install/lbr_demos_advanced_cpp:/home/srl/lbr-stack/install/lbr_fri_ros2:/home/srl/lbr-stack/install/lbr_fri_idl:/home/srl/lbr-stack/install/iiwa7_moveit_config:/home/srl/lbr-stack/install/iiwa14_moveit_config:/home/srl/lbr-stack/install/lbr_description:/home/srl/lbr-stack/install/fri_client_sdk:/opt/ros/humble:/home/srl/lbr-stack/install/lbr_demos_py:/home/srl/lbr-stack/install/lbr_moveit:/home/srl/lbr-stack/install/lbr_demos_advanced_py LD_LIBRARY_PATH=/home/srl/lbr-stack/src/install/lbr_ros2_control/lib:/home/srl/lbr-stack/src/install/lbr_fri_ros2/lib:/home/srl/lbr-stack/src/install/lbr_fri_idl/lib:/home/srl/lbr-stack/src/install/fri_client_sdk/lib:${LD_LIBRARY_PATH} PKG_CONFIG_PATH=/home/srl/lbr-stack/src/install/fri_client_sdk/lib/x86_64-linux-gnu/pkgconfig:/home/srl/lbr-stack/src/install/fri_client_sdk/lib/pkgconfig:${PKG_CONFIG_PATH} PYTHONPATH=/home/srl/lbr-stack/src/install/lbr_fri_idl/local/lib/python3.10/dist-packages:${PYTHONPATH} /usr/bin/cmake --build /home/srl/lbr-stack/src/build/lbr_bringup -- -j20 -l20
[0.059s] Built target ament_cmake_python_symlink_lbr_bringup
[0.208s] running egg_info
[0.208s] writing lbr_bringup.egg-info/PKG-INFO
[0.208s] writing dependency_links to lbr_bringup.egg-info/dependency_links.txt
[0.209s] writing top-level names to lbr_bringup.egg-info/top_level.txt
[0.210s] reading manifest file 'lbr_bringup.egg-info/SOURCES.txt'
[0.210s] writing manifest file 'lbr_bringup.egg-info/SOURCES.txt'
[0.230s] Built target ament_cmake_python_build_lbr_bringup_egg
[0.240s] Invoked command in '/home/srl/lbr-stack/src/build/lbr_bringup' returned '0': AMENT_PREFIX_PATH=/home/srl/lbr-stack/src/install/lbr_ros2_control:/home/srl/lbr-stack/src/install/lbr_fri_ros2:/home/srl/lbr-stack/src/install/lbr_fri_idl:/home/srl/lbr-stack/src/install/lbr_description:${AMENT_PREFIX_PATH} CMAKE_PREFIX_PATH=/home/srl/lbr-stack/src/install/lbr_ros2_control:/home/srl/lbr-stack/src/install/lbr_fri_ros2:/home/srl/lbr-stack/src/install/lbr_fri_idl:/home/srl/lbr-stack/src/install/lbr_description:/home/srl/lbr-stack/src/install/fri_client_sdk:/home/srl/lbr-stack/install/my_package:/home/srl/lbr-stack/install/med7_moveit_config:/home/srl/lbr-stack/install/med14_moveit_config:/home/srl/lbr-stack/install/lbr_fri_ros2_stack:/home/srl/lbr-stack/install/lbr_demos_cpp:/home/srl/lbr-stack/install/lbr_bringup:/home/srl/lbr-stack/install/lbr_ros2_control:/home/srl/lbr-stack/install/lbr_moveit_cpp:/home/srl/lbr-stack/install/lbr_demos_advanced_cpp:/home/srl/lbr-stack/install/lbr_fri_ros2:/home/srl/lbr-stack/install/lbr_fri_idl:/home/srl/lbr-stack/install/iiwa7_moveit_config:/home/srl/lbr-stack/install/iiwa14_moveit_config:/home/srl/lbr-stack/install/lbr_description:/home/srl/lbr-stack/install/fri_client_sdk:/opt/ros/humble:/home/srl/lbr-stack/install/lbr_demos_py:/home/srl/lbr-stack/install/lbr_moveit:/home/srl/lbr-stack/install/lbr_demos_advanced_py LD_LIBRARY_PATH=/home/srl/lbr-stack/src/install/lbr_ros2_control/lib:/home/srl/lbr-stack/src/install/lbr_fri_ros2/lib:/home/srl/lbr-stack/src/install/lbr_fri_idl/lib:/home/srl/lbr-stack/src/install/fri_client_sdk/lib:${LD_LIBRARY_PATH} PKG_CONFIG_PATH=/home/srl/lbr-stack/src/install/fri_client_sdk/lib/x86_64-linux-gnu/pkgconfig:/home/srl/lbr-stack/src/install/fri_client_sdk/lib/pkgconfig:${PKG_CONFIG_PATH} PYTHONPATH=/home/srl/lbr-stack/src/install/lbr_fri_idl/local/lib/python3.10/dist-packages:${PYTHONPATH} /usr/bin/cmake --build /home/srl/lbr-stack/src/build/lbr_bringup -- -j20 -l20
[0.241s] Invoking command in '/home/srl/lbr-stack/src/build/lbr_bringup': AMENT_PREFIX_PATH=/home/srl/lbr-stack/src/install/lbr_ros2_control:/home/srl/lbr-stack/src/install/lbr_fri_ros2:/home/srl/lbr-stack/src/install/lbr_fri_idl:/home/srl/lbr-stack/src/install/lbr_description:${AMENT_PREFIX_PATH} CMAKE_PREFIX_PATH=/home/srl/lbr-stack/src/install/lbr_ros2_control:/home/srl/lbr-stack/src/install/lbr_fri_ros2:/home/srl/lbr-stack/src/install/lbr_fri_idl:/home/srl/lbr-stack/src/install/lbr_description:/home/srl/lbr-stack/src/install/fri_client_sdk:/home/srl/lbr-stack/install/my_package:/home/srl/lbr-stack/install/med7_moveit_config:/home/srl/lbr-stack/install/med14_moveit_config:/home/srl/lbr-stack/install/lbr_fri_ros2_stack:/home/srl/lbr-stack/install/lbr_demos_cpp:/home/srl/lbr-stack/install/lbr_bringup:/home/srl/lbr-stack/install/lbr_ros2_control:/home/srl/lbr-stack/install/lbr_moveit_cpp:/home/srl/lbr-stack/install/lbr_demos_advanced_cpp:/home/srl/lbr-stack/install/lbr_fri_ros2:/home/srl/lbr-stack/install/lbr_fri_idl:/home/srl/lbr-stack/install/iiwa7_moveit_config:/home/srl/lbr-stack/install/iiwa14_moveit_config:/home/srl/lbr-stack/install/lbr_description:/home/srl/lbr-stack/install/fri_client_sdk:/opt/ros/humble:/home/srl/lbr-stack/install/lbr_demos_py:/home/srl/lbr-stack/install/lbr_moveit:/home/srl/lbr-stack/install/lbr_demos_advanced_py LD_LIBRARY_PATH=/home/srl/lbr-stack/src/install/lbr_ros2_control/lib:/home/srl/lbr-stack/src/install/lbr_fri_ros2/lib:/home/srl/lbr-stack/src/install/lbr_fri_idl/lib:/home/srl/lbr-stack/src/install/fri_client_sdk/lib:${LD_LIBRARY_PATH} PKG_CONFIG_PATH=/home/srl/lbr-stack/src/install/fri_client_sdk/lib/x86_64-linux-gnu/pkgconfig:/home/srl/lbr-stack/src/install/fri_client_sdk/lib/pkgconfig:${PKG_CONFIG_PATH} PYTHONPATH=/home/srl/lbr-stack/src/install/lbr_fri_idl/local/lib/python3.10/dist-packages:${PYTHONPATH} /usr/bin/cmake --install /home/srl/lbr-stack/src/build/lbr_bringup
[0.247s] -- Install configuration: ""
[0.247s] -- Execute custom install script
[0.247s] -- Up-to-date symlink: /home/srl/lbr-stack/src/install/lbr_bringup/share/lbr_bringup/config/gazebo.rviz
[0.247s] -- Up-to-date symlink: /home/srl/lbr-stack/src/install/lbr_bringup/share/lbr_bringup/config/hardware.rviz
[0.247s] -- Up-to-date symlink: /home/srl/lbr-stack/src/install/lbr_bringup/share/lbr_bringup/config/mock.rviz
[0.247s] -- Up-to-date symlink: /home/srl/lbr-stack/src/install/lbr_bringup/share/lbr_bringup/config/moveit_servo.yaml
[0.247s] -- Up-to-date symlink: /home/srl/lbr-stack/src/install/lbr_bringup/share/lbr_bringup/launch/gazebo.launch.py
[0.248s] -- Up-to-date symlink: /home/srl/lbr-stack/src/install/lbr_bringup/share/lbr_bringup/launch/hardware.launch.py
[0.248s] -- Up-to-date symlink: /home/srl/lbr-stack/src/install/lbr_bringup/share/lbr_bringup/launch/mock.launch.py
[0.248s] -- Up-to-date symlink: /home/srl/lbr-stack/src/install/lbr_bringup/share/lbr_bringup/launch/move_group.launch.py
[0.248s] -- Up-to-date symlink: /home/srl/lbr-stack/src/install/lbr_bringup/share/lbr_bringup/launch/moveit_servo.launch.py
[0.248s] -- Up-to-date symlink: /home/srl/lbr-stack/src/install/lbr_bringup/share/lbr_bringup/launch/rviz.launch.py
[0.248s] -- Up-to-date symlink: /home/srl/lbr-stack/src/install/lbr_bringup/share/lbr_bringup/environment/pythonpath.sh
[0.248s] -- Up-to-date symlink: /home/srl/lbr-stack/src/install/lbr_bringup/share/lbr_bringup/environment/pythonpath.dsv
[0.248s] -- Up-to-date symlink: /home/srl/lbr-stack/src/install/lbr_bringup/local/lib/python3.10/dist-packages/lbr_bringup-2.2.1-py3.10.egg-info/PKG-INFO
[0.248s] -- Up-to-date symlink: /home/srl/lbr-stack/src/install/lbr_bringup/local/lib/python3.10/dist-packages/lbr_bringup-2.2.1-py3.10.egg-info/SOURCES.txt
[0.248s] -- Up-to-date symlink: /home/srl/lbr-stack/src/install/lbr_bringup/local/lib/python3.10/dist-packages/lbr_bringup-2.2.1-py3.10.egg-info/dependency_links.txt
[0.248s] -- Up-to-date symlink: /home/srl/lbr-stack/src/install/lbr_bringup/local/lib/python3.10/dist-packages/lbr_bringup-2.2.1-py3.10.egg-info/top_level.txt
[0.249s] -- Up-to-date symlink: /home/srl/lbr-stack/src/install/lbr_bringup/local/lib/python3.10/dist-packages/lbr_bringup/__init__.py
[0.249s] -- Up-to-date symlink: /home/srl/lbr-stack/src/install/lbr_bringup/local/lib/python3.10/dist-packages/lbr_bringup/description.py
[0.249s] -- Up-to-date symlink: /home/srl/lbr-stack/src/install/lbr_bringup/local/lib/python3.10/dist-packages/lbr_bringup/gazebo.py
[0.249s] -- Up-to-date symlink: /home/srl/lbr-stack/src/install/lbr_bringup/local/lib/python3.10/dist-packages/lbr_bringup/moveit.py
[0.249s] -- Up-to-date symlink: /home/srl/lbr-stack/src/install/lbr_bringup/local/lib/python3.10/dist-packages/lbr_bringup/ros2_control.py
[0.249s] -- Up-to-date symlink: /home/srl/lbr-stack/src/install/lbr_bringup/local/lib/python3.10/dist-packages/lbr_bringup/rviz.py
[0.249s] -- Up-to-date symlink: /home/srl/lbr-stack/src/install/lbr_bringup/share/ament_index/resource_index/package_run_dependencies/lbr_bringup
[0.249s] -- Up-to-date symlink: /home/srl/lbr-stack/src/install/lbr_bringup/share/ament_index/resource_index/parent_prefix_path/lbr_bringup
[0.249s] -- Up-to-date symlink: /home/srl/lbr-stack/src/install/lbr_bringup/share/lbr_bringup/environment/ament_prefix_path.sh
[0.249s] -- Up-to-date symlink: /home/srl/lbr-stack/src/install/lbr_bringup/share/lbr_bringup/environment/ament_prefix_path.dsv
[0.249s] -- Up-to-date symlink: /home/srl/lbr-stack/src/install/lbr_bringup/share/lbr_bringup/environment/path.sh
[0.249s] -- Up-to-date symlink: /home/srl/lbr-stack/src/install/lbr_bringup/share/lbr_bringup/environment/path.dsv
[0.250s] -- Up-to-date symlink: /home/srl/lbr-stack/src/install/lbr_bringup/share/lbr_bringup/local_setup.bash
[0.250s] -- Up-to-date symlink: /home/srl/lbr-stack/src/install/lbr_bringup/share/lbr_bringup/local_setup.sh
[0.250s] -- Up-to-date symlink: /home/srl/lbr-stack/src/install/lbr_bringup/share/lbr_bringup/local_setup.zsh
[0.250s] -- Up-to-date symlink: /home/srl/lbr-stack/src/install/lbr_bringup/share/lbr_bringup/local_setup.dsv
[0.250s] -- Symlinking: /home/srl/lbr-stack/src/install/lbr_bringup/share/lbr_bringup/package.dsv
[0.255s] -- Up-to-date symlink: /home/srl/lbr-stack/src/install/lbr_bringup/share/ament_index/resource_index/packages/lbr_bringup
[0.255s] -- Up-to-date symlink: /home/srl/lbr-stack/src/install/lbr_bringup/share/lbr_bringup/cmake/lbr_bringupConfig.cmake
[0.255s] -- Up-to-date symlink: /home/srl/lbr-stack/src/install/lbr_bringup/share/lbr_bringup/cmake/lbr_bringupConfig-version.cmake
[0.255s] -- Up-to-date symlink: /home/srl/lbr-stack/src/install/lbr_bringup/share/lbr_bringup/package.xml
[0.278s] Listing '/home/srl/lbr-stack/src/install/lbr_bringup/local/lib/python3.10/dist-packages/lbr_bringup'...
[0.278s] Compiling '/home/srl/lbr-stack/src/install/lbr_bringup/local/lib/python3.10/dist-packages/lbr_bringup/gazebo.py'...
[0.283s] Invoked command in '/home/srl/lbr-stack/src/build/lbr_bringup' returned '0': AMENT_PREFIX_PATH=/home/srl/lbr-stack/src/install/lbr_ros2_control:/home/srl/lbr-stack/src/install/lbr_fri_ros2:/home/srl/lbr-stack/src/install/lbr_fri_idl:/home/srl/lbr-stack/src/install/lbr_description:${AMENT_PREFIX_PATH} CMAKE_PREFIX_PATH=/home/srl/lbr-stack/src/install/lbr_ros2_control:/home/srl/lbr-stack/src/install/lbr_fri_ros2:/home/srl/lbr-stack/src/install/lbr_fri_idl:/home/srl/lbr-stack/src/install/lbr_description:/home/srl/lbr-stack/src/install/fri_client_sdk:/home/srl/lbr-stack/install/my_package:/home/srl/lbr-stack/install/med7_moveit_config:/home/srl/lbr-stack/install/med14_moveit_config:/home/srl/lbr-stack/install/lbr_fri_ros2_stack:/home/srl/lbr-stack/install/lbr_demos_cpp:/home/srl/lbr-stack/install/lbr_bringup:/home/srl/lbr-stack/install/lbr_ros2_control:/home/srl/lbr-stack/install/lbr_moveit_cpp:/home/srl/lbr-stack/install/lbr_demos_advanced_cpp:/home/srl/lbr-stack/install/lbr_fri_ros2:/home/srl/lbr-stack/install/lbr_fri_idl:/home/srl/lbr-stack/install/iiwa7_moveit_config:/home/srl/lbr-stack/install/iiwa14_moveit_config:/home/srl/lbr-stack/install/lbr_description:/home/srl/lbr-stack/install/fri_client_sdk:/opt/ros/humble:/home/srl/lbr-stack/install/lbr_demos_py:/home/srl/lbr-stack/install/lbr_moveit:/home/srl/lbr-stack/install/lbr_demos_advanced_py LD_LIBRARY_PATH=/home/srl/lbr-stack/src/install/lbr_ros2_control/lib:/home/srl/lbr-stack/src/install/lbr_fri_ros2/lib:/home/srl/lbr-stack/src/install/lbr_fri_idl/lib:/home/srl/lbr-stack/src/install/fri_client_sdk/lib:${LD_LIBRARY_PATH} PKG_CONFIG_PATH=/home/srl/lbr-stack/src/install/fri_client_sdk/lib/x86_64-linux-gnu/pkgconfig:/home/srl/lbr-stack/src/install/fri_client_sdk/lib/pkgconfig:${PKG_CONFIG_PATH} PYTHONPATH=/home/srl/lbr-stack/src/install/lbr_fri_idl/local/lib/python3.10/dist-packages:${PYTHONPATH} /usr/bin/cmake --install /home/srl/lbr-stack/src/build/lbr_bringup
