[0.169s] Invoking command in '/home/srl/lbr-stack/src/build/my_package': CMAKE_PREFIX_PATH=${CMAKE_PREFIX_PATH}:/home/srl/lbr-stack/install/lbr_demos_py:/home/srl/lbr-stack/install/lbr_moveit:/home/srl/lbr-stack/install/lbr_demos_advanced_py:/opt/ros/humble /usr/bin/cmake --build /home/srl/lbr-stack/src/build/my_package -- -j20 -l20
[0.220s] -- Found ament_cmake: 1.3.11 (/opt/ros/humble/share/ament_cmake/cmake)
[0.374s] -- Override CMake install command with custom implementation using symlinks instead of copying resources
[0.394s] -- Found std_msgs: 4.8.0 (/opt/ros/humble/share/std_msgs/cmake)
[0.431s] -- Found rosidl_generator_c: 3.1.6 (/opt/ros/humble/share/rosidl_generator_c/cmake)
[0.434s] -- Found rosidl_adapter: 3.1.6 (/opt/ros/humble/share/rosidl_adapter/cmake)
[0.443s] -- Found rosidl_generator_cpp: 3.1.6 (/opt/ros/humble/share/rosidl_generator_cpp/cmake)
[0.455s] -- Using all available rosidl_typesupport_c: rosidl_typesupport_fastrtps_c;rosidl_typesupport_introspection_c
[0.471s] -- Using all available rosidl_typesupport_cpp: rosidl_typesupport_fastrtps_cpp;rosidl_typesupport_introspection_cpp
[0.502s] -- Found sensor_msgs: 4.8.0 (/opt/ros/humble/share/sensor_msgs/cmake)
[0.530s] -- Found rclcpp: 16.0.12 (/opt/ros/humble/share/rclcpp/cmake)
[0.560s] -- Found rmw_implementation_cmake: 6.1.2 (/opt/ros/humble/share/rmw_implementation_cmake/cmake)
[0.562s] -- Found rmw_fastrtps_cpp: 6.2.7 (/opt/ros/humble/share/rmw_fastrtps_cpp/cmake)
[0.656s] -- Using RMW implementation 'rmw_fastrtps_cpp' as default
[0.694s] -- Found control_msgs: 4.8.0 (/opt/ros/humble/share/control_msgs/cmake)
[0.783s] -- Found rclpy: 3.3.16 (/opt/ros/humble/share/rclpy/cmake)
[0.784s] -- Found gazebo_ros: 3.9.0 (/opt/ros/humble/share/gazebo_ros/cmake)
[0.795s] -- Found PkgConfig: /usr/bin/pkg-config (found version "0.29.2") 
[0.796s] -- Checking for module 'bullet>=2.82'
[0.811s] --   Found bullet, version 3.05
[0.923s] -- Found fcl: /usr/include (found suitable version "0.7.0", minimum required is "0.5.0") 
[0.971s] -- Found assimp: /usr/include (found version "5.2.0") 
[0.989s] -- Found DART: /usr/include (Required is at least version "6.6") found components: dart 
[1.022s] -- Found Boost: /usr/lib/x86_64-linux-gnu/cmake/Boost-1.74.0/BoostConfig.cmake (found suitable version "1.74.0", minimum required is "1.40.0") found components: thread system filesystem program_options regex iostreams date_time 
[1.040s] -- Found Protobuf: /usr/lib/x86_64-linux-gnu/libprotobuf.so (found version "3.12.4") 
[1.046s] -- Looking for ignition-math6 -- found version 6.15.1
[1.055s] -- Searching for dependencies of ignition-math6
[1.058s] -- Looking for OGRE...
[1.059s] -- OGRE_PREFIX_WATCH changed.
[1.067s] -- Checking for module 'OGRE'
[1.079s] --   Found OGRE, version 1.9.0
[1.116s] -- Found Ogre Ghadamon (1.9.0)
[1.122s] -- Found OGRE: optimized;/usr/lib/x86_64-linux-gnu/libOgreMain.so;debug;/usr/lib/x86_64-linux-gnu/libOgreMain.so
[1.131s] -- Looking for OGRE_Paging...
[1.137s] -- Found OGRE_Paging: optimized;/usr/lib/x86_64-linux-gnu/libOgrePaging.so;debug;/usr/lib/x86_64-linux-gnu/libOgrePaging.so
[1.137s] -- Looking for OGRE_Terrain...
[1.142s] -- Found OGRE_Terrain: optimized;/usr/lib/x86_64-linux-gnu/libOgreTerrain.so;debug;/usr/lib/x86_64-linux-gnu/libOgreTerrain.so
[1.142s] -- Looking for OGRE_Property...
[1.147s] -- Found OGRE_Property: optimized;/usr/lib/x86_64-linux-gnu/libOgreProperty.so;debug;/usr/lib/x86_64-linux-gnu/libOgreProperty.so
[1.147s] -- Looking for OGRE_RTShaderSystem...
[1.152s] -- Found OGRE_RTShaderSystem: optimized;/usr/lib/x86_64-linux-gnu/libOgreRTShaderSystem.so;debug;/usr/lib/x86_64-linux-gnu/libOgreRTShaderSystem.so
[1.152s] -- Looking for OGRE_Volume...
[1.158s] -- Found OGRE_Volume: optimized;/usr/lib/x86_64-linux-gnu/libOgreVolume.so;debug;/usr/lib/x86_64-linux-gnu/libOgreVolume.so
[1.158s] -- Looking for OGRE_Overlay...
[1.162s] -- Found OGRE_Overlay: optimized;/usr/lib/x86_64-linux-gnu/libOgreOverlay.so;debug;/usr/lib/x86_64-linux-gnu/libOgreOverlay.so
[1.300s] -- Looking for ignition-math6 -- found version 6.15.1
[1.304s] -- Looking for ignition-transport8 -- found version 8.2.1
[1.304s] -- Searching for dependencies of ignition-transport8
[1.321s] -- Found Protobuf: /usr/lib/x86_64-linux-gnu/libprotobuf.so (found suitable version "3.12.4", minimum required is "3") 
[1.335s] -- Config-file not installed for ZeroMQ -- checking for pkg-config
[1.340s] -- Checking for module 'libzmq >= 4'
[1.357s] --   Found libzmq , version 4.3.4
[1.397s] -- Found ZeroMQ: TRUE (Required is at least version "4") 
[1.404s] -- Checking for module 'uuid'
[1.419s] --   Found uuid, version 2.37.2
[1.455s] -- Found UUID: TRUE  
[1.458s] -- Looking for ignition-msgs5 -- found version 5.8.1
[1.459s] -- Searching for dependencies of ignition-msgs5
[1.478s] -- Looking for ignition-math6 -- found version 6.15.1
[1.483s] -- Checking for module 'tinyxml2'
[1.497s] --   Found tinyxml2, version 9.0.0
[1.535s] -- Looking for ignition-msgs5 -- found version 5.8.1
[1.538s] -- Looking for ignition-common3 -- found version 3.14.0
[1.538s] -- Searching for dependencies of ignition-common3
[1.538s] -- Looking for dlfcn.h - found
[1.539s] -- Looking for libdl - found
[1.541s] -- Found DL: TRUE  
[1.559s] -- Found tinyobjloader: /usr/lib/x86_64-linux-gnu/cmake/tinyobjloader/tinyobjloader-config.cmake (found version "2.0.0") 
[1.559s] -- Searching for <ignition-common3> component [graphics]
[1.563s] -- Looking for ignition-common3-graphics -- found version 3.14.0
[1.564s] -- Searching for dependencies of ignition-common3-graphics
[1.564s] -- Looking for ignition-math6 -- found version 6.15.1
[1.570s] -- Looking for ignition-fuel_tools4 -- found version 4.4.0
[1.571s] -- Searching for dependencies of ignition-fuel_tools4
[1.668s] -- Found CURL: /usr/lib/x86_64-linux-gnu/libcurl.so (found version "7.81.0")  
[1.682s] -- Checking for module 'jsoncpp'
[1.698s] --   Found jsoncpp, version 1.9.5
[1.740s] -- Found JSONCPP: TRUE  
[1.749s] -- Checking for module 'libzip'
[1.767s] --   Found libzip, version 1.7.3
[1.803s] -- Found ZIP: TRUE  
[1.804s] -- Looking for ignition-common3 -- found version 3.14.0
[1.804s] -- Looking for ignition-math6 -- found version 6.15.1
[1.805s] -- Looking for ignition-msgs5 -- found version 5.8.1
[1.813s] -- Gazebo version: 11.10
[1.813s] -- Checking for module 'tbb'
[1.829s] --   Found tbb, version 2021.5.0
[1.866s] -- Looking for ignition-math6 -- found version 6.15.1
[1.867s] -- Found ament_lint_auto: 0.12.12 (/opt/ros/humble/share/ament_lint_auto/cmake)
[1.956s] -- Found tf2_ros: 0.25.12 (/opt/ros/humble/share/tf2_ros/cmake)
[2.027s] -- Found tf2_geometry_msgs: 0.25.12 (/opt/ros/humble/share/tf2_geometry_msgs/cmake)
[2.030s] -- Found eigen3_cmake_module: 0.1.1 (/opt/ros/humble/share/eigen3_cmake_module/cmake)
[2.031s] -- Ensuring Eigen3 include directory is part of orocos-kdl CMake target
[2.038s] -- GAZEBO_INCLUDE_DIRS=/usr/include;/usr/include/gazebo-11;/usr/include/bullet;/usr/include/simbody;/usr/include;/usr/include;/usr/include;/usr/include/sdformat-9.7;/usr/include/ignition/math6;/usr/include/OGRE/;/usr/include;/usr/include;/usr/include/OGRE/Terrain/;/usr/include/OGRE/Paging/;/usr/include/ignition/math6;/usr/include/ignition/transport8;/usr/include/ignition/msgs5;/usr/include/ignition/common3;/usr/include/ignition/fuel_tools4
[2.038s] -- GAZEBO_LIBRARIES=BulletSoftBody;BulletDynamics;BulletCollision;LinearMath;SimTKcommon;SimTKmath;SimTKsimbody;dart;/usr/lib/x86_64-linux-gnu/libgazebo.so;/usr/lib/x86_64-linux-gnu/libgazebo_client.so;/usr/lib/x86_64-linux-gnu/libgazebo_gui.so;/usr/lib/x86_64-linux-gnu/libgazebo_sensors.so;/usr/lib/x86_64-linux-gnu/libgazebo_rendering.so;/usr/lib/x86_64-linux-gnu/libgazebo_physics.so;/usr/lib/x86_64-linux-gnu/libgazebo_ode.so;/usr/lib/x86_64-linux-gnu/libgazebo_transport.so;/usr/lib/x86_64-linux-gnu/libgazebo_msgs.so;/usr/lib/x86_64-linux-gnu/libgazebo_util.so;/usr/lib/x86_64-linux-gnu/libgazebo_common.so;/usr/lib/x86_64-linux-gnu/libgazebo_gimpact.so;/usr/lib/x86_64-linux-gnu/libgazebo_opcode.so;/usr/lib/x86_64-linux-gnu/libgazebo_opende_ou.so;Boost::thread;Boost::system;Boost::filesystem;Boost::program_options;Boost::regex;Boost::iostreams;Boost::date_time;/usr/lib/x86_64-linux-gnu/libprotobuf.so;sdformat9::sdformat9;optimized;/usr/lib/x86_64-linux-gnu/libOgreMain.so;debug;/usr/lib/x86_64-linux-gnu/libOgreMain.so;Boost::thread;Boost::date_time;optimized;/usr/lib/x86_64-linux-gnu/libOgreTerrain.so;debug;/usr/lib/x86_64-linux-gnu/libOgreTerrain.so;optimized;/usr/lib/x86_64-linux-gnu/libOgrePaging.so;debug;/usr/lib/x86_64-linux-gnu/libOgrePaging.so;ignition-math6::requested;ignition-transport8::requested;ignition-msgs5::requested;ignition-common3::ignition-common3-graphics;ignition-fuel_tools4::requested
[2.038s] -- Looking for ignition-math6 -- found version 6.15.1
[2.054s] -- Added test 'cppcheck' to perform static code analysis on C / C++ code
[2.054s] -- Configured cppcheck include dirs: 
[2.054s] -- Configured cppcheck exclude dirs and/or files: 
[2.055s] -- Added test 'flake8' to check Python code syntax and style conventions
[2.057s] -- Added test 'lint_cmake' to check CMake code style
[2.058s] -- Added test 'pep257' to check Python code against some of the docstring style conventions in PEP 257
[2.063s] -- Added test 'uncrustify' to check C / C++ code style
[2.063s] -- Configured uncrustify additional arguments: 
[2.063s] -- Added test 'xmllint' to check XML markup files
[2.065s] -- Configuring done
[2.114s] -- Generating done
[2.129s] -- Build files have been written to: /home/srl/lbr-stack/src/build/my_package
[2.158s] [35m[1mConsolidate compiler generated dependencies of target robot_info[0m
[2.158s] [35m[1mConsolidate compiler generated dependencies of target end_effector_position_node[0m
[2.158s] [35m[1mConsolidate compiler generated dependencies of target reset_position[0m
[2.158s] [35m[1mConsolidate compiler generated dependencies of target position_control[0m
[2.159s] [35m[1mConsolidate compiler generated dependencies of target command_publisher2[0m
[2.160s] [35m[1mConsolidate compiler generated dependencies of target command_listener[0m
[2.160s] [35m[1mConsolidate compiler generated dependencies of target command_publisher3[0m
[2.160s] [35m[1mConsolidate compiler generated dependencies of target robot_info_controller[0m
[2.166s] [  5%] [32mBuilding CXX object CMakeFiles/buoyancy_plugin.dir/src/buoyancy_plugin.cpp.o[0m
[2.175s] [ 10%] [32mBuilding CXX object CMakeFiles/robot_info.dir/src/robot_info.cpp.o[0m
[2.175s] [ 15%] [32mBuilding CXX object CMakeFiles/reset_position.dir/src/reset_position.cpp.o[0m
[2.175s] [ 20%] [32mBuilding CXX object CMakeFiles/position_control.dir/src/position_control.cpp.o[0m
[2.176s] [ 25%] [32mBuilding CXX object CMakeFiles/test_plugin.dir/src/test_plugin.cpp.o[0m
[2.180s] [ 30%] [32mBuilding CXX object CMakeFiles/end_effector_position_node.dir/src/end_effector_position_node.cpp.o[0m
[2.180s] [ 35%] [32mBuilding CXX object CMakeFiles/command_publisher3.dir/src/command_publisher3.cpp.o[0m
[2.182s] [ 45%] [32mBuilding CXX object CMakeFiles/command_publisher2.dir/src/command_publisher2.cpp.o[0m
[2.182s] [ 45%] [32mBuilding CXX object CMakeFiles/command_listener.dir/src/command_listener.cpp.o[0m
[2.185s] [ 50%] [32mBuilding CXX object CMakeFiles/robot_info_controller.dir/src/robot_info_controller.cpp.o[0m
[6.569s] [ 55%] [32m[1mLinking CXX executable end_effector_position_node[0m
[6.909s] [ 55%] Built target end_effector_position_node
[9.443s] [ 60%] [32m[1mLinking CXX executable command_listener[0m
[9.795s] [ 60%] Built target command_listener
[9.798s] [ 65%] [32m[1mLinking CXX executable command_publisher2[0m
[10.064s] [ 70%] [32m[1mLinking CXX executable reset_position[0m
[10.176s] [ 70%] Built target command_publisher2
[10.483s] [ 70%] Built target reset_position
[10.676s] [ 75%] [32m[1mLinking CXX executable command_publisher3[0m
[11.117s] [ 75%] Built target command_publisher3
[11.296s] [ 80%] [32m[1mLinking CXX executable robot_info[0m
[11.468s] [ 85%] [32m[1mLinking CXX executable robot_info_controller[0m
[11.665s] [ 85%] Built target robot_info
[11.812s] [ 85%] Built target robot_info_controller
[12.127s] [ 90%] [32m[1mLinking CXX executable position_control[0m
[12.465s] [ 90%] Built target position_control
[12.685s] [ 95%] [32m[1mLinking CXX shared library libtest_plugin.so[0m
[12.913s] [ 95%] Built target test_plugin
[14.345s] [100%] [32m[1mLinking CXX shared library libbuoyancy_plugin.so[0m
[14.523s] [100%] Built target buoyancy_plugin
