[0.012s] Invoking command in '/home/srl/lbr-stack/src/build/lbr_demos_cpp': AMENT_PREFIX_PATH=/home/srl/lbr-stack/src/install/lbr_bringup:/home/srl/lbr-stack/src/install/lbr_ros2_control:/home/srl/lbr-stack/src/install/lbr_fri_ros2:/home/srl/lbr-stack/src/install/lbr_fri_idl:/home/srl/lbr-stack/src/install/lbr_description:${AMENT_PREFIX_PATH} CMAKE_PREFIX_PATH=/home/srl/lbr-stack/src/install/lbr_bringup:/home/srl/lbr-stack/src/install/lbr_ros2_control:/home/srl/lbr-stack/src/install/lbr_fri_ros2:/home/srl/lbr-stack/src/install/lbr_fri_idl:/home/srl/lbr-stack/src/install/lbr_description:/home/srl/lbr-stack/src/install/fri_client_sdk:/home/srl/lbr-stack/install/my_package:/home/srl/lbr-stack/install/med7_moveit_config:/home/srl/lbr-stack/install/med14_moveit_config:/home/srl/lbr-stack/install/lbr_fri_ros2_stack:/home/srl/lbr-stack/install/lbr_demos_cpp:/home/srl/lbr-stack/install/lbr_bringup:/home/srl/lbr-stack/install/lbr_ros2_control:/home/srl/lbr-stack/install/lbr_moveit_cpp:/home/srl/lbr-stack/install/lbr_demos_advanced_cpp:/home/srl/lbr-stack/install/lbr_fri_ros2:/home/srl/lbr-stack/install/lbr_fri_idl:/home/srl/lbr-stack/install/iiwa7_moveit_config:/home/srl/lbr-stack/install/iiwa14_moveit_config:/home/srl/lbr-stack/install/lbr_description:/home/srl/lbr-stack/install/fri_client_sdk:/opt/ros/humble:/home/srl/lbr-stack/install/lbr_demos_py:/home/srl/lbr-stack/install/lbr_moveit:/home/srl/lbr-stack/install/lbr_demos_advanced_py LD_LIBRARY_PATH=/home/srl/lbr-stack/src/install/lbr_ros2_control/lib:/home/srl/lbr-stack/src/install/lbr_fri_ros2/lib:/home/srl/lbr-stack/src/install/lbr_fri_idl/lib:/home/srl/lbr-stack/src/install/fri_client_sdk/lib:${LD_LIBRARY_PATH} PKG_CONFIG_PATH=/home/srl/lbr-stack/src/install/fri_client_sdk/lib/x86_64-linux-gnu/pkgconfig:/home/srl/lbr-stack/src/install/fri_client_sdk/lib/pkgconfig:${PKG_CONFIG_PATH} PYTHONPATH=/home/srl/lbr-stack/src/install/lbr_bringup/local/lib/python3.10/dist-packages:/home/srl/lbr-stack/src/install/lbr_fri_idl/local/lib/python3.10/dist-packages:${PYTHONPATH} /usr/bin/cmake --build /home/srl/lbr-stack/src/build/lbr_demos_cpp -- -j20 -l20
[0.032s] -- Found ament_cmake: 1.3.11 (/opt/ros/humble/share/ament_cmake/cmake)
[0.116s] -- Override CMake install command with custom implementation using symlinks instead of copying resources
[0.120s] -- Found control_msgs: 4.8.0 (/opt/ros/humble/share/control_msgs/cmake)
[0.135s] -- Found rosidl_generator_c: 3.1.6 (/opt/ros/humble/share/rosidl_generator_c/cmake)
[0.136s] -- Found rosidl_adapter: 3.1.6 (/opt/ros/humble/share/rosidl_adapter/cmake)
[0.139s] -- Found rosidl_generator_cpp: 3.1.6 (/opt/ros/humble/share/rosidl_generator_cpp/cmake)
[0.145s] -- Using all available rosidl_typesupport_c: rosidl_typesupport_fastrtps_c;rosidl_typesupport_introspection_c
[0.152s] -- Using all available rosidl_typesupport_cpp: rosidl_typesupport_fastrtps_cpp;rosidl_typesupport_introspection_cpp
[0.217s] -- Found lbr_fri_idl: 1.5.0 (/home/srl/lbr-stack/src/install/lbr_fri_idl/share/lbr_fri_idl/cmake)
[0.224s] -- Found lbr_fri_ros2: 2.2.1 (/home/srl/lbr-stack/src/install/lbr_fri_ros2/share/lbr_fri_ros2/cmake)
[0.228s] -- Ensuring Eigen3 include directory is part of orocos-kdl CMake target
[0.245s] -- Found rmw_implementation_cmake: 6.1.2 (/opt/ros/humble/share/rmw_implementation_cmake/cmake)
[0.246s] -- Found rmw_fastrtps_cpp: 6.2.7 (/opt/ros/humble/share/rmw_fastrtps_cpp/cmake)
[0.318s] -- Using RMW implementation 'rmw_fastrtps_cpp' as default
[0.395s] -- Configuring done
[0.409s] -- Generating done
[0.414s] -- Build files have been written to: /home/srl/lbr-stack/src/build/lbr_demos_cpp
[0.434s] [35m[1mConsolidate compiler generated dependencies of target joint_sine_overlay[0m
[0.434s] [35m[1mConsolidate compiler generated dependencies of target torque_sine_overlay[0m
[0.434s] [35m[1mConsolidate compiler generated dependencies of target joint_trajectory_client[0m
[0.435s] [35m[1mConsolidate compiler generated dependencies of target wrench_sine_overlay[0m
[0.447s] [ 12%] [32mBuilding CXX object CMakeFiles/torque_sine_overlay.dir/src/torque_sine_overlay.cpp.o[0m
[0.448s] [ 25%] [32mBuilding CXX object CMakeFiles/joint_sine_overlay.dir/src/joint_sine_overlay.cpp.o[0m
[0.449s] [ 37%] [32mBuilding CXX object CMakeFiles/wrench_sine_overlay.dir/src/wrench_sine_overlay.cpp.o[0m
[0.451s] [ 50%] [32mBuilding CXX object CMakeFiles/joint_trajectory_client.dir/src/joint_trajectory_client.cpp.o[0m
[3.852s] [ 62%] [32m[1mLinking CXX executable joint_trajectory_client[0m
[3.944s] [ 62%] Built target joint_trajectory_client
[7.002s] [ 75%] [32m[1mLinking CXX executable joint_sine_overlay[0m
[7.004s] [ 87%] [32m[1mLinking CXX executable torque_sine_overlay[0m
[7.016s] [100%] [32m[1mLinking CXX executable wrench_sine_overlay[0m
[7.110s] [100%] Built target joint_sine_overlay
[7.110s] [100%] Built target torque_sine_overlay
[7.122s] [100%] Built target wrench_sine_overlay
[7.129s] Invoked command in '/home/srl/lbr-stack/src/build/lbr_demos_cpp' returned '0': AMENT_PREFIX_PATH=/home/srl/lbr-stack/src/install/lbr_bringup:/home/srl/lbr-stack/src/install/lbr_ros2_control:/home/srl/lbr-stack/src/install/lbr_fri_ros2:/home/srl/lbr-stack/src/install/lbr_fri_idl:/home/srl/lbr-stack/src/install/lbr_description:${AMENT_PREFIX_PATH} CMAKE_PREFIX_PATH=/home/srl/lbr-stack/src/install/lbr_bringup:/home/srl/lbr-stack/src/install/lbr_ros2_control:/home/srl/lbr-stack/src/install/lbr_fri_ros2:/home/srl/lbr-stack/src/install/lbr_fri_idl:/home/srl/lbr-stack/src/install/lbr_description:/home/srl/lbr-stack/src/install/fri_client_sdk:/home/srl/lbr-stack/install/my_package:/home/srl/lbr-stack/install/med7_moveit_config:/home/srl/lbr-stack/install/med14_moveit_config:/home/srl/lbr-stack/install/lbr_fri_ros2_stack:/home/srl/lbr-stack/install/lbr_demos_cpp:/home/srl/lbr-stack/install/lbr_bringup:/home/srl/lbr-stack/install/lbr_ros2_control:/home/srl/lbr-stack/install/lbr_moveit_cpp:/home/srl/lbr-stack/install/lbr_demos_advanced_cpp:/home/srl/lbr-stack/install/lbr_fri_ros2:/home/srl/lbr-stack/install/lbr_fri_idl:/home/srl/lbr-stack/install/iiwa7_moveit_config:/home/srl/lbr-stack/install/iiwa14_moveit_config:/home/srl/lbr-stack/install/lbr_description:/home/srl/lbr-stack/install/fri_client_sdk:/opt/ros/humble:/home/srl/lbr-stack/install/lbr_demos_py:/home/srl/lbr-stack/install/lbr_moveit:/home/srl/lbr-stack/install/lbr_demos_advanced_py LD_LIBRARY_PATH=/home/srl/lbr-stack/src/install/lbr_ros2_control/lib:/home/srl/lbr-stack/src/install/lbr_fri_ros2/lib:/home/srl/lbr-stack/src/install/lbr_fri_idl/lib:/home/srl/lbr-stack/src/install/fri_client_sdk/lib:${LD_LIBRARY_PATH} PKG_CONFIG_PATH=/home/srl/lbr-stack/src/install/fri_client_sdk/lib/x86_64-linux-gnu/pkgconfig:/home/srl/lbr-stack/src/install/fri_client_sdk/lib/pkgconfig:${PKG_CONFIG_PATH} PYTHONPATH=/home/srl/lbr-stack/src/install/lbr_bringup/local/lib/python3.10/dist-packages:/home/srl/lbr-stack/src/install/lbr_fri_idl/local/lib/python3.10/dist-packages:${PYTHONPATH} /usr/bin/cmake --build /home/srl/lbr-stack/src/build/lbr_demos_cpp -- -j20 -l20
[7.130s] Invoking command in '/home/srl/lbr-stack/src/build/lbr_demos_cpp': AMENT_PREFIX_PATH=/home/srl/lbr-stack/src/install/lbr_bringup:/home/srl/lbr-stack/src/install/lbr_ros2_control:/home/srl/lbr-stack/src/install/lbr_fri_ros2:/home/srl/lbr-stack/src/install/lbr_fri_idl:/home/srl/lbr-stack/src/install/lbr_description:${AMENT_PREFIX_PATH} CMAKE_PREFIX_PATH=/home/srl/lbr-stack/src/install/lbr_bringup:/home/srl/lbr-stack/src/install/lbr_ros2_control:/home/srl/lbr-stack/src/install/lbr_fri_ros2:/home/srl/lbr-stack/src/install/lbr_fri_idl:/home/srl/lbr-stack/src/install/lbr_description:/home/srl/lbr-stack/src/install/fri_client_sdk:/home/srl/lbr-stack/install/my_package:/home/srl/lbr-stack/install/med7_moveit_config:/home/srl/lbr-stack/install/med14_moveit_config:/home/srl/lbr-stack/install/lbr_fri_ros2_stack:/home/srl/lbr-stack/install/lbr_demos_cpp:/home/srl/lbr-stack/install/lbr_bringup:/home/srl/lbr-stack/install/lbr_ros2_control:/home/srl/lbr-stack/install/lbr_moveit_cpp:/home/srl/lbr-stack/install/lbr_demos_advanced_cpp:/home/srl/lbr-stack/install/lbr_fri_ros2:/home/srl/lbr-stack/install/lbr_fri_idl:/home/srl/lbr-stack/install/iiwa7_moveit_config:/home/srl/lbr-stack/install/iiwa14_moveit_config:/home/srl/lbr-stack/install/lbr_description:/home/srl/lbr-stack/install/fri_client_sdk:/opt/ros/humble:/home/srl/lbr-stack/install/lbr_demos_py:/home/srl/lbr-stack/install/lbr_moveit:/home/srl/lbr-stack/install/lbr_demos_advanced_py LD_LIBRARY_PATH=/home/srl/lbr-stack/src/install/lbr_ros2_control/lib:/home/srl/lbr-stack/src/install/lbr_fri_ros2/lib:/home/srl/lbr-stack/src/install/lbr_fri_idl/lib:/home/srl/lbr-stack/src/install/fri_client_sdk/lib:${LD_LIBRARY_PATH} PKG_CONFIG_PATH=/home/srl/lbr-stack/src/install/fri_client_sdk/lib/x86_64-linux-gnu/pkgconfig:/home/srl/lbr-stack/src/install/fri_client_sdk/lib/pkgconfig:${PKG_CONFIG_PATH} PYTHONPATH=/home/srl/lbr-stack/src/install/lbr_bringup/local/lib/python3.10/dist-packages:/home/srl/lbr-stack/src/install/lbr_fri_idl/local/lib/python3.10/dist-packages:${PYTHONPATH} /usr/bin/cmake --install /home/srl/lbr-stack/src/build/lbr_demos_cpp
[7.136s] -- Install configuration: "Release"
[7.136s] -- Execute custom install script
[7.136s] -- Up-to-date symlink: /home/srl/lbr-stack/src/install/lbr_demos_cpp/lib/lbr_demos_cpp/joint_sine_overlay
[7.136s] -- Up-to-date symlink: /home/srl/lbr-stack/src/install/lbr_demos_cpp/lib/lbr_demos_cpp/joint_trajectory_client
[7.136s] -- Up-to-date symlink: /home/srl/lbr-stack/src/install/lbr_demos_cpp/lib/lbr_demos_cpp/torque_sine_overlay
[7.136s] -- Up-to-date symlink: /home/srl/lbr-stack/src/install/lbr_demos_cpp/lib/lbr_demos_cpp/wrench_sine_overlay
[7.137s] -- Up-to-date symlink: /home/srl/lbr-stack/src/install/lbr_demos_cpp/share/ament_index/resource_index/package_run_dependencies/lbr_demos_cpp
[7.137s] -- Up-to-date symlink: /home/srl/lbr-stack/src/install/lbr_demos_cpp/share/ament_index/resource_index/parent_prefix_path/lbr_demos_cpp
[7.137s] -- Up-to-date symlink: /home/srl/lbr-stack/src/install/lbr_demos_cpp/share/lbr_demos_cpp/environment/ament_prefix_path.sh
[7.137s] -- Up-to-date symlink: /home/srl/lbr-stack/src/install/lbr_demos_cpp/share/lbr_demos_cpp/environment/ament_prefix_path.dsv
[7.137s] -- Up-to-date symlink: /home/srl/lbr-stack/src/install/lbr_demos_cpp/share/lbr_demos_cpp/environment/path.sh
[7.137s] -- Up-to-date symlink: /home/srl/lbr-stack/src/install/lbr_demos_cpp/share/lbr_demos_cpp/environment/path.dsv
[7.137s] -- Up-to-date symlink: /home/srl/lbr-stack/src/install/lbr_demos_cpp/share/lbr_demos_cpp/local_setup.bash
[7.137s] -- Up-to-date symlink: /home/srl/lbr-stack/src/install/lbr_demos_cpp/share/lbr_demos_cpp/local_setup.sh
[7.137s] -- Up-to-date symlink: /home/srl/lbr-stack/src/install/lbr_demos_cpp/share/lbr_demos_cpp/local_setup.zsh
[7.137s] -- Up-to-date symlink: /home/srl/lbr-stack/src/install/lbr_demos_cpp/share/lbr_demos_cpp/local_setup.dsv
[7.137s] -- Symlinking: /home/srl/lbr-stack/src/install/lbr_demos_cpp/share/lbr_demos_cpp/package.dsv
[7.143s] -- Up-to-date symlink: /home/srl/lbr-stack/src/install/lbr_demos_cpp/share/ament_index/resource_index/packages/lbr_demos_cpp
[7.143s] -- Up-to-date symlink: /home/srl/lbr-stack/src/install/lbr_demos_cpp/share/lbr_demos_cpp/cmake/lbr_demos_cppConfig.cmake
[7.143s] -- Up-to-date symlink: /home/srl/lbr-stack/src/install/lbr_demos_cpp/share/lbr_demos_cpp/cmake/lbr_demos_cppConfig-version.cmake
[7.144s] -- Up-to-date symlink: /home/srl/lbr-stack/src/install/lbr_demos_cpp/share/lbr_demos_cpp/package.xml
[7.145s] Invoked command in '/home/srl/lbr-stack/src/build/lbr_demos_cpp' returned '0': AMENT_PREFIX_PATH=/home/srl/lbr-stack/src/install/lbr_bringup:/home/srl/lbr-stack/src/install/lbr_ros2_control:/home/srl/lbr-stack/src/install/lbr_fri_ros2:/home/srl/lbr-stack/src/install/lbr_fri_idl:/home/srl/lbr-stack/src/install/lbr_description:${AMENT_PREFIX_PATH} CMAKE_PREFIX_PATH=/home/srl/lbr-stack/src/install/lbr_bringup:/home/srl/lbr-stack/src/install/lbr_ros2_control:/home/srl/lbr-stack/src/install/lbr_fri_ros2:/home/srl/lbr-stack/src/install/lbr_fri_idl:/home/srl/lbr-stack/src/install/lbr_description:/home/srl/lbr-stack/src/install/fri_client_sdk:/home/srl/lbr-stack/install/my_package:/home/srl/lbr-stack/install/med7_moveit_config:/home/srl/lbr-stack/install/med14_moveit_config:/home/srl/lbr-stack/install/lbr_fri_ros2_stack:/home/srl/lbr-stack/install/lbr_demos_cpp:/home/srl/lbr-stack/install/lbr_bringup:/home/srl/lbr-stack/install/lbr_ros2_control:/home/srl/lbr-stack/install/lbr_moveit_cpp:/home/srl/lbr-stack/install/lbr_demos_advanced_cpp:/home/srl/lbr-stack/install/lbr_fri_ros2:/home/srl/lbr-stack/install/lbr_fri_idl:/home/srl/lbr-stack/install/iiwa7_moveit_config:/home/srl/lbr-stack/install/iiwa14_moveit_config:/home/srl/lbr-stack/install/lbr_description:/home/srl/lbr-stack/install/fri_client_sdk:/opt/ros/humble:/home/srl/lbr-stack/install/lbr_demos_py:/home/srl/lbr-stack/install/lbr_moveit:/home/srl/lbr-stack/install/lbr_demos_advanced_py LD_LIBRARY_PATH=/home/srl/lbr-stack/src/install/lbr_ros2_control/lib:/home/srl/lbr-stack/src/install/lbr_fri_ros2/lib:/home/srl/lbr-stack/src/install/lbr_fri_idl/lib:/home/srl/lbr-stack/src/install/fri_client_sdk/lib:${LD_LIBRARY_PATH} PKG_CONFIG_PATH=/home/srl/lbr-stack/src/install/fri_client_sdk/lib/x86_64-linux-gnu/pkgconfig:/home/srl/lbr-stack/src/install/fri_client_sdk/lib/pkgconfig:${PKG_CONFIG_PATH} PYTHONPATH=/home/srl/lbr-stack/src/install/lbr_bringup/local/lib/python3.10/dist-packages:/home/srl/lbr-stack/src/install/lbr_fri_idl/local/lib/python3.10/dist-packages:${PYTHONPATH} /usr/bin/cmake --install /home/srl/lbr-stack/src/build/lbr_demos_cpp
