[0.045s] Invoking command in '/home/srl/lbr-stack/build/ros_gz_sim': CMAKE_PREFIX_PATH=${CMAKE_PREFIX_PATH}:/home/srl/lbr-stack/install/lbr_demos_py:/home/srl/lbr-stack/install/lbr_moveit:/home/srl/lbr-stack/install/lbr_demos_advanced_py:/opt/ros/humble /usr/bin/cmake --build /home/srl/lbr-stack/build/ros_gz_sim -- -j20 -l20
[0.319s] [ 20%] Built target gtest
[0.319s] [ 40%] Built target ros_gz_sim
[0.319s] [ 60%] Built target gtest_main
[0.319s] [ 70%] [32mBuilding CXX object CMakeFiles/create.dir/src/create.cpp.o[0m
[0.319s] [ 90%] Built target test_stopwatch
[26.025s] [100%] [32m[1mLinking CXX executable create[0m
[27.523s] [100%] Built target create
[27.559s] Invoked command in '/home/srl/lbr-stack/build/ros_gz_sim' returned '0': CMAKE_PREFIX_PATH=${CMAKE_PREFIX_PATH}:/home/srl/lbr-stack/install/lbr_demos_py:/home/srl/lbr-stack/install/lbr_moveit:/home/srl/lbr-stack/install/lbr_demos_advanced_py:/opt/ros/humble /usr/bin/cmake --build /home/srl/lbr-stack/build/ros_gz_sim -- -j20 -l20
[27.560s] Invoking command in '/home/srl/lbr-stack/build/ros_gz_sim': CMAKE_PREFIX_PATH=${CMAKE_PREFIX_PATH}:/home/srl/lbr-stack/install/lbr_demos_py:/home/srl/lbr-stack/install/lbr_moveit:/home/srl/lbr-stack/install/lbr_demos_advanced_py:/opt/ros/humble /usr/bin/cmake --install /home/srl/lbr-stack/build/ros_gz_sim
[27.587s] -- Install configuration: ""
[27.589s] -- Execute custom install script
[27.589s] -- Up-to-date symlink: /home/srl/lbr-stack/install/ros_gz_sim/include/ros_gz_sim/Stopwatch.hpp
[27.589s] -- Up-to-date symlink: /home/srl/lbr-stack/install/ros_gz_sim/share/ros_gz_sim/launch/gz_sim.launch.py
[27.598s] -- Up-to-date symlink: /home/srl/lbr-stack/install/ros_gz_sim/lib/ros_gz_sim/create
[27.599s] -- Up-to-date symlink: /home/srl/lbr-stack/install/ros_gz_sim/lib/ros_gz_sim/test_stopwatch
[27.599s] -- Up-to-date symlink: /home/srl/lbr-stack/install/ros_gz_sim/share/ament_index/resource_index/package_run_dependencies/ros_gz_sim
[27.599s] -- Up-to-date symlink: /home/srl/lbr-stack/install/ros_gz_sim/share/ament_index/resource_index/parent_prefix_path/ros_gz_sim
[27.599s] -- Up-to-date symlink: /home/srl/lbr-stack/install/ros_gz_sim/share/ros_gz_sim/environment/ament_prefix_path.sh
[27.600s] -- Up-to-date symlink: /home/srl/lbr-stack/install/ros_gz_sim/share/ros_gz_sim/environment/ament_prefix_path.dsv
[27.600s] -- Up-to-date symlink: /home/srl/lbr-stack/install/ros_gz_sim/share/ros_gz_sim/environment/path.sh
[27.601s] -- Up-to-date symlink: /home/srl/lbr-stack/install/ros_gz_sim/share/ros_gz_sim/environment/path.dsv
[27.604s] -- Up-to-date symlink: /home/srl/lbr-stack/install/ros_gz_sim/share/ros_gz_sim/local_setup.bash
[27.605s] -- Up-to-date symlink: /home/srl/lbr-stack/install/ros_gz_sim/share/ros_gz_sim/local_setup.sh
[27.605s] -- Up-to-date symlink: /home/srl/lbr-stack/install/ros_gz_sim/share/ros_gz_sim/local_setup.zsh
[27.605s] -- Up-to-date symlink: /home/srl/lbr-stack/install/ros_gz_sim/share/ros_gz_sim/local_setup.dsv
[27.605s] -- Symlinking: /home/srl/lbr-stack/install/ros_gz_sim/share/ros_gz_sim/package.dsv
[27.630s] -- Up-to-date symlink: /home/srl/lbr-stack/install/ros_gz_sim/share/ament_index/resource_index/packages/ros_gz_sim
[27.632s] -- Up-to-date symlink: /home/srl/lbr-stack/install/ros_gz_sim/share/ros_gz_sim/cmake/ament_cmake_export_targets-extras.cmake
[27.633s] -- Up-to-date symlink: /home/srl/lbr-stack/install/ros_gz_sim/share/ros_gz_sim/cmake/ament_cmake_export_dependencies-extras.cmake
[27.633s] -- Up-to-date symlink: /home/srl/lbr-stack/install/ros_gz_sim/share/ros_gz_sim/cmake/ros_gz_simConfig.cmake
[27.633s] -- Up-to-date symlink: /home/srl/lbr-stack/install/ros_gz_sim/share/ros_gz_sim/cmake/ros_gz_simConfig-version.cmake
[27.634s] -- Up-to-date symlink: /home/srl/lbr-stack/install/ros_gz_sim/share/ros_gz_sim/package.xml
[27.639s] -- Up-to-date: /home/srl/lbr-stack/install/ros_gz_sim/lib/libros_gz_sim.so
[27.639s] -- Up-to-date: /home/srl/lbr-stack/install/ros_gz_sim/share/ros_gz_sim/cmake/ros_gz_simExport.cmake
[27.641s] -- Up-to-date: /home/srl/lbr-stack/install/ros_gz_sim/share/ros_gz_sim/cmake/ros_gz_simExport-noconfig.cmake
[27.643s] Invoked command in '/home/srl/lbr-stack/build/ros_gz_sim' returned '0': CMAKE_PREFIX_PATH=${CMAKE_PREFIX_PATH}:/home/srl/lbr-stack/install/lbr_demos_py:/home/srl/lbr-stack/install/lbr_moveit:/home/srl/lbr-stack/install/lbr_demos_advanced_py:/opt/ros/humble /usr/bin/cmake --install /home/srl/lbr-stack/build/ros_gz_sim
