[0.164s] Invoking command in '/home/srl/lbr-stack/build/my_package': CMAKE_PREFIX_PATH=${CMAKE_PREFIX_PATH}:/home/srl/lbr-stack/install/lbr_demos_py:/home/srl/lbr-stack/install/lbr_moveit:/home/srl/lbr-stack/install/lbr_demos_advanced_py:/home/srl/ros2_ws/install/simple_gui:/opt/ros/humble /usr/bin/cmake --build /home/srl/lbr-stack/build/my_package -- -j20 -l20
[0.216s] [100%] Built target command_publisher2
[0.254s] Invoked command in '/home/srl/lbr-stack/build/my_package' returned '0': CMAKE_PREFIX_PATH=${CMAKE_PREFIX_PATH}:/home/srl/lbr-stack/install/lbr_demos_py:/home/srl/lbr-stack/install/lbr_moveit:/home/srl/lbr-stack/install/lbr_demos_advanced_py:/home/srl/ros2_ws/install/simple_gui:/opt/ros/humble /usr/bin/cmake --build /home/srl/lbr-stack/build/my_package -- -j20 -l20
[0.255s] Invoking command in '/home/srl/lbr-stack/build/my_package': CMAKE_PREFIX_PATH=${CMAKE_PREFIX_PATH}:/home/srl/lbr-stack/install/lbr_demos_py:/home/srl/lbr-stack/install/lbr_moveit:/home/srl/lbr-stack/install/lbr_demos_advanced_py:/home/srl/ros2_ws/install/simple_gui:/opt/ros/humble /usr/bin/cmake --install /home/srl/lbr-stack/build/my_package
[0.270s] -- Install configuration: ""
[0.270s] -- Execute custom install script
[0.270s] -- Up-to-date symlink: /home/srl/lbr-stack/install/my_package/lib/my_package/command_publisher2
[0.270s] -- Symlinking: /home/srl/lbr-stack/install/my_package/share/my_package/my.launch.2.py
[0.275s] -- Up-to-date symlink: /home/srl/lbr-stack/install/my_package/share/my_package/my.launch.py
[0.276s] -- Up-to-date symlink: /home/srl/lbr-stack/install/my_package/share/ament_index/resource_index/package_run_dependencies/my_package
[0.276s] -- Up-to-date symlink: /home/srl/lbr-stack/install/my_package/share/ament_index/resource_index/parent_prefix_path/my_package
[0.276s] -- Up-to-date symlink: /home/srl/lbr-stack/install/my_package/share/my_package/environment/ament_prefix_path.sh
[0.276s] -- Up-to-date symlink: /home/srl/lbr-stack/install/my_package/share/my_package/environment/ament_prefix_path.dsv
[0.277s] -- Up-to-date symlink: /home/srl/lbr-stack/install/my_package/share/my_package/environment/path.sh
[0.277s] -- Up-to-date symlink: /home/srl/lbr-stack/install/my_package/share/my_package/environment/path.dsv
[0.277s] -- Up-to-date symlink: /home/srl/lbr-stack/install/my_package/share/my_package/local_setup.bash
[0.277s] -- Up-to-date symlink: /home/srl/lbr-stack/install/my_package/share/my_package/local_setup.sh
[0.277s] -- Up-to-date symlink: /home/srl/lbr-stack/install/my_package/share/my_package/local_setup.zsh
[0.277s] -- Up-to-date symlink: /home/srl/lbr-stack/install/my_package/share/my_package/local_setup.dsv
[0.277s] -- Symlinking: /home/srl/lbr-stack/install/my_package/share/my_package/package.dsv
[0.283s] -- Up-to-date symlink: /home/srl/lbr-stack/install/my_package/share/ament_index/resource_index/packages/my_package
[0.283s] -- Up-to-date symlink: /home/srl/lbr-stack/install/my_package/share/my_package/cmake/my_packageConfig.cmake
[0.283s] -- Up-to-date symlink: /home/srl/lbr-stack/install/my_package/share/my_package/cmake/my_packageConfig-version.cmake
[0.283s] -- Up-to-date symlink: /home/srl/lbr-stack/install/my_package/share/my_package/package.xml
[0.300s] Invoked command in '/home/srl/lbr-stack/build/my_package' returned '0': CMAKE_PREFIX_PATH=${CMAKE_PREFIX_PATH}:/home/srl/lbr-stack/install/lbr_demos_py:/home/srl/lbr-stack/install/lbr_moveit:/home/srl/lbr-stack/install/lbr_demos_advanced_py:/home/srl/ros2_ws/install/simple_gui:/opt/ros/humble /usr/bin/cmake --install /home/srl/lbr-stack/build/my_package
