[0.290s] Invoking command in '/home/srl/lbr-stack/build/my_package': CMAKE_PREFIX_PATH=${CMAKE_PREFIX_PATH}:/home/srl/lbr-stack/install/lbr_demos_py:/home/srl/lbr-stack/install/lbr_moveit:/home/srl/lbr-stack/install/lbr_demos_advanced_py:/opt/ros/humble /usr/bin/cmake /home/srl/lbr-stack/src/my_package -DAMENT_CMAKE_SYMLINK_INSTALL=1 -DCMAKE_INSTALL_PREFIX=/home/srl/lbr-stack/install/my_package
[0.305s] -- Found ament_cmake: 1.3.11 (/opt/ros/humble/share/ament_cmake/cmake)
[0.554s] -- Override CMake install command with custom implementation using symlinks instead of copying resources
[0.564s] -- Found std_msgs: 4.8.0 (/opt/ros/humble/share/std_msgs/cmake)
[0.614s] -- Found rosidl_generator_c: 3.1.6 (/opt/ros/humble/share/rosidl_generator_c/cmake)
[0.617s] -- Found rosidl_adapter: 3.1.6 (/opt/ros/humble/share/rosidl_adapter/cmake)
[0.629s] -- Found rosidl_generator_cpp: 3.1.6 (/opt/ros/humble/share/rosidl_generator_cpp/cmake)
[0.655s] -- Using all available rosidl_typesupport_c: rosidl_typesupport_fastrtps_c;rosidl_typesupport_introspection_c
[0.679s] -- Using all available rosidl_typesupport_cpp: rosidl_typesupport_fastrtps_cpp;rosidl_typesupport_introspection_cpp
[0.724s] -- Found sensor_msgs: 4.8.0 (/opt/ros/humble/share/sensor_msgs/cmake)
[0.780s] -- Found rclcpp: 16.0.12 (/opt/ros/humble/share/rclcpp/cmake)
[0.825s] -- Found rmw_implementation_cmake: 6.1.2 (/opt/ros/humble/share/rmw_implementation_cmake/cmake)
[0.830s] -- Found rmw_fastrtps_cpp: 6.2.7 (/opt/ros/humble/share/rmw_fastrtps_cpp/cmake)
[1.030s] -- Using RMW implementation 'rmw_fastrtps_cpp' as default
[1.128s] -- Found control_msgs: 4.8.0 (/opt/ros/humble/share/control_msgs/cmake)
[1.240s] -- Found rclpy: 3.3.16 (/opt/ros/humble/share/rclpy/cmake)
[1.241s] -- Found gazebo_ros: 3.9.0 (/opt/ros/humble/share/gazebo_ros/cmake)
[1.355s] -- Found DART: /usr/include (Required is at least version "6.6") found components: dart 
[1.449s] -- Found Protobuf: /usr/lib/x86_64-linux-gnu/libprotobuf.so (found version "3.12.4") 
[1.460s] -- Looking for ignition-math6 -- found version 6.15.1
[1.468s] -- Searching for dependencies of ignition-math6
[1.470s] -- Looking for OGRE...
[1.493s] -- Found Ogre Ghadamon (1.9.0)
[1.494s] -- Found OGRE: optimized;/usr/lib/x86_64-linux-gnu/libOgreMain.so;debug;/usr/lib/x86_64-linux-gnu/libOgreMain.so
[1.524s] -- Looking for OGRE_Paging...
[1.524s] -- Found OGRE_Paging: optimized;/usr/lib/x86_64-linux-gnu/libOgrePaging.so;debug;/usr/lib/x86_64-linux-gnu/libOgrePaging.so
[1.524s] -- Looking for OGRE_Terrain...
[1.524s] -- Found OGRE_Terrain: optimized;/usr/lib/x86_64-linux-gnu/libOgreTerrain.so;debug;/usr/lib/x86_64-linux-gnu/libOgreTerrain.so
[1.524s] -- Looking for OGRE_Property...
[1.524s] -- Found OGRE_Property: optimized;/usr/lib/x86_64-linux-gnu/libOgreProperty.so;debug;/usr/lib/x86_64-linux-gnu/libOgreProperty.so
[1.524s] -- Looking for OGRE_RTShaderSystem...
[1.525s] -- Found OGRE_RTShaderSystem: optimized;/usr/lib/x86_64-linux-gnu/libOgreRTShaderSystem.so;debug;/usr/lib/x86_64-linux-gnu/libOgreRTShaderSystem.so
[1.525s] -- Looking for OGRE_Volume...
[1.525s] -- Found OGRE_Volume: optimized;/usr/lib/x86_64-linux-gnu/libOgreVolume.so;debug;/usr/lib/x86_64-linux-gnu/libOgreVolume.so
[1.525s] -- Looking for OGRE_Overlay...
[1.525s] -- Found OGRE_Overlay: optimized;/usr/lib/x86_64-linux-gnu/libOgreOverlay.so;debug;/usr/lib/x86_64-linux-gnu/libOgreOverlay.so
[2.142s] -- Looking for ignition-math6 -- found version 6.15.1
[2.143s] -- Looking for ignition-transport8 -- found version 8.2.1
[2.144s] -- Searching for dependencies of ignition-transport8
[2.212s] -- Found Protobuf: /usr/lib/x86_64-linux-gnu/libprotobuf.so (found suitable version "3.12.4", minimum required is "3") 
[2.231s] -- Config-file not installed for ZeroMQ -- checking for pkg-config
[2.270s] -- Checking for module 'libzmq >= 4'
[2.337s] --   Found libzmq , version 4.3.4
[2.479s] -- Checking for module 'uuid'
[2.507s] --   Found uuid, version 2.37.2
[2.632s] -- Looking for ignition-msgs5 -- found version 5.8.1
[2.637s] -- Searching for dependencies of ignition-msgs5
[2.714s] -- Looking for ignition-math6 -- found version 6.15.1
[2.727s] -- Checking for module 'tinyxml2'
[2.797s] --   Found tinyxml2, version 9.0.0
[2.952s] -- Looking for ignition-msgs5 -- found version 5.8.1
[2.953s] -- Looking for ignition-common3 -- found version 3.14.0
[2.954s] -- Searching for dependencies of ignition-common3
[2.955s] -- Looking for dlfcn.h - found
[2.955s] -- Looking for libdl - found
[2.994s] -- Searching for <ignition-common3> component [graphics]
[3.002s] -- Looking for ignition-common3-graphics -- found version 3.14.0
[3.003s] -- Searching for dependencies of ignition-common3-graphics
[3.004s] -- Looking for ignition-math6 -- found version 6.15.1
[3.014s] -- Looking for ignition-fuel_tools4 -- found version 4.4.0
[3.015s] -- Searching for dependencies of ignition-fuel_tools4
[3.208s] -- Checking for module 'jsoncpp'
[3.278s] --   Found jsoncpp, version 1.9.5
[3.407s] -- Checking for module 'libzip'
[3.448s] --   Found libzip, version 1.7.3
[3.601s] -- Looking for ignition-common3 -- found version 3.14.0
[3.609s] -- Looking for ignition-math6 -- found version 6.15.1
[3.610s] -- Looking for ignition-msgs5 -- found version 5.8.1
[3.616s] -- Gazebo version: 11.10
[3.624s] -- Looking for ignition-math6 -- found version 6.15.1
[3.626s] -- Found ament_lint_auto: 0.12.12 (/opt/ros/humble/share/ament_lint_auto/cmake)
[4.072s] -- Found tf2_ros: 0.25.12 (/opt/ros/humble/share/tf2_ros/cmake)
[4.262s] -- Found tf2_geometry_msgs: 0.25.12 (/opt/ros/humble/share/tf2_geometry_msgs/cmake)
[4.274s] -- Found eigen3_cmake_module: 0.1.1 (/opt/ros/humble/share/eigen3_cmake_module/cmake)
[4.280s] -- Ensuring Eigen3 include directory is part of orocos-kdl CMake target
[4.513s] -- Added test 'cppcheck' to perform static code analysis on C / C++ code
[4.522s] -- Configured cppcheck include dirs: 
[4.524s] -- Configured cppcheck exclude dirs and/or files: 
[4.526s] -- Added test 'flake8' to check Python code syntax and style conventions
[4.532s] -- Added test 'lint_cmake' to check CMake code style
[4.534s] -- Added test 'pep257' to check Python code against some of the docstring style conventions in PEP 257
[4.549s] -- Added test 'uncrustify' to check C / C++ code style
[4.552s] -- Configured uncrustify additional arguments: 
[4.552s] -- Added test 'xmllint' to check XML markup files
[4.556s] -- Configuring done
[4.765s] -- Generating done
[4.831s] -- Build files have been written to: /home/srl/lbr-stack/build/my_package
[4.852s] Invoked command in '/home/srl/lbr-stack/build/my_package' returned '0': CMAKE_PREFIX_PATH=${CMAKE_PREFIX_PATH}:/home/srl/lbr-stack/install/lbr_demos_py:/home/srl/lbr-stack/install/lbr_moveit:/home/srl/lbr-stack/install/lbr_demos_advanced_py:/opt/ros/humble /usr/bin/cmake /home/srl/lbr-stack/src/my_package -DAMENT_CMAKE_SYMLINK_INSTALL=1 -DCMAKE_INSTALL_PREFIX=/home/srl/lbr-stack/install/my_package
[4.874s] Invoking command in '/home/srl/lbr-stack/build/my_package': CMAKE_PREFIX_PATH=${CMAKE_PREFIX_PATH}:/home/srl/lbr-stack/install/lbr_demos_py:/home/srl/lbr-stack/install/lbr_moveit:/home/srl/lbr-stack/install/lbr_demos_advanced_py:/opt/ros/humble /usr/bin/cmake --build /home/srl/lbr-stack/build/my_package -- -j20 -l20
[5.005s] [35m[1mConsolidate compiler generated dependencies of target command_publisher3[0m
[5.006s] [35m[1mConsolidate compiler generated dependencies of target command_listener[0m
[5.007s] [35m[1mConsolidate compiler generated dependencies of target reset_position[0m
[5.025s] [35m[1mConsolidate compiler generated dependencies of target position_control[0m
[5.029s] [35m[1mConsolidate compiler generated dependencies of target joint_state_pub[0m
[5.031s] [35m[1mConsolidate compiler generated dependencies of target end_effector_position_node[0m
[5.034s] [35m[1mConsolidate compiler generated dependencies of target robot_info[0m
[5.043s] [35m[1mConsolidate compiler generated dependencies of target robot_info_controller[0m
[5.062s] [  6%] [32mBuilding CXX object CMakeFiles/reset_position.dir/src/reset_position.cpp.o[0m
[5.088s] [ 18%] Built target joint_state_pub
[5.100s] [ 31%] Built target robot_info_controller
[5.100s] [ 37%] [32mBuilding CXX object CMakeFiles/command_publisher3.dir/src/command_publisher3.cpp.o[0m
[5.101s] [ 50%] Built target end_effector_position_node
[5.108s] [ 62%] Built target robot_info
[5.120s] [ 75%] Built target command_listener
[5.167s] [ 87%] Built target position_control
[21.206s] [ 93%] [32m[1mLinking CXX executable command_publisher3[0m
[22.335s] [100%] [32m[1mLinking CXX executable reset_position[0m
[22.602s] [100%] Built target command_publisher3
[23.072s] [100%] Built target reset_position
[23.108s] Invoked command in '/home/srl/lbr-stack/build/my_package' returned '0': CMAKE_PREFIX_PATH=${CMAKE_PREFIX_PATH}:/home/srl/lbr-stack/install/lbr_demos_py:/home/srl/lbr-stack/install/lbr_moveit:/home/srl/lbr-stack/install/lbr_demos_advanced_py:/opt/ros/humble /usr/bin/cmake --build /home/srl/lbr-stack/build/my_package -- -j20 -l20
[23.109s] Invoking command in '/home/srl/lbr-stack/build/my_package': CMAKE_PREFIX_PATH=${CMAKE_PREFIX_PATH}:/home/srl/lbr-stack/install/lbr_demos_py:/home/srl/lbr-stack/install/lbr_moveit:/home/srl/lbr-stack/install/lbr_demos_advanced_py:/opt/ros/humble /usr/bin/cmake --install /home/srl/lbr-stack/build/my_package
[23.135s] -- Install configuration: ""
[23.136s] -- Execute custom install script
[23.136s] -- Up-to-date symlink: /home/srl/lbr-stack/install/my_package/lib/my_package/position_control_gui.py
[23.136s] -- Up-to-date symlink: /home/srl/lbr-stack/install/my_package/lib/my_package/joint_state_pub
[23.137s] -- Up-to-date symlink: /home/srl/lbr-stack/install/my_package/lib/my_package/command_listener
[23.137s] -- Up-to-date symlink: /home/srl/lbr-stack/install/my_package/lib/my_package/command_publisher3
[23.144s] -- Up-to-date symlink: /home/srl/lbr-stack/install/my_package/lib/my_package/reset_position
[23.144s] -- Up-to-date symlink: /home/srl/lbr-stack/install/my_package/lib/my_package/robot_info
[23.144s] -- Up-to-date symlink: /home/srl/lbr-stack/install/my_package/lib/my_package/robot_info_controller
[23.145s] -- Up-to-date symlink: /home/srl/lbr-stack/install/my_package/lib/my_package/end_effector_position_node
[23.145s] -- Up-to-date symlink: /home/srl/lbr-stack/install/my_package/lib/my_package/position_control
[23.145s] -- Up-to-date symlink: /home/srl/lbr-stack/install/my_package/share/my_package/launch/gazebo_complete.launch.py
[23.145s] -- Up-to-date symlink: /home/srl/lbr-stack/install/my_package/share/my_package/launch/gazebo_for_hardware.launch.py
[23.145s] -- Up-to-date symlink: /home/srl/lbr-stack/install/my_package/share/my_package/launch/gazebo_move.launch.py
[23.145s] -- Up-to-date symlink: /home/srl/lbr-stack/install/my_package/share/my_package/launch/gazebo_simu_robot.launch.py
[23.145s] -- Up-to-date symlink: /home/srl/lbr-stack/install/my_package/share/my_package/launch/hardware_for_gazebo.launch.py
[23.147s] -- Up-to-date symlink: /home/srl/lbr-stack/install/my_package/share/my_package/launch/hardware_gazebo_joint_control.launch.py
[23.147s] -- Up-to-date symlink: /home/srl/lbr-stack/install/my_package/share/my_package/launch/move_group_hw.launch.py
[23.147s] -- Up-to-date symlink: /home/srl/lbr-stack/install/my_package/share/my_package/launch/my.launch.py
[23.148s] -- Up-to-date symlink: /home/srl/lbr-stack/install/my_package/share/my_package/launch/my_launch3.launch.py
[23.148s] -- Up-to-date symlink: /home/srl/lbr-stack/install/my_package/share/my_package/launch/my_launch_rviz.launch.py
[23.148s] -- Up-to-date symlink: /home/srl/lbr-stack/install/my_package/share/my_package/launch/my_position.launch.py
[23.148s] -- Up-to-date symlink: /home/srl/lbr-stack/install/my_package/share/my_package/launch/my_reset.launch.py
[23.148s] -- Up-to-date symlink: /home/srl/lbr-stack/install/my_package/share/my_package/launch/my_robot_info.launch.py
[23.148s] -- Up-to-date symlink: /home/srl/lbr-stack/install/my_package/share/ament_index/resource_index/package_run_dependencies/my_package
[23.149s] -- Up-to-date symlink: /home/srl/lbr-stack/install/my_package/share/ament_index/resource_index/parent_prefix_path/my_package
[23.149s] -- Up-to-date symlink: /home/srl/lbr-stack/install/my_package/share/my_package/environment/ament_prefix_path.sh
[23.152s] -- Up-to-date symlink: /home/srl/lbr-stack/install/my_package/share/my_package/environment/ament_prefix_path.dsv
[23.152s] -- Up-to-date symlink: /home/srl/lbr-stack/install/my_package/share/my_package/environment/path.sh
[23.153s] -- Up-to-date symlink: /home/srl/lbr-stack/install/my_package/share/my_package/environment/path.dsv
[23.153s] -- Up-to-date symlink: /home/srl/lbr-stack/install/my_package/share/my_package/local_setup.bash
[23.153s] -- Up-to-date symlink: /home/srl/lbr-stack/install/my_package/share/my_package/local_setup.sh
[23.154s] -- Up-to-date symlink: /home/srl/lbr-stack/install/my_package/share/my_package/local_setup.zsh
[23.154s] -- Up-to-date symlink: /home/srl/lbr-stack/install/my_package/share/my_package/local_setup.dsv
[23.154s] -- Symlinking: /home/srl/lbr-stack/install/my_package/share/my_package/package.dsv
[23.179s] -- Up-to-date symlink: /home/srl/lbr-stack/install/my_package/share/ament_index/resource_index/packages/my_package
[23.179s] -- Up-to-date symlink: /home/srl/lbr-stack/install/my_package/share/my_package/cmake/my_packageConfig.cmake
[23.184s] -- Up-to-date symlink: /home/srl/lbr-stack/install/my_package/share/my_package/cmake/my_packageConfig-version.cmake
[23.187s] -- Up-to-date symlink: /home/srl/lbr-stack/install/my_package/share/my_package/package.xml
[23.188s] Invoked command in '/home/srl/lbr-stack/build/my_package' returned '0': CMAKE_PREFIX_PATH=${CMAKE_PREFIX_PATH}:/home/srl/lbr-stack/install/lbr_demos_py:/home/srl/lbr-stack/install/lbr_moveit:/home/srl/lbr-stack/install/lbr_demos_advanced_py:/opt/ros/humble /usr/bin/cmake --install /home/srl/lbr-stack/build/my_package
