[0.068s] Invoking command in '/home/srl/lbr-stack/build/ros_gz_bridge': CMAKE_PREFIX_PATH=/home/srl/lbr-stack/install/ros_gz_interfaces:/home/srl/lbr-stack/install/test_ros_gz_bridge:/home/srl/lbr-stack/install/test_package:/home/srl/lbr-stack/install/ros_ign_interfaces:/home/srl/lbr-stack/install/ros_ign:/home/srl/lbr-stack/install/ros_ign_image:/home/srl/lbr-stack/install/ros_ign_gazebo_demos:/home/srl/lbr-stack/install/ros_ign_gazebo:/home/srl/lbr-stack/install/ros_ign_bridge:/home/srl/lbr-stack/install/ros_gz:/home/srl/lbr-stack/install/ros_gz_sim_demos:/home/srl/lbr-stack/install/lbr_fri_ros2_stack:/home/srl/lbr-stack/install/lbr_demos_cpp:/home/srl/lbr-stack/install/lbr_bringup:/home/srl/lbr-stack/install/ign_ros2_control_demos:/home/srl/lbr-stack/install/gz_ros2_control_demos:/home/srl/lbr-stack/install/ros_gz_sim:/home/srl/lbr-stack/install/ros_gz_image:/home/srl/lbr-stack/install/ros_gz_bridge:/home/srl/lbr-stack/install/my_package:/home/srl/lbr-stack/install/med7_moveit_config:/home/srl/lbr-stack/install/med14_moveit_config:/home/srl/lbr-stack/install/lbr_ros2_control:/home/srl/lbr-stack/install/lbr_moveit_cpp:/home/srl/lbr-stack/install/lbr_gazebo_models:/home/srl/lbr-stack/install/lbr_demos_advanced_cpp:/home/srl/lbr-stack/install/lbr_fri_ros2:/home/srl/lbr-stack/install/lbr_fri_idl:/home/srl/lbr-stack/install/iiwa7_moveit_config:/home/srl/lbr-stack/install/iiwa14_moveit_config:/home/srl/lbr-stack/install/lbr_description:/home/srl/lbr-stack/install/ign_ros2_control:/home/srl/lbr-stack/install/gz_ros2_control_tests:/home/srl/lbr-stack/install/gz_ros2_control:/home/srl/lbr-stack/install/fri_client_sdk:/home/srl/lbr-stack/install/lbr_demos_py:/home/srl/lbr-stack/install/lbr_moveit:/home/srl/lbr-stack/install/lbr_demos_advanced_py:/opt/ros/humble LD_LIBRARY_PATH=/home/srl/lbr-stack/install/ros_gz_interfaces/lib:/home/srl/lbr-stack/install/test_package/lib:/home/srl/lbr-stack/install/ros_ign_interfaces/lib:/home/srl/lbr-stack/install/ros_gz_sim/lib:/home/srl/lbr-stack/install/ros_gz_bridge/lib:/home/srl/lbr-stack/install/lbr_ros2_control/lib:/home/srl/lbr-stack/install/lbr_demos_advanced_cpp/lib:/home/srl/lbr-stack/install/lbr_fri_ros2/lib:/home/srl/lbr-stack/install/lbr_fri_idl/lib:/home/srl/lbr-stack/install/gz_ros2_control/lib:/home/srl/lbr-stack/install/fri_client_sdk/lib:/usr/lib/x86_64-linux-gnu/gazebo-11/plugins:/opt/ros/humble/opt/rviz_ogre_vendor/lib:/opt/ros/humble/lib/x86_64-linux-gnu:/opt/ros/humble/lib /usr/bin/cmake --build /home/srl/lbr-stack/build/ros_gz_bridge -- -j20 -l20
[0.136s] [  2%] Built target gtest_main
[0.138s] [  4%] Built target gtest
[0.143s] [  6%] Built target bridge_node
[0.182s] [  9%] Built target test_rcl_interfaces
[0.190s] [ 13%] Built target test_utils
[0.336s] [ 15%] Built target test_ros_client
[0.369s] [ 17%] Built target test_gz_server
[0.387s] [ 21%] Built target test_gz_subscriber
[0.388s] [ 27%] Built target test_gz_publisher
[0.389s] [ 27%] Built target test_ros_publisher
[0.397s] [ 70%] Built target ros_gz_bridge
[0.613s] [ 72%] Built target bridge_types
[0.669s] [ 90%] Built target test_ros_subscriber
[0.720s] [ 92%] Built target ros_gz_bridge_bridge_config
[0.743s] [ 94%] Built target parameter_bridge
[0.762s] [ 96%] Built target static_bridge
[0.780s] [100%] Built target test_ros_gz_interfaces
[1.041s] Invoked command in '/home/srl/lbr-stack/build/ros_gz_bridge' returned '0': CMAKE_PREFIX_PATH=/home/srl/lbr-stack/install/ros_gz_interfaces:/home/srl/lbr-stack/install/test_ros_gz_bridge:/home/srl/lbr-stack/install/test_package:/home/srl/lbr-stack/install/ros_ign_interfaces:/home/srl/lbr-stack/install/ros_ign:/home/srl/lbr-stack/install/ros_ign_image:/home/srl/lbr-stack/install/ros_ign_gazebo_demos:/home/srl/lbr-stack/install/ros_ign_gazebo:/home/srl/lbr-stack/install/ros_ign_bridge:/home/srl/lbr-stack/install/ros_gz:/home/srl/lbr-stack/install/ros_gz_sim_demos:/home/srl/lbr-stack/install/lbr_fri_ros2_stack:/home/srl/lbr-stack/install/lbr_demos_cpp:/home/srl/lbr-stack/install/lbr_bringup:/home/srl/lbr-stack/install/ign_ros2_control_demos:/home/srl/lbr-stack/install/gz_ros2_control_demos:/home/srl/lbr-stack/install/ros_gz_sim:/home/srl/lbr-stack/install/ros_gz_image:/home/srl/lbr-stack/install/ros_gz_bridge:/home/srl/lbr-stack/install/my_package:/home/srl/lbr-stack/install/med7_moveit_config:/home/srl/lbr-stack/install/med14_moveit_config:/home/srl/lbr-stack/install/lbr_ros2_control:/home/srl/lbr-stack/install/lbr_moveit_cpp:/home/srl/lbr-stack/install/lbr_gazebo_models:/home/srl/lbr-stack/install/lbr_demos_advanced_cpp:/home/srl/lbr-stack/install/lbr_fri_ros2:/home/srl/lbr-stack/install/lbr_fri_idl:/home/srl/lbr-stack/install/iiwa7_moveit_config:/home/srl/lbr-stack/install/iiwa14_moveit_config:/home/srl/lbr-stack/install/lbr_description:/home/srl/lbr-stack/install/ign_ros2_control:/home/srl/lbr-stack/install/gz_ros2_control_tests:/home/srl/lbr-stack/install/gz_ros2_control:/home/srl/lbr-stack/install/fri_client_sdk:/home/srl/lbr-stack/install/lbr_demos_py:/home/srl/lbr-stack/install/lbr_moveit:/home/srl/lbr-stack/install/lbr_demos_advanced_py:/opt/ros/humble LD_LIBRARY_PATH=/home/srl/lbr-stack/install/ros_gz_interfaces/lib:/home/srl/lbr-stack/install/test_package/lib:/home/srl/lbr-stack/install/ros_ign_interfaces/lib:/home/srl/lbr-stack/install/ros_gz_sim/lib:/home/srl/lbr-stack/install/ros_gz_bridge/lib:/home/srl/lbr-stack/install/lbr_ros2_control/lib:/home/srl/lbr-stack/install/lbr_demos_advanced_cpp/lib:/home/srl/lbr-stack/install/lbr_fri_ros2/lib:/home/srl/lbr-stack/install/lbr_fri_idl/lib:/home/srl/lbr-stack/install/gz_ros2_control/lib:/home/srl/lbr-stack/install/fri_client_sdk/lib:/usr/lib/x86_64-linux-gnu/gazebo-11/plugins:/opt/ros/humble/opt/rviz_ogre_vendor/lib:/opt/ros/humble/lib/x86_64-linux-gnu:/opt/ros/humble/lib /usr/bin/cmake --build /home/srl/lbr-stack/build/ros_gz_bridge -- -j20 -l20
[1.055s] Invoking command in '/home/srl/lbr-stack/build/ros_gz_bridge': CMAKE_PREFIX_PATH=/home/srl/lbr-stack/install/ros_gz_interfaces:/home/srl/lbr-stack/install/test_ros_gz_bridge:/home/srl/lbr-stack/install/test_package:/home/srl/lbr-stack/install/ros_ign_interfaces:/home/srl/lbr-stack/install/ros_ign:/home/srl/lbr-stack/install/ros_ign_image:/home/srl/lbr-stack/install/ros_ign_gazebo_demos:/home/srl/lbr-stack/install/ros_ign_gazebo:/home/srl/lbr-stack/install/ros_ign_bridge:/home/srl/lbr-stack/install/ros_gz:/home/srl/lbr-stack/install/ros_gz_sim_demos:/home/srl/lbr-stack/install/lbr_fri_ros2_stack:/home/srl/lbr-stack/install/lbr_demos_cpp:/home/srl/lbr-stack/install/lbr_bringup:/home/srl/lbr-stack/install/ign_ros2_control_demos:/home/srl/lbr-stack/install/gz_ros2_control_demos:/home/srl/lbr-stack/install/ros_gz_sim:/home/srl/lbr-stack/install/ros_gz_image:/home/srl/lbr-stack/install/ros_gz_bridge:/home/srl/lbr-stack/install/my_package:/home/srl/lbr-stack/install/med7_moveit_config:/home/srl/lbr-stack/install/med14_moveit_config:/home/srl/lbr-stack/install/lbr_ros2_control:/home/srl/lbr-stack/install/lbr_moveit_cpp:/home/srl/lbr-stack/install/lbr_gazebo_models:/home/srl/lbr-stack/install/lbr_demos_advanced_cpp:/home/srl/lbr-stack/install/lbr_fri_ros2:/home/srl/lbr-stack/install/lbr_fri_idl:/home/srl/lbr-stack/install/iiwa7_moveit_config:/home/srl/lbr-stack/install/iiwa14_moveit_config:/home/srl/lbr-stack/install/lbr_description:/home/srl/lbr-stack/install/ign_ros2_control:/home/srl/lbr-stack/install/gz_ros2_control_tests:/home/srl/lbr-stack/install/gz_ros2_control:/home/srl/lbr-stack/install/fri_client_sdk:/home/srl/lbr-stack/install/lbr_demos_py:/home/srl/lbr-stack/install/lbr_moveit:/home/srl/lbr-stack/install/lbr_demos_advanced_py:/opt/ros/humble LD_LIBRARY_PATH=/home/srl/lbr-stack/install/ros_gz_interfaces/lib:/home/srl/lbr-stack/install/test_package/lib:/home/srl/lbr-stack/install/ros_ign_interfaces/lib:/home/srl/lbr-stack/install/ros_gz_sim/lib:/home/srl/lbr-stack/install/ros_gz_bridge/lib:/home/srl/lbr-stack/install/lbr_ros2_control/lib:/home/srl/lbr-stack/install/lbr_demos_advanced_cpp/lib:/home/srl/lbr-stack/install/lbr_fri_ros2/lib:/home/srl/lbr-stack/install/lbr_fri_idl/lib:/home/srl/lbr-stack/install/gz_ros2_control/lib:/home/srl/lbr-stack/install/fri_client_sdk/lib:/usr/lib/x86_64-linux-gnu/gazebo-11/plugins:/opt/ros/humble/opt/rviz_ogre_vendor/lib:/opt/ros/humble/lib/x86_64-linux-gnu:/opt/ros/humble/lib /usr/bin/cmake --install /home/srl/lbr-stack/build/ros_gz_bridge
[1.151s] -- Install configuration: ""
[1.152s] -- Execute custom install script
[1.169s] -- Up-to-date symlink: /home/srl/lbr-stack/install/ros_gz_bridge/lib/ros_gz_bridge/bridge_node
[1.173s] -- Up-to-date symlink: /home/srl/lbr-stack/install/ros_gz_bridge/include/ros_gz_bridge/ros_gz_bridge/bridge_config.hpp
[1.174s] -- Up-to-date symlink: /home/srl/lbr-stack/install/ros_gz_bridge/include/ros_gz_bridge/ros_gz_bridge/convert.hpp
[1.175s] -- Up-to-date symlink: /home/srl/lbr-stack/install/ros_gz_bridge/include/ros_gz_bridge/ros_gz_bridge/convert/actuator_msgs.hpp
[1.175s] -- Up-to-date symlink: /home/srl/lbr-stack/install/ros_gz_bridge/include/ros_gz_bridge/ros_gz_bridge/convert/builtin_interfaces.hpp
[1.175s] -- Up-to-date symlink: /home/srl/lbr-stack/install/ros_gz_bridge/include/ros_gz_bridge/ros_gz_bridge/convert/geometry_msgs.hpp
[1.176s] -- Up-to-date symlink: /home/srl/lbr-stack/install/ros_gz_bridge/include/ros_gz_bridge/ros_gz_bridge/convert/gps_msgs.hpp
[1.176s] -- Up-to-date symlink: /home/srl/lbr-stack/install/ros_gz_bridge/include/ros_gz_bridge/ros_gz_bridge/convert/nav_msgs.hpp
[1.176s] -- Up-to-date symlink: /home/srl/lbr-stack/install/ros_gz_bridge/include/ros_gz_bridge/ros_gz_bridge/convert/rcl_interfaces.hpp
[1.177s] -- Up-to-date symlink: /home/srl/lbr-stack/install/ros_gz_bridge/include/ros_gz_bridge/ros_gz_bridge/convert/ros_gz_interfaces.hpp
[1.177s] -- Up-to-date symlink: /home/srl/lbr-stack/install/ros_gz_bridge/include/ros_gz_bridge/ros_gz_bridge/convert/rosgraph_msgs.hpp
[1.177s] -- Up-to-date symlink: /home/srl/lbr-stack/install/ros_gz_bridge/include/ros_gz_bridge/ros_gz_bridge/convert/sensor_msgs.hpp
[1.178s] -- Up-to-date symlink: /home/srl/lbr-stack/install/ros_gz_bridge/include/ros_gz_bridge/ros_gz_bridge/convert/std_msgs.hpp
[1.178s] -- Up-to-date symlink: /home/srl/lbr-stack/install/ros_gz_bridge/include/ros_gz_bridge/ros_gz_bridge/convert/tf2_msgs.hpp
[1.179s] -- Up-to-date symlink: /home/srl/lbr-stack/install/ros_gz_bridge/include/ros_gz_bridge/ros_gz_bridge/convert/trajectory_msgs.hpp
[1.179s] -- Up-to-date symlink: /home/srl/lbr-stack/install/ros_gz_bridge/include/ros_gz_bridge/ros_gz_bridge/convert/vision_msgs.hpp
[1.180s] -- Up-to-date symlink: /home/srl/lbr-stack/install/ros_gz_bridge/include/ros_gz_bridge/ros_gz_bridge/convert_decl.hpp
[1.180s] -- Up-to-date symlink: /home/srl/lbr-stack/install/ros_gz_bridge/include/ros_gz_bridge/ros_gz_bridge/ros_gz_bridge.hpp
[1.180s] -- Up-to-date symlink: /home/srl/lbr-stack/install/ros_gz_bridge/lib/ros_gz_bridge/parameter_bridge
[1.181s] -- Up-to-date symlink: /home/srl/lbr-stack/install/ros_gz_bridge/lib/ros_gz_bridge/static_bridge
[1.181s] -- Up-to-date symlink: /home/srl/lbr-stack/install/ros_gz_bridge/lib/ros_gz_bridge/bridge_types
[1.181s] -- Up-to-date symlink: /home/srl/lbr-stack/install/ros_gz_bridge/lib/ros_gz_bridge/test_ros_publisher
[1.181s] -- Up-to-date symlink: /home/srl/lbr-stack/install/ros_gz_bridge/lib/ros_gz_bridge/test_ros_subscriber
[1.182s] -- Up-to-date symlink: /home/srl/lbr-stack/install/ros_gz_bridge/lib/ros_gz_bridge/test_gz_publisher
[1.182s] -- Up-to-date symlink: /home/srl/lbr-stack/install/ros_gz_bridge/lib/ros_gz_bridge/test_gz_subscriber
[1.182s] -- Up-to-date symlink: /home/srl/lbr-stack/install/ros_gz_bridge/lib/ros_gz_bridge/test_gz_server
[1.183s] -- Up-to-date symlink: /home/srl/lbr-stack/install/ros_gz_bridge/lib/ros_gz_bridge/test_ros_client
[1.183s] -- Up-to-date symlink: /home/srl/lbr-stack/install/ros_gz_bridge/share/ros_gz_bridge/environment/library_path.sh
[1.183s] -- Up-to-date symlink: /home/srl/lbr-stack/install/ros_gz_bridge/share/ros_gz_bridge/environment/library_path.dsv
[1.184s] -- Up-to-date symlink: /home/srl/lbr-stack/install/ros_gz_bridge/share/ament_index/resource_index/package_run_dependencies/ros_gz_bridge
[1.184s] -- Up-to-date symlink: /home/srl/lbr-stack/install/ros_gz_bridge/share/ament_index/resource_index/parent_prefix_path/ros_gz_bridge
[1.184s] -- Up-to-date symlink: /home/srl/lbr-stack/install/ros_gz_bridge/share/ros_gz_bridge/environment/ament_prefix_path.sh
[1.185s] -- Up-to-date symlink: /home/srl/lbr-stack/install/ros_gz_bridge/share/ros_gz_bridge/environment/ament_prefix_path.dsv
[1.185s] -- Up-to-date symlink: /home/srl/lbr-stack/install/ros_gz_bridge/share/ros_gz_bridge/environment/path.sh
[1.185s] -- Up-to-date symlink: /home/srl/lbr-stack/install/ros_gz_bridge/share/ros_gz_bridge/environment/path.dsv
[1.186s] -- Up-to-date symlink: /home/srl/lbr-stack/install/ros_gz_bridge/share/ros_gz_bridge/local_setup.bash
[1.186s] -- Up-to-date symlink: /home/srl/lbr-stack/install/ros_gz_bridge/share/ros_gz_bridge/local_setup.sh
[1.186s] -- Up-to-date symlink: /home/srl/lbr-stack/install/ros_gz_bridge/share/ros_gz_bridge/local_setup.zsh
[1.191s] -- Up-to-date symlink: /home/srl/lbr-stack/install/ros_gz_bridge/share/ros_gz_bridge/local_setup.dsv
[1.191s] -- Symlinking: /home/srl/lbr-stack/install/ros_gz_bridge/share/ros_gz_bridge/package.dsv
[1.210s] -- Up-to-date symlink: /home/srl/lbr-stack/install/ros_gz_bridge/share/ament_index/resource_index/packages/ros_gz_bridge
[1.211s] -- Up-to-date symlink: /home/srl/lbr-stack/install/ros_gz_bridge/share/ament_index/resource_index/rclcpp_components/ros_gz_bridge
[1.211s] -- Up-to-date symlink: /home/srl/lbr-stack/install/ros_gz_bridge/share/ros_gz_bridge/cmake/ament_cmake_export_include_directories-extras.cmake
[1.211s] -- Up-to-date symlink: /home/srl/lbr-stack/install/ros_gz_bridge/share/ros_gz_bridge/cmake/ament_cmake_export_libraries-extras.cmake
[1.211s] -- Up-to-date symlink: /home/srl/lbr-stack/install/ros_gz_bridge/share/ros_gz_bridge/cmake/ament_cmake_export_targets-extras.cmake
[1.212s] -- Up-to-date symlink: /home/srl/lbr-stack/install/ros_gz_bridge/share/ros_gz_bridge/cmake/ament_cmake_export_dependencies-extras.cmake
[1.212s] -- Up-to-date symlink: /home/srl/lbr-stack/install/ros_gz_bridge/share/ros_gz_bridge/cmake/ros_gz_bridgeConfig.cmake
[1.213s] -- Up-to-date symlink: /home/srl/lbr-stack/install/ros_gz_bridge/share/ros_gz_bridge/cmake/ros_gz_bridgeConfig-version.cmake
[1.213s] -- Up-to-date symlink: /home/srl/lbr-stack/install/ros_gz_bridge/share/ros_gz_bridge/package.xml
[1.213s] -- Up-to-date: /home/srl/lbr-stack/install/ros_gz_bridge/lib/libros_gz_bridge.so
[1.214s] -- Up-to-date: /home/srl/lbr-stack/install/ros_gz_bridge/share/ros_gz_bridge/cmake/export_ros_gz_bridgeExport.cmake
[1.214s] -- Up-to-date: /home/srl/lbr-stack/install/ros_gz_bridge/share/ros_gz_bridge/cmake/export_ros_gz_bridgeExport-noconfig.cmake
[1.218s] Invoked command in '/home/srl/lbr-stack/build/ros_gz_bridge' returned '0': CMAKE_PREFIX_PATH=/home/srl/lbr-stack/install/ros_gz_interfaces:/home/srl/lbr-stack/install/test_ros_gz_bridge:/home/srl/lbr-stack/install/test_package:/home/srl/lbr-stack/install/ros_ign_interfaces:/home/srl/lbr-stack/install/ros_ign:/home/srl/lbr-stack/install/ros_ign_image:/home/srl/lbr-stack/install/ros_ign_gazebo_demos:/home/srl/lbr-stack/install/ros_ign_gazebo:/home/srl/lbr-stack/install/ros_ign_bridge:/home/srl/lbr-stack/install/ros_gz:/home/srl/lbr-stack/install/ros_gz_sim_demos:/home/srl/lbr-stack/install/lbr_fri_ros2_stack:/home/srl/lbr-stack/install/lbr_demos_cpp:/home/srl/lbr-stack/install/lbr_bringup:/home/srl/lbr-stack/install/ign_ros2_control_demos:/home/srl/lbr-stack/install/gz_ros2_control_demos:/home/srl/lbr-stack/install/ros_gz_sim:/home/srl/lbr-stack/install/ros_gz_image:/home/srl/lbr-stack/install/ros_gz_bridge:/home/srl/lbr-stack/install/my_package:/home/srl/lbr-stack/install/med7_moveit_config:/home/srl/lbr-stack/install/med14_moveit_config:/home/srl/lbr-stack/install/lbr_ros2_control:/home/srl/lbr-stack/install/lbr_moveit_cpp:/home/srl/lbr-stack/install/lbr_gazebo_models:/home/srl/lbr-stack/install/lbr_demos_advanced_cpp:/home/srl/lbr-stack/install/lbr_fri_ros2:/home/srl/lbr-stack/install/lbr_fri_idl:/home/srl/lbr-stack/install/iiwa7_moveit_config:/home/srl/lbr-stack/install/iiwa14_moveit_config:/home/srl/lbr-stack/install/lbr_description:/home/srl/lbr-stack/install/ign_ros2_control:/home/srl/lbr-stack/install/gz_ros2_control_tests:/home/srl/lbr-stack/install/gz_ros2_control:/home/srl/lbr-stack/install/fri_client_sdk:/home/srl/lbr-stack/install/lbr_demos_py:/home/srl/lbr-stack/install/lbr_moveit:/home/srl/lbr-stack/install/lbr_demos_advanced_py:/opt/ros/humble LD_LIBRARY_PATH=/home/srl/lbr-stack/install/ros_gz_interfaces/lib:/home/srl/lbr-stack/install/test_package/lib:/home/srl/lbr-stack/install/ros_ign_interfaces/lib:/home/srl/lbr-stack/install/ros_gz_sim/lib:/home/srl/lbr-stack/install/ros_gz_bridge/lib:/home/srl/lbr-stack/install/lbr_ros2_control/lib:/home/srl/lbr-stack/install/lbr_demos_advanced_cpp/lib:/home/srl/lbr-stack/install/lbr_fri_ros2/lib:/home/srl/lbr-stack/install/lbr_fri_idl/lib:/home/srl/lbr-stack/install/gz_ros2_control/lib:/home/srl/lbr-stack/install/fri_client_sdk/lib:/usr/lib/x86_64-linux-gnu/gazebo-11/plugins:/opt/ros/humble/opt/rviz_ogre_vendor/lib:/opt/ros/humble/lib/x86_64-linux-gnu:/opt/ros/humble/lib /usr/bin/cmake --install /home/srl/lbr-stack/build/ros_gz_bridge
