[0.033s] Invoking command in '/home/srl/lbr-stack/build/lbr_bringup': CMAKE_PREFIX_PATH=/home/srl/lbr-stack/install/lbr_ros2_control:/home/srl/lbr-stack/install/lbr_fri_ros2:/home/srl/lbr-stack/install/lbr_description:/home/srl/lbr-stack/install/ros_gz_bridge:/home/srl/lbr-stack/install/lbr_fri_idl:/home/srl/lbr-stack/install/ign_ros2_control:/home/srl/lbr-stack/install/ros_gz_sim:/home/srl/lbr-stack/install/ros_gz_interfaces:/home/srl/lbr-stack/install/gz_ros2_control:/home/srl/lbr-stack/install/fri_client_sdk:/home/srl/lbr-stack/install/test_ros_gz_bridge:/home/srl/lbr-stack/install/test_package:/home/srl/lbr-stack/install/ros_ign_interfaces:/home/srl/lbr-stack/install/ros_ign:/home/srl/lbr-stack/install/ros_ign_image:/home/srl/lbr-stack/install/ros_ign_gazebo_demos:/home/srl/lbr-stack/install/ros_ign_gazebo:/home/srl/lbr-stack/install/ros_ign_bridge:/home/srl/lbr-stack/install/ros_gz:/home/srl/lbr-stack/install/ros_gz_sim_demos:/home/srl/lbr-stack/install/lbr_fri_ros2_stack:/home/srl/lbr-stack/install/lbr_demos_cpp:/home/srl/lbr-stack/install/lbr_bringup:/home/srl/lbr-stack/install/ign_ros2_control_demos:/home/srl/lbr-stack/install/gz_ros2_control_demos:/home/srl/lbr-stack/install/ros_gz_image:/home/srl/lbr-stack/install/my_package:/home/srl/lbr-stack/install/med7_moveit_config:/home/srl/lbr-stack/install/med14_moveit_config:/home/srl/lbr-stack/install/lbr_moveit_cpp:/home/srl/lbr-stack/install/lbr_gazebo_models:/home/srl/lbr-stack/install/lbr_demos_advanced_cpp:/home/srl/lbr-stack/install/iiwa7_moveit_config:/home/srl/lbr-stack/install/iiwa14_moveit_config:/home/srl/lbr-stack/install/gz_ros2_control_tests:/home/srl/lbr-stack/install/lbr_demos_py:/home/srl/lbr-stack/install/lbr_moveit:/home/srl/lbr-stack/install/lbr_demos_advanced_py:/opt/ros/humble LD_LIBRARY_PATH=/home/srl/lbr-stack/install/lbr_fri_ros2/lib:/home/srl/lbr-stack/install/ros_gz_bridge/lib:/home/srl/lbr-stack/install/lbr_fri_idl/lib:/home/srl/lbr-stack/install/ros_gz_sim/lib:/home/srl/lbr-stack/install/ros_gz_interfaces/lib:/home/srl/lbr-stack/install/gz_ros2_control/lib:/home/srl/lbr-stack/install/fri_client_sdk/lib:/home/srl/lbr-stack/install/test_package/lib:/home/srl/lbr-stack/install/ros_ign_interfaces/lib:/home/srl/lbr-stack/install/lbr_ros2_control/lib:/home/srl/lbr-stack/install/lbr_demos_advanced_cpp/lib:/usr/lib/x86_64-linux-gnu/gazebo-11/plugins:/opt/ros/humble/opt/rviz_ogre_vendor/lib:/opt/ros/humble/lib/x86_64-linux-gnu:/opt/ros/humble/lib /usr/bin/cmake /home/srl/lbr-stack/src/lbr_fri_ros2_stack/lbr_bringup -DAMENT_CMAKE_SYMLINK_INSTALL=1 -DCMAKE_INSTALL_PREFIX=/home/srl/lbr-stack/install/lbr_bringup
[0.087s] -- The C compiler identification is GNU 11.4.0
[0.141s] -- The CXX compiler identification is GNU 11.4.0
[0.148s] -- Detecting C compiler ABI info
[0.218s] -- Detecting C compiler ABI info - done
[0.224s] -- Check for working C compiler: /usr/bin/cc - skipped
[0.224s] -- Detecting C compile features
[0.224s] -- Detecting C compile features - done
[0.227s] -- Detecting CXX compiler ABI info
[0.300s] -- Detecting CXX compiler ABI info - done
[0.307s] -- Check for working CXX compiler: /usr/bin/c++ - skipped
[0.307s] -- Detecting CXX compile features
[0.307s] -- Detecting CXX compile features - done
[0.311s] -- Found ament_cmake: 1.3.11 (/opt/ros/humble/share/ament_cmake/cmake)
[0.459s] -- Found Python3: /usr/bin/python3 (found version "3.10.12") found components: Interpreter 
[0.519s] -- Override CMake install command with custom implementation using symlinks instead of copying resources
[0.691s] -- Configuring done
[0.694s] -- Generating done
[0.695s] -- Build files have been written to: /home/srl/lbr-stack/build/lbr_bringup
[0.698s] Invoked command in '/home/srl/lbr-stack/build/lbr_bringup' returned '0': CMAKE_PREFIX_PATH=/home/srl/lbr-stack/install/lbr_ros2_control:/home/srl/lbr-stack/install/lbr_fri_ros2:/home/srl/lbr-stack/install/lbr_description:/home/srl/lbr-stack/install/ros_gz_bridge:/home/srl/lbr-stack/install/lbr_fri_idl:/home/srl/lbr-stack/install/ign_ros2_control:/home/srl/lbr-stack/install/ros_gz_sim:/home/srl/lbr-stack/install/ros_gz_interfaces:/home/srl/lbr-stack/install/gz_ros2_control:/home/srl/lbr-stack/install/fri_client_sdk:/home/srl/lbr-stack/install/test_ros_gz_bridge:/home/srl/lbr-stack/install/test_package:/home/srl/lbr-stack/install/ros_ign_interfaces:/home/srl/lbr-stack/install/ros_ign:/home/srl/lbr-stack/install/ros_ign_image:/home/srl/lbr-stack/install/ros_ign_gazebo_demos:/home/srl/lbr-stack/install/ros_ign_gazebo:/home/srl/lbr-stack/install/ros_ign_bridge:/home/srl/lbr-stack/install/ros_gz:/home/srl/lbr-stack/install/ros_gz_sim_demos:/home/srl/lbr-stack/install/lbr_fri_ros2_stack:/home/srl/lbr-stack/install/lbr_demos_cpp:/home/srl/lbr-stack/install/lbr_bringup:/home/srl/lbr-stack/install/ign_ros2_control_demos:/home/srl/lbr-stack/install/gz_ros2_control_demos:/home/srl/lbr-stack/install/ros_gz_image:/home/srl/lbr-stack/install/my_package:/home/srl/lbr-stack/install/med7_moveit_config:/home/srl/lbr-stack/install/med14_moveit_config:/home/srl/lbr-stack/install/lbr_moveit_cpp:/home/srl/lbr-stack/install/lbr_gazebo_models:/home/srl/lbr-stack/install/lbr_demos_advanced_cpp:/home/srl/lbr-stack/install/iiwa7_moveit_config:/home/srl/lbr-stack/install/iiwa14_moveit_config:/home/srl/lbr-stack/install/gz_ros2_control_tests:/home/srl/lbr-stack/install/lbr_demos_py:/home/srl/lbr-stack/install/lbr_moveit:/home/srl/lbr-stack/install/lbr_demos_advanced_py:/opt/ros/humble LD_LIBRARY_PATH=/home/srl/lbr-stack/install/lbr_fri_ros2/lib:/home/srl/lbr-stack/install/ros_gz_bridge/lib:/home/srl/lbr-stack/install/lbr_fri_idl/lib:/home/srl/lbr-stack/install/ros_gz_sim/lib:/home/srl/lbr-stack/install/ros_gz_interfaces/lib:/home/srl/lbr-stack/install/gz_ros2_control/lib:/home/srl/lbr-stack/install/fri_client_sdk/lib:/home/srl/lbr-stack/install/test_package/lib:/home/srl/lbr-stack/install/ros_ign_interfaces/lib:/home/srl/lbr-stack/install/lbr_ros2_control/lib:/home/srl/lbr-stack/install/lbr_demos_advanced_cpp/lib:/usr/lib/x86_64-linux-gnu/gazebo-11/plugins:/opt/ros/humble/opt/rviz_ogre_vendor/lib:/opt/ros/humble/lib/x86_64-linux-gnu:/opt/ros/humble/lib /usr/bin/cmake /home/srl/lbr-stack/src/lbr_fri_ros2_stack/lbr_bringup -DAMENT_CMAKE_SYMLINK_INSTALL=1 -DCMAKE_INSTALL_PREFIX=/home/srl/lbr-stack/install/lbr_bringup
[0.700s] Invoking command in '/home/srl/lbr-stack/build/lbr_bringup': CMAKE_PREFIX_PATH=/home/srl/lbr-stack/install/lbr_ros2_control:/home/srl/lbr-stack/install/lbr_fri_ros2:/home/srl/lbr-stack/install/lbr_description:/home/srl/lbr-stack/install/ros_gz_bridge:/home/srl/lbr-stack/install/lbr_fri_idl:/home/srl/lbr-stack/install/ign_ros2_control:/home/srl/lbr-stack/install/ros_gz_sim:/home/srl/lbr-stack/install/ros_gz_interfaces:/home/srl/lbr-stack/install/gz_ros2_control:/home/srl/lbr-stack/install/fri_client_sdk:/home/srl/lbr-stack/install/test_ros_gz_bridge:/home/srl/lbr-stack/install/test_package:/home/srl/lbr-stack/install/ros_ign_interfaces:/home/srl/lbr-stack/install/ros_ign:/home/srl/lbr-stack/install/ros_ign_image:/home/srl/lbr-stack/install/ros_ign_gazebo_demos:/home/srl/lbr-stack/install/ros_ign_gazebo:/home/srl/lbr-stack/install/ros_ign_bridge:/home/srl/lbr-stack/install/ros_gz:/home/srl/lbr-stack/install/ros_gz_sim_demos:/home/srl/lbr-stack/install/lbr_fri_ros2_stack:/home/srl/lbr-stack/install/lbr_demos_cpp:/home/srl/lbr-stack/install/lbr_bringup:/home/srl/lbr-stack/install/ign_ros2_control_demos:/home/srl/lbr-stack/install/gz_ros2_control_demos:/home/srl/lbr-stack/install/ros_gz_image:/home/srl/lbr-stack/install/my_package:/home/srl/lbr-stack/install/med7_moveit_config:/home/srl/lbr-stack/install/med14_moveit_config:/home/srl/lbr-stack/install/lbr_moveit_cpp:/home/srl/lbr-stack/install/lbr_gazebo_models:/home/srl/lbr-stack/install/lbr_demos_advanced_cpp:/home/srl/lbr-stack/install/iiwa7_moveit_config:/home/srl/lbr-stack/install/iiwa14_moveit_config:/home/srl/lbr-stack/install/gz_ros2_control_tests:/home/srl/lbr-stack/install/lbr_demos_py:/home/srl/lbr-stack/install/lbr_moveit:/home/srl/lbr-stack/install/lbr_demos_advanced_py:/opt/ros/humble LD_LIBRARY_PATH=/home/srl/lbr-stack/install/lbr_fri_ros2/lib:/home/srl/lbr-stack/install/ros_gz_bridge/lib:/home/srl/lbr-stack/install/lbr_fri_idl/lib:/home/srl/lbr-stack/install/ros_gz_sim/lib:/home/srl/lbr-stack/install/ros_gz_interfaces/lib:/home/srl/lbr-stack/install/gz_ros2_control/lib:/home/srl/lbr-stack/install/fri_client_sdk/lib:/home/srl/lbr-stack/install/test_package/lib:/home/srl/lbr-stack/install/ros_ign_interfaces/lib:/home/srl/lbr-stack/install/lbr_ros2_control/lib:/home/srl/lbr-stack/install/lbr_demos_advanced_cpp/lib:/usr/lib/x86_64-linux-gnu/gazebo-11/plugins:/opt/ros/humble/opt/rviz_ogre_vendor/lib:/opt/ros/humble/lib/x86_64-linux-gnu:/opt/ros/humble/lib /usr/bin/cmake --build /home/srl/lbr-stack/build/lbr_bringup -- -j20 -l20
[0.755s] Built target ament_cmake_python_symlink_lbr_bringup
[1.111s] running egg_info
[1.112s] creating lbr_bringup.egg-info
[1.112s] writing lbr_bringup.egg-info/PKG-INFO
[1.112s] writing dependency_links to lbr_bringup.egg-info/dependency_links.txt
[1.112s] writing top-level names to lbr_bringup.egg-info/top_level.txt
[1.112s] writing manifest file 'lbr_bringup.egg-info/SOURCES.txt'
[1.115s] reading manifest file 'lbr_bringup.egg-info/SOURCES.txt'
[1.115s] writing manifest file 'lbr_bringup.egg-info/SOURCES.txt'
[1.140s] Built target ament_cmake_python_build_lbr_bringup_egg
[1.150s] Invoked command in '/home/srl/lbr-stack/build/lbr_bringup' returned '0': CMAKE_PREFIX_PATH=/home/srl/lbr-stack/install/lbr_ros2_control:/home/srl/lbr-stack/install/lbr_fri_ros2:/home/srl/lbr-stack/install/lbr_description:/home/srl/lbr-stack/install/ros_gz_bridge:/home/srl/lbr-stack/install/lbr_fri_idl:/home/srl/lbr-stack/install/ign_ros2_control:/home/srl/lbr-stack/install/ros_gz_sim:/home/srl/lbr-stack/install/ros_gz_interfaces:/home/srl/lbr-stack/install/gz_ros2_control:/home/srl/lbr-stack/install/fri_client_sdk:/home/srl/lbr-stack/install/test_ros_gz_bridge:/home/srl/lbr-stack/install/test_package:/home/srl/lbr-stack/install/ros_ign_interfaces:/home/srl/lbr-stack/install/ros_ign:/home/srl/lbr-stack/install/ros_ign_image:/home/srl/lbr-stack/install/ros_ign_gazebo_demos:/home/srl/lbr-stack/install/ros_ign_gazebo:/home/srl/lbr-stack/install/ros_ign_bridge:/home/srl/lbr-stack/install/ros_gz:/home/srl/lbr-stack/install/ros_gz_sim_demos:/home/srl/lbr-stack/install/lbr_fri_ros2_stack:/home/srl/lbr-stack/install/lbr_demos_cpp:/home/srl/lbr-stack/install/lbr_bringup:/home/srl/lbr-stack/install/ign_ros2_control_demos:/home/srl/lbr-stack/install/gz_ros2_control_demos:/home/srl/lbr-stack/install/ros_gz_image:/home/srl/lbr-stack/install/my_package:/home/srl/lbr-stack/install/med7_moveit_config:/home/srl/lbr-stack/install/med14_moveit_config:/home/srl/lbr-stack/install/lbr_moveit_cpp:/home/srl/lbr-stack/install/lbr_gazebo_models:/home/srl/lbr-stack/install/lbr_demos_advanced_cpp:/home/srl/lbr-stack/install/iiwa7_moveit_config:/home/srl/lbr-stack/install/iiwa14_moveit_config:/home/srl/lbr-stack/install/gz_ros2_control_tests:/home/srl/lbr-stack/install/lbr_demos_py:/home/srl/lbr-stack/install/lbr_moveit:/home/srl/lbr-stack/install/lbr_demos_advanced_py:/opt/ros/humble LD_LIBRARY_PATH=/home/srl/lbr-stack/install/lbr_fri_ros2/lib:/home/srl/lbr-stack/install/ros_gz_bridge/lib:/home/srl/lbr-stack/install/lbr_fri_idl/lib:/home/srl/lbr-stack/install/ros_gz_sim/lib:/home/srl/lbr-stack/install/ros_gz_interfaces/lib:/home/srl/lbr-stack/install/gz_ros2_control/lib:/home/srl/lbr-stack/install/fri_client_sdk/lib:/home/srl/lbr-stack/install/test_package/lib:/home/srl/lbr-stack/install/ros_ign_interfaces/lib:/home/srl/lbr-stack/install/lbr_ros2_control/lib:/home/srl/lbr-stack/install/lbr_demos_advanced_cpp/lib:/usr/lib/x86_64-linux-gnu/gazebo-11/plugins:/opt/ros/humble/opt/rviz_ogre_vendor/lib:/opt/ros/humble/lib/x86_64-linux-gnu:/opt/ros/humble/lib /usr/bin/cmake --build /home/srl/lbr-stack/build/lbr_bringup -- -j20 -l20
[1.152s] Invoking command in '/home/srl/lbr-stack/build/lbr_bringup': CMAKE_PREFIX_PATH=/home/srl/lbr-stack/install/lbr_ros2_control:/home/srl/lbr-stack/install/lbr_fri_ros2:/home/srl/lbr-stack/install/lbr_description:/home/srl/lbr-stack/install/ros_gz_bridge:/home/srl/lbr-stack/install/lbr_fri_idl:/home/srl/lbr-stack/install/ign_ros2_control:/home/srl/lbr-stack/install/ros_gz_sim:/home/srl/lbr-stack/install/ros_gz_interfaces:/home/srl/lbr-stack/install/gz_ros2_control:/home/srl/lbr-stack/install/fri_client_sdk:/home/srl/lbr-stack/install/test_ros_gz_bridge:/home/srl/lbr-stack/install/test_package:/home/srl/lbr-stack/install/ros_ign_interfaces:/home/srl/lbr-stack/install/ros_ign:/home/srl/lbr-stack/install/ros_ign_image:/home/srl/lbr-stack/install/ros_ign_gazebo_demos:/home/srl/lbr-stack/install/ros_ign_gazebo:/home/srl/lbr-stack/install/ros_ign_bridge:/home/srl/lbr-stack/install/ros_gz:/home/srl/lbr-stack/install/ros_gz_sim_demos:/home/srl/lbr-stack/install/lbr_fri_ros2_stack:/home/srl/lbr-stack/install/lbr_demos_cpp:/home/srl/lbr-stack/install/lbr_bringup:/home/srl/lbr-stack/install/ign_ros2_control_demos:/home/srl/lbr-stack/install/gz_ros2_control_demos:/home/srl/lbr-stack/install/ros_gz_image:/home/srl/lbr-stack/install/my_package:/home/srl/lbr-stack/install/med7_moveit_config:/home/srl/lbr-stack/install/med14_moveit_config:/home/srl/lbr-stack/install/lbr_moveit_cpp:/home/srl/lbr-stack/install/lbr_gazebo_models:/home/srl/lbr-stack/install/lbr_demos_advanced_cpp:/home/srl/lbr-stack/install/iiwa7_moveit_config:/home/srl/lbr-stack/install/iiwa14_moveit_config:/home/srl/lbr-stack/install/gz_ros2_control_tests:/home/srl/lbr-stack/install/lbr_demos_py:/home/srl/lbr-stack/install/lbr_moveit:/home/srl/lbr-stack/install/lbr_demos_advanced_py:/opt/ros/humble LD_LIBRARY_PATH=/home/srl/lbr-stack/install/lbr_fri_ros2/lib:/home/srl/lbr-stack/install/ros_gz_bridge/lib:/home/srl/lbr-stack/install/lbr_fri_idl/lib:/home/srl/lbr-stack/install/ros_gz_sim/lib:/home/srl/lbr-stack/install/ros_gz_interfaces/lib:/home/srl/lbr-stack/install/gz_ros2_control/lib:/home/srl/lbr-stack/install/fri_client_sdk/lib:/home/srl/lbr-stack/install/test_package/lib:/home/srl/lbr-stack/install/ros_ign_interfaces/lib:/home/srl/lbr-stack/install/lbr_ros2_control/lib:/home/srl/lbr-stack/install/lbr_demos_advanced_cpp/lib:/usr/lib/x86_64-linux-gnu/gazebo-11/plugins:/opt/ros/humble/opt/rviz_ogre_vendor/lib:/opt/ros/humble/lib/x86_64-linux-gnu:/opt/ros/humble/lib /usr/bin/cmake --install /home/srl/lbr-stack/build/lbr_bringup
[1.158s] -- Install configuration: ""
[1.159s] -- Execute custom install script
[1.159s] -- Symlinking: /home/srl/lbr-stack/install/lbr_bringup/share/lbr_bringup/config/gazebo.rviz
[1.169s] -- Symlinking: /home/srl/lbr-stack/install/lbr_bringup/share/lbr_bringup/config/hardware.rviz
[1.178s] -- Symlinking: /home/srl/lbr-stack/install/lbr_bringup/share/lbr_bringup/config/mock.rviz
[1.188s] -- Symlinking: /home/srl/lbr-stack/install/lbr_bringup/share/lbr_bringup/config/moveit_servo.yaml
[1.196s] -- Symlinking: /home/srl/lbr-stack/install/lbr_bringup/share/lbr_bringup/launch/gazebo.launch.py
[1.205s] -- Symlinking: /home/srl/lbr-stack/install/lbr_bringup/share/lbr_bringup/launch/hardware.launch.py
[1.213s] -- Symlinking: /home/srl/lbr-stack/install/lbr_bringup/share/lbr_bringup/launch/mock.launch.py
[1.221s] -- Symlinking: /home/srl/lbr-stack/install/lbr_bringup/share/lbr_bringup/launch/move_group.launch.py
[1.229s] -- Symlinking: /home/srl/lbr-stack/install/lbr_bringup/share/lbr_bringup/launch/moveit_servo.launch.py
[1.238s] -- Symlinking: /home/srl/lbr-stack/install/lbr_bringup/share/lbr_bringup/launch/rviz.launch.py
[1.247s] -- Symlinking: /home/srl/lbr-stack/install/lbr_bringup/share/lbr_bringup/environment/pythonpath.sh
[1.254s] -- Symlinking: /home/srl/lbr-stack/install/lbr_bringup/share/lbr_bringup/environment/pythonpath.dsv
[1.262s] -- Symlinking: /home/srl/lbr-stack/install/lbr_bringup/local/lib/python3.10/dist-packages/lbr_bringup-2.2.1-py3.10.egg-info/PKG-INFO
[1.271s] -- Symlinking: /home/srl/lbr-stack/install/lbr_bringup/local/lib/python3.10/dist-packages/lbr_bringup-2.2.1-py3.10.egg-info/SOURCES.txt
[1.279s] -- Symlinking: /home/srl/lbr-stack/install/lbr_bringup/local/lib/python3.10/dist-packages/lbr_bringup-2.2.1-py3.10.egg-info/dependency_links.txt
[1.286s] -- Symlinking: /home/srl/lbr-stack/install/lbr_bringup/local/lib/python3.10/dist-packages/lbr_bringup-2.2.1-py3.10.egg-info/top_level.txt
[1.293s] -- Symlinking: /home/srl/lbr-stack/install/lbr_bringup/local/lib/python3.10/dist-packages/lbr_bringup/__init__.py
[1.299s] -- Symlinking: /home/srl/lbr-stack/install/lbr_bringup/local/lib/python3.10/dist-packages/lbr_bringup/description.py
[1.306s] -- Symlinking: /home/srl/lbr-stack/install/lbr_bringup/local/lib/python3.10/dist-packages/lbr_bringup/gazebo.py
[1.313s] -- Symlinking: /home/srl/lbr-stack/install/lbr_bringup/local/lib/python3.10/dist-packages/lbr_bringup/moveit.py
[1.320s] -- Symlinking: /home/srl/lbr-stack/install/lbr_bringup/local/lib/python3.10/dist-packages/lbr_bringup/ros2_control.py
[1.327s] -- Symlinking: /home/srl/lbr-stack/install/lbr_bringup/local/lib/python3.10/dist-packages/lbr_bringup/rviz.py
[1.336s] -- Symlinking: /home/srl/lbr-stack/install/lbr_bringup/share/ament_index/resource_index/package_run_dependencies/lbr_bringup
[1.345s] -- Symlinking: /home/srl/lbr-stack/install/lbr_bringup/share/ament_index/resource_index/parent_prefix_path/lbr_bringup
[1.356s] -- Symlinking: /home/srl/lbr-stack/install/lbr_bringup/share/lbr_bringup/environment/ament_prefix_path.sh
[1.367s] -- Symlinking: /home/srl/lbr-stack/install/lbr_bringup/share/lbr_bringup/environment/ament_prefix_path.dsv
[1.376s] -- Symlinking: /home/srl/lbr-stack/install/lbr_bringup/share/lbr_bringup/environment/path.sh
[1.384s] -- Symlinking: /home/srl/lbr-stack/install/lbr_bringup/share/lbr_bringup/environment/path.dsv
[1.393s] -- Symlinking: /home/srl/lbr-stack/install/lbr_bringup/share/lbr_bringup/local_setup.bash
[1.402s] -- Symlinking: /home/srl/lbr-stack/install/lbr_bringup/share/lbr_bringup/local_setup.sh
[1.410s] -- Symlinking: /home/srl/lbr-stack/install/lbr_bringup/share/lbr_bringup/local_setup.zsh
[1.420s] -- Symlinking: /home/srl/lbr-stack/install/lbr_bringup/share/lbr_bringup/local_setup.dsv
[1.427s] -- Symlinking: /home/srl/lbr-stack/install/lbr_bringup/share/lbr_bringup/package.dsv
[1.434s] -- Symlinking: /home/srl/lbr-stack/install/lbr_bringup/share/ament_index/resource_index/packages/lbr_bringup
[1.443s] -- Symlinking: /home/srl/lbr-stack/install/lbr_bringup/share/lbr_bringup/cmake/lbr_bringupConfig.cmake
[1.452s] -- Symlinking: /home/srl/lbr-stack/install/lbr_bringup/share/lbr_bringup/cmake/lbr_bringupConfig-version.cmake
[1.461s] -- Symlinking: /home/srl/lbr-stack/install/lbr_bringup/share/lbr_bringup/package.xml
[1.502s] Listing '/home/srl/lbr-stack/install/lbr_bringup/local/lib/python3.10/dist-packages/lbr_bringup'...
[1.502s] Compiling '/home/srl/lbr-stack/install/lbr_bringup/local/lib/python3.10/dist-packages/lbr_bringup/__init__.py'...
[1.502s] Compiling '/home/srl/lbr-stack/install/lbr_bringup/local/lib/python3.10/dist-packages/lbr_bringup/description.py'...
[1.502s] Compiling '/home/srl/lbr-stack/install/lbr_bringup/local/lib/python3.10/dist-packages/lbr_bringup/gazebo.py'...
[1.502s] Compiling '/home/srl/lbr-stack/install/lbr_bringup/local/lib/python3.10/dist-packages/lbr_bringup/moveit.py'...
[1.502s] Compiling '/home/srl/lbr-stack/install/lbr_bringup/local/lib/python3.10/dist-packages/lbr_bringup/ros2_control.py'...
[1.502s] Compiling '/home/srl/lbr-stack/install/lbr_bringup/local/lib/python3.10/dist-packages/lbr_bringup/rviz.py'...
[1.509s] Invoked command in '/home/srl/lbr-stack/build/lbr_bringup' returned '0': CMAKE_PREFIX_PATH=/home/srl/lbr-stack/install/lbr_ros2_control:/home/srl/lbr-stack/install/lbr_fri_ros2:/home/srl/lbr-stack/install/lbr_description:/home/srl/lbr-stack/install/ros_gz_bridge:/home/srl/lbr-stack/install/lbr_fri_idl:/home/srl/lbr-stack/install/ign_ros2_control:/home/srl/lbr-stack/install/ros_gz_sim:/home/srl/lbr-stack/install/ros_gz_interfaces:/home/srl/lbr-stack/install/gz_ros2_control:/home/srl/lbr-stack/install/fri_client_sdk:/home/srl/lbr-stack/install/test_ros_gz_bridge:/home/srl/lbr-stack/install/test_package:/home/srl/lbr-stack/install/ros_ign_interfaces:/home/srl/lbr-stack/install/ros_ign:/home/srl/lbr-stack/install/ros_ign_image:/home/srl/lbr-stack/install/ros_ign_gazebo_demos:/home/srl/lbr-stack/install/ros_ign_gazebo:/home/srl/lbr-stack/install/ros_ign_bridge:/home/srl/lbr-stack/install/ros_gz:/home/srl/lbr-stack/install/ros_gz_sim_demos:/home/srl/lbr-stack/install/lbr_fri_ros2_stack:/home/srl/lbr-stack/install/lbr_demos_cpp:/home/srl/lbr-stack/install/lbr_bringup:/home/srl/lbr-stack/install/ign_ros2_control_demos:/home/srl/lbr-stack/install/gz_ros2_control_demos:/home/srl/lbr-stack/install/ros_gz_image:/home/srl/lbr-stack/install/my_package:/home/srl/lbr-stack/install/med7_moveit_config:/home/srl/lbr-stack/install/med14_moveit_config:/home/srl/lbr-stack/install/lbr_moveit_cpp:/home/srl/lbr-stack/install/lbr_gazebo_models:/home/srl/lbr-stack/install/lbr_demos_advanced_cpp:/home/srl/lbr-stack/install/iiwa7_moveit_config:/home/srl/lbr-stack/install/iiwa14_moveit_config:/home/srl/lbr-stack/install/gz_ros2_control_tests:/home/srl/lbr-stack/install/lbr_demos_py:/home/srl/lbr-stack/install/lbr_moveit:/home/srl/lbr-stack/install/lbr_demos_advanced_py:/opt/ros/humble LD_LIBRARY_PATH=/home/srl/lbr-stack/install/lbr_fri_ros2/lib:/home/srl/lbr-stack/install/ros_gz_bridge/lib:/home/srl/lbr-stack/install/lbr_fri_idl/lib:/home/srl/lbr-stack/install/ros_gz_sim/lib:/home/srl/lbr-stack/install/ros_gz_interfaces/lib:/home/srl/lbr-stack/install/gz_ros2_control/lib:/home/srl/lbr-stack/install/fri_client_sdk/lib:/home/srl/lbr-stack/install/test_package/lib:/home/srl/lbr-stack/install/ros_ign_interfaces/lib:/home/srl/lbr-stack/install/lbr_ros2_control/lib:/home/srl/lbr-stack/install/lbr_demos_advanced_cpp/lib:/usr/lib/x86_64-linux-gnu/gazebo-11/plugins:/opt/ros/humble/opt/rviz_ogre_vendor/lib:/opt/ros/humble/lib/x86_64-linux-gnu:/opt/ros/humble/lib /usr/bin/cmake --install /home/srl/lbr-stack/build/lbr_bringup
