[0.000000] (-) TimerEvent: {}
[0.000315] (-) JobUnselected: {'identifier': 'fri_client_sdk'}
[0.000345] (-) JobUnselected: {'identifier': 'gz_ros2_control'}
[0.000366] (-) JobUnselected: {'identifier': 'gz_ros2_control_demos'}
[0.000386] (-) JobUnselected: {'identifier': 'gz_ros2_control_tests'}
[0.000407] (-) JobUnselected: {'identifier': 'ign_ros2_control'}
[0.000426] (-) JobUnselected: {'identifier': 'ign_ros2_control_demos'}
[0.000446] (-) JobUnselected: {'identifier': 'iiwa14_moveit_config'}
[0.000466] (-) JobUnselected: {'identifier': 'iiwa7_moveit_config'}
[0.000486] (-) JobUnselected: {'identifier': 'lbr_bringup'}
[0.000505] (-) JobUnselected: {'identifier': 'lbr_demos_advanced_cpp'}
[0.000523] (-) JobUnselected: {'identifier': 'lbr_demos_advanced_py'}
[0.000542] (-) JobUnselected: {'identifier': 'lbr_demos_cpp'}
[0.000561] (-) JobUnselected: {'identifier': 'lbr_demos_py'}
[0.000587] (-) JobUnselected: {'identifier': 'lbr_description'}
[0.000612] (-) JobUnselected: {'identifier': 'lbr_fri_idl'}
[0.000630] (-) JobUnselected: {'identifier': 'lbr_fri_ros2'}
[0.000648] (-) JobUnselected: {'identifier': 'lbr_fri_ros2_stack'}
[0.000666] (-) JobUnselected: {'identifier': 'lbr_gazebo_models'}
[0.000683] (-) JobUnselected: {'identifier': 'lbr_moveit'}
[0.000702] (-) JobUnselected: {'identifier': 'lbr_moveit_cpp'}
[0.000720] (-) JobUnselected: {'identifier': 'lbr_ros2_control'}
[0.000738] (-) JobUnselected: {'identifier': 'med14_moveit_config'}
[0.000755] (-) JobUnselected: {'identifier': 'med7_moveit_config'}
[0.000774] (-) JobUnselected: {'identifier': 'my_package'}
[0.000792] (-) JobUnselected: {'identifier': 'ros_gz'}
[0.000810] (-) JobUnselected: {'identifier': 'ros_gz_bridge'}
[0.000827] (-) JobUnselected: {'identifier': 'ros_gz_image'}
[0.000845] (-) JobUnselected: {'identifier': 'ros_gz_interfaces'}
[0.000863] (-) JobUnselected: {'identifier': 'ros_gz_sim'}
[0.000881] (-) JobUnselected: {'identifier': 'ros_gz_sim_demos'}
[0.000902] (-) JobUnselected: {'identifier': 'ros_ign'}
[0.000916] (-) JobUnselected: {'identifier': 'ros_ign_bridge'}
[0.000930] (-) JobUnselected: {'identifier': 'ros_ign_gazebo'}
[0.000945] (-) JobUnselected: {'identifier': 'ros_ign_gazebo_demos'}
[0.000959] (-) JobUnselected: {'identifier': 'ros_ign_image'}
[0.000973] (-) JobUnselected: {'identifier': 'ros_ign_interfaces'}
[0.000987] (-) JobUnselected: {'identifier': 'test_package'}
[0.001001] (-) JobUnselected: {'identifier': 'test_ros_gz_bridge'}
[0.001016] (-) EventReactorShutdown: {}
