[0.161s] Invoking command in '/home/srl/lbr-stack/build/my_package': CMAKE_PREFIX_PATH=${CMAKE_PREFIX_PATH}:/home/srl/lbr-stack/install/lbr_demos_py:/home/srl/lbr-stack/install/lbr_moveit:/home/srl/lbr-stack/install/lbr_demos_advanced_py:/opt/ros/humble /usr/bin/cmake --build /home/srl/lbr-stack/build/my_package -- -j20 -l20
[0.193s] [35m[1mConsolidate compiler generated dependencies of target position_control[0m
[0.198s] [ 25%] Built target command_listener
[0.199s] [ 25%] Built target robot_info_controller
[0.199s] [ 37%] Built target robot_info
[0.200s] [ 50%] Built target reset_position
[0.200s] [ 62%] Built target command_publisher2
[0.202s] [ 75%] Built target end_effector_position_node
[0.203s] [ 81%] [32mBuilding CXX object CMakeFiles/position_control.dir/src/position_control.cpp.o[0m
[0.204s] [ 93%] Built target command_publisher3
[5.139s] [100%] [32m[1mLinking CXX executable position_control[0m
[5.403s] [100%] Built target position_control
[5.412s] Invoked command in '/home/srl/lbr-stack/build/my_package' returned '0': CMAKE_PREFIX_PATH=${CMAKE_PREFIX_PATH}:/home/srl/lbr-stack/install/lbr_demos_py:/home/srl/lbr-stack/install/lbr_moveit:/home/srl/lbr-stack/install/lbr_demos_advanced_py:/opt/ros/humble /usr/bin/cmake --build /home/srl/lbr-stack/build/my_package -- -j20 -l20
[5.413s] Invoking command in '/home/srl/lbr-stack/build/my_package': CMAKE_PREFIX_PATH=${CMAKE_PREFIX_PATH}:/home/srl/lbr-stack/install/lbr_demos_py:/home/srl/lbr-stack/install/lbr_moveit:/home/srl/lbr-stack/install/lbr_demos_advanced_py:/opt/ros/humble /usr/bin/cmake --install /home/srl/lbr-stack/build/my_package
[5.419s] -- Install configuration: ""
[5.419s] -- Execute custom install script
[5.419s] -- Up-to-date symlink: /home/srl/lbr-stack/install/my_package/lib/my_package/command_publisher2
[5.419s] -- Up-to-date symlink: /home/srl/lbr-stack/install/my_package/lib/my_package/command_listener
[5.420s] -- Up-to-date symlink: /home/srl/lbr-stack/install/my_package/lib/my_package/command_publisher3
[5.420s] -- Up-to-date symlink: /home/srl/lbr-stack/install/my_package/lib/my_package/reset_position
[5.420s] -- Up-to-date symlink: /home/srl/lbr-stack/install/my_package/lib/my_package/robot_info
[5.420s] -- Up-to-date symlink: /home/srl/lbr-stack/install/my_package/lib/my_package/robot_info_controller
[5.420s] -- Up-to-date symlink: /home/srl/lbr-stack/install/my_package/lib/my_package/end_effector_position_node
[5.420s] -- Up-to-date symlink: /home/srl/lbr-stack/install/my_package/lib/my_package/position_control
[5.420s] -- Up-to-date symlink: /home/srl/lbr-stack/install/my_package/share/my_package/my.launch.py
[5.420s] -- Up-to-date symlink: /home/srl/lbr-stack/install/my_package/share/my_package/my_launch2.launch.py
[5.420s] -- Up-to-date symlink: /home/srl/lbr-stack/install/my_package/share/my_package/my_launch3.launch.py
[5.420s] -- Up-to-date symlink: /home/srl/lbr-stack/install/my_package/share/my_package/my_launch_rviz.launch.py
[5.420s] -- Up-to-date symlink: /home/srl/lbr-stack/install/my_package/share/my_package/my_reset.launch.py
[5.420s] -- Up-to-date symlink: /home/srl/lbr-stack/install/my_package/share/my_package/my_robot_info.launch.py
[5.420s] -- Up-to-date symlink: /home/srl/lbr-stack/install/my_package/share/ament_index/resource_index/package_run_dependencies/my_package
[5.420s] -- Up-to-date symlink: /home/srl/lbr-stack/install/my_package/share/ament_index/resource_index/parent_prefix_path/my_package
[5.420s] -- Up-to-date symlink: /home/srl/lbr-stack/install/my_package/share/my_package/environment/ament_prefix_path.sh
[5.420s] -- Up-to-date symlink: /home/srl/lbr-stack/install/my_package/share/my_package/environment/ament_prefix_path.dsv
[5.421s] -- Up-to-date symlink: /home/srl/lbr-stack/install/my_package/share/my_package/environment/path.sh
[5.421s] -- Up-to-date symlink: /home/srl/lbr-stack/install/my_package/share/my_package/environment/path.dsv
[5.421s] -- Up-to-date symlink: /home/srl/lbr-stack/install/my_package/share/my_package/local_setup.bash
[5.421s] -- Up-to-date symlink: /home/srl/lbr-stack/install/my_package/share/my_package/local_setup.sh
[5.421s] -- Up-to-date symlink: /home/srl/lbr-stack/install/my_package/share/my_package/local_setup.zsh
[5.421s] -- Up-to-date symlink: /home/srl/lbr-stack/install/my_package/share/my_package/local_setup.dsv
[5.421s] -- Symlinking: /home/srl/lbr-stack/install/my_package/share/my_package/package.dsv
[5.426s] -- Up-to-date symlink: /home/srl/lbr-stack/install/my_package/share/ament_index/resource_index/packages/my_package
[5.426s] -- Up-to-date symlink: /home/srl/lbr-stack/install/my_package/share/my_package/cmake/my_packageConfig.cmake
[5.427s] -- Up-to-date symlink: /home/srl/lbr-stack/install/my_package/share/my_package/cmake/my_packageConfig-version.cmake
[5.427s] -- Up-to-date symlink: /home/srl/lbr-stack/install/my_package/share/my_package/package.xml
[5.428s] Invoked command in '/home/srl/lbr-stack/build/my_package' returned '0': CMAKE_PREFIX_PATH=${CMAKE_PREFIX_PATH}:/home/srl/lbr-stack/install/lbr_demos_py:/home/srl/lbr-stack/install/lbr_moveit:/home/srl/lbr-stack/install/lbr_demos_advanced_py:/opt/ros/humble /usr/bin/cmake --install /home/srl/lbr-stack/build/my_package
