[0.162s] Invoking command in '/home/srl/lbr-stack/build/my_package': CMAKE_PREFIX_PATH=${CMAKE_PREFIX_PATH}:/home/srl/lbr-stack/install/lbr_demos_py:/home/srl/lbr-stack/install/lbr_moveit:/home/srl/lbr-stack/install/lbr_demos_advanced_py:/opt/ros/humble /usr/bin/cmake --build /home/srl/lbr-stack/build/my_package -- -j20 -l20
[0.186s] -- Found ament_cmake: 1.3.11 (/opt/ros/humble/share/ament_cmake/cmake)
[0.300s] -- Override CMake install command with custom implementation using symlinks instead of copying resources
[0.306s] -- Found std_msgs: 4.8.0 (/opt/ros/humble/share/std_msgs/cmake)
[0.321s] -- Found rosidl_generator_c: 3.1.6 (/opt/ros/humble/share/rosidl_generator_c/cmake)
[0.322s] -- Found rosidl_adapter: 3.1.6 (/opt/ros/humble/share/rosidl_adapter/cmake)
[0.326s] -- Found rosidl_generator_cpp: 3.1.6 (/opt/ros/humble/share/rosidl_generator_cpp/cmake)
[0.332s] -- Using all available rosidl_typesupport_c: rosidl_typesupport_fastrtps_c;rosidl_typesupport_introspection_c
[0.339s] -- Using all available rosidl_typesupport_cpp: rosidl_typesupport_fastrtps_cpp;rosidl_typesupport_introspection_cpp
[0.353s] -- Found sensor_msgs: 4.8.0 (/opt/ros/humble/share/sensor_msgs/cmake)
[0.370s] -- Found rclcpp: 16.0.12 (/opt/ros/humble/share/rclcpp/cmake)
[0.384s] -- Found rmw_implementation_cmake: 6.1.2 (/opt/ros/humble/share/rmw_implementation_cmake/cmake)
[0.385s] -- Found rmw_fastrtps_cpp: 6.2.7 (/opt/ros/humble/share/rmw_fastrtps_cpp/cmake)
[0.457s] -- Using RMW implementation 'rmw_fastrtps_cpp' as default
[0.481s] -- Found control_msgs: 4.8.0 (/opt/ros/humble/share/control_msgs/cmake)
[0.521s] -- Found rclpy: 3.3.16 (/opt/ros/humble/share/rclpy/cmake)
[0.527s] [31mCMake Error at CMakeLists.txt:17 (find_package):
[0.527s]   By not providing "Findmoveit_commander.cmake" in CMAKE_MODULE_PATH this
[0.528s]   project has asked CMake to find a package configuration file provided by
[0.528s]   "moveit_commander", but CMake did not find one.
[0.528s] 
[0.528s]   Could not find a package configuration file provided by "moveit_commander"
[0.528s]   with any of the following names:
[0.528s] 
[0.528s]     moveit_commanderConfig.cmake
[0.528s]     moveit_commander-config.cmake
[0.528s] 
[0.528s]   Add the installation prefix of "moveit_commander" to CMAKE_PREFIX_PATH or
[0.528s]   set "moveit_commander_DIR" to a directory containing one of the above
[0.528s]   files.  If "moveit_commander" provides a separate development package or
[0.528s]   SDK, be sure it has been installed.
[0.528s] 
[0.528s] [0m
[0.528s] -- Configuring incomplete, errors occurred!
[0.528s] See also "/home/srl/lbr-stack/build/my_package/CMakeFiles/CMakeOutput.log".
[0.532s] gmake: *** [Makefile:513: cmake_check_build_system] Error 1
[0.533s] Invoked command in '/home/srl/lbr-stack/build/my_package' returned '2': CMAKE_PREFIX_PATH=${CMAKE_PREFIX_PATH}:/home/srl/lbr-stack/install/lbr_demos_py:/home/srl/lbr-stack/install/lbr_moveit:/home/srl/lbr-stack/install/lbr_demos_advanced_py:/opt/ros/humble /usr/bin/cmake --build /home/srl/lbr-stack/build/my_package -- -j20 -l20
