[0.182s] Invoking command in '/home/srl/lbr-stack/build/my_package': CMAKE_PREFIX_PATH=${CMAKE_PREFIX_PATH}:/home/srl/lbr-stack/install/lbr_demos_py:/home/srl/lbr-stack/install/lbr_moveit:/home/srl/lbr-stack/install/lbr_demos_advanced_py:/home/srl/ros2_ws/install/simple_gui:/opt/ros/humble /usr/bin/cmake --build /home/srl/lbr-stack/build/my_package -- -j20 -l20
[0.222s] -- Found ament_cmake: 1.3.11 (/opt/ros/humble/share/ament_cmake/cmake)
[0.337s] -- Override CMake install command with custom implementation using symlinks instead of copying resources
[0.344s] -- Found std_msgs: 4.8.0 (/opt/ros/humble/share/std_msgs/cmake)
[0.383s] -- Found rosidl_generator_c: 3.1.6 (/opt/ros/humble/share/rosidl_generator_c/cmake)
[0.385s] -- Found rosidl_adapter: 3.1.6 (/opt/ros/humble/share/rosidl_adapter/cmake)
[0.394s] -- Found rosidl_generator_cpp: 3.1.6 (/opt/ros/humble/share/rosidl_generator_cpp/cmake)
[0.407s] -- Using all available rosidl_typesupport_c: rosidl_typesupport_fastrtps_c;rosidl_typesupport_introspection_c
[0.420s] -- Using all available rosidl_typesupport_cpp: rosidl_typesupport_fastrtps_cpp;rosidl_typesupport_introspection_cpp
[0.440s] -- Found sensor_msgs: 4.8.0 (/opt/ros/humble/share/sensor_msgs/cmake)
[0.464s] -- Found rclcpp: 16.0.12 (/opt/ros/humble/share/rclcpp/cmake)
[0.485s] -- Found rmw_implementation_cmake: 6.1.2 (/opt/ros/humble/share/rmw_implementation_cmake/cmake)
[0.486s] -- Found rmw_fastrtps_cpp: 6.2.7 (/opt/ros/humble/share/rmw_fastrtps_cpp/cmake)
[0.583s] -- Using RMW implementation 'rmw_fastrtps_cpp' as default
[0.611s] -- Found control_msgs: 4.8.0 (/opt/ros/humble/share/control_msgs/cmake)
[0.664s] -- Found ament_lint_auto: 0.12.12 (/opt/ros/humble/share/ament_lint_auto/cmake)
[0.742s] -- Added test 'cppcheck' to perform static code analysis on C / C++ code
[0.743s] -- Configured cppcheck include dirs: 
[0.743s] -- Configured cppcheck exclude dirs and/or files: 
[0.744s] -- Added test 'flake8' to check Python code syntax and style conventions
[0.745s] -- Added test 'lint_cmake' to check CMake code style
[0.746s] -- Added test 'pep257' to check Python code against some of the docstring style conventions in PEP 257
[0.751s] -- Added test 'uncrustify' to check C / C++ code style
[0.751s] -- Configured uncrustify additional arguments: 
[0.752s] -- Added test 'xmllint' to check XML markup files
[0.752s] -- Configuring done
[0.766s] -- Generating done
[0.771s] -- Build files have been written to: /home/srl/lbr-stack/build/my_package
[0.801s] [35m[1mConsolidate compiler generated dependencies of target command_listener[0m
[0.802s] [35m[1mConsolidate compiler generated dependencies of target command_publisher2[0m
[0.802s] [35m[1mConsolidate compiler generated dependencies of target command_publisher3[0m
[0.819s] [ 66%] Built target command_publisher2
[0.819s] [ 66%] Built target command_listener
[0.825s] [ 83%] [32mBuilding CXX object CMakeFiles/command_publisher3.dir/src/command_publisher3.cpp.o[0m
[6.361s] [100%] [32m[1mLinking CXX executable command_publisher3[0m
[6.659s] [100%] Built target command_publisher3
[6.667s] Invoked command in '/home/srl/lbr-stack/build/my_package' returned '0': CMAKE_PREFIX_PATH=${CMAKE_PREFIX_PATH}:/home/srl/lbr-stack/install/lbr_demos_py:/home/srl/lbr-stack/install/lbr_moveit:/home/srl/lbr-stack/install/lbr_demos_advanced_py:/home/srl/ros2_ws/install/simple_gui:/opt/ros/humble /usr/bin/cmake --build /home/srl/lbr-stack/build/my_package -- -j20 -l20
[6.668s] Invoking command in '/home/srl/lbr-stack/build/my_package': CMAKE_PREFIX_PATH=${CMAKE_PREFIX_PATH}:/home/srl/lbr-stack/install/lbr_demos_py:/home/srl/lbr-stack/install/lbr_moveit:/home/srl/lbr-stack/install/lbr_demos_advanced_py:/home/srl/ros2_ws/install/simple_gui:/opt/ros/humble /usr/bin/cmake --install /home/srl/lbr-stack/build/my_package
[6.677s] -- Install configuration: ""
[6.677s] -- Execute custom install script
[6.677s] -- Up-to-date symlink: /home/srl/lbr-stack/install/my_package/lib/my_package/command_publisher2
[6.677s] -- Up-to-date symlink: /home/srl/lbr-stack/install/my_package/lib/my_package/command_listener
[6.677s] -- Up-to-date symlink: /home/srl/lbr-stack/install/my_package/lib/my_package/command_publisher3
[6.677s] -- Up-to-date symlink: /home/srl/lbr-stack/install/my_package/share/my_package/my.launch.py
[6.677s] -- Up-to-date symlink: /home/srl/lbr-stack/install/my_package/share/my_package/my_launch2.launch.py
[6.677s] -- Up-to-date symlink: /home/srl/lbr-stack/install/my_package/share/my_package/my_launch3.launch.py
[6.678s] -- Up-to-date symlink: /home/srl/lbr-stack/install/my_package/share/ament_index/resource_index/package_run_dependencies/my_package
[6.678s] -- Up-to-date symlink: /home/srl/lbr-stack/install/my_package/share/ament_index/resource_index/parent_prefix_path/my_package
[6.678s] -- Up-to-date symlink: /home/srl/lbr-stack/install/my_package/share/my_package/environment/ament_prefix_path.sh
[6.678s] -- Up-to-date symlink: /home/srl/lbr-stack/install/my_package/share/my_package/environment/ament_prefix_path.dsv
[6.678s] -- Up-to-date symlink: /home/srl/lbr-stack/install/my_package/share/my_package/environment/path.sh
[6.678s] -- Up-to-date symlink: /home/srl/lbr-stack/install/my_package/share/my_package/environment/path.dsv
[6.678s] -- Up-to-date symlink: /home/srl/lbr-stack/install/my_package/share/my_package/local_setup.bash
[6.678s] -- Up-to-date symlink: /home/srl/lbr-stack/install/my_package/share/my_package/local_setup.sh
[6.678s] -- Up-to-date symlink: /home/srl/lbr-stack/install/my_package/share/my_package/local_setup.zsh
[6.678s] -- Up-to-date symlink: /home/srl/lbr-stack/install/my_package/share/my_package/local_setup.dsv
[6.678s] -- Symlinking: /home/srl/lbr-stack/install/my_package/share/my_package/package.dsv
[6.686s] -- Up-to-date symlink: /home/srl/lbr-stack/install/my_package/share/ament_index/resource_index/packages/my_package
[6.686s] -- Up-to-date symlink: /home/srl/lbr-stack/install/my_package/share/my_package/cmake/my_packageConfig.cmake
[6.686s] -- Up-to-date symlink: /home/srl/lbr-stack/install/my_package/share/my_package/cmake/my_packageConfig-version.cmake
[6.686s] -- Up-to-date symlink: /home/srl/lbr-stack/install/my_package/share/my_package/package.xml
[6.689s] Invoked command in '/home/srl/lbr-stack/build/my_package' returned '0': CMAKE_PREFIX_PATH=${CMAKE_PREFIX_PATH}:/home/srl/lbr-stack/install/lbr_demos_py:/home/srl/lbr-stack/install/lbr_moveit:/home/srl/lbr-stack/install/lbr_demos_advanced_py:/home/srl/ros2_ws/install/simple_gui:/opt/ros/humble /usr/bin/cmake --install /home/srl/lbr-stack/build/my_package
