[0.008s] Invoking command in '/home/srl/lbr-stack/build/my_package': CMAKE_PREFIX_PATH=${CMAKE_PREFIX_PATH}:/home/srl/lbr-stack/install/lbr_demos_py:/home/srl/lbr-stack/install/lbr_moveit:/home/srl/lbr-stack/install/lbr_demos_advanced_py:/opt/ros/humble /usr/bin/cmake /home/srl/lbr-stack/src/my_package -DCMAKE_INSTALL_PREFIX=/home/srl/lbr-stack/install/my_package
[0.018s] -- Found ament_cmake: 1.3.11 (/opt/ros/humble/share/ament_cmake/cmake)
[0.104s] -- Override CMake install command with custom implementation using symlinks instead of copying resources
[0.107s] -- Found std_msgs: 4.8.0 (/opt/ros/humble/share/std_msgs/cmake)
[0.123s] -- Found rosidl_generator_c: 3.1.6 (/opt/ros/humble/share/rosidl_generator_c/cmake)
[0.124s] -- Found rosidl_adapter: 3.1.6 (/opt/ros/humble/share/rosidl_adapter/cmake)
[0.127s] -- Found rosidl_generator_cpp: 3.1.6 (/opt/ros/humble/share/rosidl_generator_cpp/cmake)
[0.133s] -- Using all available rosidl_typesupport_c: rosidl_typesupport_fastrtps_c;rosidl_typesupport_introspection_c
[0.140s] -- Using all available rosidl_typesupport_cpp: rosidl_typesupport_fastrtps_cpp;rosidl_typesupport_introspection_cpp
[0.152s] -- Found sensor_msgs: 4.8.0 (/opt/ros/humble/share/sensor_msgs/cmake)
[0.167s] -- Found rclcpp: 16.0.12 (/opt/ros/humble/share/rclcpp/cmake)
[0.181s] -- Found rmw_implementation_cmake: 6.1.2 (/opt/ros/humble/share/rmw_implementation_cmake/cmake)
[0.182s] -- Found rmw_fastrtps_cpp: 6.2.7 (/opt/ros/humble/share/rmw_fastrtps_cpp/cmake)
[0.253s] -- Using RMW implementation 'rmw_fastrtps_cpp' as default
[0.272s] -- Found control_msgs: 4.8.0 (/opt/ros/humble/share/control_msgs/cmake)
[0.306s] -- Found rclpy: 3.3.16 (/opt/ros/humble/share/rclpy/cmake)
[0.306s] -- Found gazebo_ros: 3.9.0 (/opt/ros/humble/share/gazebo_ros/cmake)
[0.329s] -- Found DART: /usr/include (Required is at least version "6.6") found components: dart 
[0.348s] -- Found Protobuf: /usr/lib/x86_64-linux-gnu/libprotobuf.so (found version "3.12.4") 
[0.349s] -- Looking for ignition-math6 -- found version 6.15.1
[0.351s] -- Searching for dependencies of ignition-math6
[0.352s] -- Looking for OGRE...
[0.357s] -- Found Ogre Ghadamon (1.9.0)
[0.357s] -- Found OGRE: optimized;/usr/lib/x86_64-linux-gnu/libOgreMain.so;debug;/usr/lib/x86_64-linux-gnu/libOgreMain.so
[0.363s] -- Looking for OGRE_Paging...
[0.363s] -- Found OGRE_Paging: optimized;/usr/lib/x86_64-linux-gnu/libOgrePaging.so;debug;/usr/lib/x86_64-linux-gnu/libOgrePaging.so
[0.363s] -- Looking for OGRE_Terrain...
[0.363s] -- Found OGRE_Terrain: optimized;/usr/lib/x86_64-linux-gnu/libOgreTerrain.so;debug;/usr/lib/x86_64-linux-gnu/libOgreTerrain.so
[0.363s] -- Looking for OGRE_Property...
[0.363s] -- Found OGRE_Property: optimized;/usr/lib/x86_64-linux-gnu/libOgreProperty.so;debug;/usr/lib/x86_64-linux-gnu/libOgreProperty.so
[0.363s] -- Looking for OGRE_RTShaderSystem...
[0.363s] -- Found OGRE_RTShaderSystem: optimized;/usr/lib/x86_64-linux-gnu/libOgreRTShaderSystem.so;debug;/usr/lib/x86_64-linux-gnu/libOgreRTShaderSystem.so
[0.363s] -- Looking for OGRE_Volume...
[0.363s] -- Found OGRE_Volume: optimized;/usr/lib/x86_64-linux-gnu/libOgreVolume.so;debug;/usr/lib/x86_64-linux-gnu/libOgreVolume.so
[0.363s] -- Looking for OGRE_Overlay...
[0.363s] -- Found OGRE_Overlay: optimized;/usr/lib/x86_64-linux-gnu/libOgreOverlay.so;debug;/usr/lib/x86_64-linux-gnu/libOgreOverlay.so
[0.463s] -- Looking for ignition-math6 -- found version 6.15.1
[0.463s] -- Looking for ignition-transport8 -- found version 8.2.1
[0.463s] -- Searching for dependencies of ignition-transport8
[0.475s] -- Found Protobuf: /usr/lib/x86_64-linux-gnu/libprotobuf.so (found suitable version "3.12.4", minimum required is "3") 
[0.482s] -- Config-file not installed for ZeroMQ -- checking for pkg-config
[0.486s] -- Checking for module 'libzmq >= 4'
[0.497s] --   Found libzmq , version 4.3.4
[0.545s] -- Checking for module 'uuid'
[0.561s] --   Found uuid, version 2.37.2
[0.610s] -- Looking for ignition-msgs5 -- found version 5.8.1
[0.610s] -- Searching for dependencies of ignition-msgs5
[0.626s] -- Looking for ignition-math6 -- found version 6.15.1
[0.630s] -- Checking for module 'tinyxml2'
[0.643s] --   Found tinyxml2, version 9.0.0
[0.671s] -- Looking for ignition-msgs5 -- found version 5.8.1
[0.672s] -- Looking for ignition-common3 -- found version 3.14.0
[0.672s] -- Searching for dependencies of ignition-common3
[0.672s] -- Looking for dlfcn.h - found
[0.672s] -- Looking for libdl - found
[0.683s] -- Searching for <ignition-common3> component [graphics]
[0.683s] -- Looking for ignition-common3-graphics -- found version 3.14.0
[0.684s] -- Searching for dependencies of ignition-common3-graphics
[0.684s] -- Looking for ignition-math6 -- found version 6.15.1
[0.685s] -- Looking for ignition-fuel_tools4 -- found version 4.4.0
[0.685s] -- Searching for dependencies of ignition-fuel_tools4
[0.725s] -- Checking for module 'jsoncpp'
[0.743s] --   Found jsoncpp, version 1.9.5
[0.808s] -- Checking for module 'libzip'
[0.835s] --   Found libzip, version 1.7.3
[0.893s] -- Looking for ignition-common3 -- found version 3.14.0
[0.893s] -- Looking for ignition-math6 -- found version 6.15.1
[0.893s] -- Looking for ignition-msgs5 -- found version 5.8.1
[0.895s] -- Gazebo version: 11.10
[0.896s] -- Looking for ignition-math6 -- found version 6.15.1
[0.896s] -- Found ament_lint_auto: 0.12.12 (/opt/ros/humble/share/ament_lint_auto/cmake)
[0.953s] -- Found tf2_ros: 0.25.12 (/opt/ros/humble/share/tf2_ros/cmake)
[0.986s] -- Found tf2_geometry_msgs: 0.25.12 (/opt/ros/humble/share/tf2_geometry_msgs/cmake)
[0.987s] -- Found eigen3_cmake_module: 0.1.1 (/opt/ros/humble/share/eigen3_cmake_module/cmake)
[0.988s] -- Ensuring Eigen3 include directory is part of orocos-kdl CMake target
[1.000s] -- Added test 'cppcheck' to perform static code analysis on C / C++ code
[1.000s] -- Configured cppcheck include dirs: 
[1.000s] -- Configured cppcheck exclude dirs and/or files: 
[1.001s] -- Added test 'flake8' to check Python code syntax and style conventions
[1.002s] -- Added test 'lint_cmake' to check CMake code style
[1.003s] -- Added test 'pep257' to check Python code against some of the docstring style conventions in PEP 257
[1.006s] -- Added test 'uncrustify' to check C / C++ code style
[1.006s] -- Configured uncrustify additional arguments: 
[1.007s] -- Added test 'xmllint' to check XML markup files
[1.007s] -- Configuring done
[1.026s] -- Generating done
[1.035s] -- Build files have been written to: /home/srl/lbr-stack/build/my_package
[1.043s] Invoked command in '/home/srl/lbr-stack/build/my_package' returned '0': CMAKE_PREFIX_PATH=${CMAKE_PREFIX_PATH}:/home/srl/lbr-stack/install/lbr_demos_py:/home/srl/lbr-stack/install/lbr_moveit:/home/srl/lbr-stack/install/lbr_demos_advanced_py:/opt/ros/humble /usr/bin/cmake /home/srl/lbr-stack/src/my_package -DCMAKE_INSTALL_PREFIX=/home/srl/lbr-stack/install/my_package
[1.044s] Invoking command in '/home/srl/lbr-stack/build/my_package': CMAKE_PREFIX_PATH=${CMAKE_PREFIX_PATH}:/home/srl/lbr-stack/install/lbr_demos_py:/home/srl/lbr-stack/install/lbr_moveit:/home/srl/lbr-stack/install/lbr_demos_advanced_py:/opt/ros/humble /usr/bin/cmake --build /home/srl/lbr-stack/build/my_package -- -j20 -l20
[1.082s] [35m[1mConsolidate compiler generated dependencies of target command_publisher3[0m
[1.082s] [35m[1mConsolidate compiler generated dependencies of target robot_info[0m
[1.082s] [35m[1mConsolidate compiler generated dependencies of target reset_position[0m
[1.082s] [35m[1mConsolidate compiler generated dependencies of target command_publisher2[0m
[1.082s] [35m[1mConsolidate compiler generated dependencies of target position_control[0m
[1.082s] [35m[1mConsolidate compiler generated dependencies of target end_effector_position_node[0m
[1.083s] [35m[1mConsolidate compiler generated dependencies of target robot_info_controller[0m
[1.084s] [35m[1mConsolidate compiler generated dependencies of target command_listener[0m
[1.098s] [ 18%] Built target command_publisher2
[1.098s] [ 25%] Built target reset_position
[1.098s] [ 37%] Built target end_effector_position_node
[1.098s] [ 50%] Built target command_publisher3
[1.099s] [ 62%] Built target command_listener
[1.101s] [ 75%] Built target robot_info
[1.101s] [ 87%] Built target position_control
[1.102s] [100%] Built target robot_info_controller
[1.112s] Invoked command in '/home/srl/lbr-stack/build/my_package' returned '0': CMAKE_PREFIX_PATH=${CMAKE_PREFIX_PATH}:/home/srl/lbr-stack/install/lbr_demos_py:/home/srl/lbr-stack/install/lbr_moveit:/home/srl/lbr-stack/install/lbr_demos_advanced_py:/opt/ros/humble /usr/bin/cmake --build /home/srl/lbr-stack/build/my_package -- -j20 -l20
[1.118s] Invoking command in '/home/srl/lbr-stack/build/my_package': CMAKE_PREFIX_PATH=${CMAKE_PREFIX_PATH}:/home/srl/lbr-stack/install/lbr_demos_py:/home/srl/lbr-stack/install/lbr_moveit:/home/srl/lbr-stack/install/lbr_demos_advanced_py:/opt/ros/humble /usr/bin/cmake --install /home/srl/lbr-stack/build/my_package
[1.122s] -- Install configuration: ""
[1.122s] -- Execute custom install script
[1.122s] -- Up-to-date symlink: /home/srl/lbr-stack/install/my_package/lib/my_package/position_control_gui.py
[1.122s] -- Up-to-date symlink: /home/srl/lbr-stack/install/my_package/lib/my_package/command_publisher2
[1.122s] -- Up-to-date symlink: /home/srl/lbr-stack/install/my_package/lib/my_package/command_listener
[1.122s] -- Up-to-date symlink: /home/srl/lbr-stack/install/my_package/lib/my_package/command_publisher3
[1.123s] -- Up-to-date symlink: /home/srl/lbr-stack/install/my_package/lib/my_package/reset_position
[1.123s] -- Up-to-date symlink: /home/srl/lbr-stack/install/my_package/lib/my_package/robot_info
[1.123s] -- Up-to-date symlink: /home/srl/lbr-stack/install/my_package/lib/my_package/robot_info_controller
[1.123s] -- Up-to-date symlink: /home/srl/lbr-stack/install/my_package/lib/my_package/end_effector_position_node
[1.123s] -- Up-to-date symlink: /home/srl/lbr-stack/install/my_package/lib/my_package/position_control
[1.123s] -- Up-to-date symlink: /home/srl/lbr-stack/install/my_package/share/my_package/launch/gazebo_complete.launch.py
[1.123s] -- Up-to-date symlink: /home/srl/lbr-stack/install/my_package/share/my_package/launch/gazebo_hardware.launch.py
[1.123s] -- Up-to-date symlink: /home/srl/lbr-stack/install/my_package/share/my_package/launch/gazebo_hw_robot.launch.py
[1.123s] -- Up-to-date symlink: /home/srl/lbr-stack/install/my_package/share/my_package/launch/gazebo_move.launch.py
[1.123s] -- Up-to-date symlink: /home/srl/lbr-stack/install/my_package/share/my_package/launch/gazebo_simu_robot.launch.py
[1.124s] -- Up-to-date symlink: /home/srl/lbr-stack/install/my_package/share/my_package/launch/hardware_gazebo_joint_control.launch.py
[1.124s] -- Up-to-date symlink: /home/srl/lbr-stack/install/my_package/share/my_package/launch/move_group_hw.launch.py
[1.124s] -- Up-to-date symlink: /home/srl/lbr-stack/install/my_package/share/my_package/launch/my.launch.py
[1.124s] -- Up-to-date symlink: /home/srl/lbr-stack/install/my_package/share/my_package/launch/my_launch2.launch.py
[1.124s] -- Up-to-date symlink: /home/srl/lbr-stack/install/my_package/share/my_package/launch/my_launch3.launch.py
[1.124s] -- Up-to-date symlink: /home/srl/lbr-stack/install/my_package/share/my_package/launch/my_launch_rviz.launch.py
[1.124s] -- Up-to-date symlink: /home/srl/lbr-stack/install/my_package/share/my_package/launch/my_position.launch.py
[1.124s] -- Up-to-date symlink: /home/srl/lbr-stack/install/my_package/share/my_package/launch/my_reset.launch.py
[1.124s] -- Up-to-date symlink: /home/srl/lbr-stack/install/my_package/share/my_package/launch/my_robot_info.launch.py
[1.124s] -- Up-to-date symlink: /home/srl/lbr-stack/install/my_package/share/ament_index/resource_index/package_run_dependencies/my_package
[1.124s] -- Up-to-date symlink: /home/srl/lbr-stack/install/my_package/share/ament_index/resource_index/parent_prefix_path/my_package
[1.124s] -- Up-to-date symlink: /home/srl/lbr-stack/install/my_package/share/my_package/environment/ament_prefix_path.sh
[1.124s] -- Up-to-date symlink: /home/srl/lbr-stack/install/my_package/share/my_package/environment/ament_prefix_path.dsv
[1.124s] -- Up-to-date symlink: /home/srl/lbr-stack/install/my_package/share/my_package/environment/path.sh
[1.124s] -- Up-to-date symlink: /home/srl/lbr-stack/install/my_package/share/my_package/environment/path.dsv
[1.125s] -- Up-to-date symlink: /home/srl/lbr-stack/install/my_package/share/my_package/local_setup.bash
[1.125s] -- Up-to-date symlink: /home/srl/lbr-stack/install/my_package/share/my_package/local_setup.sh
[1.125s] -- Up-to-date symlink: /home/srl/lbr-stack/install/my_package/share/my_package/local_setup.zsh
[1.125s] -- Up-to-date symlink: /home/srl/lbr-stack/install/my_package/share/my_package/local_setup.dsv
[1.125s] -- Symlinking: /home/srl/lbr-stack/install/my_package/share/my_package/package.dsv
[1.131s] -- Up-to-date symlink: /home/srl/lbr-stack/install/my_package/share/ament_index/resource_index/packages/my_package
[1.131s] -- Up-to-date symlink: /home/srl/lbr-stack/install/my_package/share/my_package/cmake/my_packageConfig.cmake
[1.131s] -- Up-to-date symlink: /home/srl/lbr-stack/install/my_package/share/my_package/cmake/my_packageConfig-version.cmake
[1.131s] -- Up-to-date symlink: /home/srl/lbr-stack/install/my_package/share/my_package/package.xml
[1.133s] Invoked command in '/home/srl/lbr-stack/build/my_package' returned '0': CMAKE_PREFIX_PATH=${CMAKE_PREFIX_PATH}:/home/srl/lbr-stack/install/lbr_demos_py:/home/srl/lbr-stack/install/lbr_moveit:/home/srl/lbr-stack/install/lbr_demos_advanced_py:/opt/ros/humble /usr/bin/cmake --install /home/srl/lbr-stack/build/my_package
