[0.008s] Invoking command in '/home/srl/lbr-stack/src/build/my_package': CMAKE_PREFIX_PATH=${CMAKE_PREFIX_PATH}:/home/srl/lbr-stack/install/lbr_moveit:/opt/ros/humble /usr/bin/cmake /home/srl/lbr-stack/src/my_package -DCMAKE_INSTALL_PREFIX=/home/srl/lbr-stack/src/install/my_package
[0.043s] -- Found ament_cmake: 1.3.11 (/opt/ros/humble/share/ament_cmake/cmake)
[0.125s] -- Override CMake install command with custom implementation using symlinks instead of copying resources
[0.136s] -- Found std_msgs: 4.8.0 (/opt/ros/humble/share/std_msgs/cmake)
[0.156s] -- Found rosidl_generator_c: 3.1.6 (/opt/ros/humble/share/rosidl_generator_c/cmake)
[0.158s] -- Found rosidl_adapter: 3.1.6 (/opt/ros/humble/share/rosidl_adapter/cmake)
[0.163s] -- Found rosidl_generator_cpp: 3.1.6 (/opt/ros/humble/share/rosidl_generator_cpp/cmake)
[0.172s] -- Using all available rosidl_typesupport_c: rosidl_typesupport_fastrtps_c;rosidl_typesupport_introspection_c
[0.182s] -- Using all available rosidl_typesupport_cpp: rosidl_typesupport_fastrtps_cpp;rosidl_typesupport_introspection_cpp
[0.197s] -- Found sensor_msgs: 4.8.0 (/opt/ros/humble/share/sensor_msgs/cmake)
[0.218s] -- Found rclcpp: 16.0.12 (/opt/ros/humble/share/rclcpp/cmake)
[0.238s] -- Found rmw_implementation_cmake: 6.1.2 (/opt/ros/humble/share/rmw_implementation_cmake/cmake)
[0.239s] -- Found rmw_fastrtps_cpp: 6.2.7 (/opt/ros/humble/share/rmw_fastrtps_cpp/cmake)
[0.317s] -- Using RMW implementation 'rmw_fastrtps_cpp' as default
[0.348s] -- Found control_msgs: 4.8.0 (/opt/ros/humble/share/control_msgs/cmake)
[0.392s] -- Found rclpy: 3.3.16 (/opt/ros/humble/share/rclpy/cmake)
[0.398s] [31mCMake Error at CMakeLists.txt:16 (find_package):
[0.398s]   By not providing "Findgazebo_ros.cmake" in CMAKE_MODULE_PATH this project
[0.398s]   has asked CMake to find a package configuration file provided by
[0.398s]   "gazebo_ros", but CMake did not find one.
[0.398s] 
[0.398s]   Could not find a package configuration file provided by "gazebo_ros" with
[0.398s]   any of the following names:
[0.398s] 
[0.398s]     gazebo_rosConfig.cmake
[0.398s]     gazebo_ros-config.cmake
[0.398s] 
[0.398s]   Add the installation prefix of "gazebo_ros" to CMAKE_PREFIX_PATH or set
[0.398s]   "gazebo_ros_DIR" to a directory containing one of the above files.  If
[0.398s]   "gazebo_ros" provides a separate development package or SDK, be sure it has
[0.398s]   been installed.
[0.398s] 
[0.398s] [0m
[0.398s] -- Configuring incomplete, errors occurred!
[0.398s] See also "/home/srl/lbr-stack/src/build/my_package/CMakeFiles/CMakeOutput.log".
[0.404s] Invoked command in '/home/srl/lbr-stack/src/build/my_package' returned '1': CMAKE_PREFIX_PATH=${CMAKE_PREFIX_PATH}:/home/srl/lbr-stack/install/lbr_moveit:/opt/ros/humble /usr/bin/cmake /home/srl/lbr-stack/src/my_package -DCMAKE_INSTALL_PREFIX=/home/srl/lbr-stack/src/install/my_package
