[0.433s] Invoking command in '/home/srl/lbr-stack/src/build/lbr_demos_advanced_py': AMENT_PREFIX_PATH=/home/srl/lbr-stack/src/install/lbr_fri_ros2:/home/srl/lbr-stack/src/install/lbr_fri_idl:/home/srl/lbr-stack/src/install/lbr_description:${AMENT_PREFIX_PATH} CMAKE_PREFIX_PATH=/home/srl/lbr-stack/src/install/lbr_fri_ros2:/home/srl/lbr-stack/src/install/lbr_fri_idl:/home/srl/lbr-stack/src/install/lbr_description:/home/srl/lbr-stack/src/install/fri_client_sdk:${CMAKE_PREFIX_PATH} LD_LIBRARY_PATH=/home/srl/lbr-stack/src/install/lbr_fri_ros2/lib:/home/srl/lbr-stack/src/install/lbr_fri_idl/lib:/home/srl/lbr-stack/src/install/fri_client_sdk/lib:${LD_LIBRARY_PATH} PKG_CONFIG_PATH=/home/srl/lbr-stack/src/install/fri_client_sdk/lib/x86_64-linux-gnu/pkgconfig:/home/srl/lbr-stack/src/install/fri_client_sdk/lib/pkgconfig:${PKG_CONFIG_PATH} PYTHONPATH=/home/srl/lbr-stack/src/build/lbr_demos_advanced_py/prefix_override:/usr/lib/python3/dist-packages/colcon_core/task/python/colcon_distutils_commands:/home/srl/lbr-stack/src/install/lbr_demos_advanced_py/lib/python3.10/site-packages:/home/srl/lbr-stack/src/install/lbr_fri_idl/local/lib/python3.10/dist-packages:${PYTHONPATH} /usr/bin/python3 -W ignore:setup.py install is deprecated -W ignore:easy_install command is deprecated setup.py develop --editable --build-directory /home/srl/lbr-stack/src/build/lbr_demos_advanced_py/build --no-deps symlink_data
[0.603s] running develop
[0.702s] running egg_info
[0.702s] creating lbr_demos_advanced_py.egg-info
[0.702s] writing lbr_demos_advanced_py.egg-info/PKG-INFO
[0.702s] writing dependency_links to lbr_demos_advanced_py.egg-info/dependency_links.txt
[0.702s] writing entry points to lbr_demos_advanced_py.egg-info/entry_points.txt
[0.702s] writing requirements to lbr_demos_advanced_py.egg-info/requires.txt
[0.702s] writing top-level names to lbr_demos_advanced_py.egg-info/top_level.txt
[0.702s] writing manifest file 'lbr_demos_advanced_py.egg-info/SOURCES.txt'
[0.704s] reading manifest file 'lbr_demos_advanced_py.egg-info/SOURCES.txt'
[0.704s] writing manifest file 'lbr_demos_advanced_py.egg-info/SOURCES.txt'
[0.705s] running build_ext
[0.705s] Creating /home/srl/lbr-stack/src/install/lbr_demos_advanced_py/lib/python3.10/site-packages/lbr-demos-advanced-py.egg-link (link to .)
[0.706s] Installing admittance_control script to /home/srl/lbr-stack/src/install/lbr_demos_advanced_py/lib/lbr_demos_advanced_py
[0.706s] Installing admittance_rcm_control script to /home/srl/lbr-stack/src/install/lbr_demos_advanced_py/lib/lbr_demos_advanced_py
[0.706s] 
[0.706s] Installed /home/srl/lbr-stack/src/build/lbr_demos_advanced_py
[0.706s] running symlink_data
[0.706s] creating /home/srl/lbr-stack/src/install/lbr_demos_advanced_py/share/ament_index
[0.706s] creating /home/srl/lbr-stack/src/install/lbr_demos_advanced_py/share/ament_index/resource_index
[0.706s] creating /home/srl/lbr-stack/src/install/lbr_demos_advanced_py/share/ament_index/resource_index/packages
[0.706s] symbolically linking /home/srl/lbr-stack/src/build/lbr_demos_advanced_py/resource/lbr_demos_advanced_py -> /home/srl/lbr-stack/src/install/lbr_demos_advanced_py/share/ament_index/resource_index/packages
[0.706s] symbolically linking /home/srl/lbr-stack/src/build/lbr_demos_advanced_py/package.xml -> /home/srl/lbr-stack/src/install/lbr_demos_advanced_py/share/lbr_demos_advanced_py
[0.706s] creating /home/srl/lbr-stack/src/install/lbr_demos_advanced_py/share/lbr_demos_advanced_py/config
[0.706s] symbolically linking /home/srl/lbr-stack/src/build/lbr_demos_advanced_py/config/admittance_rcm_control.yaml -> /home/srl/lbr-stack/src/install/lbr_demos_advanced_py/share/lbr_demos_advanced_py/config
[0.706s] symbolically linking /home/srl/lbr-stack/src/build/lbr_demos_advanced_py/config/admittance_control.yaml -> /home/srl/lbr-stack/src/install/lbr_demos_advanced_py/share/lbr_demos_advanced_py/config
[0.727s] Invoked command in '/home/srl/lbr-stack/src/build/lbr_demos_advanced_py' returned '0': AMENT_PREFIX_PATH=/home/srl/lbr-stack/src/install/lbr_fri_ros2:/home/srl/lbr-stack/src/install/lbr_fri_idl:/home/srl/lbr-stack/src/install/lbr_description:${AMENT_PREFIX_PATH} CMAKE_PREFIX_PATH=/home/srl/lbr-stack/src/install/lbr_fri_ros2:/home/srl/lbr-stack/src/install/lbr_fri_idl:/home/srl/lbr-stack/src/install/lbr_description:/home/srl/lbr-stack/src/install/fri_client_sdk:${CMAKE_PREFIX_PATH} LD_LIBRARY_PATH=/home/srl/lbr-stack/src/install/lbr_fri_ros2/lib:/home/srl/lbr-stack/src/install/lbr_fri_idl/lib:/home/srl/lbr-stack/src/install/fri_client_sdk/lib:${LD_LIBRARY_PATH} PKG_CONFIG_PATH=/home/srl/lbr-stack/src/install/fri_client_sdk/lib/x86_64-linux-gnu/pkgconfig:/home/srl/lbr-stack/src/install/fri_client_sdk/lib/pkgconfig:${PKG_CONFIG_PATH} PYTHONPATH=/home/srl/lbr-stack/src/build/lbr_demos_advanced_py/prefix_override:/usr/lib/python3/dist-packages/colcon_core/task/python/colcon_distutils_commands:/home/srl/lbr-stack/src/install/lbr_demos_advanced_py/lib/python3.10/site-packages:/home/srl/lbr-stack/src/install/lbr_fri_idl/local/lib/python3.10/dist-packages:${PYTHONPATH} /usr/bin/python3 -W ignore:setup.py install is deprecated -W ignore:easy_install command is deprecated setup.py develop --editable --build-directory /home/srl/lbr-stack/src/build/lbr_demos_advanced_py/build --no-deps symlink_data
