[0.015s] Invoking command in '/home/srl/lbr-stack/src/build/command_control': CMAKE_PREFIX_PATH=${CMAKE_PREFIX_PATH}:/home/srl/lbr-stack/install/lbr_demos_py:/home/srl/lbr-stack/install/lbr_moveit:/home/srl/lbr-stack/install/lbr_demos_advanced_py:/home/srl/ros2_ws/install/simple_gui:/opt/ros/humble /usr/bin/cmake /home/srl/lbr-stack/src/command_control -DAMENT_CMAKE_SYMLINK_INSTALL=1 -DCMAKE_INSTALL_PREFIX=/home/srl/lbr-stack/src/install/command_control
[0.193s] -- The C compiler identification is GNU 11.4.0
[0.193s] -- The CXX compiler identification is GNU 11.4.0
[0.193s] -- Detecting C compiler ABI info
[0.193s] -- Detecting C compiler ABI info - done
[0.193s] -- Check for working C compiler: /usr/bin/cc - skipped
[0.193s] -- Detecting C compile features
[0.193s] -- Detecting C compile features - done
[0.196s] -- Detecting CXX compiler ABI info
[0.265s] -- Detecting CXX compiler ABI info - done
[0.271s] -- Check for working CXX compiler: /usr/bin/c++ - skipped
[0.271s] -- Detecting CXX compile features
[0.272s] -- Detecting CXX compile features - done
[0.275s] -- Found ament_cmake: 1.3.11 (/opt/ros/humble/share/ament_cmake/cmake)
[0.454s] -- Found Python3: /usr/bin/python3 (found version "3.10.12") found components: Interpreter 
[0.531s] -- Override CMake install command with custom implementation using symlinks instead of copying resources
[0.582s] -- Found std_msgs: 4.8.0 (/opt/ros/humble/share/std_msgs/cmake)
[0.623s] -- Found rosidl_generator_c: 3.1.6 (/opt/ros/humble/share/rosidl_generator_c/cmake)
[0.631s] -- Found rosidl_adapter: 3.1.6 (/opt/ros/humble/share/rosidl_adapter/cmake)
[0.641s] -- Found rosidl_generator_cpp: 3.1.6 (/opt/ros/humble/share/rosidl_generator_cpp/cmake)
[0.654s] -- Using all available rosidl_typesupport_c: rosidl_typesupport_fastrtps_c;rosidl_typesupport_introspection_c
[0.670s] -- Using all available rosidl_typesupport_cpp: rosidl_typesupport_fastrtps_cpp;rosidl_typesupport_introspection_cpp
[0.692s] -- Found sensor_msgs: 4.8.0 (/opt/ros/humble/share/sensor_msgs/cmake)
[0.718s] -- Found rclcpp: 16.0.12 (/opt/ros/humble/share/rclcpp/cmake)
[0.764s] -- Found rmw_implementation_cmake: 6.1.2 (/opt/ros/humble/share/rmw_implementation_cmake/cmake)
[0.768s] -- Found rmw_fastrtps_cpp: 6.2.7 (/opt/ros/humble/share/rmw_fastrtps_cpp/cmake)
[0.864s] -- Found OpenSSL: /usr/lib/x86_64-linux-gnu/libcrypto.so (found version "3.0.2")  
[0.893s] -- Found FastRTPS: /opt/ros/humble/include  
[0.944s] -- Using RMW implementation 'rmw_fastrtps_cpp' as default
[0.956s] -- Looking for pthread.h
[1.022s] -- Looking for pthread.h - found
[1.023s] -- Performing Test CMAKE_HAVE_LIBC_PTHREAD
[1.104s] -- Performing Test CMAKE_HAVE_LIBC_PTHREAD - Success
[1.105s] -- Found Threads: TRUE  
[1.153s] -- Found ament_lint_auto: 0.12.12 (/opt/ros/humble/share/ament_lint_auto/cmake)
[1.235s] -- Added test 'cppcheck' to perform static code analysis on C / C++ code
[1.235s] -- Configured cppcheck include dirs: 
[1.235s] -- Configured cppcheck exclude dirs and/or files: 
[1.236s] -- Added test 'flake8' to check Python code syntax and style conventions
[1.237s] -- Added test 'lint_cmake' to check CMake code style
[1.238s] -- Added test 'pep257' to check Python code against some of the docstring style conventions in PEP 257
[1.239s] -- Added test 'uncrustify' to check C / C++ code style
[1.239s] -- Configured uncrustify additional arguments: 
[1.240s] -- Added test 'xmllint' to check XML markup files
[1.242s] -- Configuring done
[1.249s] -- Generating done
[1.252s] -- Build files have been written to: /home/srl/lbr-stack/src/build/command_control
[1.261s] Invoked command in '/home/srl/lbr-stack/src/build/command_control' returned '0': CMAKE_PREFIX_PATH=${CMAKE_PREFIX_PATH}:/home/srl/lbr-stack/install/lbr_demos_py:/home/srl/lbr-stack/install/lbr_moveit:/home/srl/lbr-stack/install/lbr_demos_advanced_py:/home/srl/ros2_ws/install/simple_gui:/opt/ros/humble /usr/bin/cmake /home/srl/lbr-stack/src/command_control -DAMENT_CMAKE_SYMLINK_INSTALL=1 -DCMAKE_INSTALL_PREFIX=/home/srl/lbr-stack/src/install/command_control
[1.263s] Invoking command in '/home/srl/lbr-stack/src/build/command_control': CMAKE_PREFIX_PATH=${CMAKE_PREFIX_PATH}:/home/srl/lbr-stack/install/lbr_demos_py:/home/srl/lbr-stack/install/lbr_moveit:/home/srl/lbr-stack/install/lbr_demos_advanced_py:/home/srl/ros2_ws/install/simple_gui:/opt/ros/humble /usr/bin/cmake --build /home/srl/lbr-stack/src/build/command_control -- -j20 -l20
[1.309s] [ 50%] [32mBuilding CXX object CMakeFiles/command_publisher2.dir/src/command_publisher2.cpp.o[0m
[8.133s] [100%] [32m[1mLinking CXX executable command_publisher2[0m
[8.403s] [100%] Built target command_publisher2
[8.413s] Invoked command in '/home/srl/lbr-stack/src/build/command_control' returned '0': CMAKE_PREFIX_PATH=${CMAKE_PREFIX_PATH}:/home/srl/lbr-stack/install/lbr_demos_py:/home/srl/lbr-stack/install/lbr_moveit:/home/srl/lbr-stack/install/lbr_demos_advanced_py:/home/srl/ros2_ws/install/simple_gui:/opt/ros/humble /usr/bin/cmake --build /home/srl/lbr-stack/src/build/command_control -- -j20 -l20
[8.414s] Invoking command in '/home/srl/lbr-stack/src/build/command_control': CMAKE_PREFIX_PATH=${CMAKE_PREFIX_PATH}:/home/srl/lbr-stack/install/lbr_demos_py:/home/srl/lbr-stack/install/lbr_moveit:/home/srl/lbr-stack/install/lbr_demos_advanced_py:/home/srl/ros2_ws/install/simple_gui:/opt/ros/humble /usr/bin/cmake --install /home/srl/lbr-stack/src/build/command_control
[8.419s] -- Install configuration: ""
[8.419s] -- Execute custom install script
[8.419s] -- Symlinking: /home/srl/lbr-stack/src/install/command_control/lib/command_control/command_publisher2
[8.425s] -- Symlinking: /home/srl/lbr-stack/src/install/command_control/share/ament_index/resource_index/package_run_dependencies/command_control
[8.434s] -- Symlinking: /home/srl/lbr-stack/src/install/command_control/share/ament_index/resource_index/parent_prefix_path/command_control
[8.440s] -- Symlinking: /home/srl/lbr-stack/src/install/command_control/share/command_control/environment/ament_prefix_path.sh
[8.448s] -- Symlinking: /home/srl/lbr-stack/src/install/command_control/share/command_control/environment/ament_prefix_path.dsv
[8.456s] -- Symlinking: /home/srl/lbr-stack/src/install/command_control/share/command_control/environment/path.sh
[8.463s] -- Symlinking: /home/srl/lbr-stack/src/install/command_control/share/command_control/environment/path.dsv
[8.469s] -- Symlinking: /home/srl/lbr-stack/src/install/command_control/share/command_control/local_setup.bash
[8.477s] -- Symlinking: /home/srl/lbr-stack/src/install/command_control/share/command_control/local_setup.sh
[8.483s] -- Symlinking: /home/srl/lbr-stack/src/install/command_control/share/command_control/local_setup.zsh
[8.491s] -- Symlinking: /home/srl/lbr-stack/src/install/command_control/share/command_control/local_setup.dsv
[8.496s] -- Symlinking: /home/srl/lbr-stack/src/install/command_control/share/command_control/package.dsv
[8.503s] -- Symlinking: /home/srl/lbr-stack/src/install/command_control/share/ament_index/resource_index/packages/command_control
[8.511s] -- Symlinking: /home/srl/lbr-stack/src/install/command_control/share/command_control/cmake/command_controlConfig.cmake
[8.516s] -- Symlinking: /home/srl/lbr-stack/src/install/command_control/share/command_control/cmake/command_controlConfig-version.cmake
[8.523s] -- Symlinking: /home/srl/lbr-stack/src/install/command_control/share/command_control/package.xml
[8.530s] Invoked command in '/home/srl/lbr-stack/src/build/command_control' returned '0': CMAKE_PREFIX_PATH=${CMAKE_PREFIX_PATH}:/home/srl/lbr-stack/install/lbr_demos_py:/home/srl/lbr-stack/install/lbr_moveit:/home/srl/lbr-stack/install/lbr_demos_advanced_py:/home/srl/ros2_ws/install/simple_gui:/opt/ros/humble /usr/bin/cmake --install /home/srl/lbr-stack/src/build/command_control
