-- The C compiler identification is GNU 11.4.0
-- The CXX compiler identification is GNU 11.4.0
-- Detecting C compiler ABI info
-- Detecting C compiler ABI info - done
-- Check for working C compiler: /usr/bin/cc - skipped
-- Detecting C compile features
-- Detecting C compile features - done
-- Detecting CXX compiler ABI info
-- Detecting CXX compiler ABI info - done
-- Check for working CXX compiler: /usr/bin/c++ - skipped
-- Detecting CXX compile features
-- Detecting CXX compile features - done
-- Found ament_cmake: 1.3.11 (/opt/ros/humble/share/ament_cmake/cmake)
-- Found Python3: /usr/bin/python3 (found version "3.10.12") found components: Interpreter 
-- Override CMake install command with custom implementation using symlinks instead of copying resources
-- Found ament_lint_auto: 0.12.12 (/opt/ros/humble/share/ament_lint_auto/cmake)
-- Added test 'cppcheck' to perform static code analysis on C / C++ code
-- Configured cppcheck include dirs: 
-- Configured cppcheck exclude dirs and/or files: 
-- Added test 'flake8' to check Python code syntax and style conventions
-- Added test 'lint_cmake' to check CMake code style
-- Added test 'pep257' to check Python code against some of the docstring style conventions in PEP 257
-- Added test 'uncrustify' to check C / C++ code style
-- Configured uncrustify additional arguments: 
-- Added test 'xmllint' to check XML markup files
-- Configuring done
-- Generating done
-- Build files have been written to: /home/srl/lbr-stack/src/lbr_gazebo_models/build/lbr_gazebo_models
-- Install configuration: ""
-- Execute custom install script
-- Symlinking: /home/srl/lbr-stack/src/lbr_gazebo_models/install/lbr_gazebo_models/share/ament_index/resource_index/package_run_dependencies/lbr_gazebo_models
-- Symlinking: /home/srl/lbr-stack/src/lbr_gazebo_models/install/lbr_gazebo_models/share/ament_index/resource_index/parent_prefix_path/lbr_gazebo_models
-- Symlinking: /home/srl/lbr-stack/src/lbr_gazebo_models/install/lbr_gazebo_models/share/lbr_gazebo_models/environment/ament_prefix_path.sh
-- Symlinking: /home/srl/lbr-stack/src/lbr_gazebo_models/install/lbr_gazebo_models/share/lbr_gazebo_models/environment/ament_prefix_path.dsv
-- Symlinking: /home/srl/lbr-stack/src/lbr_gazebo_models/install/lbr_gazebo_models/share/lbr_gazebo_models/environment/path.sh
-- Symlinking: /home/srl/lbr-stack/src/lbr_gazebo_models/install/lbr_gazebo_models/share/lbr_gazebo_models/environment/path.dsv
-- Symlinking: /home/srl/lbr-stack/src/lbr_gazebo_models/install/lbr_gazebo_models/share/lbr_gazebo_models/local_setup.bash
-- Symlinking: /home/srl/lbr-stack/src/lbr_gazebo_models/install/lbr_gazebo_models/share/lbr_gazebo_models/local_setup.sh
-- Symlinking: /home/srl/lbr-stack/src/lbr_gazebo_models/install/lbr_gazebo_models/share/lbr_gazebo_models/local_setup.zsh
-- Symlinking: /home/srl/lbr-stack/src/lbr_gazebo_models/install/lbr_gazebo_models/share/lbr_gazebo_models/local_setup.dsv
-- Symlinking: /home/srl/lbr-stack/src/lbr_gazebo_models/install/lbr_gazebo_models/share/lbr_gazebo_models/package.dsv
-- Symlinking: /home/srl/lbr-stack/src/lbr_gazebo_models/install/lbr_gazebo_models/share/ament_index/resource_index/packages/lbr_gazebo_models
-- Symlinking: /home/srl/lbr-stack/src/lbr_gazebo_models/install/lbr_gazebo_models/share/lbr_gazebo_models/cmake/lbr_gazebo_modelsConfig.cmake
-- Symlinking: /home/srl/lbr-stack/src/lbr_gazebo_models/install/lbr_gazebo_models/share/lbr_gazebo_models/cmake/lbr_gazebo_modelsConfig-version.cmake
-- Symlinking: /home/srl/lbr-stack/src/lbr_gazebo_models/install/lbr_gazebo_models/share/lbr_gazebo_models/package.xml
