[0.006s] Invoking command in '/home/srl/lbr-stack/src/lbr_gazebo_models/build/lbr_gazebo_models': CMAKE_PREFIX_PATH=${CMAKE_PREFIX_PATH}:/opt/ros/humble:/home/srl/lbr-stack/install/lbr_demos_py:/home/srl/lbr-stack/install/lbr_moveit:/home/srl/lbr-stack/install/lbr_demos_advanced_py /usr/bin/cmake /home/srl/lbr-stack/src/lbr_gazebo_models -DAMENT_CMAKE_SYMLINK_INSTALL=1 -DCMAKE_INSTALL_PREFIX=/home/srl/lbr-stack/src/lbr_gazebo_models/install/lbr_gazebo_models
[0.101s] -- The C compiler identification is GNU 11.4.0
[0.175s] -- The CXX compiler identification is GNU 11.4.0
[0.181s] -- Detecting C compiler ABI info
[0.233s] -- Detecting C compiler ABI info - done
[0.237s] -- Check for working C compiler: /usr/bin/cc - skipped
[0.237s] -- Detecting C compile features
[0.238s] -- Detecting C compile features - done
[0.240s] -- Detecting CXX compiler ABI info
[0.298s] -- Detecting CXX compiler ABI info - done
[0.302s] -- Check for working CXX compiler: /usr/bin/c++ - skipped
[0.302s] -- Detecting CXX compile features
[0.303s] -- Detecting CXX compile features - done
[0.305s] -- Found ament_cmake: 1.3.11 (/opt/ros/humble/share/ament_cmake/cmake)
[0.421s] -- Found Python3: /usr/bin/python3 (found version "3.10.12") found components: Interpreter 
[0.469s] -- Override CMake install command with custom implementation using symlinks instead of copying resources
[0.501s] -- Found ament_lint_auto: 0.12.12 (/opt/ros/humble/share/ament_lint_auto/cmake)
[0.557s] -- Added test 'cppcheck' to perform static code analysis on C / C++ code
[0.557s] -- Configured cppcheck include dirs: 
[0.557s] -- Configured cppcheck exclude dirs and/or files: 
[0.558s] -- Added test 'flake8' to check Python code syntax and style conventions
[0.559s] -- Added test 'lint_cmake' to check CMake code style
[0.559s] -- Added test 'pep257' to check Python code against some of the docstring style conventions in PEP 257
[0.561s] -- Added test 'uncrustify' to check C / C++ code style
[0.562s] -- Configured uncrustify additional arguments: 
[0.562s] -- Added test 'xmllint' to check XML markup files
[0.563s] -- Configuring done
[0.565s] -- Generating done
[0.565s] -- Build files have been written to: /home/srl/lbr-stack/src/lbr_gazebo_models/build/lbr_gazebo_models
[0.569s] Invoked command in '/home/srl/lbr-stack/src/lbr_gazebo_models/build/lbr_gazebo_models' returned '0': CMAKE_PREFIX_PATH=${CMAKE_PREFIX_PATH}:/opt/ros/humble:/home/srl/lbr-stack/install/lbr_demos_py:/home/srl/lbr-stack/install/lbr_moveit:/home/srl/lbr-stack/install/lbr_demos_advanced_py /usr/bin/cmake /home/srl/lbr-stack/src/lbr_gazebo_models -DAMENT_CMAKE_SYMLINK_INSTALL=1 -DCMAKE_INSTALL_PREFIX=/home/srl/lbr-stack/src/lbr_gazebo_models/install/lbr_gazebo_models
[0.570s] Invoking command in '/home/srl/lbr-stack/src/lbr_gazebo_models/build/lbr_gazebo_models': CMAKE_PREFIX_PATH=${CMAKE_PREFIX_PATH}:/opt/ros/humble:/home/srl/lbr-stack/install/lbr_demos_py:/home/srl/lbr-stack/install/lbr_moveit:/home/srl/lbr-stack/install/lbr_demos_advanced_py /usr/bin/cmake --build /home/srl/lbr-stack/src/lbr_gazebo_models/build/lbr_gazebo_models -- -j20 -l20
[0.598s] Invoked command in '/home/srl/lbr-stack/src/lbr_gazebo_models/build/lbr_gazebo_models' returned '0': CMAKE_PREFIX_PATH=${CMAKE_PREFIX_PATH}:/opt/ros/humble:/home/srl/lbr-stack/install/lbr_demos_py:/home/srl/lbr-stack/install/lbr_moveit:/home/srl/lbr-stack/install/lbr_demos_advanced_py /usr/bin/cmake --build /home/srl/lbr-stack/src/lbr_gazebo_models/build/lbr_gazebo_models -- -j20 -l20
[0.604s] Invoking command in '/home/srl/lbr-stack/src/lbr_gazebo_models/build/lbr_gazebo_models': CMAKE_PREFIX_PATH=${CMAKE_PREFIX_PATH}:/opt/ros/humble:/home/srl/lbr-stack/install/lbr_demos_py:/home/srl/lbr-stack/install/lbr_moveit:/home/srl/lbr-stack/install/lbr_demos_advanced_py /usr/bin/cmake --install /home/srl/lbr-stack/src/lbr_gazebo_models/build/lbr_gazebo_models
[0.608s] -- Install configuration: ""
[0.608s] -- Execute custom install script
[0.609s] -- Symlinking: /home/srl/lbr-stack/src/lbr_gazebo_models/install/lbr_gazebo_models/share/ament_index/resource_index/package_run_dependencies/lbr_gazebo_models
[0.615s] -- Symlinking: /home/srl/lbr-stack/src/lbr_gazebo_models/install/lbr_gazebo_models/share/ament_index/resource_index/parent_prefix_path/lbr_gazebo_models
[0.622s] -- Symlinking: /home/srl/lbr-stack/src/lbr_gazebo_models/install/lbr_gazebo_models/share/lbr_gazebo_models/environment/ament_prefix_path.sh
[0.631s] -- Symlinking: /home/srl/lbr-stack/src/lbr_gazebo_models/install/lbr_gazebo_models/share/lbr_gazebo_models/environment/ament_prefix_path.dsv
[0.638s] -- Symlinking: /home/srl/lbr-stack/src/lbr_gazebo_models/install/lbr_gazebo_models/share/lbr_gazebo_models/environment/path.sh
[0.644s] -- Symlinking: /home/srl/lbr-stack/src/lbr_gazebo_models/install/lbr_gazebo_models/share/lbr_gazebo_models/environment/path.dsv
[0.652s] -- Symlinking: /home/srl/lbr-stack/src/lbr_gazebo_models/install/lbr_gazebo_models/share/lbr_gazebo_models/local_setup.bash
[0.658s] -- Symlinking: /home/srl/lbr-stack/src/lbr_gazebo_models/install/lbr_gazebo_models/share/lbr_gazebo_models/local_setup.sh
[0.664s] -- Symlinking: /home/srl/lbr-stack/src/lbr_gazebo_models/install/lbr_gazebo_models/share/lbr_gazebo_models/local_setup.zsh
[0.673s] -- Symlinking: /home/srl/lbr-stack/src/lbr_gazebo_models/install/lbr_gazebo_models/share/lbr_gazebo_models/local_setup.dsv
[0.681s] -- Symlinking: /home/srl/lbr-stack/src/lbr_gazebo_models/install/lbr_gazebo_models/share/lbr_gazebo_models/package.dsv
[0.686s] -- Symlinking: /home/srl/lbr-stack/src/lbr_gazebo_models/install/lbr_gazebo_models/share/ament_index/resource_index/packages/lbr_gazebo_models
[0.692s] -- Symlinking: /home/srl/lbr-stack/src/lbr_gazebo_models/install/lbr_gazebo_models/share/lbr_gazebo_models/cmake/lbr_gazebo_modelsConfig.cmake
[0.700s] -- Symlinking: /home/srl/lbr-stack/src/lbr_gazebo_models/install/lbr_gazebo_models/share/lbr_gazebo_models/cmake/lbr_gazebo_modelsConfig-version.cmake
[0.706s] -- Symlinking: /home/srl/lbr-stack/src/lbr_gazebo_models/install/lbr_gazebo_models/share/lbr_gazebo_models/package.xml
[0.714s] Invoked command in '/home/srl/lbr-stack/src/lbr_gazebo_models/build/lbr_gazebo_models' returned '0': CMAKE_PREFIX_PATH=${CMAKE_PREFIX_PATH}:/opt/ros/humble:/home/srl/lbr-stack/install/lbr_demos_py:/home/srl/lbr-stack/install/lbr_moveit:/home/srl/lbr-stack/install/lbr_demos_advanced_py /usr/bin/cmake --install /home/srl/lbr-stack/src/lbr_gazebo_models/build/lbr_gazebo_models
