[0.016s] Invoking command in '/home/srl/lbr-stack/src/build/lbr_demos_advanced_cpp': AMENT_PREFIX_PATH=/home/srl/lbr-stack/src/install/lbr_fri_ros2:/home/srl/lbr-stack/src/install/lbr_fri_idl:/home/srl/lbr-stack/src/install/lbr_description:${AMENT_PREFIX_PATH} CMAKE_PREFIX_PATH=/home/srl/lbr-stack/src/install/lbr_fri_ros2:/home/srl/lbr-stack/src/install/lbr_fri_idl:/home/srl/lbr-stack/src/install/lbr_description:/home/srl/lbr-stack/src/install/fri_client_sdk:/home/srl/lbr-stack/install/med7_moveit_config:/home/srl/lbr-stack/install/med14_moveit_config:/home/srl/lbr-stack/install/lbr_fri_ros2_stack:/home/srl/lbr-stack/install/lbr_demos_cpp:/home/srl/lbr-stack/install/lbr_bringup:/home/srl/lbr-stack/install/lbr_ros2_control:/home/srl/lbr-stack/install/lbr_moveit_cpp:/home/srl/lbr-stack/install/lbr_demos_advanced_cpp:/home/srl/lbr-stack/install/lbr_fri_ros2:/home/srl/lbr-stack/install/lbr_fri_idl:/home/srl/lbr-stack/install/iiwa7_moveit_config:/home/srl/lbr-stack/install/iiwa14_moveit_config:/home/srl/lbr-stack/install/lbr_description:/home/srl/lbr-stack/install/fri_client_sdk:/home/srl/lbr-stack/install/command_control:/home/srl/ros2_ws/install/impedance_controller:/home/srl/ros2_ws/install/iiwa_moveit2:/home/srl/ros2_ws/install/iiwa_hardware:/home/srl/ros2_ws/install/iiwa_bringup:/home/srl/ros2_ws/install/iiwa_description:/home/srl/ros2_ws/install/external_torque_sensor_broadcaster:/home/srl/ros2_ws/install/command_package:/home/srl/lbr-stack/install/lbr_demos_py:/home/srl/lbr-stack/install/lbr_moveit:/home/srl/lbr-stack/install/lbr_demos_advanced_py:/home/srl/ros2_ws/install/simple_gui:/opt/ros/humble LD_LIBRARY_PATH=/home/srl/lbr-stack/src/install/lbr_fri_ros2/lib:/home/srl/lbr-stack/src/install/lbr_fri_idl/lib:/home/srl/lbr-stack/src/install/fri_client_sdk/lib:${LD_LIBRARY_PATH} PKG_CONFIG_PATH=/home/srl/lbr-stack/src/install/fri_client_sdk/lib/x86_64-linux-gnu/pkgconfig:/home/srl/lbr-stack/src/install/fri_client_sdk/lib/pkgconfig:${PKG_CONFIG_PATH} PYTHONPATH=/home/srl/lbr-stack/src/install/lbr_fri_idl/local/lib/python3.10/dist-packages:${PYTHONPATH} /usr/bin/cmake /home/srl/lbr-stack/src/lbr_fri_ros2_stack/lbr_demos/lbr_demos_advanced_cpp -DAMENT_CMAKE_SYMLINK_INSTALL=1 -DCMAKE_INSTALL_PREFIX=/home/srl/lbr-stack/src/install/lbr_demos_advanced_cpp
[0.068s] -- The C compiler identification is GNU 11.4.0
[0.112s] -- The CXX compiler identification is GNU 11.4.0
[0.118s] -- Detecting C compiler ABI info
[0.173s] -- Detecting C compiler ABI info - done
[0.178s] -- Check for working C compiler: /usr/bin/cc - skipped
[0.178s] -- Detecting C compile features
[0.179s] -- Detecting C compile features - done
[0.181s] -- Detecting CXX compiler ABI info
[0.248s] -- Detecting CXX compiler ABI info - done
[0.253s] -- Check for working CXX compiler: /usr/bin/c++ - skipped
[0.254s] -- Detecting CXX compile features
[0.254s] -- Detecting CXX compile features - done
[0.258s] -- Found ament_cmake: 1.3.11 (/opt/ros/humble/share/ament_cmake/cmake)
[0.387s] -- Found Python3: /usr/bin/python3 (found version "3.10.12") found components: Interpreter 
[0.438s] -- Override CMake install command with custom implementation using symlinks instead of copying resources
[0.474s] -- Found geometry_msgs: 4.8.0 (/opt/ros/humble/share/geometry_msgs/cmake)
[0.512s] -- Found rosidl_generator_c: 3.1.6 (/opt/ros/humble/share/rosidl_generator_c/cmake)
[0.518s] -- Found rosidl_adapter: 3.1.6 (/opt/ros/humble/share/rosidl_adapter/cmake)
[0.526s] -- Found rosidl_generator_cpp: 3.1.6 (/opt/ros/humble/share/rosidl_generator_cpp/cmake)
[0.537s] -- Using all available rosidl_typesupport_c: rosidl_typesupport_fastrtps_c;rosidl_typesupport_introspection_c
[0.552s] -- Using all available rosidl_typesupport_cpp: rosidl_typesupport_fastrtps_cpp;rosidl_typesupport_introspection_cpp
[0.582s] -- Found kdl_parser: 2.6.4 (/opt/ros/humble/share/kdl_parser/cmake)
[0.595s] -- Found eigen3_cmake_module: 0.1.1 (/opt/ros/humble/share/eigen3_cmake_module/cmake)
[0.596s] -- Found Eigen3: TRUE (found version "3.4.0") 
[0.596s] -- Ensuring Eigen3 include directory is part of orocos-kdl CMake target
[0.600s] -- Found lbr_fri_idl: 1.5.0 (/home/srl/lbr-stack/src/install/lbr_fri_idl/share/lbr_fri_idl/cmake)
[0.607s] -- Found lbr_fri_ros2: 2.2.1 (/home/srl/lbr-stack/src/install/lbr_fri_ros2/share/lbr_fri_ros2/cmake)
[0.651s] -- Found rmw_implementation_cmake: 6.1.2 (/opt/ros/humble/share/rmw_implementation_cmake/cmake)
[0.654s] -- Found rmw_fastrtps_cpp: 6.2.7 (/opt/ros/humble/share/rmw_fastrtps_cpp/cmake)
[0.744s] -- Found OpenSSL: /usr/lib/x86_64-linux-gnu/libcrypto.so (found version "3.0.2")  
[0.771s] -- Found FastRTPS: /opt/ros/humble/include  
[0.804s] -- Using RMW implementation 'rmw_fastrtps_cpp' as default
[0.813s] -- Looking for pthread.h
[0.877s] -- Looking for pthread.h - found
[0.877s] -- Performing Test CMAKE_HAVE_LIBC_PTHREAD
[0.942s] -- Performing Test CMAKE_HAVE_LIBC_PTHREAD - Success
[0.944s] -- Found Threads: TRUE  
[1.018s] -- Found rclcpp_components: 16.0.12 (/opt/ros/humble/share/rclcpp_components/cmake)
[1.108s] -- Configuring done
[1.122s] -- Generating done
[1.127s] -- Build files have been written to: /home/srl/lbr-stack/src/build/lbr_demos_advanced_cpp
[1.136s] Invoked command in '/home/srl/lbr-stack/src/build/lbr_demos_advanced_cpp' returned '0': AMENT_PREFIX_PATH=/home/srl/lbr-stack/src/install/lbr_fri_ros2:/home/srl/lbr-stack/src/install/lbr_fri_idl:/home/srl/lbr-stack/src/install/lbr_description:${AMENT_PREFIX_PATH} CMAKE_PREFIX_PATH=/home/srl/lbr-stack/src/install/lbr_fri_ros2:/home/srl/lbr-stack/src/install/lbr_fri_idl:/home/srl/lbr-stack/src/install/lbr_description:/home/srl/lbr-stack/src/install/fri_client_sdk:/home/srl/lbr-stack/install/med7_moveit_config:/home/srl/lbr-stack/install/med14_moveit_config:/home/srl/lbr-stack/install/lbr_fri_ros2_stack:/home/srl/lbr-stack/install/lbr_demos_cpp:/home/srl/lbr-stack/install/lbr_bringup:/home/srl/lbr-stack/install/lbr_ros2_control:/home/srl/lbr-stack/install/lbr_moveit_cpp:/home/srl/lbr-stack/install/lbr_demos_advanced_cpp:/home/srl/lbr-stack/install/lbr_fri_ros2:/home/srl/lbr-stack/install/lbr_fri_idl:/home/srl/lbr-stack/install/iiwa7_moveit_config:/home/srl/lbr-stack/install/iiwa14_moveit_config:/home/srl/lbr-stack/install/lbr_description:/home/srl/lbr-stack/install/fri_client_sdk:/home/srl/lbr-stack/install/command_control:/home/srl/ros2_ws/install/impedance_controller:/home/srl/ros2_ws/install/iiwa_moveit2:/home/srl/ros2_ws/install/iiwa_hardware:/home/srl/ros2_ws/install/iiwa_bringup:/home/srl/ros2_ws/install/iiwa_description:/home/srl/ros2_ws/install/external_torque_sensor_broadcaster:/home/srl/ros2_ws/install/command_package:/home/srl/lbr-stack/install/lbr_demos_py:/home/srl/lbr-stack/install/lbr_moveit:/home/srl/lbr-stack/install/lbr_demos_advanced_py:/home/srl/ros2_ws/install/simple_gui:/opt/ros/humble LD_LIBRARY_PATH=/home/srl/lbr-stack/src/install/lbr_fri_ros2/lib:/home/srl/lbr-stack/src/install/lbr_fri_idl/lib:/home/srl/lbr-stack/src/install/fri_client_sdk/lib:${LD_LIBRARY_PATH} PKG_CONFIG_PATH=/home/srl/lbr-stack/src/install/fri_client_sdk/lib/x86_64-linux-gnu/pkgconfig:/home/srl/lbr-stack/src/install/fri_client_sdk/lib/pkgconfig:${PKG_CONFIG_PATH} PYTHONPATH=/home/srl/lbr-stack/src/install/lbr_fri_idl/local/lib/python3.10/dist-packages:${PYTHONPATH} /usr/bin/cmake /home/srl/lbr-stack/src/lbr_fri_ros2_stack/lbr_demos/lbr_demos_advanced_cpp -DAMENT_CMAKE_SYMLINK_INSTALL=1 -DCMAKE_INSTALL_PREFIX=/home/srl/lbr-stack/src/install/lbr_demos_advanced_cpp
[1.137s] Invoking command in '/home/srl/lbr-stack/src/build/lbr_demos_advanced_cpp': AMENT_PREFIX_PATH=/home/srl/lbr-stack/src/install/lbr_fri_ros2:/home/srl/lbr-stack/src/install/lbr_fri_idl:/home/srl/lbr-stack/src/install/lbr_description:${AMENT_PREFIX_PATH} CMAKE_PREFIX_PATH=/home/srl/lbr-stack/src/install/lbr_fri_ros2:/home/srl/lbr-stack/src/install/lbr_fri_idl:/home/srl/lbr-stack/src/install/lbr_description:/home/srl/lbr-stack/src/install/fri_client_sdk:/home/srl/lbr-stack/install/med7_moveit_config:/home/srl/lbr-stack/install/med14_moveit_config:/home/srl/lbr-stack/install/lbr_fri_ros2_stack:/home/srl/lbr-stack/install/lbr_demos_cpp:/home/srl/lbr-stack/install/lbr_bringup:/home/srl/lbr-stack/install/lbr_ros2_control:/home/srl/lbr-stack/install/lbr_moveit_cpp:/home/srl/lbr-stack/install/lbr_demos_advanced_cpp:/home/srl/lbr-stack/install/lbr_fri_ros2:/home/srl/lbr-stack/install/lbr_fri_idl:/home/srl/lbr-stack/install/iiwa7_moveit_config:/home/srl/lbr-stack/install/iiwa14_moveit_config:/home/srl/lbr-stack/install/lbr_description:/home/srl/lbr-stack/install/fri_client_sdk:/home/srl/lbr-stack/install/command_control:/home/srl/ros2_ws/install/impedance_controller:/home/srl/ros2_ws/install/iiwa_moveit2:/home/srl/ros2_ws/install/iiwa_hardware:/home/srl/ros2_ws/install/iiwa_bringup:/home/srl/ros2_ws/install/iiwa_description:/home/srl/ros2_ws/install/external_torque_sensor_broadcaster:/home/srl/ros2_ws/install/command_package:/home/srl/lbr-stack/install/lbr_demos_py:/home/srl/lbr-stack/install/lbr_moveit:/home/srl/lbr-stack/install/lbr_demos_advanced_py:/home/srl/ros2_ws/install/simple_gui:/opt/ros/humble LD_LIBRARY_PATH=/home/srl/lbr-stack/src/install/lbr_fri_ros2/lib:/home/srl/lbr-stack/src/install/lbr_fri_idl/lib:/home/srl/lbr-stack/src/install/fri_client_sdk/lib:${LD_LIBRARY_PATH} PKG_CONFIG_PATH=/home/srl/lbr-stack/src/install/fri_client_sdk/lib/x86_64-linux-gnu/pkgconfig:/home/srl/lbr-stack/src/install/fri_client_sdk/lib/pkgconfig:${PKG_CONFIG_PATH} PYTHONPATH=/home/srl/lbr-stack/src/install/lbr_fri_idl/local/lib/python3.10/dist-packages:${PYTHONPATH} /usr/bin/cmake --build /home/srl/lbr-stack/src/build/lbr_demos_advanced_cpp -- -j20 -l20
[1.193s] [ 12%] [32mBuilding CXX object CMakeFiles/pose_control.dir/rclcpp_components/node_main_pose_control.cpp.o[0m
[1.197s] [ 25%] [32mBuilding CXX object CMakeFiles/pose_planning.dir/rclcpp_components/node_main_pose_planning.cpp.o[0m
[1.198s] [ 37%] [32mBuilding CXX object CMakeFiles/pose_planning_component.dir/src/pose_planning_node.cpp.o[0m
[1.200s] [ 50%] [32mBuilding CXX object CMakeFiles/pose_control_component.dir/src/pose_control_node.cpp.o[0m
[4.207s] [ 62%] [32m[1mLinking CXX executable pose_planning[0m
[4.315s] [ 62%] Built target pose_planning
[6.173s] [ 75%] [32m[1mLinking CXX executable pose_control[0m
[6.334s] [ 75%] Built target pose_control
[10.824s] [ 87%] [32m[1mLinking CXX shared library libpose_planning_component.so[0m
[10.950s] [ 87%] Built target pose_planning_component
[15.877s] [100%] [32m[1mLinking CXX shared library libpose_control_component.so[0m
[16.040s] [100%] Built target pose_control_component
[16.055s] Invoked command in '/home/srl/lbr-stack/src/build/lbr_demos_advanced_cpp' returned '0': AMENT_PREFIX_PATH=/home/srl/lbr-stack/src/install/lbr_fri_ros2:/home/srl/lbr-stack/src/install/lbr_fri_idl:/home/srl/lbr-stack/src/install/lbr_description:${AMENT_PREFIX_PATH} CMAKE_PREFIX_PATH=/home/srl/lbr-stack/src/install/lbr_fri_ros2:/home/srl/lbr-stack/src/install/lbr_fri_idl:/home/srl/lbr-stack/src/install/lbr_description:/home/srl/lbr-stack/src/install/fri_client_sdk:/home/srl/lbr-stack/install/med7_moveit_config:/home/srl/lbr-stack/install/med14_moveit_config:/home/srl/lbr-stack/install/lbr_fri_ros2_stack:/home/srl/lbr-stack/install/lbr_demos_cpp:/home/srl/lbr-stack/install/lbr_bringup:/home/srl/lbr-stack/install/lbr_ros2_control:/home/srl/lbr-stack/install/lbr_moveit_cpp:/home/srl/lbr-stack/install/lbr_demos_advanced_cpp:/home/srl/lbr-stack/install/lbr_fri_ros2:/home/srl/lbr-stack/install/lbr_fri_idl:/home/srl/lbr-stack/install/iiwa7_moveit_config:/home/srl/lbr-stack/install/iiwa14_moveit_config:/home/srl/lbr-stack/install/lbr_description:/home/srl/lbr-stack/install/fri_client_sdk:/home/srl/lbr-stack/install/command_control:/home/srl/ros2_ws/install/impedance_controller:/home/srl/ros2_ws/install/iiwa_moveit2:/home/srl/ros2_ws/install/iiwa_hardware:/home/srl/ros2_ws/install/iiwa_bringup:/home/srl/ros2_ws/install/iiwa_description:/home/srl/ros2_ws/install/external_torque_sensor_broadcaster:/home/srl/ros2_ws/install/command_package:/home/srl/lbr-stack/install/lbr_demos_py:/home/srl/lbr-stack/install/lbr_moveit:/home/srl/lbr-stack/install/lbr_demos_advanced_py:/home/srl/ros2_ws/install/simple_gui:/opt/ros/humble LD_LIBRARY_PATH=/home/srl/lbr-stack/src/install/lbr_fri_ros2/lib:/home/srl/lbr-stack/src/install/lbr_fri_idl/lib:/home/srl/lbr-stack/src/install/fri_client_sdk/lib:${LD_LIBRARY_PATH} PKG_CONFIG_PATH=/home/srl/lbr-stack/src/install/fri_client_sdk/lib/x86_64-linux-gnu/pkgconfig:/home/srl/lbr-stack/src/install/fri_client_sdk/lib/pkgconfig:${PKG_CONFIG_PATH} PYTHONPATH=/home/srl/lbr-stack/src/install/lbr_fri_idl/local/lib/python3.10/dist-packages:${PYTHONPATH} /usr/bin/cmake --build /home/srl/lbr-stack/src/build/lbr_demos_advanced_cpp -- -j20 -l20
[16.057s] Invoking command in '/home/srl/lbr-stack/src/build/lbr_demos_advanced_cpp': AMENT_PREFIX_PATH=/home/srl/lbr-stack/src/install/lbr_fri_ros2:/home/srl/lbr-stack/src/install/lbr_fri_idl:/home/srl/lbr-stack/src/install/lbr_description:${AMENT_PREFIX_PATH} CMAKE_PREFIX_PATH=/home/srl/lbr-stack/src/install/lbr_fri_ros2:/home/srl/lbr-stack/src/install/lbr_fri_idl:/home/srl/lbr-stack/src/install/lbr_description:/home/srl/lbr-stack/src/install/fri_client_sdk:/home/srl/lbr-stack/install/med7_moveit_config:/home/srl/lbr-stack/install/med14_moveit_config:/home/srl/lbr-stack/install/lbr_fri_ros2_stack:/home/srl/lbr-stack/install/lbr_demos_cpp:/home/srl/lbr-stack/install/lbr_bringup:/home/srl/lbr-stack/install/lbr_ros2_control:/home/srl/lbr-stack/install/lbr_moveit_cpp:/home/srl/lbr-stack/install/lbr_demos_advanced_cpp:/home/srl/lbr-stack/install/lbr_fri_ros2:/home/srl/lbr-stack/install/lbr_fri_idl:/home/srl/lbr-stack/install/iiwa7_moveit_config:/home/srl/lbr-stack/install/iiwa14_moveit_config:/home/srl/lbr-stack/install/lbr_description:/home/srl/lbr-stack/install/fri_client_sdk:/home/srl/lbr-stack/install/command_control:/home/srl/ros2_ws/install/impedance_controller:/home/srl/ros2_ws/install/iiwa_moveit2:/home/srl/ros2_ws/install/iiwa_hardware:/home/srl/ros2_ws/install/iiwa_bringup:/home/srl/ros2_ws/install/iiwa_description:/home/srl/ros2_ws/install/external_torque_sensor_broadcaster:/home/srl/ros2_ws/install/command_package:/home/srl/lbr-stack/install/lbr_demos_py:/home/srl/lbr-stack/install/lbr_moveit:/home/srl/lbr-stack/install/lbr_demos_advanced_py:/home/srl/ros2_ws/install/simple_gui:/opt/ros/humble LD_LIBRARY_PATH=/home/srl/lbr-stack/src/install/lbr_fri_ros2/lib:/home/srl/lbr-stack/src/install/lbr_fri_idl/lib:/home/srl/lbr-stack/src/install/fri_client_sdk/lib:${LD_LIBRARY_PATH} PKG_CONFIG_PATH=/home/srl/lbr-stack/src/install/fri_client_sdk/lib/x86_64-linux-gnu/pkgconfig:/home/srl/lbr-stack/src/install/fri_client_sdk/lib/pkgconfig:${PKG_CONFIG_PATH} PYTHONPATH=/home/srl/lbr-stack/src/install/lbr_fri_idl/local/lib/python3.10/dist-packages:${PYTHONPATH} /usr/bin/cmake --install /home/srl/lbr-stack/src/build/lbr_demos_advanced_cpp
[16.067s] -- Install configuration: "Release"
[16.068s] -- Execute custom install script
[16.068s] -- Symlinking: /home/srl/lbr-stack/src/install/lbr_demos_advanced_cpp/lib/lbr_demos_advanced_cpp/pose_planning
[16.080s] -- Symlinking: /home/srl/lbr-stack/src/install/lbr_demos_advanced_cpp/lib/lbr_demos_advanced_cpp/pose_control
[16.091s] -- Symlinking: /home/srl/lbr-stack/src/install/lbr_demos_advanced_cpp/lib/libpose_planning_component.so
[16.104s] -- Symlinking: /home/srl/lbr-stack/src/install/lbr_demos_advanced_cpp/lib/libpose_control_component.so
[16.117s] -- Symlinking: /home/srl/lbr-stack/src/install/lbr_demos_advanced_cpp/share/lbr_demos_advanced_cpp/config/lbr_system_config.yaml
[16.129s] -- Symlinking: /home/srl/lbr-stack/src/install/lbr_demos_advanced_cpp/share/ament_index/resource_index/package_run_dependencies/lbr_demos_advanced_cpp
[16.141s] -- Symlinking: /home/srl/lbr-stack/src/install/lbr_demos_advanced_cpp/share/ament_index/resource_index/parent_prefix_path/lbr_demos_advanced_cpp
[16.155s] -- Symlinking: /home/srl/lbr-stack/src/install/lbr_demos_advanced_cpp/share/lbr_demos_advanced_cpp/environment/ament_prefix_path.sh
[16.164s] -- Symlinking: /home/srl/lbr-stack/src/install/lbr_demos_advanced_cpp/share/lbr_demos_advanced_cpp/environment/ament_prefix_path.dsv
[16.173s] -- Symlinking: /home/srl/lbr-stack/src/install/lbr_demos_advanced_cpp/share/lbr_demos_advanced_cpp/environment/path.sh
[16.186s] -- Symlinking: /home/srl/lbr-stack/src/install/lbr_demos_advanced_cpp/share/lbr_demos_advanced_cpp/environment/path.dsv
[16.195s] -- Symlinking: /home/srl/lbr-stack/src/install/lbr_demos_advanced_cpp/share/lbr_demos_advanced_cpp/local_setup.bash
[16.208s] -- Symlinking: /home/srl/lbr-stack/src/install/lbr_demos_advanced_cpp/share/lbr_demos_advanced_cpp/local_setup.sh
[16.221s] -- Symlinking: /home/srl/lbr-stack/src/install/lbr_demos_advanced_cpp/share/lbr_demos_advanced_cpp/local_setup.zsh
[16.234s] -- Symlinking: /home/srl/lbr-stack/src/install/lbr_demos_advanced_cpp/share/lbr_demos_advanced_cpp/local_setup.dsv
[16.245s] -- Symlinking: /home/srl/lbr-stack/src/install/lbr_demos_advanced_cpp/share/lbr_demos_advanced_cpp/package.dsv
[16.259s] -- Symlinking: /home/srl/lbr-stack/src/install/lbr_demos_advanced_cpp/share/ament_index/resource_index/packages/lbr_demos_advanced_cpp
[16.269s] -- Symlinking: /home/srl/lbr-stack/src/install/lbr_demos_advanced_cpp/share/ament_index/resource_index/rclcpp_components/lbr_demos_advanced_cpp
[16.281s] -- Symlinking: /home/srl/lbr-stack/src/install/lbr_demos_advanced_cpp/share/lbr_demos_advanced_cpp/cmake/lbr_demos_advanced_cppConfig.cmake
[16.289s] -- Symlinking: /home/srl/lbr-stack/src/install/lbr_demos_advanced_cpp/share/lbr_demos_advanced_cpp/cmake/lbr_demos_advanced_cppConfig-version.cmake
[16.299s] -- Symlinking: /home/srl/lbr-stack/src/install/lbr_demos_advanced_cpp/share/lbr_demos_advanced_cpp/package.xml
[16.312s] Invoked command in '/home/srl/lbr-stack/src/build/lbr_demos_advanced_cpp' returned '0': AMENT_PREFIX_PATH=/home/srl/lbr-stack/src/install/lbr_fri_ros2:/home/srl/lbr-stack/src/install/lbr_fri_idl:/home/srl/lbr-stack/src/install/lbr_description:${AMENT_PREFIX_PATH} CMAKE_PREFIX_PATH=/home/srl/lbr-stack/src/install/lbr_fri_ros2:/home/srl/lbr-stack/src/install/lbr_fri_idl:/home/srl/lbr-stack/src/install/lbr_description:/home/srl/lbr-stack/src/install/fri_client_sdk:/home/srl/lbr-stack/install/med7_moveit_config:/home/srl/lbr-stack/install/med14_moveit_config:/home/srl/lbr-stack/install/lbr_fri_ros2_stack:/home/srl/lbr-stack/install/lbr_demos_cpp:/home/srl/lbr-stack/install/lbr_bringup:/home/srl/lbr-stack/install/lbr_ros2_control:/home/srl/lbr-stack/install/lbr_moveit_cpp:/home/srl/lbr-stack/install/lbr_demos_advanced_cpp:/home/srl/lbr-stack/install/lbr_fri_ros2:/home/srl/lbr-stack/install/lbr_fri_idl:/home/srl/lbr-stack/install/iiwa7_moveit_config:/home/srl/lbr-stack/install/iiwa14_moveit_config:/home/srl/lbr-stack/install/lbr_description:/home/srl/lbr-stack/install/fri_client_sdk:/home/srl/lbr-stack/install/command_control:/home/srl/ros2_ws/install/impedance_controller:/home/srl/ros2_ws/install/iiwa_moveit2:/home/srl/ros2_ws/install/iiwa_hardware:/home/srl/ros2_ws/install/iiwa_bringup:/home/srl/ros2_ws/install/iiwa_description:/home/srl/ros2_ws/install/external_torque_sensor_broadcaster:/home/srl/ros2_ws/install/command_package:/home/srl/lbr-stack/install/lbr_demos_py:/home/srl/lbr-stack/install/lbr_moveit:/home/srl/lbr-stack/install/lbr_demos_advanced_py:/home/srl/ros2_ws/install/simple_gui:/opt/ros/humble LD_LIBRARY_PATH=/home/srl/lbr-stack/src/install/lbr_fri_ros2/lib:/home/srl/lbr-stack/src/install/lbr_fri_idl/lib:/home/srl/lbr-stack/src/install/fri_client_sdk/lib:${LD_LIBRARY_PATH} PKG_CONFIG_PATH=/home/srl/lbr-stack/src/install/fri_client_sdk/lib/x86_64-linux-gnu/pkgconfig:/home/srl/lbr-stack/src/install/fri_client_sdk/lib/pkgconfig:${PKG_CONFIG_PATH} PYTHONPATH=/home/srl/lbr-stack/src/install/lbr_fri_idl/local/lib/python3.10/dist-packages:${PYTHONPATH} /usr/bin/cmake --install /home/srl/lbr-stack/src/build/lbr_demos_advanced_cpp
