[0.017s] Invoking command in '/home/srl/lbr-stack/src/build/lbr_ros2_control': AMENT_PREFIX_PATH=/home/srl/lbr-stack/src/install/lbr_fri_ros2:/home/srl/lbr-stack/src/install/lbr_fri_idl:/home/srl/lbr-stack/src/install/lbr_description:${AMENT_PREFIX_PATH} CMAKE_PREFIX_PATH=/home/srl/lbr-stack/src/install/lbr_fri_ros2:/home/srl/lbr-stack/src/install/lbr_fri_idl:/home/srl/lbr-stack/src/install/lbr_description:/home/srl/lbr-stack/src/install/fri_client_sdk:/home/srl/lbr-stack/install/my_package:/home/srl/lbr-stack/install/med7_moveit_config:/home/srl/lbr-stack/install/med14_moveit_config:/home/srl/lbr-stack/install/lbr_fri_ros2_stack:/home/srl/lbr-stack/install/lbr_demos_cpp:/home/srl/lbr-stack/install/lbr_bringup:/home/srl/lbr-stack/install/lbr_ros2_control:/home/srl/lbr-stack/install/lbr_moveit_cpp:/home/srl/lbr-stack/install/lbr_gazebo_models:/home/srl/lbr-stack/install/lbr_demos_advanced_cpp:/home/srl/lbr-stack/install/lbr_fri_ros2:/home/srl/lbr-stack/install/lbr_fri_idl:/home/srl/lbr-stack/install/iiwa7_moveit_config:/home/srl/lbr-stack/install/iiwa14_moveit_config:/home/srl/lbr-stack/install/lbr_description:/home/srl/lbr-stack/install/fri_client_sdk:/home/srl/lbr-stack/install/lbr_demos_py:/home/srl/lbr-stack/install/lbr_moveit:/home/srl/lbr-stack/install/lbr_demos_advanced_py:/opt/ros/humble LD_LIBRARY_PATH=/home/srl/lbr-stack/src/install/lbr_fri_ros2/lib:/home/srl/lbr-stack/src/install/lbr_fri_idl/lib:/home/srl/lbr-stack/src/install/fri_client_sdk/lib:${LD_LIBRARY_PATH} PKG_CONFIG_PATH=/home/srl/lbr-stack/src/install/fri_client_sdk/lib/x86_64-linux-gnu/pkgconfig:/home/srl/lbr-stack/src/install/fri_client_sdk/lib/pkgconfig:${PKG_CONFIG_PATH} PYTHONPATH=/home/srl/lbr-stack/src/install/lbr_fri_idl/local/lib/python3.10/dist-packages:${PYTHONPATH} /usr/bin/cmake --build /home/srl/lbr-stack/src/build/lbr_ros2_control -- -j20 -l20
[0.091s] [100%] Built target lbr_ros2_control
[0.232s] Invoked command in '/home/srl/lbr-stack/src/build/lbr_ros2_control' returned '0': AMENT_PREFIX_PATH=/home/srl/lbr-stack/src/install/lbr_fri_ros2:/home/srl/lbr-stack/src/install/lbr_fri_idl:/home/srl/lbr-stack/src/install/lbr_description:${AMENT_PREFIX_PATH} CMAKE_PREFIX_PATH=/home/srl/lbr-stack/src/install/lbr_fri_ros2:/home/srl/lbr-stack/src/install/lbr_fri_idl:/home/srl/lbr-stack/src/install/lbr_description:/home/srl/lbr-stack/src/install/fri_client_sdk:/home/srl/lbr-stack/install/my_package:/home/srl/lbr-stack/install/med7_moveit_config:/home/srl/lbr-stack/install/med14_moveit_config:/home/srl/lbr-stack/install/lbr_fri_ros2_stack:/home/srl/lbr-stack/install/lbr_demos_cpp:/home/srl/lbr-stack/install/lbr_bringup:/home/srl/lbr-stack/install/lbr_ros2_control:/home/srl/lbr-stack/install/lbr_moveit_cpp:/home/srl/lbr-stack/install/lbr_gazebo_models:/home/srl/lbr-stack/install/lbr_demos_advanced_cpp:/home/srl/lbr-stack/install/lbr_fri_ros2:/home/srl/lbr-stack/install/lbr_fri_idl:/home/srl/lbr-stack/install/iiwa7_moveit_config:/home/srl/lbr-stack/install/iiwa14_moveit_config:/home/srl/lbr-stack/install/lbr_description:/home/srl/lbr-stack/install/fri_client_sdk:/home/srl/lbr-stack/install/lbr_demos_py:/home/srl/lbr-stack/install/lbr_moveit:/home/srl/lbr-stack/install/lbr_demos_advanced_py:/opt/ros/humble LD_LIBRARY_PATH=/home/srl/lbr-stack/src/install/lbr_fri_ros2/lib:/home/srl/lbr-stack/src/install/lbr_fri_idl/lib:/home/srl/lbr-stack/src/install/fri_client_sdk/lib:${LD_LIBRARY_PATH} PKG_CONFIG_PATH=/home/srl/lbr-stack/src/install/fri_client_sdk/lib/x86_64-linux-gnu/pkgconfig:/home/srl/lbr-stack/src/install/fri_client_sdk/lib/pkgconfig:${PKG_CONFIG_PATH} PYTHONPATH=/home/srl/lbr-stack/src/install/lbr_fri_idl/local/lib/python3.10/dist-packages:${PYTHONPATH} /usr/bin/cmake --build /home/srl/lbr-stack/src/build/lbr_ros2_control -- -j20 -l20
[0.234s] Invoking command in '/home/srl/lbr-stack/src/build/lbr_ros2_control': AMENT_PREFIX_PATH=/home/srl/lbr-stack/src/install/lbr_fri_ros2:/home/srl/lbr-stack/src/install/lbr_fri_idl:/home/srl/lbr-stack/src/install/lbr_description:${AMENT_PREFIX_PATH} CMAKE_PREFIX_PATH=/home/srl/lbr-stack/src/install/lbr_fri_ros2:/home/srl/lbr-stack/src/install/lbr_fri_idl:/home/srl/lbr-stack/src/install/lbr_description:/home/srl/lbr-stack/src/install/fri_client_sdk:/home/srl/lbr-stack/install/my_package:/home/srl/lbr-stack/install/med7_moveit_config:/home/srl/lbr-stack/install/med14_moveit_config:/home/srl/lbr-stack/install/lbr_fri_ros2_stack:/home/srl/lbr-stack/install/lbr_demos_cpp:/home/srl/lbr-stack/install/lbr_bringup:/home/srl/lbr-stack/install/lbr_ros2_control:/home/srl/lbr-stack/install/lbr_moveit_cpp:/home/srl/lbr-stack/install/lbr_gazebo_models:/home/srl/lbr-stack/install/lbr_demos_advanced_cpp:/home/srl/lbr-stack/install/lbr_fri_ros2:/home/srl/lbr-stack/install/lbr_fri_idl:/home/srl/lbr-stack/install/iiwa7_moveit_config:/home/srl/lbr-stack/install/iiwa14_moveit_config:/home/srl/lbr-stack/install/lbr_description:/home/srl/lbr-stack/install/fri_client_sdk:/home/srl/lbr-stack/install/lbr_demos_py:/home/srl/lbr-stack/install/lbr_moveit:/home/srl/lbr-stack/install/lbr_demos_advanced_py:/opt/ros/humble LD_LIBRARY_PATH=/home/srl/lbr-stack/src/install/lbr_fri_ros2/lib:/home/srl/lbr-stack/src/install/lbr_fri_idl/lib:/home/srl/lbr-stack/src/install/fri_client_sdk/lib:${LD_LIBRARY_PATH} PKG_CONFIG_PATH=/home/srl/lbr-stack/src/install/fri_client_sdk/lib/x86_64-linux-gnu/pkgconfig:/home/srl/lbr-stack/src/install/fri_client_sdk/lib/pkgconfig:${PKG_CONFIG_PATH} PYTHONPATH=/home/srl/lbr-stack/src/install/lbr_fri_idl/local/lib/python3.10/dist-packages:${PYTHONPATH} /usr/bin/cmake --install /home/srl/lbr-stack/src/build/lbr_ros2_control
[0.239s] -- Install configuration: "Release"
[0.239s] -- Execute custom install script
[0.239s] -- Up-to-date symlink: /home/srl/lbr-stack/src/install/lbr_ros2_control/share/lbr_ros2_control/plugin_description_files/controllers.xml
[0.240s] -- Up-to-date symlink: /home/srl/lbr-stack/src/install/lbr_ros2_control/share/lbr_ros2_control/plugin_description_files/system_interface.xml
[0.240s] -- Up-to-date symlink: /home/srl/lbr-stack/src/install/lbr_ros2_control/share/lbr_ros2_control/environment/library_path.sh
[0.240s] -- Up-to-date symlink: /home/srl/lbr-stack/src/install/lbr_ros2_control/share/lbr_ros2_control/environment/library_path.dsv
[0.240s] -- Up-to-date symlink: /home/srl/lbr-stack/src/install/lbr_ros2_control/include/lbr_ros2_control/controllers/admittance_controller.hpp
[0.240s] -- Up-to-date symlink: /home/srl/lbr-stack/src/install/lbr_ros2_control/include/lbr_ros2_control/controllers/lbr_joint_position_command_controller.hpp
[0.240s] -- Up-to-date symlink: /home/srl/lbr-stack/src/install/lbr_ros2_control/include/lbr_ros2_control/controllers/lbr_state_broadcaster.hpp
[0.240s] -- Up-to-date symlink: /home/srl/lbr-stack/src/install/lbr_ros2_control/include/lbr_ros2_control/controllers/lbr_torque_command_controller.hpp
[0.240s] -- Up-to-date symlink: /home/srl/lbr-stack/src/install/lbr_ros2_control/include/lbr_ros2_control/controllers/lbr_wrench_command_controller.hpp
[0.241s] -- Up-to-date symlink: /home/srl/lbr-stack/src/install/lbr_ros2_control/include/lbr_ros2_control/controllers/twist_controller.hpp
[0.241s] -- Up-to-date symlink: /home/srl/lbr-stack/src/install/lbr_ros2_control/include/lbr_ros2_control/system_interface.hpp
[0.241s] -- Up-to-date symlink: /home/srl/lbr-stack/src/install/lbr_ros2_control/include/lbr_ros2_control/system_interface_type_values.hpp
[0.241s] -- Up-to-date symlink: /home/srl/lbr-stack/src/install/lbr_ros2_control/share/ament_index/resource_index/package_run_dependencies/lbr_ros2_control
[0.241s] -- Up-to-date symlink: /home/srl/lbr-stack/src/install/lbr_ros2_control/share/ament_index/resource_index/parent_prefix_path/lbr_ros2_control
[0.241s] -- Up-to-date symlink: /home/srl/lbr-stack/src/install/lbr_ros2_control/share/lbr_ros2_control/environment/ament_prefix_path.sh
[0.241s] -- Up-to-date symlink: /home/srl/lbr-stack/src/install/lbr_ros2_control/share/lbr_ros2_control/environment/ament_prefix_path.dsv
[0.241s] -- Up-to-date symlink: /home/srl/lbr-stack/src/install/lbr_ros2_control/share/lbr_ros2_control/environment/path.sh
[0.241s] -- Up-to-date symlink: /home/srl/lbr-stack/src/install/lbr_ros2_control/share/lbr_ros2_control/environment/path.dsv
[0.241s] -- Up-to-date symlink: /home/srl/lbr-stack/src/install/lbr_ros2_control/share/lbr_ros2_control/local_setup.bash
[0.241s] -- Up-to-date symlink: /home/srl/lbr-stack/src/install/lbr_ros2_control/share/lbr_ros2_control/local_setup.sh
[0.242s] -- Up-to-date symlink: /home/srl/lbr-stack/src/install/lbr_ros2_control/share/lbr_ros2_control/local_setup.zsh
[0.242s] -- Up-to-date symlink: /home/srl/lbr-stack/src/install/lbr_ros2_control/share/lbr_ros2_control/local_setup.dsv
[0.242s] -- Symlinking: /home/srl/lbr-stack/src/install/lbr_ros2_control/share/lbr_ros2_control/package.dsv
[0.252s] -- Up-to-date symlink: /home/srl/lbr-stack/src/install/lbr_ros2_control/share/ament_index/resource_index/packages/lbr_ros2_control
[0.252s] -- Up-to-date symlink: /home/srl/lbr-stack/src/install/lbr_ros2_control/share/ament_index/resource_index/controller_interface__pluginlib__plugin/lbr_ros2_control
[0.252s] -- Up-to-date symlink: /home/srl/lbr-stack/src/install/lbr_ros2_control/share/ament_index/resource_index/hardware_interface__pluginlib__plugin/lbr_ros2_control
[0.252s] -- Up-to-date symlink: /home/srl/lbr-stack/src/install/lbr_ros2_control/share/lbr_ros2_control/cmake/ament_cmake_export_targets-extras.cmake
[0.252s] -- Up-to-date symlink: /home/srl/lbr-stack/src/install/lbr_ros2_control/share/lbr_ros2_control/cmake/ament_cmake_export_dependencies-extras.cmake
[0.252s] -- Up-to-date symlink: /home/srl/lbr-stack/src/install/lbr_ros2_control/share/lbr_ros2_control/cmake/lbr_ros2_controlConfig.cmake
[0.253s] -- Up-to-date symlink: /home/srl/lbr-stack/src/install/lbr_ros2_control/share/lbr_ros2_control/cmake/lbr_ros2_controlConfig-version.cmake
[0.253s] -- Up-to-date symlink: /home/srl/lbr-stack/src/install/lbr_ros2_control/share/lbr_ros2_control/package.xml
[0.253s] -- Up-to-date: /home/srl/lbr-stack/src/install/lbr_ros2_control/lib/lbr_ros2_control/liblbr_ros2_control.so
[0.253s] -- Up-to-date: /home/srl/lbr-stack/src/install/lbr_ros2_control/share/lbr_ros2_control/cmake/lbr_ros2_control_exportExport.cmake
[0.253s] -- Up-to-date: /home/srl/lbr-stack/src/install/lbr_ros2_control/share/lbr_ros2_control/cmake/lbr_ros2_control_exportExport-release.cmake
[0.255s] Invoked command in '/home/srl/lbr-stack/src/build/lbr_ros2_control' returned '0': AMENT_PREFIX_PATH=/home/srl/lbr-stack/src/install/lbr_fri_ros2:/home/srl/lbr-stack/src/install/lbr_fri_idl:/home/srl/lbr-stack/src/install/lbr_description:${AMENT_PREFIX_PATH} CMAKE_PREFIX_PATH=/home/srl/lbr-stack/src/install/lbr_fri_ros2:/home/srl/lbr-stack/src/install/lbr_fri_idl:/home/srl/lbr-stack/src/install/lbr_description:/home/srl/lbr-stack/src/install/fri_client_sdk:/home/srl/lbr-stack/install/my_package:/home/srl/lbr-stack/install/med7_moveit_config:/home/srl/lbr-stack/install/med14_moveit_config:/home/srl/lbr-stack/install/lbr_fri_ros2_stack:/home/srl/lbr-stack/install/lbr_demos_cpp:/home/srl/lbr-stack/install/lbr_bringup:/home/srl/lbr-stack/install/lbr_ros2_control:/home/srl/lbr-stack/install/lbr_moveit_cpp:/home/srl/lbr-stack/install/lbr_gazebo_models:/home/srl/lbr-stack/install/lbr_demos_advanced_cpp:/home/srl/lbr-stack/install/lbr_fri_ros2:/home/srl/lbr-stack/install/lbr_fri_idl:/home/srl/lbr-stack/install/iiwa7_moveit_config:/home/srl/lbr-stack/install/iiwa14_moveit_config:/home/srl/lbr-stack/install/lbr_description:/home/srl/lbr-stack/install/fri_client_sdk:/home/srl/lbr-stack/install/lbr_demos_py:/home/srl/lbr-stack/install/lbr_moveit:/home/srl/lbr-stack/install/lbr_demos_advanced_py:/opt/ros/humble LD_LIBRARY_PATH=/home/srl/lbr-stack/src/install/lbr_fri_ros2/lib:/home/srl/lbr-stack/src/install/lbr_fri_idl/lib:/home/srl/lbr-stack/src/install/fri_client_sdk/lib:${LD_LIBRARY_PATH} PKG_CONFIG_PATH=/home/srl/lbr-stack/src/install/fri_client_sdk/lib/x86_64-linux-gnu/pkgconfig:/home/srl/lbr-stack/src/install/fri_client_sdk/lib/pkgconfig:${PKG_CONFIG_PATH} PYTHONPATH=/home/srl/lbr-stack/src/install/lbr_fri_idl/local/lib/python3.10/dist-packages:${PYTHONPATH} /usr/bin/cmake --install /home/srl/lbr-stack/src/build/lbr_ros2_control
