[0.022s] Invoking command in '/home/srl/lbr-stack/build/ros_gz_bridge': CMAKE_PREFIX_PATH=/home/srl/lbr-stack/install/ros_gz_interfaces:/home/srl/lbr-stack/install/test_ros_gz_bridge:/home/srl/lbr-stack/install/test_package:/home/srl/lbr-stack/install/ros_ign_interfaces:/home/srl/lbr-stack/install/ros_ign:/home/srl/lbr-stack/install/ros_ign_image:/home/srl/lbr-stack/install/ros_ign_gazebo_demos:/home/srl/lbr-stack/install/ros_ign_gazebo:/home/srl/lbr-stack/install/ros_ign_bridge:/home/srl/lbr-stack/install/ros_gz:/home/srl/lbr-stack/install/ros_gz_sim_demos:/home/srl/lbr-stack/install/lbr_fri_ros2_stack:/home/srl/lbr-stack/install/lbr_demos_cpp:/home/srl/lbr-stack/install/lbr_bringup:/home/srl/lbr-stack/install/ign_ros2_control_demos:/home/srl/lbr-stack/install/gz_ros2_control_demos:/home/srl/lbr-stack/install/ros_gz_sim:/home/srl/lbr-stack/install/ros_gz_image:/home/srl/lbr-stack/install/ros_gz_bridge:/home/srl/lbr-stack/install/my_package:/home/srl/lbr-stack/install/med7_moveit_config:/home/srl/lbr-stack/install/med14_moveit_config:/home/srl/lbr-stack/install/lbr_ros2_control:/home/srl/lbr-stack/install/lbr_moveit_cpp:/home/srl/lbr-stack/install/lbr_gazebo_models:/home/srl/lbr-stack/install/lbr_demos_advanced_cpp:/home/srl/lbr-stack/install/lbr_fri_ros2:/home/srl/lbr-stack/install/lbr_fri_idl:/home/srl/lbr-stack/install/iiwa7_moveit_config:/home/srl/lbr-stack/install/iiwa14_moveit_config:/home/srl/lbr-stack/install/lbr_description:/home/srl/lbr-stack/install/ign_ros2_control:/home/srl/lbr-stack/install/gz_ros2_control_tests:/home/srl/lbr-stack/install/gz_ros2_control:/home/srl/lbr-stack/install/fri_client_sdk:/home/srl/lbr-stack/install/lbr_demos_py:/home/srl/lbr-stack/install/lbr_moveit:/home/srl/lbr-stack/install/lbr_demos_advanced_py:/opt/ros/humble LD_LIBRARY_PATH=/home/srl/lbr-stack/install/ros_gz_interfaces/lib:/home/srl/lbr-stack/install/test_package/lib:/home/srl/lbr-stack/install/ros_ign_interfaces/lib:/home/srl/lbr-stack/install/ros_gz_sim/lib:/home/srl/lbr-stack/install/ros_gz_bridge/lib:/home/srl/lbr-stack/install/lbr_ros2_control/lib:/home/srl/lbr-stack/install/lbr_demos_advanced_cpp/lib:/home/srl/lbr-stack/install/lbr_fri_ros2/lib:/home/srl/lbr-stack/install/lbr_fri_idl/lib:/home/srl/lbr-stack/install/gz_ros2_control/lib:/home/srl/lbr-stack/install/fri_client_sdk/lib:/usr/lib/x86_64-linux-gnu/gazebo-11/plugins:/opt/ros/humble/opt/rviz_ogre_vendor/lib:/opt/ros/humble/lib/x86_64-linux-gnu:/opt/ros/humble/lib /usr/bin/cmake --build /home/srl/lbr-stack/build/ros_gz_bridge -- -j20 -l20
[0.107s] [  2%] Built target gtest
[0.109s] [  4%] Built target bridge_node
[0.110s] [  6%] Built target gtest_main
[0.164s] [  7%] [32mBuilding CXX object CMakeFiles/test_rcl_interfaces.dir/src/convert/rcl_interfaces.cpp.o[0m
[0.167s] [  8%] [32mBuilding CXX object CMakeFiles/test_utils.dir/test/utils/gz_test_msg.cpp.o[0m
[0.173s] [  9%] [32mBuilding CXX object CMakeFiles/test_utils.dir/test/utils/ros_test_msg.cpp.o[0m
[0.175s] [ 10%] [32mBuilding CXX object CMakeFiles/test_rcl_interfaces.dir/src/convert/rcl_interfaces_TEST.cpp.o[0m
[0.205s] [ 12%] [32mBuilding CXX object CMakeFiles/ros_gz_bridge.dir/src/bridge_handle.cpp.o[0m
[0.205s] [ 13%] [32mBuilding CXX object CMakeFiles/ros_gz_bridge.dir/src/bridge_handle_gz_to_ros.cpp.o[0m
[0.206s] [ 14%] [32mBuilding CXX object CMakeFiles/ros_gz_bridge.dir/src/bridge_handle_ros_to_gz.cpp.o[0m
[0.211s] [ 15%] [32mBuilding CXX object CMakeFiles/ros_gz_bridge.dir/src/factory_interface.cpp.o[0m
[0.211s] [ 16%] [32mBuilding CXX object CMakeFiles/ros_gz_bridge.dir/src/service_factory_interface.cpp.o[0m
[0.224s] [ 17%] [32mBuilding CXX object CMakeFiles/ros_gz_bridge.dir/src/ros_gz_bridge.cpp.o[0m
[0.226s] [ 18%] [32mBuilding CXX object CMakeFiles/ros_gz_bridge.dir/src/service_factories/ros_gz_interfaces.cpp.o[0m
[0.240s] [ 19%] [32mBuilding CXX object CMakeFiles/ros_gz_bridge.dir/src/convert/actuator_msgs.cpp.o[0m
[0.242s] [ 20%] [32mBuilding CXX object CMakeFiles/ros_gz_bridge.dir/src/convert/builtin_interfaces.cpp.o[0m
[0.246s] [ 23%] [32mBuilding CXX object CMakeFiles/ros_gz_bridge.dir/src/convert/geometry_msgs.cpp.o[0m
[0.246s] [ 23%] [32mBuilding CXX object CMakeFiles/ros_gz_bridge.dir/src/convert/gps_msgs.cpp.o[0m
[0.251s] [ 24%] [32mBuilding CXX object CMakeFiles/ros_gz_bridge.dir/src/convert/nav_msgs.cpp.o[0m
[0.274s] [ 25%] [32mBuilding CXX object CMakeFiles/ros_gz_bridge.dir/src/convert/ros_gz_interfaces.cpp.o[0m
[0.278s] [ 26%] [32mBuilding CXX object CMakeFiles/ros_gz_bridge.dir/src/convert/rosgraph_msgs.cpp.o[0m
[0.280s] [ 27%] [32mBuilding CXX object CMakeFiles/ros_gz_bridge.dir/src/convert/rcl_interfaces.cpp.o[0m
[0.292s] [ 28%] [32mBuilding CXX object CMakeFiles/ros_gz_bridge.dir/src/convert/sensor_msgs.cpp.o[0m
[3.188s] [ 29%] [32mBuilding CXX object CMakeFiles/ros_gz_bridge.dir/src/convert/std_msgs.cpp.o[0m
[3.204s] [ 30%] [32mBuilding CXX object CMakeFiles/ros_gz_bridge.dir/src/convert/tf2_msgs.cpp.o[0m
[3.426s] [ 31%] [32mBuilding CXX object CMakeFiles/ros_gz_bridge.dir/src/convert/trajectory_msgs.cpp.o[0m
[3.946s] [ 32%] [32mBuilding CXX object CMakeFiles/ros_gz_bridge.dir/src/convert/vision_msgs.cpp.o[0m
[4.004s] [ 34%] [32mBuilding CXX object CMakeFiles/ros_gz_bridge.dir/generated/get_factory.cpp.o[0m
[4.187s] [ 35%] [32mBuilding CXX object CMakeFiles/ros_gz_bridge.dir/generated/factories/builtin_interfaces.cpp.o[0m
[4.224s] [ 36%] [32mBuilding CXX object CMakeFiles/ros_gz_bridge.dir/generated/factories/actuator_msgs.cpp.o[0m
[5.783s] [ 37%] [32m[1mLinking CXX executable test_rcl_interfaces[0m
[6.458s] [ 38%] [32mBuilding CXX object CMakeFiles/ros_gz_bridge.dir/generated/factories/geometry_msgs.cpp.o[0m
[6.541s] [ 39%] [32mBuilding CXX object CMakeFiles/ros_gz_bridge.dir/generated/factories/gps_msgs.cpp.o[0m
[6.681s] [ 39%] Built target test_rcl_interfaces
[6.719s] [ 40%] [32mBuilding CXX object CMakeFiles/ros_gz_bridge.dir/generated/factories/nav_msgs.cpp.o[0m
[6.841s] [ 41%] [32mBuilding CXX object CMakeFiles/ros_gz_bridge.dir/generated/factories/rcl_interfaces.cpp.o[0m
[7.037s] [ 42%] [32mBuilding CXX object CMakeFiles/ros_gz_bridge.dir/generated/factories/ros_gz_interfaces.cpp.o[0m
[7.429s] [ 43%] [32mBuilding CXX object CMakeFiles/ros_gz_bridge.dir/generated/factories/rosgraph_msgs.cpp.o[0m
[13.334s] [ 45%] [32mBuilding CXX object CMakeFiles/ros_gz_bridge.dir/generated/factories/sensor_msgs.cpp.o[0m
[13.581s] [ 46%] [32mBuilding CXX object CMakeFiles/ros_gz_bridge.dir/generated/factories/std_msgs.cpp.o[0m
[15.480s] [ 47%] [32mBuilding CXX object CMakeFiles/ros_gz_bridge.dir/generated/factories/tf2_msgs.cpp.o[0m
[17.592s] [ 48%] [32mBuilding CXX object CMakeFiles/ros_gz_bridge.dir/generated/factories/trajectory_msgs.cpp.o[0m
[18.765s] [ 49%] [32mBuilding CXX object CMakeFiles/ros_gz_bridge.dir/generated/factories/vision_msgs.cpp.o[0m
[25.066s] gmake[2]: *** [CMakeFiles/ros_gz_bridge.dir/build.make:503: CMakeFiles/ros_gz_bridge.dir/generated/factories/builtin_interfaces.cpp.o] Interrupt
[25.066s] gmake[2]: *** [CMakeFiles/ros_gz_bridge.dir/build.make:517: CMakeFiles/ros_gz_bridge.dir/generated/factories/actuator_msgs.cpp.o] Interrupt
[25.066s] gmake[2]: *** [CMakeFiles/ros_gz_bridge.dir/build.make:531: CMakeFiles/ros_gz_bridge.dir/generated/factories/geometry_msgs.cpp.o] Interrupt
[25.066s] gmake[2]: *** [CMakeFiles/ros_gz_bridge.dir/build.make:545: CMakeFiles/ros_gz_bridge.dir/generated/factories/gps_msgs.cpp.o] Interrupt
[25.066s] gmake[2]: *** [CMakeFiles/ros_gz_bridge.dir/build.make:559: CMakeFiles/ros_gz_bridge.dir/generated/factories/nav_msgs.cpp.o] Interrupt
[25.067s] gmake[2]: *** [CMakeFiles/ros_gz_bridge.dir/build.make:573: CMakeFiles/ros_gz_bridge.dir/generated/factories/rcl_interfaces.cpp.o] Interrupt
[25.067s] gmake[2]: *** [CMakeFiles/ros_gz_bridge.dir/build.make:587: CMakeFiles/ros_gz_bridge.dir/generated/factories/ros_gz_interfaces.cpp.o] Interrupt
[25.067s] gmake[2]: *** [CMakeFiles/ros_gz_bridge.dir/build.make:601: CMakeFiles/ros_gz_bridge.dir/generated/factories/rosgraph_msgs.cpp.o] Interrupt
[25.067s] gmake[2]: *** [CMakeFiles/ros_gz_bridge.dir/build.make:615: CMakeFiles/ros_gz_bridge.dir/generated/factories/sensor_msgs.cpp.o] Interrupt
[25.067s] gmake[2]: *** [CMakeFiles/ros_gz_bridge.dir/build.make:629: CMakeFiles/ros_gz_bridge.dir/generated/factories/std_msgs.cpp.o] Interrupt
[25.067s] gmake[2]: *** [CMakeFiles/ros_gz_bridge.dir/build.make:643: CMakeFiles/ros_gz_bridge.dir/generated/factories/tf2_msgs.cpp.o] Interrupt
[25.067s] gmake[2]: *** [CMakeFiles/ros_gz_bridge.dir/build.make:657: CMakeFiles/ros_gz_bridge.dir/generated/factories/trajectory_msgs.cpp.o] Interrupt
[25.067s] gmake[2]: *** [CMakeFiles/ros_gz_bridge.dir/build.make:671: CMakeFiles/ros_gz_bridge.dir/generated/factories/vision_msgs.cpp.o] Interrupt
[25.067s] gmake[2]: *** wait: No child processes.  Stop.
[25.067s] gmake[2]: *** Waiting for unfinished jobs....
[25.067s] gmake[2]: *** wait: No child processes.  Stop.
[25.072s] gmake[1]: *** [CMakeFiles/Makefile2:183: CMakeFiles/ros_gz_bridge.dir/all] Error 2
[25.078s] gmake[2]: *** [CMakeFiles/test_utils.dir/build.make:90: CMakeFiles/test_utils.dir/test/utils/ros_test_msg.cpp.o] Interrupt
[25.078s] gmake[1]: *** [CMakeFiles/Makefile2:368: CMakeFiles/test_utils.dir/all] Interrupt
[25.081s] gmake: *** [Makefile:146: all] Interrupt
