[0.015s] Invoking command in '/home/srl/lbr-stack/src/build/lbr_gazebo_models': CMAKE_PREFIX_PATH=${CMAKE_PREFIX_PATH}:/opt/ros/humble:/home/srl/lbr-stack/install/lbr_demos_py:/home/srl/lbr-stack/install/lbr_moveit:/home/srl/lbr-stack/install/lbr_demos_advanced_py /usr/bin/cmake --build /home/srl/lbr-stack/src/build/lbr_gazebo_models -- -j20 -l20
[0.168s] Invoked command in '/home/srl/lbr-stack/src/build/lbr_gazebo_models' returned '0': CMAKE_PREFIX_PATH=${CMAKE_PREFIX_PATH}:/opt/ros/humble:/home/srl/lbr-stack/install/lbr_demos_py:/home/srl/lbr-stack/install/lbr_moveit:/home/srl/lbr-stack/install/lbr_demos_advanced_py /usr/bin/cmake --build /home/srl/lbr-stack/src/build/lbr_gazebo_models -- -j20 -l20
[0.169s] Invoking command in '/home/srl/lbr-stack/src/build/lbr_gazebo_models': CMAKE_PREFIX_PATH=${CMAKE_PREFIX_PATH}:/opt/ros/humble:/home/srl/lbr-stack/install/lbr_demos_py:/home/srl/lbr-stack/install/lbr_moveit:/home/srl/lbr-stack/install/lbr_demos_advanced_py /usr/bin/cmake --install /home/srl/lbr-stack/src/build/lbr_gazebo_models
[0.176s] -- Install configuration: ""
[0.177s] -- Execute custom install script
[0.177s] -- Up-to-date symlink: /home/srl/lbr-stack/src/install/lbr_gazebo_models/share/ament_index/resource_index/package_run_dependencies/lbr_gazebo_models
[0.177s] -- Up-to-date symlink: /home/srl/lbr-stack/src/install/lbr_gazebo_models/share/ament_index/resource_index/parent_prefix_path/lbr_gazebo_models
[0.178s] -- Up-to-date symlink: /home/srl/lbr-stack/src/install/lbr_gazebo_models/share/lbr_gazebo_models/environment/ament_prefix_path.sh
[0.178s] -- Up-to-date symlink: /home/srl/lbr-stack/src/install/lbr_gazebo_models/share/lbr_gazebo_models/environment/ament_prefix_path.dsv
[0.178s] -- Up-to-date symlink: /home/srl/lbr-stack/src/install/lbr_gazebo_models/share/lbr_gazebo_models/environment/path.sh
[0.178s] -- Up-to-date symlink: /home/srl/lbr-stack/src/install/lbr_gazebo_models/share/lbr_gazebo_models/environment/path.dsv
[0.178s] -- Up-to-date symlink: /home/srl/lbr-stack/src/install/lbr_gazebo_models/share/lbr_gazebo_models/local_setup.bash
[0.178s] -- Up-to-date symlink: /home/srl/lbr-stack/src/install/lbr_gazebo_models/share/lbr_gazebo_models/local_setup.sh
[0.178s] -- Up-to-date symlink: /home/srl/lbr-stack/src/install/lbr_gazebo_models/share/lbr_gazebo_models/local_setup.zsh
[0.178s] -- Up-to-date symlink: /home/srl/lbr-stack/src/install/lbr_gazebo_models/share/lbr_gazebo_models/local_setup.dsv
[0.178s] -- Symlinking: /home/srl/lbr-stack/src/install/lbr_gazebo_models/share/lbr_gazebo_models/package.dsv
[0.189s] -- Up-to-date symlink: /home/srl/lbr-stack/src/install/lbr_gazebo_models/share/ament_index/resource_index/packages/lbr_gazebo_models
[0.189s] -- Up-to-date symlink: /home/srl/lbr-stack/src/install/lbr_gazebo_models/share/lbr_gazebo_models/cmake/lbr_gazebo_modelsConfig.cmake
[0.189s] -- Up-to-date symlink: /home/srl/lbr-stack/src/install/lbr_gazebo_models/share/lbr_gazebo_models/cmake/lbr_gazebo_modelsConfig-version.cmake
[0.189s] -- Up-to-date symlink: /home/srl/lbr-stack/src/install/lbr_gazebo_models/share/lbr_gazebo_models/package.xml
[0.205s] Invoked command in '/home/srl/lbr-stack/src/build/lbr_gazebo_models' returned '0': CMAKE_PREFIX_PATH=${CMAKE_PREFIX_PATH}:/opt/ros/humble:/home/srl/lbr-stack/install/lbr_demos_py:/home/srl/lbr-stack/install/lbr_moveit:/home/srl/lbr-stack/install/lbr_demos_advanced_py /usr/bin/cmake --install /home/srl/lbr-stack/src/build/lbr_gazebo_models
