[0.012s] Invoking command in '/home/srl/lbr-stack/build/my_package': CMAKE_PREFIX_PATH=${CMAKE_PREFIX_PATH}:/home/srl/lbr-stack/install/lbr_demos_py:/home/srl/lbr-stack/install/lbr_moveit:/home/srl/lbr-stack/install/lbr_demos_advanced_py:/opt/ros/humble /usr/bin/cmake /home/srl/lbr-stack/src/my_package -DCMAKE_INSTALL_PREFIX=/home/srl/lbr-stack/install/my_package
[0.033s] -- Found ament_cmake: 1.3.11 (/opt/ros/humble/share/ament_cmake/cmake)
[0.186s] -- Override CMake install command with custom implementation using symlinks instead of copying resources
[0.202s] -- Found std_msgs: 4.8.0 (/opt/ros/humble/share/std_msgs/cmake)
[0.237s] -- Found rosidl_generator_c: 3.1.6 (/opt/ros/humble/share/rosidl_generator_c/cmake)
[0.240s] -- Found rosidl_adapter: 3.1.6 (/opt/ros/humble/share/rosidl_adapter/cmake)
[0.249s] -- Found rosidl_generator_cpp: 3.1.6 (/opt/ros/humble/share/rosidl_generator_cpp/cmake)
[0.262s] -- Using all available rosidl_typesupport_c: rosidl_typesupport_fastrtps_c;rosidl_typesupport_introspection_c
[0.278s] -- Using all available rosidl_typesupport_cpp: rosidl_typesupport_fastrtps_cpp;rosidl_typesupport_introspection_cpp
[0.304s] -- Found sensor_msgs: 4.8.0 (/opt/ros/humble/share/sensor_msgs/cmake)
[0.345s] -- Found rclcpp: 16.0.12 (/opt/ros/humble/share/rclcpp/cmake)
[0.380s] -- Found rmw_implementation_cmake: 6.1.2 (/opt/ros/humble/share/rmw_implementation_cmake/cmake)
[0.382s] -- Found rmw_fastrtps_cpp: 6.2.7 (/opt/ros/humble/share/rmw_fastrtps_cpp/cmake)
[0.523s] -- Using RMW implementation 'rmw_fastrtps_cpp' as default
[0.577s] -- Found control_msgs: 4.8.0 (/opt/ros/humble/share/control_msgs/cmake)
[0.662s] -- Found rclpy: 3.3.16 (/opt/ros/humble/share/rclpy/cmake)
[0.663s] -- Found gazebo_ros: 3.9.0 (/opt/ros/humble/share/gazebo_ros/cmake)
[0.711s] -- Found DART: /usr/include (Required is at least version "6.6") found components: dart 
[0.752s] -- Found Protobuf: /usr/lib/x86_64-linux-gnu/libprotobuf.so (found version "3.12.4") 
[0.754s] -- Looking for ignition-math6 -- found version 6.15.1
[0.761s] -- Searching for dependencies of ignition-math6
[0.763s] -- Looking for OGRE...
[0.770s] -- Found Ogre Ghadamon (1.9.0)
[0.770s] -- Found OGRE: optimized;/usr/lib/x86_64-linux-gnu/libOgreMain.so;debug;/usr/lib/x86_64-linux-gnu/libOgreMain.so
[0.782s] -- Looking for OGRE_Paging...
[0.782s] -- Found OGRE_Paging: optimized;/usr/lib/x86_64-linux-gnu/libOgrePaging.so;debug;/usr/lib/x86_64-linux-gnu/libOgrePaging.so
[0.782s] -- Looking for OGRE_Terrain...
[0.782s] -- Found OGRE_Terrain: optimized;/usr/lib/x86_64-linux-gnu/libOgreTerrain.so;debug;/usr/lib/x86_64-linux-gnu/libOgreTerrain.so
[0.782s] -- Looking for OGRE_Property...
[0.782s] -- Found OGRE_Property: optimized;/usr/lib/x86_64-linux-gnu/libOgreProperty.so;debug;/usr/lib/x86_64-linux-gnu/libOgreProperty.so
[0.783s] -- Looking for OGRE_RTShaderSystem...
[0.783s] -- Found OGRE_RTShaderSystem: optimized;/usr/lib/x86_64-linux-gnu/libOgreRTShaderSystem.so;debug;/usr/lib/x86_64-linux-gnu/libOgreRTShaderSystem.so
[0.783s] -- Looking for OGRE_Volume...
[0.783s] -- Found OGRE_Volume: optimized;/usr/lib/x86_64-linux-gnu/libOgreVolume.so;debug;/usr/lib/x86_64-linux-gnu/libOgreVolume.so
[0.783s] -- Looking for OGRE_Overlay...
[0.783s] -- Found OGRE_Overlay: optimized;/usr/lib/x86_64-linux-gnu/libOgreOverlay.so;debug;/usr/lib/x86_64-linux-gnu/libOgreOverlay.so
[0.954s] -- Looking for ignition-math6 -- found version 6.15.1
[0.954s] -- Looking for ignition-transport8 -- found version 8.2.1
[0.955s] -- Searching for dependencies of ignition-transport8
[0.977s] -- Found Protobuf: /usr/lib/x86_64-linux-gnu/libprotobuf.so (found suitable version "3.12.4", minimum required is "3") 
[0.989s] -- Config-file not installed for ZeroMQ -- checking for pkg-config
[0.995s] -- Checking for module 'libzmq >= 4'
[1.016s] --   Found libzmq , version 4.3.4
[1.088s] -- Checking for module 'uuid'
[1.115s] --   Found uuid, version 2.37.2
[1.166s] -- Looking for ignition-msgs5 -- found version 5.8.1
[1.166s] -- Searching for dependencies of ignition-msgs5
[1.198s] -- Looking for ignition-math6 -- found version 6.15.1
[1.203s] -- Checking for module 'tinyxml2'
[1.221s] --   Found tinyxml2, version 9.0.0
[1.278s] -- Looking for ignition-msgs5 -- found version 5.8.1
[1.280s] -- Looking for ignition-common3 -- found version 3.14.0
[1.281s] -- Searching for dependencies of ignition-common3
[1.282s] -- Looking for dlfcn.h - found
[1.282s] -- Looking for libdl - found
[1.303s] -- Searching for <ignition-common3> component [graphics]
[1.304s] -- Looking for ignition-common3-graphics -- found version 3.14.0
[1.305s] -- Searching for dependencies of ignition-common3-graphics
[1.305s] -- Looking for ignition-math6 -- found version 6.15.1
[1.307s] -- Looking for ignition-fuel_tools4 -- found version 4.4.0
[1.308s] -- Searching for dependencies of ignition-fuel_tools4
[1.365s] -- Checking for module 'jsoncpp'
[1.382s] --   Found jsoncpp, version 1.9.5
[1.438s] -- Checking for module 'libzip'
[1.465s] --   Found libzip, version 1.7.3
[1.506s] -- Looking for ignition-common3 -- found version 3.14.0
[1.507s] -- Looking for ignition-math6 -- found version 6.15.1
[1.508s] -- Looking for ignition-msgs5 -- found version 5.8.1
[1.513s] -- Gazebo version: 11.10
[1.517s] -- Looking for ignition-math6 -- found version 6.15.1
[1.518s] -- Found ament_lint_auto: 0.12.12 (/opt/ros/humble/share/ament_lint_auto/cmake)
[1.629s] -- Found tf2_ros: 0.25.12 (/opt/ros/humble/share/tf2_ros/cmake)
[1.707s] -- Found tf2_geometry_msgs: 0.25.12 (/opt/ros/humble/share/tf2_geometry_msgs/cmake)
[1.716s] -- Found eigen3_cmake_module: 0.1.1 (/opt/ros/humble/share/eigen3_cmake_module/cmake)
[1.717s] -- Ensuring Eigen3 include directory is part of orocos-kdl CMake target
[1.740s] -- Added test 'cppcheck' to perform static code analysis on C / C++ code
[1.741s] -- Configured cppcheck include dirs: 
[1.741s] -- Configured cppcheck exclude dirs and/or files: 
[1.743s] -- Added test 'flake8' to check Python code syntax and style conventions
[1.745s] -- Added test 'lint_cmake' to check CMake code style
[1.748s] -- Added test 'pep257' to check Python code against some of the docstring style conventions in PEP 257
[1.757s] -- Added test 'uncrustify' to check C / C++ code style
[1.757s] -- Configured uncrustify additional arguments: 
[1.759s] -- Added test 'xmllint' to check XML markup files
[1.761s] -- Configuring done
[1.805s] -- Generating done
[1.823s] -- Build files have been written to: /home/srl/lbr-stack/build/my_package
[1.837s] Invoked command in '/home/srl/lbr-stack/build/my_package' returned '0': CMAKE_PREFIX_PATH=${CMAKE_PREFIX_PATH}:/home/srl/lbr-stack/install/lbr_demos_py:/home/srl/lbr-stack/install/lbr_moveit:/home/srl/lbr-stack/install/lbr_demos_advanced_py:/opt/ros/humble /usr/bin/cmake /home/srl/lbr-stack/src/my_package -DCMAKE_INSTALL_PREFIX=/home/srl/lbr-stack/install/my_package
[1.839s] Invoking command in '/home/srl/lbr-stack/build/my_package': CMAKE_PREFIX_PATH=${CMAKE_PREFIX_PATH}:/home/srl/lbr-stack/install/lbr_demos_py:/home/srl/lbr-stack/install/lbr_moveit:/home/srl/lbr-stack/install/lbr_demos_advanced_py:/opt/ros/humble /usr/bin/cmake --build /home/srl/lbr-stack/build/my_package -- -j20 -l20
[1.891s] [35m[1mConsolidate compiler generated dependencies of target command_publisher2[0m
[1.893s] [35m[1mConsolidate compiler generated dependencies of target position_control[0m
[1.893s] [35m[1mConsolidate compiler generated dependencies of target command_listener[0m
[1.894s] [35m[1mConsolidate compiler generated dependencies of target robot_info[0m
[1.894s] [35m[1mConsolidate compiler generated dependencies of target reset_position[0m
[1.895s] [35m[1mConsolidate compiler generated dependencies of target command_publisher3[0m
[1.897s] [35m[1mConsolidate compiler generated dependencies of target end_effector_position_node[0m
[1.898s] [35m[1mConsolidate compiler generated dependencies of target robot_info_controller[0m
[1.914s] [ 12%] Built target command_publisher2
[1.916s] [ 25%] Built target command_listener
[1.916s] [ 37%] Built target robot_info_controller
[1.916s] [ 50%] Built target robot_info
[1.918s] [ 62%] Built target position_control
[1.919s] [ 75%] Built target reset_position
[1.921s] [ 87%] Built target command_publisher3
[1.924s] [ 93%] [32mBuilding CXX object CMakeFiles/end_effector_position_node.dir/src/end_effector_position_node.cpp.o[0m
[6.581s] [100%] [32m[1mLinking CXX executable end_effector_position_node[0m
[6.852s] [100%] Built target end_effector_position_node
[6.870s] Invoked command in '/home/srl/lbr-stack/build/my_package' returned '0': CMAKE_PREFIX_PATH=${CMAKE_PREFIX_PATH}:/home/srl/lbr-stack/install/lbr_demos_py:/home/srl/lbr-stack/install/lbr_moveit:/home/srl/lbr-stack/install/lbr_demos_advanced_py:/opt/ros/humble /usr/bin/cmake --build /home/srl/lbr-stack/build/my_package -- -j20 -l20
[6.884s] Invoking command in '/home/srl/lbr-stack/build/my_package': CMAKE_PREFIX_PATH=${CMAKE_PREFIX_PATH}:/home/srl/lbr-stack/install/lbr_demos_py:/home/srl/lbr-stack/install/lbr_moveit:/home/srl/lbr-stack/install/lbr_demos_advanced_py:/opt/ros/humble /usr/bin/cmake --install /home/srl/lbr-stack/build/my_package
[6.894s] -- Install configuration: ""
[6.895s] -- Execute custom install script
[6.895s] -- Up-to-date symlink: /home/srl/lbr-stack/install/my_package/lib/my_package/position_control_gui.py
[6.895s] -- Up-to-date symlink: /home/srl/lbr-stack/install/my_package/lib/my_package/command_publisher2
[6.895s] -- Up-to-date symlink: /home/srl/lbr-stack/install/my_package/lib/my_package/command_listener
[6.895s] -- Up-to-date symlink: /home/srl/lbr-stack/install/my_package/lib/my_package/command_publisher3
[6.895s] -- Up-to-date symlink: /home/srl/lbr-stack/install/my_package/lib/my_package/reset_position
[6.895s] -- Up-to-date symlink: /home/srl/lbr-stack/install/my_package/lib/my_package/robot_info
[6.895s] -- Up-to-date symlink: /home/srl/lbr-stack/install/my_package/lib/my_package/robot_info_controller
[6.895s] -- Up-to-date symlink: /home/srl/lbr-stack/install/my_package/lib/my_package/end_effector_position_node
[6.896s] -- Up-to-date symlink: /home/srl/lbr-stack/install/my_package/lib/my_package/position_control
[6.896s] -- Up-to-date symlink: /home/srl/lbr-stack/install/my_package/share/my_package/launch/gazebo_complete.launch.py
[6.897s] -- Up-to-date symlink: /home/srl/lbr-stack/install/my_package/share/my_package/launch/gazebo_hardware.launch.py
[6.897s] -- Up-to-date symlink: /home/srl/lbr-stack/install/my_package/share/my_package/launch/gazebo_hw_robot.launch.py
[6.897s] -- Up-to-date symlink: /home/srl/lbr-stack/install/my_package/share/my_package/launch/gazebo_move.launch.py
[6.897s] -- Up-to-date symlink: /home/srl/lbr-stack/install/my_package/share/my_package/launch/gazebo_simu_robot.launch.py
[6.897s] -- Up-to-date symlink: /home/srl/lbr-stack/install/my_package/share/my_package/launch/hardware_gazebo_joint_control.launch.py
[6.897s] -- Up-to-date symlink: /home/srl/lbr-stack/install/my_package/share/my_package/launch/move_group_hw.launch.py
[6.897s] -- Up-to-date symlink: /home/srl/lbr-stack/install/my_package/share/my_package/launch/my.launch.py
[6.897s] -- Up-to-date symlink: /home/srl/lbr-stack/install/my_package/share/my_package/launch/my_launch2.launch.py
[6.897s] -- Up-to-date symlink: /home/srl/lbr-stack/install/my_package/share/my_package/launch/my_launch3.launch.py
[6.897s] -- Up-to-date symlink: /home/srl/lbr-stack/install/my_package/share/my_package/launch/my_launch_rviz.launch.py
[6.897s] -- Up-to-date symlink: /home/srl/lbr-stack/install/my_package/share/my_package/launch/my_position.launch.py
[6.897s] -- Up-to-date symlink: /home/srl/lbr-stack/install/my_package/share/my_package/launch/my_reset.launch.py
[6.898s] -- Up-to-date symlink: /home/srl/lbr-stack/install/my_package/share/my_package/launch/my_robot_info.launch.py
[6.898s] -- Up-to-date symlink: /home/srl/lbr-stack/install/my_package/share/ament_index/resource_index/package_run_dependencies/my_package
[6.898s] -- Up-to-date symlink: /home/srl/lbr-stack/install/my_package/share/ament_index/resource_index/parent_prefix_path/my_package
[6.898s] -- Up-to-date symlink: /home/srl/lbr-stack/install/my_package/share/my_package/environment/ament_prefix_path.sh
[6.898s] -- Up-to-date symlink: /home/srl/lbr-stack/install/my_package/share/my_package/environment/ament_prefix_path.dsv
[6.898s] -- Up-to-date symlink: /home/srl/lbr-stack/install/my_package/share/my_package/environment/path.sh
[6.898s] -- Up-to-date symlink: /home/srl/lbr-stack/install/my_package/share/my_package/environment/path.dsv
[6.898s] -- Up-to-date symlink: /home/srl/lbr-stack/install/my_package/share/my_package/local_setup.bash
[6.898s] -- Up-to-date symlink: /home/srl/lbr-stack/install/my_package/share/my_package/local_setup.sh
[6.899s] -- Up-to-date symlink: /home/srl/lbr-stack/install/my_package/share/my_package/local_setup.zsh
[6.899s] -- Up-to-date symlink: /home/srl/lbr-stack/install/my_package/share/my_package/local_setup.dsv
[6.899s] -- Symlinking: /home/srl/lbr-stack/install/my_package/share/my_package/package.dsv
[6.912s] -- Up-to-date symlink: /home/srl/lbr-stack/install/my_package/share/ament_index/resource_index/packages/my_package
[6.913s] -- Up-to-date symlink: /home/srl/lbr-stack/install/my_package/share/my_package/cmake/my_packageConfig.cmake
[6.913s] -- Up-to-date symlink: /home/srl/lbr-stack/install/my_package/share/my_package/cmake/my_packageConfig-version.cmake
[6.913s] -- Up-to-date symlink: /home/srl/lbr-stack/install/my_package/share/my_package/package.xml
[6.916s] Invoked command in '/home/srl/lbr-stack/build/my_package' returned '0': CMAKE_PREFIX_PATH=${CMAKE_PREFIX_PATH}:/home/srl/lbr-stack/install/lbr_demos_py:/home/srl/lbr-stack/install/lbr_moveit:/home/srl/lbr-stack/install/lbr_demos_advanced_py:/opt/ros/humble /usr/bin/cmake --install /home/srl/lbr-stack/build/my_package
