[0.034s] Invoking command in '/home/srl/lbr-stack/build/lbr_demos_cpp': CMAKE_PREFIX_PATH=/home/srl/lbr-stack/install/lbr_bringup:/home/srl/lbr-stack/install/lbr_ros2_control:/home/srl/lbr-stack/install/lbr_fri_ros2:/home/srl/lbr-stack/install/lbr_description:/home/srl/lbr-stack/install/ros_gz_bridge:/home/srl/lbr-stack/install/lbr_fri_idl:/home/srl/lbr-stack/install/ign_ros2_control:/home/srl/lbr-stack/install/ros_gz_sim:/home/srl/lbr-stack/install/ros_gz_interfaces:/home/srl/lbr-stack/install/gz_ros2_control:/home/srl/lbr-stack/install/fri_client_sdk:/home/srl/lbr-stack/install/test_ros_gz_bridge:/home/srl/lbr-stack/install/test_package:/home/srl/lbr-stack/install/ros_ign_interfaces:/home/srl/lbr-stack/install/ros_ign:/home/srl/lbr-stack/install/ros_ign_image:/home/srl/lbr-stack/install/ros_ign_gazebo_demos:/home/srl/lbr-stack/install/ros_ign_gazebo:/home/srl/lbr-stack/install/ros_ign_bridge:/home/srl/lbr-stack/install/ros_gz:/home/srl/lbr-stack/install/ros_gz_sim_demos:/home/srl/lbr-stack/install/lbr_fri_ros2_stack:/home/srl/lbr-stack/install/lbr_demos_cpp:/home/srl/lbr-stack/install/ign_ros2_control_demos:/home/srl/lbr-stack/install/gz_ros2_control_demos:/home/srl/lbr-stack/install/ros_gz_image:/home/srl/lbr-stack/install/my_package:/home/srl/lbr-stack/install/med7_moveit_config:/home/srl/lbr-stack/install/med14_moveit_config:/home/srl/lbr-stack/install/lbr_moveit_cpp:/home/srl/lbr-stack/install/lbr_gazebo_models:/home/srl/lbr-stack/install/lbr_demos_advanced_cpp:/home/srl/lbr-stack/install/iiwa7_moveit_config:/home/srl/lbr-stack/install/iiwa14_moveit_config:/home/srl/lbr-stack/install/gz_ros2_control_tests:/home/srl/lbr-stack/install/lbr_demos_py:/home/srl/lbr-stack/install/lbr_moveit:/home/srl/lbr-stack/install/lbr_demos_advanced_py:/opt/ros/humble LD_LIBRARY_PATH=/home/srl/lbr-stack/install/lbr_fri_ros2/lib:/home/srl/lbr-stack/install/ros_gz_bridge/lib:/home/srl/lbr-stack/install/lbr_fri_idl/lib:/home/srl/lbr-stack/install/ros_gz_sim/lib:/home/srl/lbr-stack/install/ros_gz_interfaces/lib:/home/srl/lbr-stack/install/gz_ros2_control/lib:/home/srl/lbr-stack/install/fri_client_sdk/lib:/home/srl/lbr-stack/install/test_package/lib:/home/srl/lbr-stack/install/ros_ign_interfaces/lib:/home/srl/lbr-stack/install/lbr_ros2_control/lib:/home/srl/lbr-stack/install/lbr_demos_advanced_cpp/lib:/usr/lib/x86_64-linux-gnu/gazebo-11/plugins:/opt/ros/humble/opt/rviz_ogre_vendor/lib:/opt/ros/humble/lib/x86_64-linux-gnu:/opt/ros/humble/lib /usr/bin/cmake /home/srl/lbr-stack/src/lbr_fri_ros2_stack/lbr_demos/lbr_demos_cpp -DAMENT_CMAKE_SYMLINK_INSTALL=1 -DCMAKE_INSTALL_PREFIX=/home/srl/lbr-stack/install/lbr_demos_cpp
[0.113s] -- The C compiler identification is GNU 11.4.0
[0.188s] -- The CXX compiler identification is GNU 11.4.0
[0.198s] -- Detecting C compiler ABI info
[0.294s] -- Detecting C compiler ABI info - done
[0.307s] -- Check for working C compiler: /usr/bin/cc - skipped
[0.307s] -- Detecting C compile features
[0.308s] -- Detecting C compile features - done
[0.312s] -- Detecting CXX compiler ABI info
[0.421s] -- Detecting CXX compiler ABI info - done
[0.434s] -- Check for working CXX compiler: /usr/bin/c++ - skipped
[0.435s] -- Detecting CXX compile features
[0.436s] -- Detecting CXX compile features - done
[0.443s] -- Found ament_cmake: 1.3.11 (/opt/ros/humble/share/ament_cmake/cmake)
[0.707s] -- Found Python3: /usr/bin/python3 (found version "3.10.12") found components: Interpreter 
[0.798s] -- Override CMake install command with custom implementation using symlinks instead of copying resources
[0.862s] -- Found control_msgs: 4.8.0 (/opt/ros/humble/share/control_msgs/cmake)
[0.935s] -- Found rosidl_generator_c: 3.1.6 (/opt/ros/humble/share/rosidl_generator_c/cmake)
[0.945s] -- Found rosidl_adapter: 3.1.6 (/opt/ros/humble/share/rosidl_adapter/cmake)
[0.959s] -- Found rosidl_generator_cpp: 3.1.6 (/opt/ros/humble/share/rosidl_generator_cpp/cmake)
[0.976s] -- Using all available rosidl_typesupport_c: rosidl_typesupport_fastrtps_c;rosidl_typesupport_introspection_c
[1.002s] -- Using all available rosidl_typesupport_cpp: rosidl_typesupport_fastrtps_cpp;rosidl_typesupport_introspection_cpp
[1.136s] -- Found lbr_fri_idl: 1.5.0 (/home/srl/lbr-stack/install/lbr_fri_idl/share/lbr_fri_idl/cmake)
[1.149s] -- Found lbr_fri_ros2: 2.2.1 (/home/srl/lbr-stack/install/lbr_fri_ros2/share/lbr_fri_ros2/cmake)
[1.179s] -- Found Eigen3: TRUE (found version "3.4.0") 
[1.179s] -- Ensuring Eigen3 include directory is part of orocos-kdl CMake target
[1.242s] -- Found rmw_implementation_cmake: 6.1.2 (/opt/ros/humble/share/rmw_implementation_cmake/cmake)
[1.247s] -- Found rmw_fastrtps_cpp: 6.2.7 (/opt/ros/humble/share/rmw_fastrtps_cpp/cmake)
[1.368s] -- Found OpenSSL: /usr/lib/x86_64-linux-gnu/libcrypto.so (found version "3.0.2")  
[1.411s] -- Found FastRTPS: /opt/ros/humble/include  
[1.468s] -- Using RMW implementation 'rmw_fastrtps_cpp' as default
[1.482s] -- Looking for pthread.h
[1.552s] -- Looking for pthread.h - found
[1.553s] -- Performing Test CMAKE_HAVE_LIBC_PTHREAD
[1.639s] -- Performing Test CMAKE_HAVE_LIBC_PTHREAD - Success
[1.641s] -- Found Threads: TRUE  
[1.848s] -- Configuring done
[1.870s] -- Generating done
[1.878s] -- Build files have been written to: /home/srl/lbr-stack/build/lbr_demos_cpp
[1.889s] Invoked command in '/home/srl/lbr-stack/build/lbr_demos_cpp' returned '0': CMAKE_PREFIX_PATH=/home/srl/lbr-stack/install/lbr_bringup:/home/srl/lbr-stack/install/lbr_ros2_control:/home/srl/lbr-stack/install/lbr_fri_ros2:/home/srl/lbr-stack/install/lbr_description:/home/srl/lbr-stack/install/ros_gz_bridge:/home/srl/lbr-stack/install/lbr_fri_idl:/home/srl/lbr-stack/install/ign_ros2_control:/home/srl/lbr-stack/install/ros_gz_sim:/home/srl/lbr-stack/install/ros_gz_interfaces:/home/srl/lbr-stack/install/gz_ros2_control:/home/srl/lbr-stack/install/fri_client_sdk:/home/srl/lbr-stack/install/test_ros_gz_bridge:/home/srl/lbr-stack/install/test_package:/home/srl/lbr-stack/install/ros_ign_interfaces:/home/srl/lbr-stack/install/ros_ign:/home/srl/lbr-stack/install/ros_ign_image:/home/srl/lbr-stack/install/ros_ign_gazebo_demos:/home/srl/lbr-stack/install/ros_ign_gazebo:/home/srl/lbr-stack/install/ros_ign_bridge:/home/srl/lbr-stack/install/ros_gz:/home/srl/lbr-stack/install/ros_gz_sim_demos:/home/srl/lbr-stack/install/lbr_fri_ros2_stack:/home/srl/lbr-stack/install/lbr_demos_cpp:/home/srl/lbr-stack/install/ign_ros2_control_demos:/home/srl/lbr-stack/install/gz_ros2_control_demos:/home/srl/lbr-stack/install/ros_gz_image:/home/srl/lbr-stack/install/my_package:/home/srl/lbr-stack/install/med7_moveit_config:/home/srl/lbr-stack/install/med14_moveit_config:/home/srl/lbr-stack/install/lbr_moveit_cpp:/home/srl/lbr-stack/install/lbr_gazebo_models:/home/srl/lbr-stack/install/lbr_demos_advanced_cpp:/home/srl/lbr-stack/install/iiwa7_moveit_config:/home/srl/lbr-stack/install/iiwa14_moveit_config:/home/srl/lbr-stack/install/gz_ros2_control_tests:/home/srl/lbr-stack/install/lbr_demos_py:/home/srl/lbr-stack/install/lbr_moveit:/home/srl/lbr-stack/install/lbr_demos_advanced_py:/opt/ros/humble LD_LIBRARY_PATH=/home/srl/lbr-stack/install/lbr_fri_ros2/lib:/home/srl/lbr-stack/install/ros_gz_bridge/lib:/home/srl/lbr-stack/install/lbr_fri_idl/lib:/home/srl/lbr-stack/install/ros_gz_sim/lib:/home/srl/lbr-stack/install/ros_gz_interfaces/lib:/home/srl/lbr-stack/install/gz_ros2_control/lib:/home/srl/lbr-stack/install/fri_client_sdk/lib:/home/srl/lbr-stack/install/test_package/lib:/home/srl/lbr-stack/install/ros_ign_interfaces/lib:/home/srl/lbr-stack/install/lbr_ros2_control/lib:/home/srl/lbr-stack/install/lbr_demos_advanced_cpp/lib:/usr/lib/x86_64-linux-gnu/gazebo-11/plugins:/opt/ros/humble/opt/rviz_ogre_vendor/lib:/opt/ros/humble/lib/x86_64-linux-gnu:/opt/ros/humble/lib /usr/bin/cmake /home/srl/lbr-stack/src/lbr_fri_ros2_stack/lbr_demos/lbr_demos_cpp -DAMENT_CMAKE_SYMLINK_INSTALL=1 -DCMAKE_INSTALL_PREFIX=/home/srl/lbr-stack/install/lbr_demos_cpp
[1.890s] Invoking command in '/home/srl/lbr-stack/build/lbr_demos_cpp': CMAKE_PREFIX_PATH=/home/srl/lbr-stack/install/lbr_bringup:/home/srl/lbr-stack/install/lbr_ros2_control:/home/srl/lbr-stack/install/lbr_fri_ros2:/home/srl/lbr-stack/install/lbr_description:/home/srl/lbr-stack/install/ros_gz_bridge:/home/srl/lbr-stack/install/lbr_fri_idl:/home/srl/lbr-stack/install/ign_ros2_control:/home/srl/lbr-stack/install/ros_gz_sim:/home/srl/lbr-stack/install/ros_gz_interfaces:/home/srl/lbr-stack/install/gz_ros2_control:/home/srl/lbr-stack/install/fri_client_sdk:/home/srl/lbr-stack/install/test_ros_gz_bridge:/home/srl/lbr-stack/install/test_package:/home/srl/lbr-stack/install/ros_ign_interfaces:/home/srl/lbr-stack/install/ros_ign:/home/srl/lbr-stack/install/ros_ign_image:/home/srl/lbr-stack/install/ros_ign_gazebo_demos:/home/srl/lbr-stack/install/ros_ign_gazebo:/home/srl/lbr-stack/install/ros_ign_bridge:/home/srl/lbr-stack/install/ros_gz:/home/srl/lbr-stack/install/ros_gz_sim_demos:/home/srl/lbr-stack/install/lbr_fri_ros2_stack:/home/srl/lbr-stack/install/lbr_demos_cpp:/home/srl/lbr-stack/install/ign_ros2_control_demos:/home/srl/lbr-stack/install/gz_ros2_control_demos:/home/srl/lbr-stack/install/ros_gz_image:/home/srl/lbr-stack/install/my_package:/home/srl/lbr-stack/install/med7_moveit_config:/home/srl/lbr-stack/install/med14_moveit_config:/home/srl/lbr-stack/install/lbr_moveit_cpp:/home/srl/lbr-stack/install/lbr_gazebo_models:/home/srl/lbr-stack/install/lbr_demos_advanced_cpp:/home/srl/lbr-stack/install/iiwa7_moveit_config:/home/srl/lbr-stack/install/iiwa14_moveit_config:/home/srl/lbr-stack/install/gz_ros2_control_tests:/home/srl/lbr-stack/install/lbr_demos_py:/home/srl/lbr-stack/install/lbr_moveit:/home/srl/lbr-stack/install/lbr_demos_advanced_py:/opt/ros/humble LD_LIBRARY_PATH=/home/srl/lbr-stack/install/lbr_fri_ros2/lib:/home/srl/lbr-stack/install/ros_gz_bridge/lib:/home/srl/lbr-stack/install/lbr_fri_idl/lib:/home/srl/lbr-stack/install/ros_gz_sim/lib:/home/srl/lbr-stack/install/ros_gz_interfaces/lib:/home/srl/lbr-stack/install/gz_ros2_control/lib:/home/srl/lbr-stack/install/fri_client_sdk/lib:/home/srl/lbr-stack/install/test_package/lib:/home/srl/lbr-stack/install/ros_ign_interfaces/lib:/home/srl/lbr-stack/install/lbr_ros2_control/lib:/home/srl/lbr-stack/install/lbr_demos_advanced_cpp/lib:/usr/lib/x86_64-linux-gnu/gazebo-11/plugins:/opt/ros/humble/opt/rviz_ogre_vendor/lib:/opt/ros/humble/lib/x86_64-linux-gnu:/opt/ros/humble/lib /usr/bin/cmake --build /home/srl/lbr-stack/build/lbr_demos_cpp -- -j20 -l20
[1.943s] [ 12%] [32mBuilding CXX object CMakeFiles/joint_sine_overlay.dir/src/joint_sine_overlay.cpp.o[0m
[1.943s] [ 25%] [32mBuilding CXX object CMakeFiles/wrench_sine_overlay.dir/src/wrench_sine_overlay.cpp.o[0m
[1.943s] [ 37%] [32mBuilding CXX object CMakeFiles/torque_sine_overlay.dir/src/torque_sine_overlay.cpp.o[0m
[1.947s] [ 50%] [32mBuilding CXX object CMakeFiles/joint_trajectory_client.dir/src/joint_trajectory_client.cpp.o[0m
[7.201s] [ 62%] [32m[1mLinking CXX executable joint_trajectory_client[0m
[7.347s] [ 62%] Built target joint_trajectory_client
[11.796s] [ 75%] [32m[1mLinking CXX executable joint_sine_overlay[0m
[11.957s] [ 75%] Built target joint_sine_overlay
[12.419s] [ 87%] [32m[1mLinking CXX executable wrench_sine_overlay[0m
[12.554s] [ 87%] Built target wrench_sine_overlay
[13.072s] [100%] [32m[1mLinking CXX executable torque_sine_overlay[0m
[13.206s] [100%] Built target torque_sine_overlay
[13.219s] Invoked command in '/home/srl/lbr-stack/build/lbr_demos_cpp' returned '0': CMAKE_PREFIX_PATH=/home/srl/lbr-stack/install/lbr_bringup:/home/srl/lbr-stack/install/lbr_ros2_control:/home/srl/lbr-stack/install/lbr_fri_ros2:/home/srl/lbr-stack/install/lbr_description:/home/srl/lbr-stack/install/ros_gz_bridge:/home/srl/lbr-stack/install/lbr_fri_idl:/home/srl/lbr-stack/install/ign_ros2_control:/home/srl/lbr-stack/install/ros_gz_sim:/home/srl/lbr-stack/install/ros_gz_interfaces:/home/srl/lbr-stack/install/gz_ros2_control:/home/srl/lbr-stack/install/fri_client_sdk:/home/srl/lbr-stack/install/test_ros_gz_bridge:/home/srl/lbr-stack/install/test_package:/home/srl/lbr-stack/install/ros_ign_interfaces:/home/srl/lbr-stack/install/ros_ign:/home/srl/lbr-stack/install/ros_ign_image:/home/srl/lbr-stack/install/ros_ign_gazebo_demos:/home/srl/lbr-stack/install/ros_ign_gazebo:/home/srl/lbr-stack/install/ros_ign_bridge:/home/srl/lbr-stack/install/ros_gz:/home/srl/lbr-stack/install/ros_gz_sim_demos:/home/srl/lbr-stack/install/lbr_fri_ros2_stack:/home/srl/lbr-stack/install/lbr_demos_cpp:/home/srl/lbr-stack/install/ign_ros2_control_demos:/home/srl/lbr-stack/install/gz_ros2_control_demos:/home/srl/lbr-stack/install/ros_gz_image:/home/srl/lbr-stack/install/my_package:/home/srl/lbr-stack/install/med7_moveit_config:/home/srl/lbr-stack/install/med14_moveit_config:/home/srl/lbr-stack/install/lbr_moveit_cpp:/home/srl/lbr-stack/install/lbr_gazebo_models:/home/srl/lbr-stack/install/lbr_demos_advanced_cpp:/home/srl/lbr-stack/install/iiwa7_moveit_config:/home/srl/lbr-stack/install/iiwa14_moveit_config:/home/srl/lbr-stack/install/gz_ros2_control_tests:/home/srl/lbr-stack/install/lbr_demos_py:/home/srl/lbr-stack/install/lbr_moveit:/home/srl/lbr-stack/install/lbr_demos_advanced_py:/opt/ros/humble LD_LIBRARY_PATH=/home/srl/lbr-stack/install/lbr_fri_ros2/lib:/home/srl/lbr-stack/install/ros_gz_bridge/lib:/home/srl/lbr-stack/install/lbr_fri_idl/lib:/home/srl/lbr-stack/install/ros_gz_sim/lib:/home/srl/lbr-stack/install/ros_gz_interfaces/lib:/home/srl/lbr-stack/install/gz_ros2_control/lib:/home/srl/lbr-stack/install/fri_client_sdk/lib:/home/srl/lbr-stack/install/test_package/lib:/home/srl/lbr-stack/install/ros_ign_interfaces/lib:/home/srl/lbr-stack/install/lbr_ros2_control/lib:/home/srl/lbr-stack/install/lbr_demos_advanced_cpp/lib:/usr/lib/x86_64-linux-gnu/gazebo-11/plugins:/opt/ros/humble/opt/rviz_ogre_vendor/lib:/opt/ros/humble/lib/x86_64-linux-gnu:/opt/ros/humble/lib /usr/bin/cmake --build /home/srl/lbr-stack/build/lbr_demos_cpp -- -j20 -l20
[13.220s] Invoking command in '/home/srl/lbr-stack/build/lbr_demos_cpp': CMAKE_PREFIX_PATH=/home/srl/lbr-stack/install/lbr_bringup:/home/srl/lbr-stack/install/lbr_ros2_control:/home/srl/lbr-stack/install/lbr_fri_ros2:/home/srl/lbr-stack/install/lbr_description:/home/srl/lbr-stack/install/ros_gz_bridge:/home/srl/lbr-stack/install/lbr_fri_idl:/home/srl/lbr-stack/install/ign_ros2_control:/home/srl/lbr-stack/install/ros_gz_sim:/home/srl/lbr-stack/install/ros_gz_interfaces:/home/srl/lbr-stack/install/gz_ros2_control:/home/srl/lbr-stack/install/fri_client_sdk:/home/srl/lbr-stack/install/test_ros_gz_bridge:/home/srl/lbr-stack/install/test_package:/home/srl/lbr-stack/install/ros_ign_interfaces:/home/srl/lbr-stack/install/ros_ign:/home/srl/lbr-stack/install/ros_ign_image:/home/srl/lbr-stack/install/ros_ign_gazebo_demos:/home/srl/lbr-stack/install/ros_ign_gazebo:/home/srl/lbr-stack/install/ros_ign_bridge:/home/srl/lbr-stack/install/ros_gz:/home/srl/lbr-stack/install/ros_gz_sim_demos:/home/srl/lbr-stack/install/lbr_fri_ros2_stack:/home/srl/lbr-stack/install/lbr_demos_cpp:/home/srl/lbr-stack/install/ign_ros2_control_demos:/home/srl/lbr-stack/install/gz_ros2_control_demos:/home/srl/lbr-stack/install/ros_gz_image:/home/srl/lbr-stack/install/my_package:/home/srl/lbr-stack/install/med7_moveit_config:/home/srl/lbr-stack/install/med14_moveit_config:/home/srl/lbr-stack/install/lbr_moveit_cpp:/home/srl/lbr-stack/install/lbr_gazebo_models:/home/srl/lbr-stack/install/lbr_demos_advanced_cpp:/home/srl/lbr-stack/install/iiwa7_moveit_config:/home/srl/lbr-stack/install/iiwa14_moveit_config:/home/srl/lbr-stack/install/gz_ros2_control_tests:/home/srl/lbr-stack/install/lbr_demos_py:/home/srl/lbr-stack/install/lbr_moveit:/home/srl/lbr-stack/install/lbr_demos_advanced_py:/opt/ros/humble LD_LIBRARY_PATH=/home/srl/lbr-stack/install/lbr_fri_ros2/lib:/home/srl/lbr-stack/install/ros_gz_bridge/lib:/home/srl/lbr-stack/install/lbr_fri_idl/lib:/home/srl/lbr-stack/install/ros_gz_sim/lib:/home/srl/lbr-stack/install/ros_gz_interfaces/lib:/home/srl/lbr-stack/install/gz_ros2_control/lib:/home/srl/lbr-stack/install/fri_client_sdk/lib:/home/srl/lbr-stack/install/test_package/lib:/home/srl/lbr-stack/install/ros_ign_interfaces/lib:/home/srl/lbr-stack/install/lbr_ros2_control/lib:/home/srl/lbr-stack/install/lbr_demos_advanced_cpp/lib:/usr/lib/x86_64-linux-gnu/gazebo-11/plugins:/opt/ros/humble/opt/rviz_ogre_vendor/lib:/opt/ros/humble/lib/x86_64-linux-gnu:/opt/ros/humble/lib /usr/bin/cmake --install /home/srl/lbr-stack/build/lbr_demos_cpp
[13.227s] -- Install configuration: "Release"
[13.228s] -- Execute custom install script
[13.228s] -- Symlinking: /home/srl/lbr-stack/install/lbr_demos_cpp/lib/lbr_demos_cpp/joint_sine_overlay
[13.236s] -- Symlinking: /home/srl/lbr-stack/install/lbr_demos_cpp/lib/lbr_demos_cpp/joint_trajectory_client
[13.246s] -- Symlinking: /home/srl/lbr-stack/install/lbr_demos_cpp/lib/lbr_demos_cpp/torque_sine_overlay
[13.255s] -- Symlinking: /home/srl/lbr-stack/install/lbr_demos_cpp/lib/lbr_demos_cpp/wrench_sine_overlay
[13.264s] -- Symlinking: /home/srl/lbr-stack/install/lbr_demos_cpp/share/ament_index/resource_index/package_run_dependencies/lbr_demos_cpp
[13.273s] -- Symlinking: /home/srl/lbr-stack/install/lbr_demos_cpp/share/ament_index/resource_index/parent_prefix_path/lbr_demos_cpp
[13.281s] -- Symlinking: /home/srl/lbr-stack/install/lbr_demos_cpp/share/lbr_demos_cpp/environment/ament_prefix_path.sh
[13.291s] -- Symlinking: /home/srl/lbr-stack/install/lbr_demos_cpp/share/lbr_demos_cpp/environment/ament_prefix_path.dsv
[13.298s] -- Symlinking: /home/srl/lbr-stack/install/lbr_demos_cpp/share/lbr_demos_cpp/environment/path.sh
[13.306s] -- Symlinking: /home/srl/lbr-stack/install/lbr_demos_cpp/share/lbr_demos_cpp/environment/path.dsv
[13.315s] -- Symlinking: /home/srl/lbr-stack/install/lbr_demos_cpp/share/lbr_demos_cpp/local_setup.bash
[13.323s] -- Symlinking: /home/srl/lbr-stack/install/lbr_demos_cpp/share/lbr_demos_cpp/local_setup.sh
[13.332s] -- Symlinking: /home/srl/lbr-stack/install/lbr_demos_cpp/share/lbr_demos_cpp/local_setup.zsh
[13.341s] -- Symlinking: /home/srl/lbr-stack/install/lbr_demos_cpp/share/lbr_demos_cpp/local_setup.dsv
[13.349s] -- Symlinking: /home/srl/lbr-stack/install/lbr_demos_cpp/share/lbr_demos_cpp/package.dsv
[13.356s] -- Symlinking: /home/srl/lbr-stack/install/lbr_demos_cpp/share/ament_index/resource_index/packages/lbr_demos_cpp
[13.365s] -- Symlinking: /home/srl/lbr-stack/install/lbr_demos_cpp/share/lbr_demos_cpp/cmake/lbr_demos_cppConfig.cmake
[13.374s] -- Symlinking: /home/srl/lbr-stack/install/lbr_demos_cpp/share/lbr_demos_cpp/cmake/lbr_demos_cppConfig-version.cmake
[13.385s] -- Symlinking: /home/srl/lbr-stack/install/lbr_demos_cpp/share/lbr_demos_cpp/package.xml
[13.394s] Invoked command in '/home/srl/lbr-stack/build/lbr_demos_cpp' returned '0': CMAKE_PREFIX_PATH=/home/srl/lbr-stack/install/lbr_bringup:/home/srl/lbr-stack/install/lbr_ros2_control:/home/srl/lbr-stack/install/lbr_fri_ros2:/home/srl/lbr-stack/install/lbr_description:/home/srl/lbr-stack/install/ros_gz_bridge:/home/srl/lbr-stack/install/lbr_fri_idl:/home/srl/lbr-stack/install/ign_ros2_control:/home/srl/lbr-stack/install/ros_gz_sim:/home/srl/lbr-stack/install/ros_gz_interfaces:/home/srl/lbr-stack/install/gz_ros2_control:/home/srl/lbr-stack/install/fri_client_sdk:/home/srl/lbr-stack/install/test_ros_gz_bridge:/home/srl/lbr-stack/install/test_package:/home/srl/lbr-stack/install/ros_ign_interfaces:/home/srl/lbr-stack/install/ros_ign:/home/srl/lbr-stack/install/ros_ign_image:/home/srl/lbr-stack/install/ros_ign_gazebo_demos:/home/srl/lbr-stack/install/ros_ign_gazebo:/home/srl/lbr-stack/install/ros_ign_bridge:/home/srl/lbr-stack/install/ros_gz:/home/srl/lbr-stack/install/ros_gz_sim_demos:/home/srl/lbr-stack/install/lbr_fri_ros2_stack:/home/srl/lbr-stack/install/lbr_demos_cpp:/home/srl/lbr-stack/install/ign_ros2_control_demos:/home/srl/lbr-stack/install/gz_ros2_control_demos:/home/srl/lbr-stack/install/ros_gz_image:/home/srl/lbr-stack/install/my_package:/home/srl/lbr-stack/install/med7_moveit_config:/home/srl/lbr-stack/install/med14_moveit_config:/home/srl/lbr-stack/install/lbr_moveit_cpp:/home/srl/lbr-stack/install/lbr_gazebo_models:/home/srl/lbr-stack/install/lbr_demos_advanced_cpp:/home/srl/lbr-stack/install/iiwa7_moveit_config:/home/srl/lbr-stack/install/iiwa14_moveit_config:/home/srl/lbr-stack/install/gz_ros2_control_tests:/home/srl/lbr-stack/install/lbr_demos_py:/home/srl/lbr-stack/install/lbr_moveit:/home/srl/lbr-stack/install/lbr_demos_advanced_py:/opt/ros/humble LD_LIBRARY_PATH=/home/srl/lbr-stack/install/lbr_fri_ros2/lib:/home/srl/lbr-stack/install/ros_gz_bridge/lib:/home/srl/lbr-stack/install/lbr_fri_idl/lib:/home/srl/lbr-stack/install/ros_gz_sim/lib:/home/srl/lbr-stack/install/ros_gz_interfaces/lib:/home/srl/lbr-stack/install/gz_ros2_control/lib:/home/srl/lbr-stack/install/fri_client_sdk/lib:/home/srl/lbr-stack/install/test_package/lib:/home/srl/lbr-stack/install/ros_ign_interfaces/lib:/home/srl/lbr-stack/install/lbr_ros2_control/lib:/home/srl/lbr-stack/install/lbr_demos_advanced_cpp/lib:/usr/lib/x86_64-linux-gnu/gazebo-11/plugins:/opt/ros/humble/opt/rviz_ogre_vendor/lib:/opt/ros/humble/lib/x86_64-linux-gnu:/opt/ros/humble/lib /usr/bin/cmake --install /home/srl/lbr-stack/build/lbr_demos_cpp
