[0.119s] Invoking command in '/home/srl/lbr-stack/build/lbr_moveit_cpp': /usr/bin/cmake --build /home/srl/lbr-stack/build/lbr_moveit_cpp -- -j20 -l20
[0.161s] [100%] Built target hello_moveit
[0.174s] Invoked command in '/home/srl/lbr-stack/build/lbr_moveit_cpp' returned '0': /usr/bin/cmake --build /home/srl/lbr-stack/build/lbr_moveit_cpp -- -j20 -l20
[0.175s] Invoking command in '/home/srl/lbr-stack/build/lbr_moveit_cpp': /usr/bin/cmake --install /home/srl/lbr-stack/build/lbr_moveit_cpp
[0.184s] -- Install configuration: "Release"
[0.184s] -- Execute custom install script
[0.185s] -- Up-to-date symlink: /home/srl/lbr-stack/install/lbr_moveit_cpp/share/lbr_moveit_cpp/launch/hello_moveit.launch.py
[0.185s] -- Up-to-date symlink: /home/srl/lbr-stack/install/lbr_moveit_cpp/lib/lbr_moveit_cpp/hello_moveit
[0.185s] -- Up-to-date symlink: /home/srl/lbr-stack/install/lbr_moveit_cpp/share/ament_index/resource_index/package_run_dependencies/lbr_moveit_cpp
[0.185s] -- Up-to-date symlink: /home/srl/lbr-stack/install/lbr_moveit_cpp/share/ament_index/resource_index/parent_prefix_path/lbr_moveit_cpp
[0.185s] -- Up-to-date symlink: /home/srl/lbr-stack/install/lbr_moveit_cpp/share/lbr_moveit_cpp/environment/ament_prefix_path.sh
[0.185s] -- Up-to-date symlink: /home/srl/lbr-stack/install/lbr_moveit_cpp/share/lbr_moveit_cpp/environment/ament_prefix_path.dsv
[0.185s] -- Up-to-date symlink: /home/srl/lbr-stack/install/lbr_moveit_cpp/share/lbr_moveit_cpp/environment/path.sh
[0.185s] -- Up-to-date symlink: /home/srl/lbr-stack/install/lbr_moveit_cpp/share/lbr_moveit_cpp/environment/path.dsv
[0.185s] -- Up-to-date symlink: /home/srl/lbr-stack/install/lbr_moveit_cpp/share/lbr_moveit_cpp/local_setup.bash
[0.185s] -- Up-to-date symlink: /home/srl/lbr-stack/install/lbr_moveit_cpp/share/lbr_moveit_cpp/local_setup.sh
[0.185s] -- Up-to-date symlink: /home/srl/lbr-stack/install/lbr_moveit_cpp/share/lbr_moveit_cpp/local_setup.zsh
[0.185s] -- Up-to-date symlink: /home/srl/lbr-stack/install/lbr_moveit_cpp/share/lbr_moveit_cpp/local_setup.dsv
[0.186s] -- Symlinking: /home/srl/lbr-stack/install/lbr_moveit_cpp/share/lbr_moveit_cpp/package.dsv
[0.186s] -- Up-to-date symlink: /home/srl/lbr-stack/install/lbr_moveit_cpp/share/ament_index/resource_index/packages/lbr_moveit_cpp
[0.186s] -- Up-to-date symlink: /home/srl/lbr-stack/install/lbr_moveit_cpp/share/lbr_moveit_cpp/cmake/lbr_moveit_cppConfig.cmake
[0.186s] -- Up-to-date symlink: /home/srl/lbr-stack/install/lbr_moveit_cpp/share/lbr_moveit_cpp/cmake/lbr_moveit_cppConfig-version.cmake
[0.186s] -- Up-to-date symlink: /home/srl/lbr-stack/install/lbr_moveit_cpp/share/lbr_moveit_cpp/package.xml
[0.190s] Invoked command in '/home/srl/lbr-stack/build/lbr_moveit_cpp' returned '0': /usr/bin/cmake --install /home/srl/lbr-stack/build/lbr_moveit_cpp
