[0.016s] Invoking command in '/home/srl/lbr-stack/build/iiwa7_moveit_config': CMAKE_PREFIX_PATH=/home/srl/lbr-stack/install/lbr_description:/home/srl/lbr-stack/install/my_package:/home/srl/lbr-stack/install/med7_moveit_config:/home/srl/lbr-stack/install/med14_moveit_config:/home/srl/lbr-stack/install/lbr_fri_ros2_stack:/home/srl/lbr-stack/install/lbr_demos_cpp:/home/srl/lbr-stack/install/lbr_bringup:/home/srl/lbr-stack/install/lbr_ros2_control:/home/srl/lbr-stack/install/lbr_moveit_cpp:/home/srl/lbr-stack/install/lbr_demos_advanced_cpp:/home/srl/lbr-stack/install/lbr_fri_ros2:/home/srl/lbr-stack/install/lbr_fri_idl:/home/srl/lbr-stack/install/iiwa7_moveit_config:/home/srl/lbr-stack/install/iiwa14_moveit_config:/home/srl/lbr-stack/install/fri_client_sdk:/opt/ros/humble:/home/srl/lbr-stack/install/lbr_demos_py:/home/srl/lbr-stack/install/lbr_moveit:/home/srl/lbr-stack/install/lbr_demos_advanced_py /usr/bin/cmake --build /home/srl/lbr-stack/build/iiwa7_moveit_config -- -j20 -l20
[0.047s] Invoked command in '/home/srl/lbr-stack/build/iiwa7_moveit_config' returned '0': CMAKE_PREFIX_PATH=/home/srl/lbr-stack/install/lbr_description:/home/srl/lbr-stack/install/my_package:/home/srl/lbr-stack/install/med7_moveit_config:/home/srl/lbr-stack/install/med14_moveit_config:/home/srl/lbr-stack/install/lbr_fri_ros2_stack:/home/srl/lbr-stack/install/lbr_demos_cpp:/home/srl/lbr-stack/install/lbr_bringup:/home/srl/lbr-stack/install/lbr_ros2_control:/home/srl/lbr-stack/install/lbr_moveit_cpp:/home/srl/lbr-stack/install/lbr_demos_advanced_cpp:/home/srl/lbr-stack/install/lbr_fri_ros2:/home/srl/lbr-stack/install/lbr_fri_idl:/home/srl/lbr-stack/install/iiwa7_moveit_config:/home/srl/lbr-stack/install/iiwa14_moveit_config:/home/srl/lbr-stack/install/fri_client_sdk:/opt/ros/humble:/home/srl/lbr-stack/install/lbr_demos_py:/home/srl/lbr-stack/install/lbr_moveit:/home/srl/lbr-stack/install/lbr_demos_advanced_py /usr/bin/cmake --build /home/srl/lbr-stack/build/iiwa7_moveit_config -- -j20 -l20
[0.049s] Invoking command in '/home/srl/lbr-stack/build/iiwa7_moveit_config': CMAKE_PREFIX_PATH=/home/srl/lbr-stack/install/lbr_description:/home/srl/lbr-stack/install/my_package:/home/srl/lbr-stack/install/med7_moveit_config:/home/srl/lbr-stack/install/med14_moveit_config:/home/srl/lbr-stack/install/lbr_fri_ros2_stack:/home/srl/lbr-stack/install/lbr_demos_cpp:/home/srl/lbr-stack/install/lbr_bringup:/home/srl/lbr-stack/install/lbr_ros2_control:/home/srl/lbr-stack/install/lbr_moveit_cpp:/home/srl/lbr-stack/install/lbr_demos_advanced_cpp:/home/srl/lbr-stack/install/lbr_fri_ros2:/home/srl/lbr-stack/install/lbr_fri_idl:/home/srl/lbr-stack/install/iiwa7_moveit_config:/home/srl/lbr-stack/install/iiwa14_moveit_config:/home/srl/lbr-stack/install/fri_client_sdk:/opt/ros/humble:/home/srl/lbr-stack/install/lbr_demos_py:/home/srl/lbr-stack/install/lbr_moveit:/home/srl/lbr-stack/install/lbr_demos_advanced_py /usr/bin/cmake --install /home/srl/lbr-stack/build/iiwa7_moveit_config
[0.056s] -- Install configuration: ""
[0.056s] -- Execute custom install script
[0.057s] -- Up-to-date symlink: /home/srl/lbr-stack/install/iiwa7_moveit_config/share/ament_index/resource_index/package_run_dependencies/iiwa7_moveit_config
[0.057s] -- Up-to-date symlink: /home/srl/lbr-stack/install/iiwa7_moveit_config/share/ament_index/resource_index/parent_prefix_path/iiwa7_moveit_config
[0.058s] -- Up-to-date symlink: /home/srl/lbr-stack/install/iiwa7_moveit_config/share/iiwa7_moveit_config/environment/ament_prefix_path.sh
[0.060s] -- Up-to-date symlink: /home/srl/lbr-stack/install/iiwa7_moveit_config/share/iiwa7_moveit_config/environment/ament_prefix_path.dsv
[0.061s] -- Up-to-date symlink: /home/srl/lbr-stack/install/iiwa7_moveit_config/share/iiwa7_moveit_config/environment/path.sh
[0.062s] -- Up-to-date symlink: /home/srl/lbr-stack/install/iiwa7_moveit_config/share/iiwa7_moveit_config/environment/path.dsv
[0.062s] -- Up-to-date symlink: /home/srl/lbr-stack/install/iiwa7_moveit_config/share/iiwa7_moveit_config/local_setup.bash
[0.062s] -- Up-to-date symlink: /home/srl/lbr-stack/install/iiwa7_moveit_config/share/iiwa7_moveit_config/local_setup.sh
[0.063s] -- Up-to-date symlink: /home/srl/lbr-stack/install/iiwa7_moveit_config/share/iiwa7_moveit_config/local_setup.zsh
[0.063s] -- Up-to-date symlink: /home/srl/lbr-stack/install/iiwa7_moveit_config/share/iiwa7_moveit_config/local_setup.dsv
[0.064s] -- Symlinking: /home/srl/lbr-stack/install/iiwa7_moveit_config/share/iiwa7_moveit_config/package.dsv
[0.065s] -- Up-to-date symlink: /home/srl/lbr-stack/install/iiwa7_moveit_config/share/ament_index/resource_index/packages/iiwa7_moveit_config
[0.065s] -- Up-to-date symlink: /home/srl/lbr-stack/install/iiwa7_moveit_config/share/iiwa7_moveit_config/cmake/iiwa7_moveit_configConfig.cmake
[0.065s] -- Up-to-date symlink: /home/srl/lbr-stack/install/iiwa7_moveit_config/share/iiwa7_moveit_config/cmake/iiwa7_moveit_configConfig-version.cmake
[0.065s] -- Up-to-date symlink: /home/srl/lbr-stack/install/iiwa7_moveit_config/share/iiwa7_moveit_config/package.xml
[0.066s] -- Up-to-date symlink: /home/srl/lbr-stack/install/iiwa7_moveit_config/share/iiwa7_moveit_config/launch/move_group.launch.py
[0.066s] -- Up-to-date symlink: /home/srl/lbr-stack/install/iiwa7_moveit_config/share/iiwa7_moveit_config/launch/moveit_rviz.launch.py
[0.066s] -- Up-to-date symlink: /home/srl/lbr-stack/install/iiwa7_moveit_config/share/iiwa7_moveit_config/launch/setup_assistant.launch.py
[0.066s] -- Up-to-date symlink: /home/srl/lbr-stack/install/iiwa7_moveit_config/share/iiwa7_moveit_config/config/iiwa7.srdf
[0.066s] -- Up-to-date symlink: /home/srl/lbr-stack/install/iiwa7_moveit_config/share/iiwa7_moveit_config/config/joint_limits.yaml
[0.066s] -- Up-to-date symlink: /home/srl/lbr-stack/install/iiwa7_moveit_config/share/iiwa7_moveit_config/config/kinematics.yaml
[0.066s] -- Up-to-date symlink: /home/srl/lbr-stack/install/iiwa7_moveit_config/share/iiwa7_moveit_config/config/moveit.rviz
[0.066s] -- Up-to-date symlink: /home/srl/lbr-stack/install/iiwa7_moveit_config/share/iiwa7_moveit_config/config/moveit_controllers.yaml
[0.066s] -- Up-to-date symlink: /home/srl/lbr-stack/install/iiwa7_moveit_config/share/iiwa7_moveit_config/config/pilz_cartesian_limits.yaml
[0.066s] -- Up-to-date symlink: /home/srl/lbr-stack/install/iiwa7_moveit_config/share/iiwa7_moveit_config/.setup_assistant
[0.094s] Invoked command in '/home/srl/lbr-stack/build/iiwa7_moveit_config' returned '0': CMAKE_PREFIX_PATH=/home/srl/lbr-stack/install/lbr_description:/home/srl/lbr-stack/install/my_package:/home/srl/lbr-stack/install/med7_moveit_config:/home/srl/lbr-stack/install/med14_moveit_config:/home/srl/lbr-stack/install/lbr_fri_ros2_stack:/home/srl/lbr-stack/install/lbr_demos_cpp:/home/srl/lbr-stack/install/lbr_bringup:/home/srl/lbr-stack/install/lbr_ros2_control:/home/srl/lbr-stack/install/lbr_moveit_cpp:/home/srl/lbr-stack/install/lbr_demos_advanced_cpp:/home/srl/lbr-stack/install/lbr_fri_ros2:/home/srl/lbr-stack/install/lbr_fri_idl:/home/srl/lbr-stack/install/iiwa7_moveit_config:/home/srl/lbr-stack/install/iiwa14_moveit_config:/home/srl/lbr-stack/install/fri_client_sdk:/opt/ros/humble:/home/srl/lbr-stack/install/lbr_demos_py:/home/srl/lbr-stack/install/lbr_moveit:/home/srl/lbr-stack/install/lbr_demos_advanced_py /usr/bin/cmake --install /home/srl/lbr-stack/build/iiwa7_moveit_config
