[0.150s] Invoking command in '/home/srl/lbr-stack/src/build/my_package': CMAKE_PREFIX_PATH=${CMAKE_PREFIX_PATH}:/opt/ros/humble:/home/srl/lbr-stack/install/lbr_demos_py:/home/srl/lbr-stack/install/lbr_moveit:/home/srl/lbr-stack/install/lbr_demos_advanced_py /usr/bin/cmake --build /home/srl/lbr-stack/src/build/my_package -- -j20 -l20
[0.192s] [ 25%] Built target position_control
[0.192s] [ 25%] Built target command_listener
[0.193s] [ 37%] Built target robot_info_controller
[0.195s] [ 68%] Built target robot_info
[0.195s] [ 75%] Built target command_publisher3
[0.195s] [ 75%] Built target end_effector_position_node
[0.196s] [ 87%] Built target reset_position
[0.197s] [100%] Built target command_publisher2
[0.228s] Invoked command in '/home/srl/lbr-stack/src/build/my_package' returned '0': CMAKE_PREFIX_PATH=${CMAKE_PREFIX_PATH}:/opt/ros/humble:/home/srl/lbr-stack/install/lbr_demos_py:/home/srl/lbr-stack/install/lbr_moveit:/home/srl/lbr-stack/install/lbr_demos_advanced_py /usr/bin/cmake --build /home/srl/lbr-stack/src/build/my_package -- -j20 -l20
[0.228s] Invoking command in '/home/srl/lbr-stack/src/build/my_package': CMAKE_PREFIX_PATH=${CMAKE_PREFIX_PATH}:/opt/ros/humble:/home/srl/lbr-stack/install/lbr_demos_py:/home/srl/lbr-stack/install/lbr_moveit:/home/srl/lbr-stack/install/lbr_demos_advanced_py /usr/bin/cmake --install /home/srl/lbr-stack/src/build/my_package
[0.235s] -- Install configuration: ""
[0.235s] -- Execute custom install script
[0.235s] -- Up-to-date symlink: /home/srl/lbr-stack/src/install/my_package/lib/my_package/position_control_gui.py
[0.235s] -- Up-to-date symlink: /home/srl/lbr-stack/src/install/my_package/lib/my_package/command_publisher2
[0.235s] -- Up-to-date symlink: /home/srl/lbr-stack/src/install/my_package/lib/my_package/command_listener
[0.235s] -- Up-to-date symlink: /home/srl/lbr-stack/src/install/my_package/lib/my_package/command_publisher3
[0.236s] -- Up-to-date symlink: /home/srl/lbr-stack/src/install/my_package/lib/my_package/reset_position
[0.236s] -- Up-to-date symlink: /home/srl/lbr-stack/src/install/my_package/lib/my_package/robot_info
[0.236s] -- Up-to-date symlink: /home/srl/lbr-stack/src/install/my_package/lib/my_package/robot_info_controller
[0.236s] -- Up-to-date symlink: /home/srl/lbr-stack/src/install/my_package/lib/my_package/end_effector_position_node
[0.236s] -- Up-to-date symlink: /home/srl/lbr-stack/src/install/my_package/lib/my_package/position_control
[0.236s] -- Up-to-date symlink: /home/srl/lbr-stack/src/install/my_package/share/my_package/gazebo_hw_robot.launch.py
[0.236s] -- Up-to-date symlink: /home/srl/lbr-stack/src/install/my_package/share/my_package/gazebo_simu_robot.launch.py
[0.236s] -- Up-to-date symlink: /home/srl/lbr-stack/src/install/my_package/share/my_package/my.launch.py
[0.237s] -- Up-to-date symlink: /home/srl/lbr-stack/src/install/my_package/share/my_package/my_launch2.launch.py
[0.238s] -- Up-to-date symlink: /home/srl/lbr-stack/src/install/my_package/share/my_package/my_launch3.launch.py
[0.238s] -- Up-to-date symlink: /home/srl/lbr-stack/src/install/my_package/share/my_package/my_launch_rviz.launch.py
[0.238s] -- Up-to-date symlink: /home/srl/lbr-stack/src/install/my_package/share/my_package/my_position.launch.py
[0.239s] -- Up-to-date symlink: /home/srl/lbr-stack/src/install/my_package/share/my_package/my_reset.launch.py
[0.239s] -- Up-to-date symlink: /home/srl/lbr-stack/src/install/my_package/share/my_package/my_robot_info.launch.py
[0.239s] -- Up-to-date symlink: /home/srl/lbr-stack/src/install/my_package/share/ament_index/resource_index/package_run_dependencies/my_package
[0.239s] -- Up-to-date symlink: /home/srl/lbr-stack/src/install/my_package/share/ament_index/resource_index/parent_prefix_path/my_package
[0.240s] -- Up-to-date symlink: /home/srl/lbr-stack/src/install/my_package/share/my_package/environment/ament_prefix_path.sh
[0.241s] -- Up-to-date symlink: /home/srl/lbr-stack/src/install/my_package/share/my_package/environment/ament_prefix_path.dsv
[0.244s] -- Up-to-date symlink: /home/srl/lbr-stack/src/install/my_package/share/my_package/environment/path.sh
[0.244s] -- Up-to-date symlink: /home/srl/lbr-stack/src/install/my_package/share/my_package/environment/path.dsv
[0.244s] -- Up-to-date symlink: /home/srl/lbr-stack/src/install/my_package/share/my_package/local_setup.bash
[0.245s] -- Up-to-date symlink: /home/srl/lbr-stack/src/install/my_package/share/my_package/local_setup.sh
[0.245s] -- Up-to-date symlink: /home/srl/lbr-stack/src/install/my_package/share/my_package/local_setup.zsh
[0.245s] -- Up-to-date symlink: /home/srl/lbr-stack/src/install/my_package/share/my_package/local_setup.dsv
[0.245s] -- Symlinking: /home/srl/lbr-stack/src/install/my_package/share/my_package/package.dsv
[0.248s] -- Up-to-date symlink: /home/srl/lbr-stack/src/install/my_package/share/ament_index/resource_index/packages/my_package
[0.248s] -- Up-to-date symlink: /home/srl/lbr-stack/src/install/my_package/share/my_package/cmake/my_packageConfig.cmake
[0.248s] -- Up-to-date symlink: /home/srl/lbr-stack/src/install/my_package/share/my_package/cmake/my_packageConfig-version.cmake
[0.248s] -- Up-to-date symlink: /home/srl/lbr-stack/src/install/my_package/share/my_package/package.xml
[0.249s] Invoked command in '/home/srl/lbr-stack/src/build/my_package' returned '0': CMAKE_PREFIX_PATH=${CMAKE_PREFIX_PATH}:/opt/ros/humble:/home/srl/lbr-stack/install/lbr_demos_py:/home/srl/lbr-stack/install/lbr_moveit:/home/srl/lbr-stack/install/lbr_demos_advanced_py /usr/bin/cmake --install /home/srl/lbr-stack/src/build/my_package
