[0.163s] Invoking command in '/home/srl/lbr-stack/build/my_package': /usr/bin/cmake /home/srl/lbr-stack/src/my_package -DCMAKE_INSTALL_PREFIX=/home/srl/lbr-stack/install/my_package
[0.170s] -- Found ament_cmake: 1.3.11 (/opt/ros/humble/share/ament_cmake/cmake)
[0.283s] -- Override CMake install command with custom implementation using symlinks instead of copying resources
[0.289s] -- Found std_msgs: 4.8.0 (/opt/ros/humble/share/std_msgs/cmake)
[0.314s] -- Found rosidl_generator_c: 3.1.6 (/opt/ros/humble/share/rosidl_generator_c/cmake)
[0.317s] -- Found rosidl_adapter: 3.1.6 (/opt/ros/humble/share/rosidl_adapter/cmake)
[0.324s] -- Found rosidl_generator_cpp: 3.1.6 (/opt/ros/humble/share/rosidl_generator_cpp/cmake)
[0.336s] -- Using all available rosidl_typesupport_c: rosidl_typesupport_fastrtps_c;rosidl_typesupport_introspection_c
[0.344s] -- Using all available rosidl_typesupport_cpp: rosidl_typesupport_fastrtps_cpp;rosidl_typesupport_introspection_cpp
[0.363s] -- Found sensor_msgs: 4.8.0 (/opt/ros/humble/share/sensor_msgs/cmake)
[0.398s] -- Found rclcpp: 16.0.12 (/opt/ros/humble/share/rclcpp/cmake)
[0.430s] -- Found rmw_implementation_cmake: 6.1.2 (/opt/ros/humble/share/rmw_implementation_cmake/cmake)
[0.432s] -- Found rmw_fastrtps_cpp: 6.2.7 (/opt/ros/humble/share/rmw_fastrtps_cpp/cmake)
[0.520s] -- Using RMW implementation 'rmw_fastrtps_cpp' as default
[0.550s] -- Found control_msgs: 4.8.0 (/opt/ros/humble/share/control_msgs/cmake)
[0.624s] -- Found rclpy: 3.3.16 (/opt/ros/humble/share/rclpy/cmake)
[0.624s] -- Found ament_lint_auto: 0.12.12 (/opt/ros/humble/share/ament_lint_auto/cmake)
[0.670s] Error parsing '/home/srl/lbr-stack/src/my_package/package.xml':
[0.711s] Traceback (most recent call last):
[0.711s]   File "/opt/ros/humble/share/ament_cmake_core/cmake/core/package_xml_2_cmake.py", line 150, in <module>
[0.711s]     main()
[0.711s]   File "/opt/ros/humble/share/ament_cmake_core/cmake/core/package_xml_2_cmake.py", line 53, in main
[0.712s]     raise e
[0.712s]   File "/opt/ros/humble/share/ament_cmake_core/cmake/core/package_xml_2_cmake.py", line 49, in main
[0.712s]     package = parse_package_string(
[0.712s]   File "/usr/lib/python3/dist-packages/catkin_pkg/package.py", line 786, in parse_package_string
[0.712s]     raise InvalidPackage('Error(s):%s' % (''.join(['\n- %s' % e for e in errors])), filename)
[0.712s] catkin_pkg.package.InvalidPackage: Error(s) in package '/home/srl/lbr-stack/src/my_package/package.xml':
[0.712s] Error(s):
[0.713s] - The generic dependency on 'rclpy' is redundant with: exec_depend
[0.725s] [31mCMake Error at /opt/ros/humble/share/ament_cmake_core/cmake/core/ament_package_xml.cmake:95 (message):
[0.726s]   execute_process(/usr/bin/python3
[0.726s]   /opt/ros/humble/share/ament_cmake_core/cmake/core/package_xml_2_cmake.py
[0.726s]   /home/srl/lbr-stack/src/my_package/package.xml
[0.726s]   /home/srl/lbr-stack/build/my_package/ament_cmake_core/package.cmake)
[0.726s]   returned error code 1
[0.726s] Call Stack (most recent call first):
[0.726s]   /opt/ros/humble/share/ament_cmake_core/cmake/core/ament_package_xml.cmake:49 (_ament_package_xml)
[0.726s]   /opt/ros/humble/share/ament_lint_auto/cmake/ament_lint_auto_find_test_dependencies.cmake:31 (ament_package_xml)
[0.726s]   CMakeLists.txt:39 (ament_lint_auto_find_test_dependencies)
[0.726s] 
[0.726s] [0m
[0.726s] -- Configuring incomplete, errors occurred!
[0.727s] See also "/home/srl/lbr-stack/build/my_package/CMakeFiles/CMakeOutput.log".
[0.733s] Invoked command in '/home/srl/lbr-stack/build/my_package' returned '1': /usr/bin/cmake /home/srl/lbr-stack/src/my_package -DCMAKE_INSTALL_PREFIX=/home/srl/lbr-stack/install/my_package
