[0.009s] Invoking command in '/home/srl/lbr-stack/build/my_package': CMAKE_PREFIX_PATH=${CMAKE_PREFIX_PATH}:/home/srl/lbr-stack/install/lbr_demos_py:/home/srl/lbr-stack/install/lbr_moveit:/home/srl/lbr-stack/install/lbr_demos_advanced_py:/opt/ros/humble /usr/bin/cmake --build /home/srl/lbr-stack/build/my_package -- -j20 -l20
[0.087s] [ 12%] Built target command_listener
[0.087s] [ 25%] Built target reset_position
[0.087s] [ 37%] Built target command_publisher3
[0.089s] [ 50%] Built target robot_info
[0.089s] [ 62%] Built target end_effector_position_node
[0.090s] [ 81%] Built target robot_info_controller
[0.090s] [ 87%] Built target command_publisher2
[0.090s] [100%] Built target position_control
[0.097s] Invoked command in '/home/srl/lbr-stack/build/my_package' returned '0': CMAKE_PREFIX_PATH=${CMAKE_PREFIX_PATH}:/home/srl/lbr-stack/install/lbr_demos_py:/home/srl/lbr-stack/install/lbr_moveit:/home/srl/lbr-stack/install/lbr_demos_advanced_py:/opt/ros/humble /usr/bin/cmake --build /home/srl/lbr-stack/build/my_package -- -j20 -l20
[0.104s] Invoking command in '/home/srl/lbr-stack/build/my_package': CMAKE_PREFIX_PATH=${CMAKE_PREFIX_PATH}:/home/srl/lbr-stack/install/lbr_demos_py:/home/srl/lbr-stack/install/lbr_moveit:/home/srl/lbr-stack/install/lbr_demos_advanced_py:/opt/ros/humble /usr/bin/cmake --install /home/srl/lbr-stack/build/my_package
[0.110s] -- Install configuration: ""
[0.110s] -- Execute custom install script
[0.110s] -- Up-to-date symlink: /home/srl/lbr-stack/install/my_package/lib/my_package/position_control_gui.py
[0.111s] -- Up-to-date symlink: /home/srl/lbr-stack/install/my_package/lib/my_package/command_publisher2
[0.111s] -- Up-to-date symlink: /home/srl/lbr-stack/install/my_package/lib/my_package/command_listener
[0.111s] -- Up-to-date symlink: /home/srl/lbr-stack/install/my_package/lib/my_package/command_publisher3
[0.111s] -- Up-to-date symlink: /home/srl/lbr-stack/install/my_package/lib/my_package/reset_position
[0.111s] -- Up-to-date symlink: /home/srl/lbr-stack/install/my_package/lib/my_package/robot_info
[0.111s] -- Up-to-date symlink: /home/srl/lbr-stack/install/my_package/lib/my_package/robot_info_controller
[0.111s] -- Up-to-date symlink: /home/srl/lbr-stack/install/my_package/lib/my_package/end_effector_position_node
[0.111s] -- Up-to-date symlink: /home/srl/lbr-stack/install/my_package/lib/my_package/position_control
[0.112s] -- Up-to-date symlink: /home/srl/lbr-stack/install/my_package/share/my_package/launch/gazebo_complete.launch.py
[0.112s] -- Up-to-date symlink: /home/srl/lbr-stack/install/my_package/share/my_package/launch/gazebo_hardware.launch.py
[0.112s] -- Up-to-date symlink: /home/srl/lbr-stack/install/my_package/share/my_package/launch/gazebo_hw_robot.launch.py
[0.112s] -- Up-to-date symlink: /home/srl/lbr-stack/install/my_package/share/my_package/launch/gazebo_move.launch.py
[0.112s] -- Up-to-date symlink: /home/srl/lbr-stack/install/my_package/share/my_package/launch/gazebo_simu_robot.launch.py
[0.112s] -- Up-to-date symlink: /home/srl/lbr-stack/install/my_package/share/my_package/launch/hardware_gazebo_joint_control.launch.py
[0.112s] -- Up-to-date symlink: /home/srl/lbr-stack/install/my_package/share/my_package/launch/my.launch.py
[0.112s] -- Up-to-date symlink: /home/srl/lbr-stack/install/my_package/share/my_package/launch/my_launch2.launch.py
[0.112s] -- Up-to-date symlink: /home/srl/lbr-stack/install/my_package/share/my_package/launch/my_launch3.launch.py
[0.112s] -- Up-to-date symlink: /home/srl/lbr-stack/install/my_package/share/my_package/launch/my_launch_rviz.launch.py
[0.112s] -- Up-to-date symlink: /home/srl/lbr-stack/install/my_package/share/my_package/launch/my_position.launch.py
[0.112s] -- Up-to-date symlink: /home/srl/lbr-stack/install/my_package/share/my_package/launch/my_reset.launch.py
[0.112s] -- Up-to-date symlink: /home/srl/lbr-stack/install/my_package/share/my_package/launch/my_robot_info.launch.py
[0.112s] -- Up-to-date symlink: /home/srl/lbr-stack/install/my_package/share/ament_index/resource_index/package_run_dependencies/my_package
[0.112s] -- Up-to-date symlink: /home/srl/lbr-stack/install/my_package/share/ament_index/resource_index/parent_prefix_path/my_package
[0.112s] -- Up-to-date symlink: /home/srl/lbr-stack/install/my_package/share/my_package/environment/ament_prefix_path.sh
[0.112s] -- Up-to-date symlink: /home/srl/lbr-stack/install/my_package/share/my_package/environment/ament_prefix_path.dsv
[0.112s] -- Up-to-date symlink: /home/srl/lbr-stack/install/my_package/share/my_package/environment/path.sh
[0.112s] -- Up-to-date symlink: /home/srl/lbr-stack/install/my_package/share/my_package/environment/path.dsv
[0.112s] -- Up-to-date symlink: /home/srl/lbr-stack/install/my_package/share/my_package/local_setup.bash
[0.113s] -- Up-to-date symlink: /home/srl/lbr-stack/install/my_package/share/my_package/local_setup.sh
[0.113s] -- Up-to-date symlink: /home/srl/lbr-stack/install/my_package/share/my_package/local_setup.zsh
[0.113s] -- Up-to-date symlink: /home/srl/lbr-stack/install/my_package/share/my_package/local_setup.dsv
[0.113s] -- Symlinking: /home/srl/lbr-stack/install/my_package/share/my_package/package.dsv
[0.122s] -- Up-to-date symlink: /home/srl/lbr-stack/install/my_package/share/ament_index/resource_index/packages/my_package
[0.122s] -- Up-to-date symlink: /home/srl/lbr-stack/install/my_package/share/my_package/cmake/my_packageConfig.cmake
[0.122s] -- Up-to-date symlink: /home/srl/lbr-stack/install/my_package/share/my_package/cmake/my_packageConfig-version.cmake
[0.122s] -- Up-to-date symlink: /home/srl/lbr-stack/install/my_package/share/my_package/package.xml
[0.123s] Invoked command in '/home/srl/lbr-stack/build/my_package' returned '0': CMAKE_PREFIX_PATH=${CMAKE_PREFIX_PATH}:/home/srl/lbr-stack/install/lbr_demos_py:/home/srl/lbr-stack/install/lbr_moveit:/home/srl/lbr-stack/install/lbr_demos_advanced_py:/opt/ros/humble /usr/bin/cmake --install /home/srl/lbr-stack/build/my_package
