[0.390s] Invoking command in '/home/srl/lbr-stack/build/my_package': CMAKE_PREFIX_PATH=${CMAKE_PREFIX_PATH}:/home/srl/lbr-stack/install/lbr_demos_py:/home/srl/lbr-stack/install/lbr_moveit:/home/srl/lbr-stack/install/lbr_demos_advanced_py:/opt/ros/humble /usr/bin/cmake --build /home/srl/lbr-stack/build/my_package -- -j20 -l20
[0.482s] [ 16%] Built target command_listener
[0.483s] [ 33%] Built target reset_position
[0.486s] [ 50%] Built target robot_info
[0.487s] [ 66%] Built target command_publisher2
[0.487s] [ 83%] Built target command_publisher3
[0.503s] [100%] Built target robot_info_controller
[0.583s] Invoked command in '/home/srl/lbr-stack/build/my_package' returned '0': CMAKE_PREFIX_PATH=${CMAKE_PREFIX_PATH}:/home/srl/lbr-stack/install/lbr_demos_py:/home/srl/lbr-stack/install/lbr_moveit:/home/srl/lbr-stack/install/lbr_demos_advanced_py:/opt/ros/humble /usr/bin/cmake --build /home/srl/lbr-stack/build/my_package -- -j20 -l20
[0.596s] Invoking command in '/home/srl/lbr-stack/build/my_package': CMAKE_PREFIX_PATH=${CMAKE_PREFIX_PATH}:/home/srl/lbr-stack/install/lbr_demos_py:/home/srl/lbr-stack/install/lbr_moveit:/home/srl/lbr-stack/install/lbr_demos_advanced_py:/opt/ros/humble /usr/bin/cmake --install /home/srl/lbr-stack/build/my_package
[0.605s] -- Install configuration: ""
[0.607s] -- Execute custom install script
[0.607s] -- Up-to-date symlink: /home/srl/lbr-stack/install/my_package/lib/my_package/command_publisher2
[0.607s] -- Up-to-date symlink: /home/srl/lbr-stack/install/my_package/lib/my_package/command_listener
[0.607s] -- Up-to-date symlink: /home/srl/lbr-stack/install/my_package/lib/my_package/command_publisher3
[0.607s] -- Up-to-date symlink: /home/srl/lbr-stack/install/my_package/lib/my_package/reset_position
[0.607s] -- Up-to-date symlink: /home/srl/lbr-stack/install/my_package/lib/my_package/robot_info
[0.607s] -- Up-to-date symlink: /home/srl/lbr-stack/install/my_package/lib/my_package/robot_info_controller
[0.608s] -- Up-to-date symlink: /home/srl/lbr-stack/install/my_package/share/my_package/my.launch.py
[0.608s] -- Up-to-date symlink: /home/srl/lbr-stack/install/my_package/share/my_package/my_launch2.launch.py
[0.608s] -- Up-to-date symlink: /home/srl/lbr-stack/install/my_package/share/my_package/my_launch3.launch.py
[0.608s] -- Up-to-date symlink: /home/srl/lbr-stack/install/my_package/share/my_package/my_launch_rviz.launch.py
[0.608s] -- Up-to-date symlink: /home/srl/lbr-stack/install/my_package/share/my_package/my_reset.launch.py
[0.608s] -- Up-to-date symlink: /home/srl/lbr-stack/install/my_package/share/my_package/my_robot_info.launch.py
[0.608s] -- Up-to-date symlink: /home/srl/lbr-stack/install/my_package/share/ament_index/resource_index/package_run_dependencies/my_package
[0.608s] -- Up-to-date symlink: /home/srl/lbr-stack/install/my_package/share/ament_index/resource_index/parent_prefix_path/my_package
[0.608s] -- Up-to-date symlink: /home/srl/lbr-stack/install/my_package/share/my_package/environment/ament_prefix_path.sh
[0.608s] -- Up-to-date symlink: /home/srl/lbr-stack/install/my_package/share/my_package/environment/ament_prefix_path.dsv
[0.608s] -- Up-to-date symlink: /home/srl/lbr-stack/install/my_package/share/my_package/environment/path.sh
[0.608s] -- Up-to-date symlink: /home/srl/lbr-stack/install/my_package/share/my_package/environment/path.dsv
[0.608s] -- Up-to-date symlink: /home/srl/lbr-stack/install/my_package/share/my_package/local_setup.bash
[0.609s] -- Up-to-date symlink: /home/srl/lbr-stack/install/my_package/share/my_package/local_setup.sh
[0.609s] -- Up-to-date symlink: /home/srl/lbr-stack/install/my_package/share/my_package/local_setup.zsh
[0.609s] -- Up-to-date symlink: /home/srl/lbr-stack/install/my_package/share/my_package/local_setup.dsv
[0.609s] -- Symlinking: /home/srl/lbr-stack/install/my_package/share/my_package/package.dsv
[0.619s] -- Up-to-date symlink: /home/srl/lbr-stack/install/my_package/share/ament_index/resource_index/packages/my_package
[0.625s] -- Up-to-date symlink: /home/srl/lbr-stack/install/my_package/share/my_package/cmake/my_packageConfig.cmake
[0.627s] -- Up-to-date symlink: /home/srl/lbr-stack/install/my_package/share/my_package/cmake/my_packageConfig-version.cmake
[0.627s] -- Up-to-date symlink: /home/srl/lbr-stack/install/my_package/share/my_package/package.xml
[0.691s] Invoked command in '/home/srl/lbr-stack/build/my_package' returned '0': CMAKE_PREFIX_PATH=${CMAKE_PREFIX_PATH}:/home/srl/lbr-stack/install/lbr_demos_py:/home/srl/lbr-stack/install/lbr_moveit:/home/srl/lbr-stack/install/lbr_demos_advanced_py:/opt/ros/humble /usr/bin/cmake --install /home/srl/lbr-stack/build/my_package
