[0.025s] Invoking command in '/home/srl/lbr-stack/build/lbr_bringup': CMAKE_PREFIX_PATH=/home/srl/lbr-stack/install/lbr_ros2_control:/home/srl/lbr-stack/install/lbr_fri_ros2:/home/srl/lbr-stack/install/lbr_fri_idl:/home/srl/lbr-stack/install/lbr_description:/home/srl/lbr-stack/install/fri_client_sdk:/home/srl/lbr-stack/install/my_package:/home/srl/lbr-stack/install/med7_moveit_config:/home/srl/lbr-stack/install/med14_moveit_config:/home/srl/lbr-stack/install/lbr_fri_ros2_stack:/home/srl/lbr-stack/install/lbr_demos_cpp:/home/srl/lbr-stack/install/lbr_bringup:/home/srl/lbr-stack/install/lbr_moveit_cpp:/home/srl/lbr-stack/install/lbr_demos_advanced_cpp:/home/srl/lbr-stack/install/iiwa7_moveit_config:/home/srl/lbr-stack/install/iiwa14_moveit_config:/home/srl/lbr-stack/install/lbr_demos_py:/home/srl/lbr-stack/install/lbr_moveit:/home/srl/lbr-stack/install/lbr_demos_advanced_py:/opt/ros/humble LD_LIBRARY_PATH=/home/srl/lbr-stack/install/lbr_fri_ros2/lib:/home/srl/lbr-stack/install/lbr_fri_idl/lib:/home/srl/lbr-stack/install/fri_client_sdk/lib:/home/srl/lbr-stack/install/lbr_ros2_control/lib:/home/srl/lbr-stack/install/lbr_demos_advanced_cpp/lib:/opt/ros/humble/opt/rviz_ogre_vendor/lib:/opt/ros/humble/lib/x86_64-linux-gnu:/opt/ros/humble/lib /usr/bin/cmake --build /home/srl/lbr-stack/build/lbr_bringup -- -j20 -l20
[0.092s] Built target ament_cmake_python_symlink_lbr_bringup
[0.359s] running egg_info
[0.360s] writing lbr_bringup.egg-info/PKG-INFO
[0.360s] writing dependency_links to lbr_bringup.egg-info/dependency_links.txt
[0.360s] writing top-level names to lbr_bringup.egg-info/top_level.txt
[0.362s] reading manifest file 'lbr_bringup.egg-info/SOURCES.txt'
[0.363s] writing manifest file 'lbr_bringup.egg-info/SOURCES.txt'
[0.395s] Built target ament_cmake_python_build_lbr_bringup_egg
[0.411s] Invoked command in '/home/srl/lbr-stack/build/lbr_bringup' returned '0': CMAKE_PREFIX_PATH=/home/srl/lbr-stack/install/lbr_ros2_control:/home/srl/lbr-stack/install/lbr_fri_ros2:/home/srl/lbr-stack/install/lbr_fri_idl:/home/srl/lbr-stack/install/lbr_description:/home/srl/lbr-stack/install/fri_client_sdk:/home/srl/lbr-stack/install/my_package:/home/srl/lbr-stack/install/med7_moveit_config:/home/srl/lbr-stack/install/med14_moveit_config:/home/srl/lbr-stack/install/lbr_fri_ros2_stack:/home/srl/lbr-stack/install/lbr_demos_cpp:/home/srl/lbr-stack/install/lbr_bringup:/home/srl/lbr-stack/install/lbr_moveit_cpp:/home/srl/lbr-stack/install/lbr_demos_advanced_cpp:/home/srl/lbr-stack/install/iiwa7_moveit_config:/home/srl/lbr-stack/install/iiwa14_moveit_config:/home/srl/lbr-stack/install/lbr_demos_py:/home/srl/lbr-stack/install/lbr_moveit:/home/srl/lbr-stack/install/lbr_demos_advanced_py:/opt/ros/humble LD_LIBRARY_PATH=/home/srl/lbr-stack/install/lbr_fri_ros2/lib:/home/srl/lbr-stack/install/lbr_fri_idl/lib:/home/srl/lbr-stack/install/fri_client_sdk/lib:/home/srl/lbr-stack/install/lbr_ros2_control/lib:/home/srl/lbr-stack/install/lbr_demos_advanced_cpp/lib:/opt/ros/humble/opt/rviz_ogre_vendor/lib:/opt/ros/humble/lib/x86_64-linux-gnu:/opt/ros/humble/lib /usr/bin/cmake --build /home/srl/lbr-stack/build/lbr_bringup -- -j20 -l20
[0.413s] Invoking command in '/home/srl/lbr-stack/build/lbr_bringup': CMAKE_PREFIX_PATH=/home/srl/lbr-stack/install/lbr_ros2_control:/home/srl/lbr-stack/install/lbr_fri_ros2:/home/srl/lbr-stack/install/lbr_fri_idl:/home/srl/lbr-stack/install/lbr_description:/home/srl/lbr-stack/install/fri_client_sdk:/home/srl/lbr-stack/install/my_package:/home/srl/lbr-stack/install/med7_moveit_config:/home/srl/lbr-stack/install/med14_moveit_config:/home/srl/lbr-stack/install/lbr_fri_ros2_stack:/home/srl/lbr-stack/install/lbr_demos_cpp:/home/srl/lbr-stack/install/lbr_bringup:/home/srl/lbr-stack/install/lbr_moveit_cpp:/home/srl/lbr-stack/install/lbr_demos_advanced_cpp:/home/srl/lbr-stack/install/iiwa7_moveit_config:/home/srl/lbr-stack/install/iiwa14_moveit_config:/home/srl/lbr-stack/install/lbr_demos_py:/home/srl/lbr-stack/install/lbr_moveit:/home/srl/lbr-stack/install/lbr_demos_advanced_py:/opt/ros/humble LD_LIBRARY_PATH=/home/srl/lbr-stack/install/lbr_fri_ros2/lib:/home/srl/lbr-stack/install/lbr_fri_idl/lib:/home/srl/lbr-stack/install/fri_client_sdk/lib:/home/srl/lbr-stack/install/lbr_ros2_control/lib:/home/srl/lbr-stack/install/lbr_demos_advanced_cpp/lib:/opt/ros/humble/opt/rviz_ogre_vendor/lib:/opt/ros/humble/lib/x86_64-linux-gnu:/opt/ros/humble/lib /usr/bin/cmake --install /home/srl/lbr-stack/build/lbr_bringup
[0.422s] -- Install configuration: ""
[0.423s] -- Execute custom install script
[0.423s] -- Up-to-date symlink: /home/srl/lbr-stack/install/lbr_bringup/share/lbr_bringup/config/gazebo.rviz
[0.423s] -- Up-to-date symlink: /home/srl/lbr-stack/install/lbr_bringup/share/lbr_bringup/config/hardware.rviz
[0.423s] -- Up-to-date symlink: /home/srl/lbr-stack/install/lbr_bringup/share/lbr_bringup/config/mock.rviz
[0.424s] -- Up-to-date symlink: /home/srl/lbr-stack/install/lbr_bringup/share/lbr_bringup/config/moveit_servo.yaml
[0.424s] -- Up-to-date symlink: /home/srl/lbr-stack/install/lbr_bringup/share/lbr_bringup/launch/gazebo.launch.py
[0.424s] -- Up-to-date symlink: /home/srl/lbr-stack/install/lbr_bringup/share/lbr_bringup/launch/hardware.launch.py
[0.424s] -- Up-to-date symlink: /home/srl/lbr-stack/install/lbr_bringup/share/lbr_bringup/launch/mock.launch.py
[0.425s] -- Up-to-date symlink: /home/srl/lbr-stack/install/lbr_bringup/share/lbr_bringup/launch/move_group.launch.py
[0.425s] -- Up-to-date symlink: /home/srl/lbr-stack/install/lbr_bringup/share/lbr_bringup/launch/moveit_servo.launch.py
[0.425s] -- Up-to-date symlink: /home/srl/lbr-stack/install/lbr_bringup/share/lbr_bringup/launch/rviz.launch.py
[0.426s] -- Up-to-date symlink: /home/srl/lbr-stack/install/lbr_bringup/share/lbr_bringup/environment/pythonpath.sh
[0.426s] -- Up-to-date symlink: /home/srl/lbr-stack/install/lbr_bringup/share/lbr_bringup/environment/pythonpath.dsv
[0.426s] -- Up-to-date symlink: /home/srl/lbr-stack/install/lbr_bringup/local/lib/python3.10/dist-packages/lbr_bringup-2.2.1-py3.10.egg-info/PKG-INFO
[0.427s] -- Up-to-date symlink: /home/srl/lbr-stack/install/lbr_bringup/local/lib/python3.10/dist-packages/lbr_bringup-2.2.1-py3.10.egg-info/SOURCES.txt
[0.427s] -- Up-to-date symlink: /home/srl/lbr-stack/install/lbr_bringup/local/lib/python3.10/dist-packages/lbr_bringup-2.2.1-py3.10.egg-info/dependency_links.txt
[0.427s] -- Up-to-date symlink: /home/srl/lbr-stack/install/lbr_bringup/local/lib/python3.10/dist-packages/lbr_bringup-2.2.1-py3.10.egg-info/top_level.txt
[0.428s] -- Up-to-date symlink: /home/srl/lbr-stack/install/lbr_bringup/local/lib/python3.10/dist-packages/lbr_bringup/__init__.py
[0.428s] -- Up-to-date symlink: /home/srl/lbr-stack/install/lbr_bringup/local/lib/python3.10/dist-packages/lbr_bringup/description.py
[0.428s] -- Up-to-date symlink: /home/srl/lbr-stack/install/lbr_bringup/local/lib/python3.10/dist-packages/lbr_bringup/gazebo.py
[0.428s] -- Up-to-date symlink: /home/srl/lbr-stack/install/lbr_bringup/local/lib/python3.10/dist-packages/lbr_bringup/moveit.py
[0.428s] -- Up-to-date symlink: /home/srl/lbr-stack/install/lbr_bringup/local/lib/python3.10/dist-packages/lbr_bringup/ros2_control.py
[0.429s] -- Up-to-date symlink: /home/srl/lbr-stack/install/lbr_bringup/local/lib/python3.10/dist-packages/lbr_bringup/rviz.py
[0.429s] -- Up-to-date symlink: /home/srl/lbr-stack/install/lbr_bringup/share/ament_index/resource_index/package_run_dependencies/lbr_bringup
[0.429s] -- Up-to-date symlink: /home/srl/lbr-stack/install/lbr_bringup/share/ament_index/resource_index/parent_prefix_path/lbr_bringup
[0.429s] -- Up-to-date symlink: /home/srl/lbr-stack/install/lbr_bringup/share/lbr_bringup/environment/ament_prefix_path.sh
[0.429s] -- Up-to-date symlink: /home/srl/lbr-stack/install/lbr_bringup/share/lbr_bringup/environment/ament_prefix_path.dsv
[0.429s] -- Up-to-date symlink: /home/srl/lbr-stack/install/lbr_bringup/share/lbr_bringup/environment/path.sh
[0.430s] -- Up-to-date symlink: /home/srl/lbr-stack/install/lbr_bringup/share/lbr_bringup/environment/path.dsv
[0.430s] -- Up-to-date symlink: /home/srl/lbr-stack/install/lbr_bringup/share/lbr_bringup/local_setup.bash
[0.430s] -- Up-to-date symlink: /home/srl/lbr-stack/install/lbr_bringup/share/lbr_bringup/local_setup.sh
[0.430s] -- Up-to-date symlink: /home/srl/lbr-stack/install/lbr_bringup/share/lbr_bringup/local_setup.zsh
[0.430s] -- Up-to-date symlink: /home/srl/lbr-stack/install/lbr_bringup/share/lbr_bringup/local_setup.dsv
[0.430s] -- Symlinking: /home/srl/lbr-stack/install/lbr_bringup/share/lbr_bringup/package.dsv
[0.440s] -- Up-to-date symlink: /home/srl/lbr-stack/install/lbr_bringup/share/ament_index/resource_index/packages/lbr_bringup
[0.440s] -- Up-to-date symlink: /home/srl/lbr-stack/install/lbr_bringup/share/lbr_bringup/cmake/lbr_bringupConfig.cmake
[0.440s] -- Up-to-date symlink: /home/srl/lbr-stack/install/lbr_bringup/share/lbr_bringup/cmake/lbr_bringupConfig-version.cmake
[0.440s] -- Up-to-date symlink: /home/srl/lbr-stack/install/lbr_bringup/share/lbr_bringup/package.xml
[0.483s] Listing '/home/srl/lbr-stack/install/lbr_bringup/local/lib/python3.10/dist-packages/lbr_bringup'...
[0.489s] Invoked command in '/home/srl/lbr-stack/build/lbr_bringup' returned '0': CMAKE_PREFIX_PATH=/home/srl/lbr-stack/install/lbr_ros2_control:/home/srl/lbr-stack/install/lbr_fri_ros2:/home/srl/lbr-stack/install/lbr_fri_idl:/home/srl/lbr-stack/install/lbr_description:/home/srl/lbr-stack/install/fri_client_sdk:/home/srl/lbr-stack/install/my_package:/home/srl/lbr-stack/install/med7_moveit_config:/home/srl/lbr-stack/install/med14_moveit_config:/home/srl/lbr-stack/install/lbr_fri_ros2_stack:/home/srl/lbr-stack/install/lbr_demos_cpp:/home/srl/lbr-stack/install/lbr_bringup:/home/srl/lbr-stack/install/lbr_moveit_cpp:/home/srl/lbr-stack/install/lbr_demos_advanced_cpp:/home/srl/lbr-stack/install/iiwa7_moveit_config:/home/srl/lbr-stack/install/iiwa14_moveit_config:/home/srl/lbr-stack/install/lbr_demos_py:/home/srl/lbr-stack/install/lbr_moveit:/home/srl/lbr-stack/install/lbr_demos_advanced_py:/opt/ros/humble LD_LIBRARY_PATH=/home/srl/lbr-stack/install/lbr_fri_ros2/lib:/home/srl/lbr-stack/install/lbr_fri_idl/lib:/home/srl/lbr-stack/install/fri_client_sdk/lib:/home/srl/lbr-stack/install/lbr_ros2_control/lib:/home/srl/lbr-stack/install/lbr_demos_advanced_cpp/lib:/opt/ros/humble/opt/rviz_ogre_vendor/lib:/opt/ros/humble/lib/x86_64-linux-gnu:/opt/ros/humble/lib /usr/bin/cmake --install /home/srl/lbr-stack/build/lbr_bringup
