[0.027s] Invoking command in '/home/srl/lbr-stack/build/med7_moveit_config': CMAKE_PREFIX_PATH=/home/srl/lbr-stack/install/lbr_description:/home/srl/lbr-stack/install/my_package:/home/srl/lbr-stack/install/med7_moveit_config:/home/srl/lbr-stack/install/med14_moveit_config:/home/srl/lbr-stack/install/lbr_fri_ros2_stack:/home/srl/lbr-stack/install/lbr_demos_cpp:/home/srl/lbr-stack/install/lbr_bringup:/home/srl/lbr-stack/install/lbr_ros2_control:/home/srl/lbr-stack/install/lbr_moveit_cpp:/home/srl/lbr-stack/install/lbr_demos_advanced_cpp:/home/srl/lbr-stack/install/lbr_fri_ros2:/home/srl/lbr-stack/install/lbr_fri_idl:/home/srl/lbr-stack/install/iiwa7_moveit_config:/home/srl/lbr-stack/install/iiwa14_moveit_config:/home/srl/lbr-stack/install/fri_client_sdk:/home/srl/lbr-stack/src/my_package/install/my_package:/home/srl/ros2_ws/install/impedance_controller:/home/srl/ros2_ws/install/iiwa_moveit2:/home/srl/ros2_ws/install/iiwa_hardware:/home/srl/ros2_ws/install/iiwa_bringup:/home/srl/ros2_ws/install/iiwa_description:/home/srl/ros2_ws/install/external_torque_sensor_broadcaster:/home/srl/ros2_ws/install/command_package:/home/srl/lbr-stack/install/lbr_demos_py:/home/srl/lbr-stack/install/lbr_moveit:/home/srl/lbr-stack/install/lbr_demos_advanced_py:/home/srl/ros2_ws/install/simple_gui:/opt/ros/humble /usr/bin/cmake --build /home/srl/lbr-stack/build/med7_moveit_config -- -j20 -l20
[0.070s] Invoked command in '/home/srl/lbr-stack/build/med7_moveit_config' returned '0': CMAKE_PREFIX_PATH=/home/srl/lbr-stack/install/lbr_description:/home/srl/lbr-stack/install/my_package:/home/srl/lbr-stack/install/med7_moveit_config:/home/srl/lbr-stack/install/med14_moveit_config:/home/srl/lbr-stack/install/lbr_fri_ros2_stack:/home/srl/lbr-stack/install/lbr_demos_cpp:/home/srl/lbr-stack/install/lbr_bringup:/home/srl/lbr-stack/install/lbr_ros2_control:/home/srl/lbr-stack/install/lbr_moveit_cpp:/home/srl/lbr-stack/install/lbr_demos_advanced_cpp:/home/srl/lbr-stack/install/lbr_fri_ros2:/home/srl/lbr-stack/install/lbr_fri_idl:/home/srl/lbr-stack/install/iiwa7_moveit_config:/home/srl/lbr-stack/install/iiwa14_moveit_config:/home/srl/lbr-stack/install/fri_client_sdk:/home/srl/lbr-stack/src/my_package/install/my_package:/home/srl/ros2_ws/install/impedance_controller:/home/srl/ros2_ws/install/iiwa_moveit2:/home/srl/ros2_ws/install/iiwa_hardware:/home/srl/ros2_ws/install/iiwa_bringup:/home/srl/ros2_ws/install/iiwa_description:/home/srl/ros2_ws/install/external_torque_sensor_broadcaster:/home/srl/ros2_ws/install/command_package:/home/srl/lbr-stack/install/lbr_demos_py:/home/srl/lbr-stack/install/lbr_moveit:/home/srl/lbr-stack/install/lbr_demos_advanced_py:/home/srl/ros2_ws/install/simple_gui:/opt/ros/humble /usr/bin/cmake --build /home/srl/lbr-stack/build/med7_moveit_config -- -j20 -l20
[0.072s] Invoking command in '/home/srl/lbr-stack/build/med7_moveit_config': CMAKE_PREFIX_PATH=/home/srl/lbr-stack/install/lbr_description:/home/srl/lbr-stack/install/my_package:/home/srl/lbr-stack/install/med7_moveit_config:/home/srl/lbr-stack/install/med14_moveit_config:/home/srl/lbr-stack/install/lbr_fri_ros2_stack:/home/srl/lbr-stack/install/lbr_demos_cpp:/home/srl/lbr-stack/install/lbr_bringup:/home/srl/lbr-stack/install/lbr_ros2_control:/home/srl/lbr-stack/install/lbr_moveit_cpp:/home/srl/lbr-stack/install/lbr_demos_advanced_cpp:/home/srl/lbr-stack/install/lbr_fri_ros2:/home/srl/lbr-stack/install/lbr_fri_idl:/home/srl/lbr-stack/install/iiwa7_moveit_config:/home/srl/lbr-stack/install/iiwa14_moveit_config:/home/srl/lbr-stack/install/fri_client_sdk:/home/srl/lbr-stack/src/my_package/install/my_package:/home/srl/ros2_ws/install/impedance_controller:/home/srl/ros2_ws/install/iiwa_moveit2:/home/srl/ros2_ws/install/iiwa_hardware:/home/srl/ros2_ws/install/iiwa_bringup:/home/srl/ros2_ws/install/iiwa_description:/home/srl/ros2_ws/install/external_torque_sensor_broadcaster:/home/srl/ros2_ws/install/command_package:/home/srl/lbr-stack/install/lbr_demos_py:/home/srl/lbr-stack/install/lbr_moveit:/home/srl/lbr-stack/install/lbr_demos_advanced_py:/home/srl/ros2_ws/install/simple_gui:/opt/ros/humble /usr/bin/cmake --install /home/srl/lbr-stack/build/med7_moveit_config
[0.082s] -- Install configuration: ""
[0.083s] -- Execute custom install script
[0.083s] -- Up-to-date symlink: /home/srl/lbr-stack/install/med7_moveit_config/share/ament_index/resource_index/package_run_dependencies/med7_moveit_config
[0.084s] -- Up-to-date symlink: /home/srl/lbr-stack/install/med7_moveit_config/share/ament_index/resource_index/parent_prefix_path/med7_moveit_config
[0.084s] -- Up-to-date symlink: /home/srl/lbr-stack/install/med7_moveit_config/share/med7_moveit_config/environment/ament_prefix_path.sh
[0.084s] -- Up-to-date symlink: /home/srl/lbr-stack/install/med7_moveit_config/share/med7_moveit_config/environment/ament_prefix_path.dsv
[0.084s] -- Up-to-date symlink: /home/srl/lbr-stack/install/med7_moveit_config/share/med7_moveit_config/environment/path.sh
[0.084s] -- Up-to-date symlink: /home/srl/lbr-stack/install/med7_moveit_config/share/med7_moveit_config/environment/path.dsv
[0.084s] -- Up-to-date symlink: /home/srl/lbr-stack/install/med7_moveit_config/share/med7_moveit_config/local_setup.bash
[0.084s] -- Up-to-date symlink: /home/srl/lbr-stack/install/med7_moveit_config/share/med7_moveit_config/local_setup.sh
[0.084s] -- Up-to-date symlink: /home/srl/lbr-stack/install/med7_moveit_config/share/med7_moveit_config/local_setup.zsh
[0.084s] -- Up-to-date symlink: /home/srl/lbr-stack/install/med7_moveit_config/share/med7_moveit_config/local_setup.dsv
[0.084s] -- Symlinking: /home/srl/lbr-stack/install/med7_moveit_config/share/med7_moveit_config/package.dsv
[0.094s] -- Up-to-date symlink: /home/srl/lbr-stack/install/med7_moveit_config/share/ament_index/resource_index/packages/med7_moveit_config
[0.094s] -- Up-to-date symlink: /home/srl/lbr-stack/install/med7_moveit_config/share/med7_moveit_config/cmake/med7_moveit_configConfig.cmake
[0.094s] -- Up-to-date symlink: /home/srl/lbr-stack/install/med7_moveit_config/share/med7_moveit_config/cmake/med7_moveit_configConfig-version.cmake
[0.095s] -- Up-to-date symlink: /home/srl/lbr-stack/install/med7_moveit_config/share/med7_moveit_config/package.xml
[0.095s] -- Up-to-date symlink: /home/srl/lbr-stack/install/med7_moveit_config/share/med7_moveit_config/launch/move_group.launch.py
[0.096s] -- Up-to-date symlink: /home/srl/lbr-stack/install/med7_moveit_config/share/med7_moveit_config/launch/moveit_rviz.launch.py
[0.096s] -- Up-to-date symlink: /home/srl/lbr-stack/install/med7_moveit_config/share/med7_moveit_config/launch/setup_assistant.launch.py
[0.096s] -- Up-to-date symlink: /home/srl/lbr-stack/install/med7_moveit_config/share/med7_moveit_config/config/joint_limits.yaml
[0.096s] -- Up-to-date symlink: /home/srl/lbr-stack/install/med7_moveit_config/share/med7_moveit_config/config/kinematics.yaml
[0.097s] -- Up-to-date symlink: /home/srl/lbr-stack/install/med7_moveit_config/share/med7_moveit_config/config/med7.srdf
[0.097s] -- Up-to-date symlink: /home/srl/lbr-stack/install/med7_moveit_config/share/med7_moveit_config/config/moveit.rviz
[0.097s] -- Up-to-date symlink: /home/srl/lbr-stack/install/med7_moveit_config/share/med7_moveit_config/config/moveit_controllers.yaml
[0.098s] -- Up-to-date symlink: /home/srl/lbr-stack/install/med7_moveit_config/share/med7_moveit_config/config/pilz_cartesian_limits.yaml
[0.098s] -- Up-to-date symlink: /home/srl/lbr-stack/install/med7_moveit_config/share/med7_moveit_config/.setup_assistant
[0.134s] Invoked command in '/home/srl/lbr-stack/build/med7_moveit_config' returned '0': CMAKE_PREFIX_PATH=/home/srl/lbr-stack/install/lbr_description:/home/srl/lbr-stack/install/my_package:/home/srl/lbr-stack/install/med7_moveit_config:/home/srl/lbr-stack/install/med14_moveit_config:/home/srl/lbr-stack/install/lbr_fri_ros2_stack:/home/srl/lbr-stack/install/lbr_demos_cpp:/home/srl/lbr-stack/install/lbr_bringup:/home/srl/lbr-stack/install/lbr_ros2_control:/home/srl/lbr-stack/install/lbr_moveit_cpp:/home/srl/lbr-stack/install/lbr_demos_advanced_cpp:/home/srl/lbr-stack/install/lbr_fri_ros2:/home/srl/lbr-stack/install/lbr_fri_idl:/home/srl/lbr-stack/install/iiwa7_moveit_config:/home/srl/lbr-stack/install/iiwa14_moveit_config:/home/srl/lbr-stack/install/fri_client_sdk:/home/srl/lbr-stack/src/my_package/install/my_package:/home/srl/ros2_ws/install/impedance_controller:/home/srl/ros2_ws/install/iiwa_moveit2:/home/srl/ros2_ws/install/iiwa_hardware:/home/srl/ros2_ws/install/iiwa_bringup:/home/srl/ros2_ws/install/iiwa_description:/home/srl/ros2_ws/install/external_torque_sensor_broadcaster:/home/srl/ros2_ws/install/command_package:/home/srl/lbr-stack/install/lbr_demos_py:/home/srl/lbr-stack/install/lbr_moveit:/home/srl/lbr-stack/install/lbr_demos_advanced_py:/home/srl/ros2_ws/install/simple_gui:/opt/ros/humble /usr/bin/cmake --install /home/srl/lbr-stack/build/med7_moveit_config
