[0.000000] (-) TimerEvent: {}
[0.000401] (-) JobUnselected: {'identifier': 'fri_client_sdk'}
[0.000450] (-) JobUnselected: {'identifier': 'gz_ros2_control'}
[0.000486] (-) JobUnselected: {'identifier': 'gz_ros2_control_demos'}
[0.000520] (-) JobUnselected: {'identifier': 'gz_ros2_control_tests'}
[0.000551] (-) JobUnselected: {'identifier': 'ign_ros2_control'}
[0.000580] (-) JobUnselected: {'identifier': 'ign_ros2_control_demos'}
[0.000612] (-) JobUnselected: {'identifier': 'iiwa14_moveit_config'}
[0.000639] (-) JobUnselected: {'identifier': 'iiwa7_moveit_config'}
[0.000861] (-) JobUnselected: {'identifier': 'lbr_bringup'}
[0.000892] (-) JobUnselected: {'identifier': 'lbr_demos_advanced_cpp'}
[0.000920] (-) JobUnselected: {'identifier': 'lbr_demos_advanced_py'}
[0.000946] (-) JobUnselected: {'identifier': 'lbr_demos_cpp'}
[0.000973] (-) JobUnselected: {'identifier': 'lbr_demos_py'}
[0.001086] (-) JobUnselected: {'identifier': 'lbr_description'}
[0.001127] (-) JobUnselected: {'identifier': 'lbr_fri_idl'}
[0.001253] (-) JobUnselected: {'identifier': 'lbr_fri_ros2'}
[0.001401] (-) JobUnselected: {'identifier': 'lbr_fri_ros2_stack'}
[0.001427] (-) JobUnselected: {'identifier': 'lbr_gazebo_models'}
[0.001451] (-) JobUnselected: {'identifier': 'lbr_moveit'}
[0.001477] (-) JobUnselected: {'identifier': 'lbr_moveit_cpp'}
[0.001501] (-) JobUnselected: {'identifier': 'lbr_ros2_control'}
[0.001525] (-) JobUnselected: {'identifier': 'med14_moveit_config'}
[0.001549] (-) JobUnselected: {'identifier': 'med7_moveit_config'}
[0.001573] (-) JobUnselected: {'identifier': 'my_package'}
[0.001596] (-) JobUnselected: {'identifier': 'ros_gz'}
[0.001620] (-) JobUnselected: {'identifier': 'ros_gz_bridge'}
[0.001644] (-) JobUnselected: {'identifier': 'ros_gz_image'}
[0.001668] (-) JobUnselected: {'identifier': 'ros_gz_interfaces'}
[0.001692] (-) JobUnselected: {'identifier': 'ros_gz_sim'}
[0.001715] (-) JobUnselected: {'identifier': 'ros_gz_sim_demos'}
[0.001739] (-) JobUnselected: {'identifier': 'ros_ign'}
[0.001763] (-) JobUnselected: {'identifier': 'ros_ign_bridge'}
[0.001787] (-) JobUnselected: {'identifier': 'ros_ign_gazebo'}
[0.001811] (-) JobUnselected: {'identifier': 'ros_ign_gazebo_demos'}
[0.001835] (-) JobUnselected: {'identifier': 'ros_ign_image'}
[0.001858] (-) JobUnselected: {'identifier': 'ros_ign_interfaces'}
[0.001882] (-) JobUnselected: {'identifier': 'test_package'}
[0.001908] (-) JobUnselected: {'identifier': 'test_ros_gz_bridge'}
[0.001931] (-) EventReactorShutdown: {}
